<?xml version="1.0" encoding="UTF-8"?>
<!-- Generated by org.testng.reporters.JUnitXMLReporter -->
<testsuite hostname="SDN-84" name="formBuilder1" tests="3" failures="0" timestamp="17 Jan 2017 11:29:24 GMT" time="0.018" errors="0">
  <testcase name="@BeforeClass beforeClass" time="0.0" classname="com.org.Example.myproject.TC9926_Test">
    <failure type="java.lang.RuntimeException" message="java.net.UnknownHostException: chromedriver.storage.googleapis.com">
      <![CDATA[java.lang.RuntimeException: java.net.UnknownHostException: chromedriver.storage.googleapis.com
	at io.github.bonigarcia.wdm.BrowserManager.manage(BrowserManager.java:272)
	at io.github.bonigarcia.wdm.BrowserManager.setup(BrowserManager.java:103)
	at io.github.bonigarcia.wdm.BrowserManager.setup(BrowserManager.java:82)
	at com.utils.Data_loading.InitilizeBrowser(Data_loading.java:1057)
	at com.org.Example.myproject.TC9926_Test.beforeClass(TC9926_Test.java:56)
Caused by: java.net.UnknownHostException: chromedriver.storage.googleapis.com
	at java.net.AbstractPlainSocketImpl.connect(Unknown Source)
	at java.net.PlainSocketImpl.connect(Unknown Source)
	at java.net.SocksSocketImpl.connect(Unknown Source)
	at java.net.Socket.connect(Unknown Source)
	at java.net.Socket.connect(Unknown Source)
	at sun.net.NetworkClient.doConnect(Unknown Source)
	at sun.net.www.http.HttpClient.openServer(Unknown Source)
	at sun.net.www.http.HttpClient.openServer(Unknown Source)
	at sun.net.www.http.HttpClient.<init>(Unknown Source)
	at sun.net.www.http.HttpClient.New(Unknown Source)
	at sun.net.www.http.HttpClient.New(Unknown Source)
	at sun.net.www.protocol.http.HttpURLConnection.getNewHttpClient(Unknown Source)
	at sun.net.www.protocol.http.HttpURLConnection.plainConnect0(Unknown Source)
	at sun.net.www.protocol.http.HttpURLConnection.plainConnect(Unknown Source)
	at sun.net.www.protocol.http.HttpURLConnection.connect(Unknown Source)
	at sun.net.www.protocol.http.HttpURLConnection.getInputStream0(Unknown Source)
	at sun.net.www.protocol.http.HttpURLConnection.getInputStream(Unknown Source)
	at java.net.URL.openStream(Unknown Source)
	at io.github.bonigarcia.wdm.BrowserManager.getDriversFromXml(BrowserManager.java:450)
	at io.github.bonigarcia.wdm.ChromeDriverManager.getDrivers(ChromeDriverManager.java:44)
	at io.github.bonigarcia.wdm.BrowserManager.manage(BrowserManager.java:209)
	... 29 more
... Removed 25 stack frames]]>
    </failure>
  </testcase> <!-- @BeforeClass beforeClass -->
  <testcase name="@AfterClass afterClass" time="0.0" classname="com.org.Example.myproject.TC9926_Test">
    <skipped/>
  </testcase> <!-- @AfterClass afterClass -->
  <testcase name="@BeforeClass beforeClass" time="0.0" classname="com.org.Example.myproject.TC9927_Test">
    <failure type="java.lang.RuntimeException" message="java.net.UnknownHostException: chromedriver.storage.googleapis.com">
      <![CDATA[java.lang.RuntimeException: java.net.UnknownHostException: chromedriver.storage.googleapis.com
	at io.github.bonigarcia.wdm.BrowserManager.manage(BrowserManager.java:272)
	at io.github.bonigarcia.wdm.BrowserManager.setup(BrowserManager.java:103)
	at io.github.bonigarcia.wdm.BrowserManager.setup(BrowserManager.java:82)
	at com.utils.Data_loading.InitilizeBrowser(Data_loading.java:1057)
	at com.org.Example.myproject.TC9927_Test.beforeClass(TC9927_Test.java:55)
Caused by: java.net.UnknownHostException: chromedriver.storage.googleapis.com
	at java.net.AbstractPlainSocketImpl.connect(Unknown Source)
	at java.net.PlainSocketImpl.connect(Unknown Source)
	at java.net.SocksSocketImpl.connect(Unknown Source)
	at java.net.Socket.connect(Unknown Source)
	at java.net.Socket.connect(Unknown Source)
	at sun.net.NetworkClient.doConnect(Unknown Source)
	at sun.net.www.http.HttpClient.openServer(Unknown Source)
	at sun.net.www.http.HttpClient.openServer(Unknown Source)
	at sun.net.www.http.HttpClient.<init>(Unknown Source)
	at sun.net.www.http.HttpClient.New(Unknown Source)
	at sun.net.www.http.HttpClient.New(Unknown Source)
	at sun.net.www.protocol.http.HttpURLConnection.getNewHttpClient(Unknown Source)
	at sun.net.www.protocol.http.HttpURLConnection.plainConnect0(Unknown Source)
	at sun.net.www.protocol.http.HttpURLConnection.plainConnect(Unknown Source)
	at sun.net.www.protocol.http.HttpURLConnection.connect(Unknown Source)
	at sun.net.www.protocol.http.HttpURLConnection.getInputStream0(Unknown Source)
	at sun.net.www.protocol.http.HttpURLConnection.getInputStream(Unknown Source)
	at java.net.URL.openStream(Unknown Source)
	at io.github.bonigarcia.wdm.BrowserManager.getDriversFromXml(BrowserManager.java:450)
	at io.github.bonigarcia.wdm.ChromeDriverManager.getDrivers(ChromeDriverManager.java:44)
	at io.github.bonigarcia.wdm.BrowserManager.manage(BrowserManager.java:209)
	... 29 more
... Removed 25 stack frames]]>
    </failure>
  </testcase> <!-- @BeforeClass beforeClass -->
  <testcase name="@AfterClass afterClass" time="0.0" classname="com.org.Example.myproject.TC9927_Test">
    <skipped/>
  </testcase> <!-- @AfterClass afterClass -->
  <testcase name="@BeforeClass beforeClass" time="0.0" classname="com.org.Example.myproject.TC10855_Test">
    <failure type="java.lang.RuntimeException" message="java.net.UnknownHostException: chromedriver.storage.googleapis.com">
      <![CDATA[java.lang.RuntimeException: java.net.UnknownHostException: chromedriver.storage.googleapis.com
	at io.github.bonigarcia.wdm.BrowserManager.manage(BrowserManager.java:272)
	at io.github.bonigarcia.wdm.BrowserManager.setup(BrowserManager.java:103)
	at io.github.bonigarcia.wdm.BrowserManager.setup(BrowserManager.java:82)
	at com.utils.Data_loading.InitilizeBrowser(Data_loading.java:1057)
	at com.org.Example.myproject.TC10855_Test.beforeClass(TC10855_Test.java:57)
Caused by: java.net.UnknownHostException: chromedriver.storage.googleapis.com
	at java.net.AbstractPlainSocketImpl.connect(Unknown Source)
	at java.net.PlainSocketImpl.connect(Unknown Source)
	at java.net.SocksSocketImpl.connect(Unknown Source)
	at java.net.Socket.connect(Unknown Source)
	at java.net.Socket.connect(Unknown Source)
	at sun.net.NetworkClient.doConnect(Unknown Source)
	at sun.net.www.http.HttpClient.openServer(Unknown Source)
	at sun.net.www.http.HttpClient.openServer(Unknown Source)
	at sun.net.www.http.HttpClient.<init>(Unknown Source)
	at sun.net.www.http.HttpClient.New(Unknown Source)
	at sun.net.www.http.HttpClient.New(Unknown Source)
	at sun.net.www.protocol.http.HttpURLConnection.getNewHttpClient(Unknown Source)
	at sun.net.www.protocol.http.HttpURLConnection.plainConnect0(Unknown Source)
	at sun.net.www.protocol.http.HttpURLConnection.plainConnect(Unknown Source)
	at sun.net.www.protocol.http.HttpURLConnection.connect(Unknown Source)
	at sun.net.www.protocol.http.HttpURLConnection.getInputStream0(Unknown Source)
	at sun.net.www.protocol.http.HttpURLConnection.getInputStream(Unknown Source)
	at java.net.URL.openStream(Unknown Source)
	at io.github.bonigarcia.wdm.BrowserManager.getDriversFromXml(BrowserManager.java:450)
	at io.github.bonigarcia.wdm.ChromeDriverManager.getDrivers(ChromeDriverManager.java:44)
	at io.github.bonigarcia.wdm.BrowserManager.manage(BrowserManager.java:209)
	... 29 more
... Removed 25 stack frames]]>
    </failure>
  </testcase> <!-- @BeforeClass beforeClass -->
  <testcase name="@AfterClass afterClass" time="0.0" classname="com.org.Example.myproject.TC10855_Test">
    <skipped/>
  </testcase> <!-- @AfterClass afterClass -->
  <testcase name="CF_Scenario72" time="0.002" classname="com.org.Example.myproject.TC9926_Test">
    <skipped/>
  </testcase> <!-- CF_Scenario72 -->
  <testcase name="CF_Scenario73" time="0.0" classname="com.org.Example.myproject.TC9927_Test">
    <skipped/>
  </testcase> <!-- CF_Scenario73 -->
  <testcase name="dependency_Field" time="0.001" classname="com.org.Example.myproject.TC10855_Test">
    <skipped/>
  </testcase> <!-- dependency_Field -->
</testsuite> <!-- formBuilder1 -->
