<?xml version="1.0" encoding="UTF-8"?>
<!-- Generated by org.testng.reporters.JUnitXMLReporter -->
<testsuite hostname="SDMMAC-F60.local" name="Default test" tests="1" failures="0" timestamp="30 Aug 2017 13:04:00 GMT" time="37.849" errors="0">
  <testcase name="@BeforeClass beforeClass" time="0.0" classname="icix.Tests.TC10781_Test">
    <failure type="java.lang.RuntimeException" message="org.openqa.selenium.NoSuchElementException: Unable to locate element with ID: available-downloads
For documentation on this error, please visit: http://seleniumhq.org/exceptions/no_such_element.html
Build info: version: &amp;apos;2.53.1&amp;apos;, revision: &amp;apos;a36b8b1cd5757287168e54b817830adce9b0158d&amp;apos;, time: &amp;apos;2016-06-30 19:26:09&amp;apos;
System info: host: &amp;apos;SDMMAC-F60.local&amp;apos;, ip: &amp;apos;172.24.3.181&amp;apos;, os.name: &amp;apos;Mac OS X&amp;apos;, os.arch: &amp;apos;x86_64&amp;apos;, os.version: &amp;apos;10.10.5&amp;apos;, java.version: &amp;apos;1.8.0_60&amp;apos;
Driver info: driver.version: HtmlUnitDriver">
      <![CDATA[java.lang.RuntimeException: org.openqa.selenium.NoSuchElementException: Unable to locate element with ID: available-downloads
For documentation on this error, please visit: http://seleniumhq.org/exceptions/no_such_element.html
Build info: version: '2.53.1', revision: 'a36b8b1cd5757287168e54b817830adce9b0158d', time: '2016-06-30 19:26:09'
System info: host: 'SDMMAC-F60.local', ip: '172.24.3.181', os.name: 'Mac OS X', os.arch: 'x86_64', os.version: '10.10.5', java.version: '1.8.0_60'
Driver info: driver.version: HtmlUnitDriver
	at io.github.bonigarcia.wdm.BrowserManager.manage(BrowserManager.java:272)
	at io.github.bonigarcia.wdm.BrowserManager.setup(BrowserManager.java:103)
	at io.github.bonigarcia.wdm.BrowserManager.setup(BrowserManager.java:82)
	at icix.Start.Start.InitilizeBrowser(Start.java:36)
	at icix.Utils.Common.Init(Common.java:42)
	at icix.Utils.TestBase.beforeClass(TestBase.java:63)
	at sun.reflect.NativeMethodAccessorImpl.invoke0(Native Method)
	at sun.reflect.NativeMethodAccessorImpl.invoke(NativeMethodAccessorImpl.java:62)
	at sun.reflect.DelegatingMethodAccessorImpl.invoke(DelegatingMethodAccessorImpl.java:43)
	at java.lang.reflect.Method.invoke(Method.java:497)
	at org.testng.internal.MethodInvocationHelper.invokeMethod(MethodInvocationHelper.java:86)
	at org.testng.internal.Invoker.invokeConfigurationMethod(Invoker.java:514)
	at org.testng.internal.Invoker.invokeConfigurations(Invoker.java:215)
	at org.testng.internal.Invoker.invokeConfigurations(Invoker.java:142)
	at org.testng.internal.TestMethodWorker.invokeBeforeClassMethods(TestMethodWorker.java:178)
	at org.testng.internal.TestMethodWorker.run(TestMethodWorker.java:108)
	at org.testng.TestRunner.privateRun(TestRunner.java:782)
	at org.testng.TestRunner.run(TestRunner.java:632)
	at org.testng.SuiteRunner.runTest(SuiteRunner.java:366)
	at org.testng.SuiteRunner.runSequentially(SuiteRunner.java:361)
	at org.testng.SuiteRunner.privateRun(SuiteRunner.java:319)
	at org.testng.SuiteRunner.run(SuiteRunner.java:268)
	at org.testng.SuiteRunnerWorker.runSuite(SuiteRunnerWorker.java:52)
	at org.testng.SuiteRunnerWorker.run(SuiteRunnerWorker.java:86)
	at org.testng.TestNG.runSuitesSequentially(TestNG.java:1244)
	at org.testng.TestNG.runSuitesLocally(TestNG.java:1169)
	at org.testng.TestNG.run(TestNG.java:1064)
	at org.testng.remote.RemoteTestNG.run(RemoteTestNG.java:113)
	at org.testng.remote.RemoteTestNG.initAndRun(RemoteTestNG.java:206)
	at org.testng.remote.RemoteTestNG.main(RemoteTestNG.java:177)
Caused by: org.openqa.selenium.NoSuchElementException: Unable to locate element with ID: available-downloads
For documentation on this error, please visit: http://seleniumhq.org/exceptions/no_such_element.html
Build info: version: '2.53.1', revision: 'a36b8b1cd5757287168e54b817830adce9b0158d', time: '2016-06-30 19:26:09'
System info: host: 'SDMMAC-F60.local', ip: '172.24.3.181', os.name: 'Mac OS X', os.arch: 'x86_64', os.version: '10.10.5', java.version: '1.8.0_60'
Driver info: driver.version: HtmlUnitDriver
	at org.openqa.selenium.htmlunit.HtmlUnitDriver.findElementById(HtmlUnitDriver.java:998)
	at org.openqa.selenium.By$ById.findElement(By.java:218)
	at org.openqa.selenium.htmlunit.HtmlUnitDriver$5.call(HtmlUnitDriver.java:1705)
	at org.openqa.selenium.htmlunit.HtmlUnitDriver$5.call(HtmlUnitDriver.java:1701)
	at org.openqa.selenium.htmlunit.HtmlUnitDriver.implicitlyWaitFor(HtmlUnitDriver.java:1347)
	at org.openqa.selenium.htmlunit.HtmlUnitDriver.findElement(HtmlUnitDriver.java:1701)
	at org.openqa.selenium.htmlunit.HtmlUnitDriver.findElement(HtmlUnitDriver.java:586)
	at io.github.bonigarcia.wdm.PhantomJsDriverManager.getDrivers(PhantomJsDriverManager.java:73)
	at io.github.bonigarcia.wdm.BrowserManager.manage(BrowserManager.java:209)
	... 29 more
]]>
    </failure>
  </testcase> <!-- @BeforeClass beforeClass -->
  <testcase name="@AfterMethod afterMethod" time="0.0" classname="icix.Tests.TC10781_Test">
    <skipped/>
  </testcase> <!-- @AfterMethod afterMethod -->
  <testcase name="@AfterClass close" time="0.0" classname="icix.Tests.TC10781_Test">
    <skipped/>
  </testcase> <!-- @AfterClass close -->
  <testcase name="CreateProductWithoutUID" time="0.28" classname="icix.Tests.TC10781_Test">
    <skipped/>
  </testcase> <!-- CreateProductWithoutUID -->
</testsuite> <!-- Default test -->
