<?xml version="1.0" encoding="UTF-8"?>
<!-- Generated by org.testng.reporters.JUnitXMLReporter -->
<testsuite hostname="SDMMAC-F60-2.local" name="Test" tests="1" failures="1" timestamp="19 Sep 2016 13:32:34 GMT" time="53.879" errors="0">
  <testcase name="TwoActorWorkFlow" time="18.96" classname="com.org.Example.myproject.TC9672_Test">
    <failure type="java.lang.NullPointerException">
      <![CDATA[java.lang.NullPointerException
	at org.openqa.selenium.remote.RemoteWebDriver.findElements(RemoteWebDriver.java:397)
	at org.openqa.selenium.remote.RemoteWebDriver.findElementsByXPath(RemoteWebDriver.java:504)
	at org.openqa.selenium.By$ByXPath.findElements(By.java:356)
	at org.openqa.selenium.remote.RemoteWebDriver.findElements(RemoteWebDriver.java:351)
	at com.utils.Data_loading.LightiningView(Data_loading.java:308)
	at com.org.Example.myproject.TC9672_Test.TwoActorWorkFlow(TC9672_Test.java:58)
... Removed 33 stack frames]]>
    </failure>
  </testcase> <!-- TwoActorWorkFlow -->
</testsuite> <!-- Test -->
