<?xml version="1.0" encoding="UTF-8"?>
<!-- Generated by org.testng.reporters.JUnitXMLReporter -->
<testsuite hostname="SDMMAC-F60-2.local" name="Test" tests="6" failures="0" timestamp="10 Nov 2016 05:22:36 GMT" time="676.856" errors="0">
  <testcase name="Account_verification" time="92.076" classname="com.org.Example.myproject.TC9647_Test"/>
  <testcase name="SearchByCompanyName" time="96.615" classname="com.org.Example.myproject.TC9648_Test"/>
  <testcase name="testSearchByIcixId" time="76.535" classname="com.org.Example.myproject.TC9649_Test"/>
  <testcase name="testSearchByIcixId" time="77.199" classname="com.org.Example.myproject.TC9650_Test"/>
  <testcase name="testSearchByIcixId" time="90.249" classname="com.org.Example.myproject.TC9651_Test"/>
  <testcase name="testSearchByAddAndName" time="79.863" classname="com.org.Example.myproject.TC9652_Test"/>
</testsuite> <!-- Test -->
