<?xml version="1.0" encoding="UTF-8"?>
<!-- Generated by org.testng.reporters.JUnitXMLReporter -->
<testsuite hostname="SDMMAC-F60-2.local" name="Test" tests="5" failures="0" timestamp="19 Oct 2016 10:16:24 GMT" time="496.896" errors="0">
  <testcase name="testSearchByIcixId" time="66.427" classname="com.org.Example.myproject.TC9649_Test"/>
  <testcase name="testSearchByIcixId" time="75.285" classname="com.org.Example.myproject.TC9650_Test"/>
  <testcase name="testSearchByIcixId" time="68.67" classname="com.org.Example.myproject.TC9651_Test"/>
  <testcase name="testSearchByAddAndName" time="72.205" classname="com.org.Example.myproject.TC9652_Test"/>
  <testcase name="test" time="108.441" classname="com.org.Example.myproject.TC9668_Test"/>
</testsuite> <!-- Test -->
