<?xml version="1.0" encoding="UTF-8"?>
<!-- Generated by org.testng.reporters.JUnitXMLReporter -->
<testsuite hostname="SDMMAC-F60-2.local" name="Test" tests="11" failures="3" timestamp="19 Sep 2016 09:39:45 GMT" time="1495.503" errors="0">
  <testcase name="TwoActorWorkFlow" time="147.225" classname="com.org.Example.myproject.TC9672_Test"/>
  <testcase name="productTwoactor_workflow" time="129.765" classname="com.org.Example.myproject.TC9673_Test"/>
  <testcase name="Approve_Request" time="370.505" classname="com.org.Example.myproject.TC9733_Test"/>
  <testcase name="Account_verification" time="81.838" classname="com.org.Example.myproject.TC9647_Test"/>
  <testcase name="testSearchByIcixId" time="64.752" classname="com.org.Example.myproject.TC9648_Test"/>
  <testcase name="Auccount_verification" time="83.91" classname="com.org.Example.myproject.TC9653_Test">
    <failure type="org.openqa.selenium.ElementNotVisibleException" message="element not visible
  (Session info: chrome=53.0.2785.116)
  (Driver info: chromedriver=2.24.417412 (ac882d3ce7c0d99292439bf3405780058fcca0a6),platform=Mac OS X 10.10.3 x86_64) (WARNING: The server did not provide any stacktrace information)
Command duration or timeout: 25.07 seconds
Build info: version: &amp;apos;2.53.1&amp;apos;, revision: &amp;apos;a36b8b1cd5757287168e54b817830adce9b0158d&amp;apos;, time: &amp;apos;2016-06-30 19:26:09&amp;apos;
System info: host: &amp;apos;SDMMAC-F60-2.local&amp;apos;, ip: &amp;apos;172.24.3.181&amp;apos;, os.name: &amp;apos;Mac OS X&amp;apos;, os.arch: &amp;apos;x86_64&amp;apos;, os.version: &amp;apos;10.10.3&amp;apos;, java.version: &amp;apos;1.7.0_12-ea&amp;apos;
Session ID: 1569ea4472f7a2764be5a945844b9fca
Driver info: org.openqa.selenium.chrome.ChromeDriver
Capabilities [{platform=MAC, acceptSslCerts=true, javascriptEnabled=true, browserName=chrome, chrome={userDataDir=/var/folders/5w/rkpdbz5j2pl0_8k8234bdfkh0000gw/T/.org.chromium.Chromium.AxDw2R, chromedriverVersion=2.24.417412 (ac882d3ce7c0d99292439bf3405780058fcca0a6)}, networkConnectionEnabled=false, rotatable=false, locationContextEnabled=true, mobileEmulationEnabled=false, version=53.0.2785.116, pageLoadStrategy=normal, takesHeapSnapshot=true, cssSelectorsEnabled=true, databaseEnabled=false, handlesAlerts=true, browserConnectionEnabled=false, webStorageEnabled=true, nativeEvents=true, hasTouchScreen=false, applicationCacheEnabled=false, takesScreenshot=true}]">
      <![CDATA[org.openqa.selenium.ElementNotVisibleException: element not visible
  (Session info: chrome=53.0.2785.116)
  (Driver info: chromedriver=2.24.417412 (ac882d3ce7c0d99292439bf3405780058fcca0a6),platform=Mac OS X 10.10.3 x86_64) (WARNING: The server did not provide any stacktrace information)
Command duration or timeout: 25.07 seconds
Build info: version: '2.53.1', revision: 'a36b8b1cd5757287168e54b817830adce9b0158d', time: '2016-06-30 19:26:09'
System info: host: 'SDMMAC-F60-2.local', ip: '172.24.3.181', os.name: 'Mac OS X', os.arch: 'x86_64', os.version: '10.10.3', java.version: '1.7.0_12-ea'
Session ID: 1569ea4472f7a2764be5a945844b9fca
Driver info: org.openqa.selenium.chrome.ChromeDriver
Capabilities [{platform=MAC, acceptSslCerts=true, javascriptEnabled=true, browserName=chrome, chrome={userDataDir=/var/folders/5w/rkpdbz5j2pl0_8k8234bdfkh0000gw/T/.org.chromium.Chromium.AxDw2R, chromedriverVersion=2.24.417412 (ac882d3ce7c0d99292439bf3405780058fcca0a6)}, networkConnectionEnabled=false, rotatable=false, locationContextEnabled=true, mobileEmulationEnabled=false, version=53.0.2785.116, pageLoadStrategy=normal, takesHeapSnapshot=true, cssSelectorsEnabled=true, databaseEnabled=false, handlesAlerts=true, browserConnectionEnabled=false, webStorageEnabled=true, nativeEvents=true, hasTouchScreen=false, applicationCacheEnabled=false, takesScreenshot=true}]
	at org.openqa.selenium.remote.ErrorHandler.createThrowable(ErrorHandler.java:206)
	at org.openqa.selenium.remote.ErrorHandler.throwIfResponseFailed(ErrorHandler.java:158)
	at org.openqa.selenium.remote.RemoteWebDriver.execute(RemoteWebDriver.java:678)
	at org.openqa.selenium.remote.RemoteWebElement.execute(RemoteWebElement.java:327)
	at org.openqa.selenium.remote.RemoteWebElement.sendKeys(RemoteWebElement.java:122)
	at com.org.Example.myproject.TC9653_Test.Auccount_verification(TC9653_Test.java:90)
... Removed 37 stack frames]]>
    </failure>
  </testcase> <!-- Auccount_verification -->
  <testcase name="Tagstest" time="83.389" classname="com.org.Example.myproject.TC9659_Test"/>
  <testcase name="SetAndSendCompilince" time="118.001" classname="com.org.Example.myproject.TC9666_Test">
    <failure type="org.openqa.selenium.NoSuchElementException" message="no such element: Unable to locate element: {&amp;quot;method&amp;quot;:&amp;quot;xpath&amp;quot;,&amp;quot;selector&amp;quot;:&amp;quot;//select[@ng-change=&amp;apos;populateDocumentType(row)&amp;apos;]&amp;quot;}
  (Session info: chrome=53.0.2785.116)
  (Driver info: chromedriver=2.24.417412 (ac882d3ce7c0d99292439bf3405780058fcca0a6),platform=Mac OS X 10.10.3 x86_64) (WARNING: The server did not provide any stacktrace information)
Command duration or timeout: 25.03 seconds
For documentation on this error, please visit: http://seleniumhq.org/exceptions/no_such_element.html
Build info: version: &amp;apos;2.53.1&amp;apos;, revision: &amp;apos;a36b8b1cd5757287168e54b817830adce9b0158d&amp;apos;, time: &amp;apos;2016-06-30 19:26:09&amp;apos;
System info: host: &amp;apos;SDMMAC-F60-2.local&amp;apos;, ip: &amp;apos;172.24.3.181&amp;apos;, os.name: &amp;apos;Mac OS X&amp;apos;, os.arch: &amp;apos;x86_64&amp;apos;, os.version: &amp;apos;10.10.3&amp;apos;, java.version: &amp;apos;1.7.0_12-ea&amp;apos;
*** Element info: {Using=xpath, value=//select[@ng-change=&amp;apos;populateDocumentType(row)&amp;apos;]}
Session ID: bab3a98781fedb721194baab1ec016fb
Driver info: org.openqa.selenium.chrome.ChromeDriver
Capabilities [{platform=MAC, acceptSslCerts=true, javascriptEnabled=true, browserName=chrome, chrome={userDataDir=/var/folders/5w/rkpdbz5j2pl0_8k8234bdfkh0000gw/T/.org.chromium.Chromium.Inizhs, chromedriverVersion=2.24.417412 (ac882d3ce7c0d99292439bf3405780058fcca0a6)}, networkConnectionEnabled=false, rotatable=false, locationContextEnabled=true, mobileEmulationEnabled=false, version=53.0.2785.116, pageLoadStrategy=normal, takesHeapSnapshot=true, cssSelectorsEnabled=true, databaseEnabled=false, handlesAlerts=true, browserConnectionEnabled=false, webStorageEnabled=true, nativeEvents=true, hasTouchScreen=false, applicationCacheEnabled=false, takesScreenshot=true}]">
      <![CDATA[org.openqa.selenium.NoSuchElementException: no such element: Unable to locate element: {"method":"xpath","selector":"//select[@ng-change='populateDocumentType(row)']"}
  (Session info: chrome=53.0.2785.116)
  (Driver info: chromedriver=2.24.417412 (ac882d3ce7c0d99292439bf3405780058fcca0a6),platform=Mac OS X 10.10.3 x86_64) (WARNING: The server did not provide any stacktrace information)
Command duration or timeout: 25.03 seconds
For documentation on this error, please visit: http://seleniumhq.org/exceptions/no_such_element.html
Build info: version: '2.53.1', revision: 'a36b8b1cd5757287168e54b817830adce9b0158d', time: '2016-06-30 19:26:09'
System info: host: 'SDMMAC-F60-2.local', ip: '172.24.3.181', os.name: 'Mac OS X', os.arch: 'x86_64', os.version: '10.10.3', java.version: '1.7.0_12-ea'
*** Element info: {Using=xpath, value=//select[@ng-change='populateDocumentType(row)']}
Session ID: bab3a98781fedb721194baab1ec016fb
Driver info: org.openqa.selenium.chrome.ChromeDriver
Capabilities [{platform=MAC, acceptSslCerts=true, javascriptEnabled=true, browserName=chrome, chrome={userDataDir=/var/folders/5w/rkpdbz5j2pl0_8k8234bdfkh0000gw/T/.org.chromium.Chromium.Inizhs, chromedriverVersion=2.24.417412 (ac882d3ce7c0d99292439bf3405780058fcca0a6)}, networkConnectionEnabled=false, rotatable=false, locationContextEnabled=true, mobileEmulationEnabled=false, version=53.0.2785.116, pageLoadStrategy=normal, takesHeapSnapshot=true, cssSelectorsEnabled=true, databaseEnabled=false, handlesAlerts=true, browserConnectionEnabled=false, webStorageEnabled=true, nativeEvents=true, hasTouchScreen=false, applicationCacheEnabled=false, takesScreenshot=true}]
	at org.openqa.selenium.remote.ErrorHandler.createThrowable(ErrorHandler.java:206)
	at org.openqa.selenium.remote.ErrorHandler.throwIfResponseFailed(ErrorHandler.java:158)
	at org.openqa.selenium.remote.RemoteWebDriver.execute(RemoteWebDriver.java:678)
	at org.openqa.selenium.remote.RemoteWebDriver.findElement(RemoteWebDriver.java:363)
	at org.openqa.selenium.remote.RemoteWebDriver.findElementByXPath(RemoteWebDriver.java:500)
	at org.openqa.selenium.By$ByXPath.findElement(By.java:361)
	at org.openqa.selenium.remote.RemoteWebDriver.findElement(RemoteWebDriver.java:355)
	at com.org.Example.myproject.TC9666_Test.SetAndSendCompilince(TC9666_Test.java:117)
... Removed 37 stack frames]]>
    </failure>
  </testcase> <!-- SetAndSendCompilince -->
  <testcase name="Productgroup" time="83.99" classname="com.org.Example.myproject.TC9667_Test"/>
  <testcase name="uploadpublicdocument" time="73.28" classname="com.org.Example.myproject.TC9675_Test">
    <failure type="org.openqa.selenium.ElementNotVisibleException" message="element not visible
  (Session info: chrome=53.0.2785.116)
  (Driver info: chromedriver=2.24.417412 (ac882d3ce7c0d99292439bf3405780058fcca0a6),platform=Mac OS X 10.10.3 x86_64) (WARNING: The server did not provide any stacktrace information)
Command duration or timeout: 19 milliseconds
Build info: version: &amp;apos;2.53.1&amp;apos;, revision: &amp;apos;a36b8b1cd5757287168e54b817830adce9b0158d&amp;apos;, time: &amp;apos;2016-06-30 19:26:09&amp;apos;
System info: host: &amp;apos;SDMMAC-F60-2.local&amp;apos;, ip: &amp;apos;172.24.3.181&amp;apos;, os.name: &amp;apos;Mac OS X&amp;apos;, os.arch: &amp;apos;x86_64&amp;apos;, os.version: &amp;apos;10.10.3&amp;apos;, java.version: &amp;apos;1.7.0_12-ea&amp;apos;
Session ID: 67ac8c7e688c633db55855747708cb6c
Driver info: org.openqa.selenium.chrome.ChromeDriver
Capabilities [{platform=MAC, acceptSslCerts=true, javascriptEnabled=true, browserName=chrome, chrome={userDataDir=/var/folders/5w/rkpdbz5j2pl0_8k8234bdfkh0000gw/T/.org.chromium.Chromium.7Q0R7X, chromedriverVersion=2.24.417412 (ac882d3ce7c0d99292439bf3405780058fcca0a6)}, networkConnectionEnabled=false, rotatable=false, locationContextEnabled=true, mobileEmulationEnabled=false, version=53.0.2785.116, pageLoadStrategy=normal, takesHeapSnapshot=true, cssSelectorsEnabled=true, databaseEnabled=false, handlesAlerts=true, browserConnectionEnabled=false, webStorageEnabled=true, nativeEvents=true, hasTouchScreen=false, applicationCacheEnabled=false, takesScreenshot=true}]">
      <![CDATA[org.openqa.selenium.ElementNotVisibleException: element not visible
  (Session info: chrome=53.0.2785.116)
  (Driver info: chromedriver=2.24.417412 (ac882d3ce7c0d99292439bf3405780058fcca0a6),platform=Mac OS X 10.10.3 x86_64) (WARNING: The server did not provide any stacktrace information)
Command duration or timeout: 19 milliseconds
Build info: version: '2.53.1', revision: 'a36b8b1cd5757287168e54b817830adce9b0158d', time: '2016-06-30 19:26:09'
System info: host: 'SDMMAC-F60-2.local', ip: '172.24.3.181', os.name: 'Mac OS X', os.arch: 'x86_64', os.version: '10.10.3', java.version: '1.7.0_12-ea'
Session ID: 67ac8c7e688c633db55855747708cb6c
Driver info: org.openqa.selenium.chrome.ChromeDriver
Capabilities [{platform=MAC, acceptSslCerts=true, javascriptEnabled=true, browserName=chrome, chrome={userDataDir=/var/folders/5w/rkpdbz5j2pl0_8k8234bdfkh0000gw/T/.org.chromium.Chromium.7Q0R7X, chromedriverVersion=2.24.417412 (ac882d3ce7c0d99292439bf3405780058fcca0a6)}, networkConnectionEnabled=false, rotatable=false, locationContextEnabled=true, mobileEmulationEnabled=false, version=53.0.2785.116, pageLoadStrategy=normal, takesHeapSnapshot=true, cssSelectorsEnabled=true, databaseEnabled=false, handlesAlerts=true, browserConnectionEnabled=false, webStorageEnabled=true, nativeEvents=true, hasTouchScreen=false, applicationCacheEnabled=false, takesScreenshot=true}]
	at org.openqa.selenium.remote.ErrorHandler.createThrowable(ErrorHandler.java:206)
	at org.openqa.selenium.remote.ErrorHandler.throwIfResponseFailed(ErrorHandler.java:158)
	at org.openqa.selenium.remote.RemoteWebDriver.execute(RemoteWebDriver.java:678)
	at org.openqa.selenium.remote.RemoteWebElement.execute(RemoteWebElement.java:327)
	at org.openqa.selenium.remote.RemoteWebElement.click(RemoteWebElement.java:85)
	at com.org.Example.myproject.TC9675_Test.uploadpublicdocument(TC9675_Test.java:101)
... Removed 37 stack frames]]>
    </failure>
  </testcase> <!-- uploadpublicdocument -->
  <testcase name="send_document" time="66.27" classname="com.org.Example.myproject.TC9678_Test"/>
</testsuite> <!-- Test -->
