<?xml version="1.0" encoding="UTF-8"?>
<!-- Generated by org.testng.reporters.JUnitXMLReporter -->
<testsuite hostname="SDMMAC-F60-2.local" name="Test" tests="4" failures="2" timestamp="29 Sep 2016 13:00:49 GMT" time="1055.956" errors="0">
  <testcase name="productTwoactor_workflow" time="756.18" classname="com.org.Example.myproject.TC9735_Test">
    <failure type="org.openqa.selenium.WebDriverException" message="unknown error: Element is not clickable at point (198, 186). Other element would receive the click: &amp;lt;a data-refid=&amp;quot;filter&amp;quot; tabindex=&amp;quot;-1&amp;quot; id=&amp;quot;595:1;0_listviewpicker_0&amp;quot; href=&amp;quot;javascript:void(0);&amp;quot; data-aura-rendered-by=&amp;quot;604:1;0&amp;quot; data-filter=&amp;quot;00B15000009gr2pEAA&amp;quot; role=&amp;quot;menuitem&amp;quot;&amp;gt;...&amp;lt;/a&amp;gt;
  (Session info: chrome=53.0.2785.116)
  (Driver info: chromedriver=2.24.417412 (ac882d3ce7c0d99292439bf3405780058fcca0a6),platform=Mac OS X 10.10.3 x86_64) (WARNING: The server did not provide any stacktrace information)
Command duration or timeout: 158 milliseconds
Build info: version: &amp;apos;2.53.1&amp;apos;, revision: &amp;apos;a36b8b1cd5757287168e54b817830adce9b0158d&amp;apos;, time: &amp;apos;2016-06-30 19:26:09&amp;apos;
System info: host: &amp;apos;SDMMAC-F60-2.local&amp;apos;, ip: &amp;apos;172.24.3.181&amp;apos;, os.name: &amp;apos;Mac OS X&amp;apos;, os.arch: &amp;apos;x86_64&amp;apos;, os.version: &amp;apos;10.10.3&amp;apos;, java.version: &amp;apos;1.7.0_12-ea&amp;apos;
Session ID: 5ad4b7bf186d460ba71ca702b6b82b4d
Driver info: org.openqa.selenium.chrome.ChromeDriver
Capabilities [{platform=MAC, acceptSslCerts=true, javascriptEnabled=true, browserName=chrome, chrome={userDataDir=/var/folders/5w/rkpdbz5j2pl0_8k8234bdfkh0000gw/T/.org.chromium.Chromium.yMWrFk, chromedriverVersion=2.24.417412 (ac882d3ce7c0d99292439bf3405780058fcca0a6)}, networkConnectionEnabled=false, rotatable=false, locationContextEnabled=true, mobileEmulationEnabled=false, version=53.0.2785.116, pageLoadStrategy=normal, takesHeapSnapshot=true, cssSelectorsEnabled=true, databaseEnabled=false, handlesAlerts=true, browserConnectionEnabled=false, webStorageEnabled=true, nativeEvents=true, hasTouchScreen=false, applicationCacheEnabled=false, takesScreenshot=true}]">
      <![CDATA[org.openqa.selenium.WebDriverException: unknown error: Element is not clickable at point (198, 186). Other element would receive the click: <a data-refid="filter" tabindex="-1" id="595:1;0_listviewpicker_0" href="javascript:void(0);" data-aura-rendered-by="604:1;0" data-filter="00B15000009gr2pEAA" role="menuitem">...</a>
  (Session info: chrome=53.0.2785.116)
  (Driver info: chromedriver=2.24.417412 (ac882d3ce7c0d99292439bf3405780058fcca0a6),platform=Mac OS X 10.10.3 x86_64) (WARNING: The server did not provide any stacktrace information)
Command duration or timeout: 158 milliseconds
Build info: version: '2.53.1', revision: 'a36b8b1cd5757287168e54b817830adce9b0158d', time: '2016-06-30 19:26:09'
System info: host: 'SDMMAC-F60-2.local', ip: '172.24.3.181', os.name: 'Mac OS X', os.arch: 'x86_64', os.version: '10.10.3', java.version: '1.7.0_12-ea'
Session ID: 5ad4b7bf186d460ba71ca702b6b82b4d
Driver info: org.openqa.selenium.chrome.ChromeDriver
Capabilities [{platform=MAC, acceptSslCerts=true, javascriptEnabled=true, browserName=chrome, chrome={userDataDir=/var/folders/5w/rkpdbz5j2pl0_8k8234bdfkh0000gw/T/.org.chromium.Chromium.yMWrFk, chromedriverVersion=2.24.417412 (ac882d3ce7c0d99292439bf3405780058fcca0a6)}, networkConnectionEnabled=false, rotatable=false, locationContextEnabled=true, mobileEmulationEnabled=false, version=53.0.2785.116, pageLoadStrategy=normal, takesHeapSnapshot=true, cssSelectorsEnabled=true, databaseEnabled=false, handlesAlerts=true, browserConnectionEnabled=false, webStorageEnabled=true, nativeEvents=true, hasTouchScreen=false, applicationCacheEnabled=false, takesScreenshot=true}]
	at org.openqa.selenium.remote.ErrorHandler.createThrowable(ErrorHandler.java:206)
	at org.openqa.selenium.remote.ErrorHandler.throwIfResponseFailed(ErrorHandler.java:158)
	at org.openqa.selenium.remote.RemoteWebDriver.execute(RemoteWebDriver.java:678)
	at org.openqa.selenium.remote.RemoteWebElement.execute(RemoteWebElement.java:327)
	at org.openqa.selenium.remote.RemoteWebElement.click(RemoteWebElement.java:85)
	at com.org.Example.myproject.TC9735_Test.productTwoactor_workflow(TC9735_Test.java:159)
... Removed 37 stack frames]]>
    </failure>
  </testcase> <!-- productTwoactor_workflow -->
  <testcase name="Account_verification" time="83.45" classname="com.org.Example.myproject.TC9653_Test">
    <failure type="org.openqa.selenium.ElementNotVisibleException" message="element not visible
  (Session info: chrome=53.0.2785.116)
  (Driver info: chromedriver=2.24.417412 (ac882d3ce7c0d99292439bf3405780058fcca0a6),platform=Mac OS X 10.10.3 x86_64) (WARNING: The server did not provide any stacktrace information)
Command duration or timeout: 25.04 seconds
Build info: version: &amp;apos;2.53.1&amp;apos;, revision: &amp;apos;a36b8b1cd5757287168e54b817830adce9b0158d&amp;apos;, time: &amp;apos;2016-06-30 19:26:09&amp;apos;
System info: host: &amp;apos;SDMMAC-F60-2.local&amp;apos;, ip: &amp;apos;172.24.3.181&amp;apos;, os.name: &amp;apos;Mac OS X&amp;apos;, os.arch: &amp;apos;x86_64&amp;apos;, os.version: &amp;apos;10.10.3&amp;apos;, java.version: &amp;apos;1.7.0_12-ea&amp;apos;
Session ID: bc27570da07a286bed8943cd0c2dfef3
Driver info: org.openqa.selenium.chrome.ChromeDriver
Capabilities [{platform=MAC, acceptSslCerts=true, javascriptEnabled=true, browserName=chrome, chrome={userDataDir=/var/folders/5w/rkpdbz5j2pl0_8k8234bdfkh0000gw/T/.org.chromium.Chromium.9iShu4, chromedriverVersion=2.24.417412 (ac882d3ce7c0d99292439bf3405780058fcca0a6)}, networkConnectionEnabled=false, rotatable=false, locationContextEnabled=true, mobileEmulationEnabled=false, version=53.0.2785.116, pageLoadStrategy=normal, takesHeapSnapshot=true, cssSelectorsEnabled=true, databaseEnabled=false, handlesAlerts=true, browserConnectionEnabled=false, webStorageEnabled=true, nativeEvents=true, hasTouchScreen=false, applicationCacheEnabled=false, takesScreenshot=true}]">
      <![CDATA[org.openqa.selenium.ElementNotVisibleException: element not visible
  (Session info: chrome=53.0.2785.116)
  (Driver info: chromedriver=2.24.417412 (ac882d3ce7c0d99292439bf3405780058fcca0a6),platform=Mac OS X 10.10.3 x86_64) (WARNING: The server did not provide any stacktrace information)
Command duration or timeout: 25.04 seconds
Build info: version: '2.53.1', revision: 'a36b8b1cd5757287168e54b817830adce9b0158d', time: '2016-06-30 19:26:09'
System info: host: 'SDMMAC-F60-2.local', ip: '172.24.3.181', os.name: 'Mac OS X', os.arch: 'x86_64', os.version: '10.10.3', java.version: '1.7.0_12-ea'
Session ID: bc27570da07a286bed8943cd0c2dfef3
Driver info: org.openqa.selenium.chrome.ChromeDriver
Capabilities [{platform=MAC, acceptSslCerts=true, javascriptEnabled=true, browserName=chrome, chrome={userDataDir=/var/folders/5w/rkpdbz5j2pl0_8k8234bdfkh0000gw/T/.org.chromium.Chromium.9iShu4, chromedriverVersion=2.24.417412 (ac882d3ce7c0d99292439bf3405780058fcca0a6)}, networkConnectionEnabled=false, rotatable=false, locationContextEnabled=true, mobileEmulationEnabled=false, version=53.0.2785.116, pageLoadStrategy=normal, takesHeapSnapshot=true, cssSelectorsEnabled=true, databaseEnabled=false, handlesAlerts=true, browserConnectionEnabled=false, webStorageEnabled=true, nativeEvents=true, hasTouchScreen=false, applicationCacheEnabled=false, takesScreenshot=true}]
	at org.openqa.selenium.remote.ErrorHandler.createThrowable(ErrorHandler.java:206)
	at org.openqa.selenium.remote.ErrorHandler.throwIfResponseFailed(ErrorHandler.java:158)
	at org.openqa.selenium.remote.RemoteWebDriver.execute(RemoteWebDriver.java:678)
	at org.openqa.selenium.remote.RemoteWebElement.execute(RemoteWebElement.java:327)
	at org.openqa.selenium.remote.RemoteWebElement.sendKeys(RemoteWebElement.java:122)
	at com.org.Example.myproject.TC9653_Test.Account_verification(TC9653_Test.java:93)
... Removed 37 stack frames]]>
    </failure>
  </testcase> <!-- Account_verification -->
  <testcase name="Tagstest" time="82.234" classname="com.org.Example.myproject.TC9659_Test"/>
  <testcase name="Approve_Request" time="62.985" classname="com.org.Example.myproject.TC10460_Test"/>
</testsuite> <!-- Test -->
