<?xml version="1.0" encoding="UTF-8"?>
<testng-results skipped="0" failed="0" total="2" passed="2">
  <reporter-output>
  </reporter-output>
  <suite name="Suite" duration-ms="356979" started-at="2016-09-21T07:22:43Z" finished-at="2016-09-21T07:28:40Z">
    <groups>
    </groups>
    <test name="Test" duration-ms="356979" started-at="2016-09-21T07:22:43Z" finished-at="2016-09-21T07:28:40Z">
      <class name="com.org.Example.myproject.TC9673_Test">
        <test-method status="PASS" signature="beforeClass()[pri:0, instance:com.org.Example.myproject.TC9673_Test@531be3c5]" name="beforeClass" is-config="true" duration-ms="18156" started-at="2016-09-21T12:56:05Z" finished-at="2016-09-21T12:56:23Z">
          <reporter-output>
          </reporter-output>
        </test-method> <!-- beforeClass -->
        <test-method status="PASS" signature="productTwoactor_workflow()[pri:0, instance:com.org.Example.myproject.TC9673_Test@531be3c5]" name="productTwoactor_workflow" duration-ms="136158" started-at="2016-09-21T12:56:23Z" finished-at="2016-09-21T12:58:39Z">
          <reporter-output>
          </reporter-output>
        </test-method> <!-- productTwoactor_workflow -->
        <test-method status="PASS" signature="afterClass()[pri:0, instance:com.org.Example.myproject.TC9673_Test@531be3c5]" name="afterClass" is-config="true" duration-ms="206" started-at="2016-09-21T12:58:39Z" finished-at="2016-09-21T12:58:40Z">
          <reporter-output>
          </reporter-output>
        </test-method> <!-- afterClass -->
      </class> <!-- com.org.Example.myproject.TC9673_Test -->
      <class name="com.org.Example.myproject.TC9672_Test">
        <test-method status="PASS" signature="beforeClass()[pri:0, instance:com.org.Example.myproject.TC9672_Test@3551a94]" name="beforeClass" is-config="true" duration-ms="20273" started-at="2016-09-21T12:52:43Z" finished-at="2016-09-21T12:53:03Z">
          <reporter-output>
          </reporter-output>
        </test-method> <!-- beforeClass -->
        <test-method status="PASS" signature="TwoActorWorkFlow()[pri:0, instance:com.org.Example.myproject.TC9672_Test@3551a94]" name="TwoActorWorkFlow" duration-ms="167376" started-at="2016-09-21T12:53:03Z" finished-at="2016-09-21T12:55:50Z">
          <reporter-output>
          </reporter-output>
        </test-method> <!-- TwoActorWorkFlow -->
        <test-method status="PASS" signature="afterClass()[pri:0, instance:com.org.Example.myproject.TC9672_Test@3551a94]" name="afterClass" is-config="true" duration-ms="14798" started-at="2016-09-21T12:55:50Z" finished-at="2016-09-21T12:56:05Z">
          <reporter-output>
          </reporter-output>
        </test-method> <!-- afterClass -->
      </class> <!-- com.org.Example.myproject.TC9672_Test -->
    </test> <!-- Test -->
  </suite> <!-- Suite -->
</testng-results>
