<?xml version="1.0" encoding="UTF-8"?>
<testng-results skipped="0" failed="6" total="28" passed="22">
  <reporter-output>
  </reporter-output>
  <suite name="Command line suite" duration-ms="6296260" started-at="2016-04-29T09:05:02Z" finished-at="2016-04-29T10:49:58Z">
    <groups>
    </groups>
    <test name="Command line test" duration-ms="6296260" started-at="2016-04-29T09:05:02Z" finished-at="2016-04-29T10:49:58Z">
      <class name="com.org.Example.myproject.Rcall_RequestTest">
        <test-method status="PASS" signature="beforeClass()[pri:0, instance:com.org.Example.myproject.Rcall_RequestTest@77b52d12]" name="beforeClass" is-config="true" duration-ms="11090" started-at="2016-04-29T15:31:15Z" finished-at="2016-04-29T15:31:26Z">
          <reporter-output>
          </reporter-output>
        </test-method> <!-- beforeClass -->
        <test-method status="PASS" signature="RecallWorkFlow()[pri:0, instance:com.org.Example.myproject.Rcall_RequestTest@77b52d12]" name="RecallWorkFlow" duration-ms="222953" started-at="2016-04-29T15:31:26Z" finished-at="2016-04-29T15:35:09Z">
          <reporter-output>
          </reporter-output>
        </test-method> <!-- RecallWorkFlow -->
        <test-method status="PASS" signature="afterClass()[pri:0, instance:com.org.Example.myproject.Rcall_RequestTest@77b52d12]" name="afterClass" is-config="true" duration-ms="619" started-at="2016-04-29T15:35:09Z" finished-at="2016-04-29T15:35:09Z">
          <reporter-output>
          </reporter-output>
        </test-method> <!-- afterClass -->
      </class> <!-- com.org.Example.myproject.Rcall_RequestTest -->
      <class name="com.org.Example.myproject.EditProductgroupTest">
        <test-method status="PASS" signature="beforeClass()[pri:0, instance:com.org.Example.myproject.EditProductgroupTest@60addb54]" name="beforeClass" is-config="true" duration-ms="15697" started-at="2016-04-29T15:10:15Z" finished-at="2016-04-29T15:10:31Z">
          <reporter-output>
          </reporter-output>
        </test-method> <!-- beforeClass -->
        <test-method status="PASS" signature="test()[pri:0, instance:com.org.Example.myproject.EditProductgroupTest@60addb54]" name="test" duration-ms="214557" started-at="2016-04-29T15:10:31Z" finished-at="2016-04-29T15:14:05Z">
          <reporter-output>
          </reporter-output>
        </test-method> <!-- test -->
        <test-method status="PASS" signature="afterClass()[pri:0, instance:com.org.Example.myproject.EditProductgroupTest@60addb54]" name="afterClass" is-config="true" duration-ms="1205" started-at="2016-04-29T15:14:05Z" finished-at="2016-04-29T15:14:06Z">
          <reporter-output>
          </reporter-output>
        </test-method> <!-- afterClass -->
      </class> <!-- com.org.Example.myproject.EditProductgroupTest -->
      <class name="com.org.Example.myproject.UploadNew_publicdocumentTest">
        <test-method status="PASS" signature="beforeClass()[pri:0, instance:com.org.Example.myproject.UploadNew_publicdocumentTest@6615435c]" name="beforeClass" is-config="true" duration-ms="15714" started-at="2016-04-29T16:13:06Z" finished-at="2016-04-29T16:13:22Z">
          <reporter-output>
          </reporter-output>
        </test-method> <!-- beforeClass -->
        <test-method status="FAIL" signature="send_document()[pri:0, instance:com.org.Example.myproject.UploadNew_publicdocumentTest@6615435c]" name="send_document" duration-ms="195451" started-at="2016-04-29T16:13:22Z" finished-at="2016-04-29T16:16:37Z">
          <exception class="org.openqa.selenium.NoSuchElementException">
            <message>
              <![CDATA[Unable to locate element: {"method":"id","selector":"vfFrameId"}
Command duration or timeout: 50.12 seconds
For documentation on this error, please visit: http://seleniumhq.org/exceptions/no_such_element.html
Build info: version: '2.53.0', revision: '35ae25b1534ae328c771e0856c93e187490ca824', time: '2016-03-15 10:43:46'
System info: host: 'SDN-151', ip: '172.10.55.185', os.name: 'Windows 8.1', os.arch: 'amd64', os.version: '6.3', java.version: '1.8.0_60'
Driver info: org.openqa.selenium.firefox.FirefoxDriver
Capabilities [{applicationCacheEnabled=true, rotatable=false, handlesAlerts=true, databaseEnabled=true, version=45.0.2, platform=WINDOWS, nativeEvents=false, acceptSslCerts=true, webStorageEnabled=true, locationContextEnabled=true, browserName=firefox, takesScreenshot=true, javascriptEnabled=true, cssSelectorsEnabled=true}]
Session ID: d78a04b5-1232-4c21-966e-688bf4d44dea
*** Element info: {Using=id, value=vfFrameId}]]>
            </message>
            <full-stacktrace>
              <![CDATA[org.openqa.selenium.NoSuchElementException: Unable to locate element: {"method":"id","selector":"vfFrameId"}
Command duration or timeout: 50.12 seconds
For documentation on this error, please visit: http://seleniumhq.org/exceptions/no_such_element.html
Build info: version: '2.53.0', revision: '35ae25b1534ae328c771e0856c93e187490ca824', time: '2016-03-15 10:43:46'
System info: host: 'SDN-151', ip: '172.10.55.185', os.name: 'Windows 8.1', os.arch: 'amd64', os.version: '6.3', java.version: '1.8.0_60'
Driver info: org.openqa.selenium.firefox.FirefoxDriver
Capabilities [{applicationCacheEnabled=true, rotatable=false, handlesAlerts=true, databaseEnabled=true, version=45.0.2, platform=WINDOWS, nativeEvents=false, acceptSslCerts=true, webStorageEnabled=true, locationContextEnabled=true, browserName=firefox, takesScreenshot=true, javascriptEnabled=true, cssSelectorsEnabled=true}]
Session ID: d78a04b5-1232-4c21-966e-688bf4d44dea
*** Element info: {Using=id, value=vfFrameId}
	at sun.reflect.NativeConstructorAccessorImpl.newInstance0(Native Method)
	at sun.reflect.NativeConstructorAccessorImpl.newInstance(NativeConstructorAccessorImpl.java:62)
	at sun.reflect.DelegatingConstructorAccessorImpl.newInstance(DelegatingConstructorAccessorImpl.java:45)
	at java.lang.reflect.Constructor.newInstance(Constructor.java:422)
	at org.openqa.selenium.remote.ErrorHandler.createThrowable(ErrorHandler.java:206)
	at org.openqa.selenium.remote.ErrorHandler.throwIfResponseFailed(ErrorHandler.java:158)
	at org.openqa.selenium.remote.RemoteWebDriver.execute(RemoteWebDriver.java:678)
	at org.openqa.selenium.remote.RemoteWebDriver.findElement(RemoteWebDriver.java:363)
	at org.openqa.selenium.remote.RemoteWebDriver.findElementById(RemoteWebDriver.java:413)
	at org.openqa.selenium.By$ById.findElement(By.java:218)
	at org.openqa.selenium.remote.RemoteWebDriver.findElement(RemoteWebDriver.java:355)
	at com.org.Example.myproject.UploadNew_publicdocumentTest.send_document(UploadNew_publicdocumentTest.java:97)
	at sun.reflect.NativeMethodAccessorImpl.invoke0(Native Method)
	at sun.reflect.NativeMethodAccessorImpl.invoke(NativeMethodAccessorImpl.java:62)
	at sun.reflect.DelegatingMethodAccessorImpl.invoke(DelegatingMethodAccessorImpl.java:43)
	at java.lang.reflect.Method.invoke(Method.java:497)
	at org.testng.internal.MethodInvocationHelper.invokeMethod(MethodInvocationHelper.java:86)
	at org.testng.internal.Invoker.invokeMethod(Invoker.java:643)
	at org.testng.internal.Invoker.invokeTestMethod(Invoker.java:820)
	at org.testng.internal.Invoker.invokeTestMethods(Invoker.java:1128)
	at org.testng.internal.TestMethodWorker.invokeTestMethods(TestMethodWorker.java:129)
	at org.testng.internal.TestMethodWorker.run(TestMethodWorker.java:112)
	at org.testng.TestRunner.privateRun(TestRunner.java:782)
	at org.testng.TestRunner.run(TestRunner.java:632)
	at org.testng.SuiteRunner.runTest(SuiteRunner.java:366)
	at org.testng.SuiteRunner.runSequentially(SuiteRunner.java:361)
	at org.testng.SuiteRunner.privateRun(SuiteRunner.java:319)
	at org.testng.SuiteRunner.run(SuiteRunner.java:268)
	at org.testng.SuiteRunnerWorker.runSuite(SuiteRunnerWorker.java:52)
	at org.testng.SuiteRunnerWorker.run(SuiteRunnerWorker.java:86)
	at org.testng.TestNG.runSuitesSequentially(TestNG.java:1244)
	at org.testng.TestNG.runSuitesLocally(TestNG.java:1169)
	at org.testng.TestNG.run(TestNG.java:1064)
	at org.apache.maven.surefire.testng.TestNGExecutor.run(TestNGExecutor.java:77)
	at org.apache.maven.surefire.testng.TestNGDirectoryTestSuite.executeMulti(TestNGDirectoryTestSuite.java:159)
	at org.apache.maven.surefire.testng.TestNGDirectoryTestSuite.execute(TestNGDirectoryTestSuite.java:99)
	at org.apache.maven.surefire.testng.TestNGProvider.invoke(TestNGProvider.java:106)
	at sun.reflect.NativeMethodAccessorImpl.invoke0(Native Method)
	at sun.reflect.NativeMethodAccessorImpl.invoke(NativeMethodAccessorImpl.java:62)
	at sun.reflect.DelegatingMethodAccessorImpl.invoke(DelegatingMethodAccessorImpl.java:43)
	at java.lang.reflect.Method.invoke(Method.java:497)
	at org.apache.maven.surefire.util.ReflectionUtils.invokeMethodWithArray(ReflectionUtils.java:189)
	at org.apache.maven.surefire.booter.ProviderFactory$ProviderProxy.invoke(ProviderFactory.java:165)
	at org.apache.maven.surefire.booter.ProviderFactory.invokeProvider(ProviderFactory.java:85)
	at org.apache.maven.surefire.booter.ForkedBooter.runSuitesInProcess(ForkedBooter.java:115)
	at org.apache.maven.surefire.booter.ForkedBooter.main(ForkedBooter.java:75)
Caused by: org.openqa.selenium.NoSuchElementException: Unable to locate element: {"method":"id","selector":"vfFrameId"}
For documentation on this error, please visit: http://seleniumhq.org/exceptions/no_such_element.html
Build info: version: '2.53.0', revision: '35ae25b1534ae328c771e0856c93e187490ca824', time: '2016-03-15 10:43:46'
System info: host: 'SDN-151', ip: '172.10.55.185', os.name: 'Windows 8.1', os.arch: 'amd64', os.version: '6.3', java.version: '1.8.0_60'
Driver info: driver.version: unknown
	at <anonymous class>.FirefoxDriver.prototype.findElementInternal_(file:///C:/Users/SRNATK~1/AppData/Local/Temp/anonymous2269281687906021664webdriver-profile/extensions/fxdriver@googlecode.com/components/driver-component.js:10770)
	at <anonymous class>.fxdriver.Timer.prototype.setTimeout/<.notify(file:///C:/Users/SRNATK~1/AppData/Local/Temp/anonymous2269281687906021664webdriver-profile/extensions/fxdriver@googlecode.com/components/driver-component.js:625)
]]>
            </full-stacktrace>
          </exception> <!-- org.openqa.selenium.NoSuchElementException -->
          <reporter-output>
          </reporter-output>
        </test-method> <!-- send_document -->
        <test-method status="PASS" signature="afterClass()[pri:0, instance:com.org.Example.myproject.UploadNew_publicdocumentTest@6615435c]" name="afterClass" is-config="true" duration-ms="580" started-at="2016-04-29T16:16:37Z" finished-at="2016-04-29T16:16:38Z">
          <reporter-output>
          </reporter-output>
        </test-method> <!-- afterClass -->
      </class> <!-- com.org.Example.myproject.UploadNew_publicdocumentTest -->
      <class name="com.org.Example.myproject.Tp_createrequestTest">
        <test-method status="PASS" signature="beforeClass()[pri:0, instance:com.org.Example.myproject.Tp_createrequestTest@47f6473]" name="beforeClass" is-config="true" duration-ms="13093" started-at="2016-04-29T15:54:23Z" finished-at="2016-04-29T15:54:36Z">
          <reporter-output>
          </reporter-output>
        </test-method> <!-- beforeClass -->
        <test-method status="PASS" signature="createRequest()[pri:0, instance:com.org.Example.myproject.Tp_createrequestTest@47f6473]" name="createRequest" duration-ms="204529" started-at="2016-04-29T15:54:36Z" finished-at="2016-04-29T15:58:00Z">
          <reporter-output>
          </reporter-output>
        </test-method> <!-- createRequest -->
        <test-method status="PASS" signature="afterClass()[pri:0, instance:com.org.Example.myproject.Tp_createrequestTest@47f6473]" name="afterClass" is-config="true" duration-ms="650" started-at="2016-04-29T15:58:00Z" finished-at="2016-04-29T15:58:01Z">
          <reporter-output>
          </reporter-output>
        </test-method> <!-- afterClass -->
      </class> <!-- com.org.Example.myproject.Tp_createrequestTest -->
      <class name="com.org.Example.myproject.UploadNew_privatedocumentTest">
        <test-method status="PASS" signature="beforeClass()[pri:0, instance:com.org.Example.myproject.UploadNew_privatedocumentTest@1936f0f5]" name="beforeClass" is-config="true" duration-ms="12263" started-at="2016-04-29T16:06:32Z" finished-at="2016-04-29T16:06:44Z">
          <reporter-output>
          </reporter-output>
        </test-method> <!-- beforeClass -->
        <test-method status="FAIL" signature="send_document()[pri:0, instance:com.org.Example.myproject.UploadNew_privatedocumentTest@1936f0f5]" name="send_document" duration-ms="381310" started-at="2016-04-29T16:06:44Z" finished-at="2016-04-29T16:13:06Z">
          <exception class="org.openqa.selenium.NoSuchElementException">
            <message>
              <![CDATA[Unable to locate element: {"method":"id","selector":"vfFrameId"}
Command duration or timeout: 100.06 seconds
For documentation on this error, please visit: http://seleniumhq.org/exceptions/no_such_element.html
Build info: version: '2.53.0', revision: '35ae25b1534ae328c771e0856c93e187490ca824', time: '2016-03-15 10:43:46'
System info: host: 'SDN-151', ip: '172.10.55.185', os.name: 'Windows 8.1', os.arch: 'amd64', os.version: '6.3', java.version: '1.8.0_60'
Driver info: org.openqa.selenium.firefox.FirefoxDriver
Capabilities [{applicationCacheEnabled=true, rotatable=false, handlesAlerts=true, databaseEnabled=true, version=45.0.2, platform=WINDOWS, nativeEvents=false, acceptSslCerts=true, webStorageEnabled=true, locationContextEnabled=true, browserName=firefox, takesScreenshot=true, javascriptEnabled=true, cssSelectorsEnabled=true}]
Session ID: 32326569-5792-44bf-ab4f-58ac2dd1e130
*** Element info: {Using=id, value=vfFrameId}]]>
            </message>
            <full-stacktrace>
              <![CDATA[org.openqa.selenium.NoSuchElementException: Unable to locate element: {"method":"id","selector":"vfFrameId"}
Command duration or timeout: 100.06 seconds
For documentation on this error, please visit: http://seleniumhq.org/exceptions/no_such_element.html
Build info: version: '2.53.0', revision: '35ae25b1534ae328c771e0856c93e187490ca824', time: '2016-03-15 10:43:46'
System info: host: 'SDN-151', ip: '172.10.55.185', os.name: 'Windows 8.1', os.arch: 'amd64', os.version: '6.3', java.version: '1.8.0_60'
Driver info: org.openqa.selenium.firefox.FirefoxDriver
Capabilities [{applicationCacheEnabled=true, rotatable=false, handlesAlerts=true, databaseEnabled=true, version=45.0.2, platform=WINDOWS, nativeEvents=false, acceptSslCerts=true, webStorageEnabled=true, locationContextEnabled=true, browserName=firefox, takesScreenshot=true, javascriptEnabled=true, cssSelectorsEnabled=true}]
Session ID: 32326569-5792-44bf-ab4f-58ac2dd1e130
*** Element info: {Using=id, value=vfFrameId}
	at sun.reflect.NativeConstructorAccessorImpl.newInstance0(Native Method)
	at sun.reflect.NativeConstructorAccessorImpl.newInstance(NativeConstructorAccessorImpl.java:62)
	at sun.reflect.DelegatingConstructorAccessorImpl.newInstance(DelegatingConstructorAccessorImpl.java:45)
	at java.lang.reflect.Constructor.newInstance(Constructor.java:422)
	at org.openqa.selenium.remote.ErrorHandler.createThrowable(ErrorHandler.java:206)
	at org.openqa.selenium.remote.ErrorHandler.throwIfResponseFailed(ErrorHandler.java:158)
	at org.openqa.selenium.remote.RemoteWebDriver.execute(RemoteWebDriver.java:678)
	at org.openqa.selenium.remote.RemoteWebDriver.findElement(RemoteWebDriver.java:363)
	at org.openqa.selenium.remote.RemoteWebDriver.findElementById(RemoteWebDriver.java:413)
	at org.openqa.selenium.By$ById.findElement(By.java:218)
	at org.openqa.selenium.remote.RemoteWebDriver.findElement(RemoteWebDriver.java:355)
	at com.org.Example.myproject.UploadNew_privatedocumentTest.send_document(UploadNew_privatedocumentTest.java:103)
	at sun.reflect.NativeMethodAccessorImpl.invoke0(Native Method)
	at sun.reflect.NativeMethodAccessorImpl.invoke(NativeMethodAccessorImpl.java:62)
	at sun.reflect.DelegatingMethodAccessorImpl.invoke(DelegatingMethodAccessorImpl.java:43)
	at java.lang.reflect.Method.invoke(Method.java:497)
	at org.testng.internal.MethodInvocationHelper.invokeMethod(MethodInvocationHelper.java:86)
	at org.testng.internal.Invoker.invokeMethod(Invoker.java:643)
	at org.testng.internal.Invoker.invokeTestMethod(Invoker.java:820)
	at org.testng.internal.Invoker.invokeTestMethods(Invoker.java:1128)
	at org.testng.internal.TestMethodWorker.invokeTestMethods(TestMethodWorker.java:129)
	at org.testng.internal.TestMethodWorker.run(TestMethodWorker.java:112)
	at org.testng.TestRunner.privateRun(TestRunner.java:782)
	at org.testng.TestRunner.run(TestRunner.java:632)
	at org.testng.SuiteRunner.runTest(SuiteRunner.java:366)
	at org.testng.SuiteRunner.runSequentially(SuiteRunner.java:361)
	at org.testng.SuiteRunner.privateRun(SuiteRunner.java:319)
	at org.testng.SuiteRunner.run(SuiteRunner.java:268)
	at org.testng.SuiteRunnerWorker.runSuite(SuiteRunnerWorker.java:52)
	at org.testng.SuiteRunnerWorker.run(SuiteRunnerWorker.java:86)
	at org.testng.TestNG.runSuitesSequentially(TestNG.java:1244)
	at org.testng.TestNG.runSuitesLocally(TestNG.java:1169)
	at org.testng.TestNG.run(TestNG.java:1064)
	at org.apache.maven.surefire.testng.TestNGExecutor.run(TestNGExecutor.java:77)
	at org.apache.maven.surefire.testng.TestNGDirectoryTestSuite.executeMulti(TestNGDirectoryTestSuite.java:159)
	at org.apache.maven.surefire.testng.TestNGDirectoryTestSuite.execute(TestNGDirectoryTestSuite.java:99)
	at org.apache.maven.surefire.testng.TestNGProvider.invoke(TestNGProvider.java:106)
	at sun.reflect.NativeMethodAccessorImpl.invoke0(Native Method)
	at sun.reflect.NativeMethodAccessorImpl.invoke(NativeMethodAccessorImpl.java:62)
	at sun.reflect.DelegatingMethodAccessorImpl.invoke(DelegatingMethodAccessorImpl.java:43)
	at java.lang.reflect.Method.invoke(Method.java:497)
	at org.apache.maven.surefire.util.ReflectionUtils.invokeMethodWithArray(ReflectionUtils.java:189)
	at org.apache.maven.surefire.booter.ProviderFactory$ProviderProxy.invoke(ProviderFactory.java:165)
	at org.apache.maven.surefire.booter.ProviderFactory.invokeProvider(ProviderFactory.java:85)
	at org.apache.maven.surefire.booter.ForkedBooter.runSuitesInProcess(ForkedBooter.java:115)
	at org.apache.maven.surefire.booter.ForkedBooter.main(ForkedBooter.java:75)
Caused by: org.openqa.selenium.NoSuchElementException: Unable to locate element: {"method":"id","selector":"vfFrameId"}
For documentation on this error, please visit: http://seleniumhq.org/exceptions/no_such_element.html
Build info: version: '2.53.0', revision: '35ae25b1534ae328c771e0856c93e187490ca824', time: '2016-03-15 10:43:46'
System info: host: 'SDN-151', ip: '172.10.55.185', os.name: 'Windows 8.1', os.arch: 'amd64', os.version: '6.3', java.version: '1.8.0_60'
Driver info: driver.version: unknown
	at <anonymous class>.FirefoxDriver.prototype.findElementInternal_(file:///C:/Users/SRNATK~1/AppData/Local/Temp/anonymous1868420303094395892webdriver-profile/extensions/fxdriver@googlecode.com/components/driver-component.js:10770)
	at <anonymous class>.fxdriver.Timer.prototype.setTimeout/<.notify(file:///C:/Users/SRNATK~1/AppData/Local/Temp/anonymous1868420303094395892webdriver-profile/extensions/fxdriver@googlecode.com/components/driver-component.js:625)
]]>
            </full-stacktrace>
          </exception> <!-- org.openqa.selenium.NoSuchElementException -->
          <reporter-output>
          </reporter-output>
        </test-method> <!-- send_document -->
        <test-method status="PASS" signature="afterClass()[pri:0, instance:com.org.Example.myproject.UploadNew_privatedocumentTest@1936f0f5]" name="afterClass" is-config="true" duration-ms="563" started-at="2016-04-29T16:13:06Z" finished-at="2016-04-29T16:13:06Z">
          <reporter-output>
          </reporter-output>
        </test-method> <!-- afterClass -->
      </class> <!-- com.org.Example.myproject.UploadNew_privatedocumentTest -->
      <class name="com.org.Example.myproject.AccountsconnectandsearchTest">
        <test-method status="PASS" signature="beforeClass()[pri:0, instance:com.org.Example.myproject.AccountsconnectandsearchTest@180bc464]" name="beforeClass" is-config="true" duration-ms="17579" started-at="2016-04-29T14:35:02Z" finished-at="2016-04-29T14:35:20Z">
          <reporter-output>
          </reporter-output>
        </test-method> <!-- beforeClass -->
        <test-method status="PASS" signature="Auccount_verification()[pri:0, instance:com.org.Example.myproject.AccountsconnectandsearchTest@180bc464]" name="Auccount_verification" duration-ms="117597" started-at="2016-04-29T14:35:20Z" finished-at="2016-04-29T14:37:17Z">
          <reporter-output>
          </reporter-output>
        </test-method> <!-- Auccount_verification -->
        <test-method status="PASS" signature="afterClass()[pri:0, instance:com.org.Example.myproject.AccountsconnectandsearchTest@180bc464]" name="afterClass" is-config="true" duration-ms="1653" started-at="2016-04-29T14:37:17Z" finished-at="2016-04-29T14:37:19Z">
          <reporter-output>
          </reporter-output>
        </test-method> <!-- afterClass -->
      </class> <!-- com.org.Example.myproject.AccountsconnectandsearchTest -->
      <class name="com.org.Example.myproject.TPsearchCompanyNameTest">
        <test-method status="PASS" signature="beforeClass()[pri:0, instance:com.org.Example.myproject.TPsearchCompanyNameTest@3567135c]" name="beforeClass" is-config="true" duration-ms="10884" started-at="2016-04-29T15:46:26Z" finished-at="2016-04-29T15:46:37Z">
          <reporter-output>
          </reporter-output>
        </test-method> <!-- beforeClass -->
        <test-method status="PASS" signature="testSearchByIcixId()[pri:0, instance:com.org.Example.myproject.TPsearchCompanyNameTest@3567135c]" name="testSearchByIcixId" duration-ms="136648" started-at="2016-04-29T15:46:37Z" finished-at="2016-04-29T15:48:54Z">
          <reporter-output>
          </reporter-output>
        </test-method> <!-- testSearchByIcixId -->
        <test-method status="PASS" signature="afterClass()[pri:0, instance:com.org.Example.myproject.TPsearchCompanyNameTest@3567135c]" name="afterClass" is-config="true" duration-ms="597" started-at="2016-04-29T15:48:54Z" finished-at="2016-04-29T15:48:54Z">
          <reporter-output>
          </reporter-output>
        </test-method> <!-- afterClass -->
        <test-method status="PASS" signature="tearDown()[pri:0, instance:com.org.Example.myproject.TPsearchCompanyNameTest@3567135c]" name="tearDown" is-config="true" duration-ms="0" started-at="2016-04-29T15:48:54Z" finished-at="2016-04-29T15:48:54Z">
          <reporter-output>
          </reporter-output>
        </test-method> <!-- tearDown -->
      </class> <!-- com.org.Example.myproject.TPsearchCompanyNameTest -->
      <class name="com.org.Example.myproject.TwoActorworkflowTest">
        <test-method status="PASS" signature="beforeClass()[pri:0, instance:com.org.Example.myproject.TwoActorworkflowTest@6b143ee9]" name="beforeClass" is-config="true" duration-ms="12496" started-at="2016-04-29T16:01:23Z" finished-at="2016-04-29T16:01:35Z">
          <reporter-output>
          </reporter-output>
        </test-method> <!-- beforeClass -->
        <test-method status="PASS" signature="TwoActorWorkFlow()[pri:0, instance:com.org.Example.myproject.TwoActorworkflowTest@6b143ee9]" name="TwoActorWorkFlow" duration-ms="296187" started-at="2016-04-29T16:01:35Z" finished-at="2016-04-29T16:06:31Z">
          <reporter-output>
          </reporter-output>
        </test-method> <!-- TwoActorWorkFlow -->
        <test-method status="PASS" signature="afterClass()[pri:0, instance:com.org.Example.myproject.TwoActorworkflowTest@6b143ee9]" name="afterClass" is-config="true" duration-ms="811" started-at="2016-04-29T16:06:31Z" finished-at="2016-04-29T16:06:32Z">
          <reporter-output>
          </reporter-output>
        </test-method> <!-- afterClass -->
      </class> <!-- com.org.Example.myproject.TwoActorworkflowTest -->
      <class name="com.org.Example.myproject.CreateNew_TagTest">
        <test-method status="PASS" signature="beforeClass()[pri:0, instance:com.org.Example.myproject.CreateNew_TagTest@5315b42e]" name="beforeClass" is-config="true" duration-ms="11131" started-at="2016-04-29T14:43:43Z" finished-at="2016-04-29T14:43:54Z">
          <reporter-output>
          </reporter-output>
        </test-method> <!-- beforeClass -->
        <test-method status="PASS" signature="Tagstest()[pri:0, instance:com.org.Example.myproject.CreateNew_TagTest@5315b42e]" name="Tagstest" duration-ms="162972" started-at="2016-04-29T14:43:54Z" finished-at="2016-04-29T14:46:37Z">
          <reporter-output>
          </reporter-output>
        </test-method> <!-- Tagstest -->
        <test-method status="PASS" signature="afterClass()[pri:0, instance:com.org.Example.myproject.CreateNew_TagTest@5315b42e]" name="afterClass" is-config="true" duration-ms="526" started-at="2016-04-29T14:46:37Z" finished-at="2016-04-29T14:46:38Z">
          <reporter-output>
          </reporter-output>
        </test-method> <!-- afterClass -->
      </class> <!-- com.org.Example.myproject.CreateNew_TagTest -->
      <class name="com.org.Example.myproject.Upload_DocumentsTest">
        <test-method status="PASS" signature="beforeClass()[pri:0, instance:com.org.Example.myproject.Upload_DocumentsTest@4909b8da]" name="beforeClass" is-config="true" duration-ms="10707" started-at="2016-04-29T16:16:38Z" finished-at="2016-04-29T16:16:49Z">
          <reporter-output>
          </reporter-output>
        </test-method> <!-- beforeClass -->
        <test-method status="FAIL" signature="send_document()[pri:0, instance:com.org.Example.myproject.Upload_DocumentsTest@4909b8da]" name="send_document" duration-ms="188695" started-at="2016-04-29T16:16:49Z" finished-at="2016-04-29T16:19:57Z">
          <exception class="org.openqa.selenium.NoSuchElementException">
            <message>
              <![CDATA[Unable to locate element: {"method":"link text","selector":"Incident"}
Command duration or timeout: 50.11 seconds
For documentation on this error, please visit: http://seleniumhq.org/exceptions/no_such_element.html
Build info: version: '2.53.0', revision: '35ae25b1534ae328c771e0856c93e187490ca824', time: '2016-03-15 10:43:46'
System info: host: 'SDN-151', ip: '172.10.55.185', os.name: 'Windows 8.1', os.arch: 'amd64', os.version: '6.3', java.version: '1.8.0_60'
Driver info: org.openqa.selenium.firefox.FirefoxDriver
Capabilities [{applicationCacheEnabled=true, rotatable=false, handlesAlerts=true, databaseEnabled=true, version=45.0.2, platform=WINDOWS, nativeEvents=false, acceptSslCerts=true, webStorageEnabled=true, locationContextEnabled=true, browserName=firefox, takesScreenshot=true, javascriptEnabled=true, cssSelectorsEnabled=true}]
Session ID: 77ff0171-52f0-43a6-8086-19da7250fcc6
*** Element info: {Using=link text, value=Incident}]]>
            </message>
            <full-stacktrace>
              <![CDATA[org.openqa.selenium.NoSuchElementException: Unable to locate element: {"method":"link text","selector":"Incident"}
Command duration or timeout: 50.11 seconds
For documentation on this error, please visit: http://seleniumhq.org/exceptions/no_such_element.html
Build info: version: '2.53.0', revision: '35ae25b1534ae328c771e0856c93e187490ca824', time: '2016-03-15 10:43:46'
System info: host: 'SDN-151', ip: '172.10.55.185', os.name: 'Windows 8.1', os.arch: 'amd64', os.version: '6.3', java.version: '1.8.0_60'
Driver info: org.openqa.selenium.firefox.FirefoxDriver
Capabilities [{applicationCacheEnabled=true, rotatable=false, handlesAlerts=true, databaseEnabled=true, version=45.0.2, platform=WINDOWS, nativeEvents=false, acceptSslCerts=true, webStorageEnabled=true, locationContextEnabled=true, browserName=firefox, takesScreenshot=true, javascriptEnabled=true, cssSelectorsEnabled=true}]
Session ID: 77ff0171-52f0-43a6-8086-19da7250fcc6
*** Element info: {Using=link text, value=Incident}
	at sun.reflect.NativeConstructorAccessorImpl.newInstance0(Native Method)
	at sun.reflect.NativeConstructorAccessorImpl.newInstance(NativeConstructorAccessorImpl.java:62)
	at sun.reflect.DelegatingConstructorAccessorImpl.newInstance(DelegatingConstructorAccessorImpl.java:45)
	at java.lang.reflect.Constructor.newInstance(Constructor.java:422)
	at org.openqa.selenium.remote.ErrorHandler.createThrowable(ErrorHandler.java:206)
	at org.openqa.selenium.remote.ErrorHandler.throwIfResponseFailed(ErrorHandler.java:158)
	at org.openqa.selenium.remote.RemoteWebDriver.execute(RemoteWebDriver.java:678)
	at org.openqa.selenium.remote.RemoteWebDriver.findElement(RemoteWebDriver.java:363)
	at org.openqa.selenium.remote.RemoteWebDriver.findElementByLinkText(RemoteWebDriver.java:428)
	at org.openqa.selenium.By$ByLinkText.findElement(By.java:246)
	at org.openqa.selenium.remote.RemoteWebDriver.findElement(RemoteWebDriver.java:355)
	at com.org.Example.myproject.Upload_DocumentsTest.send_document(Upload_DocumentsTest.java:85)
	at sun.reflect.NativeMethodAccessorImpl.invoke0(Native Method)
	at sun.reflect.NativeMethodAccessorImpl.invoke(NativeMethodAccessorImpl.java:62)
	at sun.reflect.DelegatingMethodAccessorImpl.invoke(DelegatingMethodAccessorImpl.java:43)
	at java.lang.reflect.Method.invoke(Method.java:497)
	at org.testng.internal.MethodInvocationHelper.invokeMethod(MethodInvocationHelper.java:86)
	at org.testng.internal.Invoker.invokeMethod(Invoker.java:643)
	at org.testng.internal.Invoker.invokeTestMethod(Invoker.java:820)
	at org.testng.internal.Invoker.invokeTestMethods(Invoker.java:1128)
	at org.testng.internal.TestMethodWorker.invokeTestMethods(TestMethodWorker.java:129)
	at org.testng.internal.TestMethodWorker.run(TestMethodWorker.java:112)
	at org.testng.TestRunner.privateRun(TestRunner.java:782)
	at org.testng.TestRunner.run(TestRunner.java:632)
	at org.testng.SuiteRunner.runTest(SuiteRunner.java:366)
	at org.testng.SuiteRunner.runSequentially(SuiteRunner.java:361)
	at org.testng.SuiteRunner.privateRun(SuiteRunner.java:319)
	at org.testng.SuiteRunner.run(SuiteRunner.java:268)
	at org.testng.SuiteRunnerWorker.runSuite(SuiteRunnerWorker.java:52)
	at org.testng.SuiteRunnerWorker.run(SuiteRunnerWorker.java:86)
	at org.testng.TestNG.runSuitesSequentially(TestNG.java:1244)
	at org.testng.TestNG.runSuitesLocally(TestNG.java:1169)
	at org.testng.TestNG.run(TestNG.java:1064)
	at org.apache.maven.surefire.testng.TestNGExecutor.run(TestNGExecutor.java:77)
	at org.apache.maven.surefire.testng.TestNGDirectoryTestSuite.executeMulti(TestNGDirectoryTestSuite.java:159)
	at org.apache.maven.surefire.testng.TestNGDirectoryTestSuite.execute(TestNGDirectoryTestSuite.java:99)
	at org.apache.maven.surefire.testng.TestNGProvider.invoke(TestNGProvider.java:106)
	at sun.reflect.NativeMethodAccessorImpl.invoke0(Native Method)
	at sun.reflect.NativeMethodAccessorImpl.invoke(NativeMethodAccessorImpl.java:62)
	at sun.reflect.DelegatingMethodAccessorImpl.invoke(DelegatingMethodAccessorImpl.java:43)
	at java.lang.reflect.Method.invoke(Method.java:497)
	at org.apache.maven.surefire.util.ReflectionUtils.invokeMethodWithArray(ReflectionUtils.java:189)
	at org.apache.maven.surefire.booter.ProviderFactory$ProviderProxy.invoke(ProviderFactory.java:165)
	at org.apache.maven.surefire.booter.ProviderFactory.invokeProvider(ProviderFactory.java:85)
	at org.apache.maven.surefire.booter.ForkedBooter.runSuitesInProcess(ForkedBooter.java:115)
	at org.apache.maven.surefire.booter.ForkedBooter.main(ForkedBooter.java:75)
Caused by: org.openqa.selenium.NoSuchElementException: Unable to locate element: {"method":"link text","selector":"Incident"}
For documentation on this error, please visit: http://seleniumhq.org/exceptions/no_such_element.html
Build info: version: '2.53.0', revision: '35ae25b1534ae328c771e0856c93e187490ca824', time: '2016-03-15 10:43:46'
System info: host: 'SDN-151', ip: '172.10.55.185', os.name: 'Windows 8.1', os.arch: 'amd64', os.version: '6.3', java.version: '1.8.0_60'
Driver info: driver.version: unknown
	at <anonymous class>.FirefoxDriver.prototype.findElementInternal_(file:///C:/Users/SRNATK~1/AppData/Local/Temp/anonymous7735116799184616755webdriver-profile/extensions/fxdriver@googlecode.com/components/driver-component.js:10770)
	at <anonymous class>.fxdriver.Timer.prototype.setTimeout/<.notify(file:///C:/Users/SRNATK~1/AppData/Local/Temp/anonymous7735116799184616755webdriver-profile/extensions/fxdriver@googlecode.com/components/driver-component.js:625)
]]>
            </full-stacktrace>
          </exception> <!-- org.openqa.selenium.NoSuchElementException -->
          <reporter-output>
          </reporter-output>
        </test-method> <!-- send_document -->
        <test-method status="PASS" signature="afterClass()[pri:0, instance:com.org.Example.myproject.Upload_DocumentsTest@4909b8da]" name="afterClass" is-config="true" duration-ms="878" started-at="2016-04-29T16:19:57Z" finished-at="2016-04-29T16:19:58Z">
          <reporter-output>
          </reporter-output>
        </test-method> <!-- afterClass -->
      </class> <!-- com.org.Example.myproject.Upload_DocumentsTest -->
      <class name="com.org.Example.myproject.ConnectToProductTest">
        <test-method status="PASS" signature="beforeClass()[pri:0, instance:com.org.Example.myproject.ConnectToProductTest@1324409e]" name="beforeClass" is-config="true" duration-ms="12304" started-at="2016-04-29T14:37:19Z" finished-at="2016-04-29T14:37:31Z">
          <reporter-output>
          </reporter-output>
        </test-method> <!-- beforeClass -->
        <test-method status="PASS" signature="searchingfor_conectTOproduct()[pri:0, instance:com.org.Example.myproject.ConnectToProductTest@1324409e]" name="searchingfor_conectTOproduct" duration-ms="256776" started-at="2016-04-29T14:37:31Z" finished-at="2016-04-29T14:41:48Z">
          <reporter-output>
          </reporter-output>
        </test-method> <!-- searchingfor_conectTOproduct -->
        <test-method status="PASS" signature="afterClass()[pri:0, instance:com.org.Example.myproject.ConnectToProductTest@1324409e]" name="afterClass" is-config="true" duration-ms="2448" started-at="2016-04-29T14:41:48Z" finished-at="2016-04-29T14:41:50Z">
          <reporter-output>
          </reporter-output>
        </test-method> <!-- afterClass -->
      </class> <!-- com.org.Example.myproject.ConnectToProductTest -->
      <class name="com.org.Example.myproject.CreatenewformTest">
        <test-method status="PASS" signature="beforeClass()[pri:0, instance:com.org.Example.myproject.CreatenewformTest@246ae04d]" name="beforeClass" is-config="true" duration-ms="25331" started-at="2016-04-29T14:56:44Z" finished-at="2016-04-29T14:57:09Z">
          <reporter-output>
          </reporter-output>
        </test-method> <!-- beforeClass -->
        <test-method status="PASS" signature="createNew_form()[pri:0, instance:com.org.Example.myproject.CreatenewformTest@246ae04d]" name="createNew_form" duration-ms="287007" started-at="2016-04-29T14:57:09Z" finished-at="2016-04-29T15:01:56Z">
          <reporter-output>
          </reporter-output>
        </test-method> <!-- createNew_form -->
        <test-method status="PASS" signature="afterClass()[pri:0, instance:com.org.Example.myproject.CreatenewformTest@246ae04d]" name="afterClass" is-config="true" duration-ms="1372" started-at="2016-04-29T15:01:56Z" finished-at="2016-04-29T15:01:58Z">
          <reporter-output>
          </reporter-output>
        </test-method> <!-- afterClass -->
      </class> <!-- com.org.Example.myproject.CreatenewformTest -->
      <class name="com.org.Example.myproject.Create_PublicproductTest">
        <test-method status="PASS" signature="beforeClass()[pri:0, instance:com.org.Example.myproject.Create_PublicproductTest@1e67b872]" name="beforeClass" is-config="true" duration-ms="14083" started-at="2016-04-29T14:46:38Z" finished-at="2016-04-29T14:46:52Z">
          <reporter-output>
          </reporter-output>
        </test-method> <!-- beforeClass -->
        <test-method status="FAIL" signature="publicProduct()[pri:0, instance:com.org.Example.myproject.Create_PublicproductTest@1e67b872]" name="publicProduct" duration-ms="271953" started-at="2016-04-29T14:46:52Z" finished-at="2016-04-29T14:51:24Z">
          <exception class="org.openqa.selenium.StaleElementReferenceException">
            <message>
              <![CDATA[Element not found in the cache - perhaps the page has changed since it was looked up
Command duration or timeout: 50.06 seconds
For documentation on this error, please visit: http://seleniumhq.org/exceptions/stale_element_reference.html
Build info: version: '2.53.0', revision: '35ae25b1534ae328c771e0856c93e187490ca824', time: '2016-03-15 10:43:46'
System info: host: 'SDN-151', ip: '172.10.55.185', os.name: 'Windows 8.1', os.arch: 'amd64', os.version: '6.3', java.version: '1.8.0_60'
Driver info: org.openqa.selenium.firefox.FirefoxDriver
Capabilities [{applicationCacheEnabled=true, rotatable=false, handlesAlerts=true, databaseEnabled=true, version=45.0.2, platform=WINDOWS, nativeEvents=false, acceptSslCerts=true, webStorageEnabled=true, locationContextEnabled=true, browserName=firefox, takesScreenshot=true, javascriptEnabled=true, cssSelectorsEnabled=true}]
Session ID: 173c1db8-7e5b-446f-8474-e61aa3042f10]]>
            </message>
            <full-stacktrace>
              <![CDATA[org.openqa.selenium.StaleElementReferenceException: Element not found in the cache - perhaps the page has changed since it was looked up
Command duration or timeout: 50.06 seconds
For documentation on this error, please visit: http://seleniumhq.org/exceptions/stale_element_reference.html
Build info: version: '2.53.0', revision: '35ae25b1534ae328c771e0856c93e187490ca824', time: '2016-03-15 10:43:46'
System info: host: 'SDN-151', ip: '172.10.55.185', os.name: 'Windows 8.1', os.arch: 'amd64', os.version: '6.3', java.version: '1.8.0_60'
Driver info: org.openqa.selenium.firefox.FirefoxDriver
Capabilities [{applicationCacheEnabled=true, rotatable=false, handlesAlerts=true, databaseEnabled=true, version=45.0.2, platform=WINDOWS, nativeEvents=false, acceptSslCerts=true, webStorageEnabled=true, locationContextEnabled=true, browserName=firefox, takesScreenshot=true, javascriptEnabled=true, cssSelectorsEnabled=true}]
Session ID: 173c1db8-7e5b-446f-8474-e61aa3042f10
	at sun.reflect.NativeConstructorAccessorImpl.newInstance0(Native Method)
	at sun.reflect.NativeConstructorAccessorImpl.newInstance(NativeConstructorAccessorImpl.java:62)
	at sun.reflect.DelegatingConstructorAccessorImpl.newInstance(DelegatingConstructorAccessorImpl.java:45)
	at java.lang.reflect.Constructor.newInstance(Constructor.java:422)
	at org.openqa.selenium.remote.ErrorHandler.createThrowable(ErrorHandler.java:206)
	at org.openqa.selenium.remote.ErrorHandler.throwIfResponseFailed(ErrorHandler.java:158)
	at org.openqa.selenium.remote.RemoteWebDriver.execute(RemoteWebDriver.java:678)
	at org.openqa.selenium.remote.RemoteWebElement.execute(RemoteWebElement.java:327)
	at org.openqa.selenium.remote.RemoteWebElement.click(RemoteWebElement.java:85)
	at com.org.Example.myproject.Create_PublicproductTest.publicProduct(Create_PublicproductTest.java:108)
	at sun.reflect.NativeMethodAccessorImpl.invoke0(Native Method)
	at sun.reflect.NativeMethodAccessorImpl.invoke(NativeMethodAccessorImpl.java:62)
	at sun.reflect.DelegatingMethodAccessorImpl.invoke(DelegatingMethodAccessorImpl.java:43)
	at java.lang.reflect.Method.invoke(Method.java:497)
	at org.testng.internal.MethodInvocationHelper.invokeMethod(MethodInvocationHelper.java:86)
	at org.testng.internal.Invoker.invokeMethod(Invoker.java:643)
	at org.testng.internal.Invoker.invokeTestMethod(Invoker.java:820)
	at org.testng.internal.Invoker.invokeTestMethods(Invoker.java:1128)
	at org.testng.internal.TestMethodWorker.invokeTestMethods(TestMethodWorker.java:129)
	at org.testng.internal.TestMethodWorker.run(TestMethodWorker.java:112)
	at org.testng.TestRunner.privateRun(TestRunner.java:782)
	at org.testng.TestRunner.run(TestRunner.java:632)
	at org.testng.SuiteRunner.runTest(SuiteRunner.java:366)
	at org.testng.SuiteRunner.runSequentially(SuiteRunner.java:361)
	at org.testng.SuiteRunner.privateRun(SuiteRunner.java:319)
	at org.testng.SuiteRunner.run(SuiteRunner.java:268)
	at org.testng.SuiteRunnerWorker.runSuite(SuiteRunnerWorker.java:52)
	at org.testng.SuiteRunnerWorker.run(SuiteRunnerWorker.java:86)
	at org.testng.TestNG.runSuitesSequentially(TestNG.java:1244)
	at org.testng.TestNG.runSuitesLocally(TestNG.java:1169)
	at org.testng.TestNG.run(TestNG.java:1064)
	at org.apache.maven.surefire.testng.TestNGExecutor.run(TestNGExecutor.java:77)
	at org.apache.maven.surefire.testng.TestNGDirectoryTestSuite.executeMulti(TestNGDirectoryTestSuite.java:159)
	at org.apache.maven.surefire.testng.TestNGDirectoryTestSuite.execute(TestNGDirectoryTestSuite.java:99)
	at org.apache.maven.surefire.testng.TestNGProvider.invoke(TestNGProvider.java:106)
	at sun.reflect.NativeMethodAccessorImpl.invoke0(Native Method)
	at sun.reflect.NativeMethodAccessorImpl.invoke(NativeMethodAccessorImpl.java:62)
	at sun.reflect.DelegatingMethodAccessorImpl.invoke(DelegatingMethodAccessorImpl.java:43)
	at java.lang.reflect.Method.invoke(Method.java:497)
	at org.apache.maven.surefire.util.ReflectionUtils.invokeMethodWithArray(ReflectionUtils.java:189)
	at org.apache.maven.surefire.booter.ProviderFactory$ProviderProxy.invoke(ProviderFactory.java:165)
	at org.apache.maven.surefire.booter.ProviderFactory.invokeProvider(ProviderFactory.java:85)
	at org.apache.maven.surefire.booter.ForkedBooter.runSuitesInProcess(ForkedBooter.java:115)
	at org.apache.maven.surefire.booter.ForkedBooter.main(ForkedBooter.java:75)
Caused by: org.openqa.selenium.StaleElementReferenceException: Element not found in the cache - perhaps the page has changed since it was looked up
For documentation on this error, please visit: http://seleniumhq.org/exceptions/stale_element_reference.html
Build info: version: '2.53.0', revision: '35ae25b1534ae328c771e0856c93e187490ca824', time: '2016-03-15 10:43:46'
System info: host: 'SDN-151', ip: '172.10.55.185', os.name: 'Windows 8.1', os.arch: 'amd64', os.version: '6.3', java.version: '1.8.0_60'
Driver info: driver.version: unknown
	at <anonymous class>.fxdriver.cache.getElementAt(resource://fxdriver/modules/web-element-cache.js:9454)
	at <anonymous class>.Utils.getElementAt(file:///C:/Users/SRNATK~1/AppData/Local/Temp/anonymous3501107919390147794webdriver-profile/extensions/fxdriver@googlecode.com/components/command-processor.js:9039)
	at <anonymous class>.fxdriver.preconditions.visible(file:///C:/Users/SRNATK~1/AppData/Local/Temp/anonymous3501107919390147794webdriver-profile/extensions/fxdriver@googlecode.com/components/command-processor.js:10090)
	at <anonymous class>.DelayedCommand.prototype.checkPreconditions_(file:///C:/Users/SRNATK~1/AppData/Local/Temp/anonymous3501107919390147794webdriver-profile/extensions/fxdriver@googlecode.com/components/command-processor.js:12644)
	at <anonymous class>.DelayedCommand.prototype.executeInternal_/h(file:///C:/Users/SRNATK~1/AppData/Local/Temp/anonymous3501107919390147794webdriver-profile/extensions/fxdriver@googlecode.com/components/command-processor.js:12661)
	at <anonymous class>.fxdriver.Timer.prototype.setTimeout/<.notify(file:///C:/Users/SRNATK~1/AppData/Local/Temp/anonymous3501107919390147794webdriver-profile/extensions/fxdriver@googlecode.com/components/command-processor.js:625)
]]>
            </full-stacktrace>
          </exception> <!-- org.openqa.selenium.StaleElementReferenceException -->
          <reporter-output>
          </reporter-output>
        </test-method> <!-- publicProduct -->
        <test-method status="PASS" signature="afterClass()[pri:0, instance:com.org.Example.myproject.Create_PublicproductTest@1e67b872]" name="afterClass" is-config="true" duration-ms="713" started-at="2016-04-29T14:51:24Z" finished-at="2016-04-29T14:51:24Z">
          <reporter-output>
          </reporter-output>
        </test-method> <!-- afterClass -->
      </class> <!-- com.org.Example.myproject.Create_PublicproductTest -->
      <class name="com.org.Example.myproject.Connectto_TpartnerTest">
        <test-method status="PASS" signature="beforeClass()[pri:0, instance:com.org.Example.myproject.Connectto_TpartnerTest@2c6a3f77]" name="beforeClass" is-config="true" duration-ms="13642" started-at="2016-04-29T14:41:50Z" finished-at="2016-04-29T14:42:04Z">
          <reporter-output>
          </reporter-output>
        </test-method> <!-- beforeClass -->
        <test-method status="PASS" signature="Auccount_verification()[pri:0, instance:com.org.Example.myproject.Connectto_TpartnerTest@2c6a3f77]" name="Auccount_verification" duration-ms="98398" started-at="2016-04-29T14:42:04Z" finished-at="2016-04-29T14:43:42Z">
          <reporter-output>
          </reporter-output>
        </test-method> <!-- Auccount_verification -->
        <test-method status="PASS" signature="afterClass()[pri:0, instance:com.org.Example.myproject.Connectto_TpartnerTest@2c6a3f77]" name="afterClass" is-config="true" duration-ms="627" started-at="2016-04-29T14:43:42Z" finished-at="2016-04-29T14:43:43Z">
          <reporter-output>
          </reporter-output>
        </test-method> <!-- afterClass -->
      </class> <!-- com.org.Example.myproject.Connectto_TpartnerTest -->
      <class name="com.org.Example.myproject.CreatenewquestionTest">
        <test-method status="PASS" signature="beforeClass()[pri:0, instance:com.org.Example.myproject.CreatenewquestionTest@62043840]" name="beforeClass" is-config="true" duration-ms="17956" started-at="2016-04-29T15:01:58Z" finished-at="2016-04-29T15:02:16Z">
          <reporter-output>
          </reporter-output>
        </test-method> <!-- beforeClass -->
        <test-method status="PASS" signature="createNew_Question()[pri:0, instance:com.org.Example.myproject.CreatenewquestionTest@62043840]" name="createNew_Question" duration-ms="268687" started-at="2016-04-29T15:02:16Z" finished-at="2016-04-29T15:06:44Z">
          <reporter-output>
          </reporter-output>
        </test-method> <!-- createNew_Question -->
        <test-method status="PASS" signature="afterClass()[pri:0, instance:com.org.Example.myproject.CreatenewquestionTest@62043840]" name="afterClass" is-config="true" duration-ms="2119" started-at="2016-04-29T15:06:44Z" finished-at="2016-04-29T15:06:46Z">
          <reporter-output>
          </reporter-output>
        </test-method> <!-- afterClass -->
      </class> <!-- com.org.Example.myproject.CreatenewquestionTest -->
      <class name="com.org.Example.myproject.TPsearchPostalCodeTest">
        <test-method status="PASS" signature="beforeClass()[pri:0, instance:com.org.Example.myproject.TPsearchPostalCodeTest@4157f54e]" name="beforeClass" is-config="true" duration-ms="10863" started-at="2016-04-29T15:48:54Z" finished-at="2016-04-29T15:49:05Z">
          <reporter-output>
          </reporter-output>
        </test-method> <!-- beforeClass -->
        <test-method status="PASS" signature="testSearchByIcixId()[pri:0, instance:com.org.Example.myproject.TPsearchPostalCodeTest@4157f54e]" name="testSearchByIcixId" duration-ms="171780" started-at="2016-04-29T15:49:05Z" finished-at="2016-04-29T15:51:57Z">
          <reporter-output>
          </reporter-output>
        </test-method> <!-- testSearchByIcixId -->
        <test-method status="PASS" signature="tearDown()[pri:0, instance:com.org.Example.myproject.TPsearchPostalCodeTest@4157f54e]" name="tearDown" is-config="true" duration-ms="549" started-at="2016-04-29T15:51:57Z" finished-at="2016-04-29T15:51:57Z">
          <reporter-output>
          </reporter-output>
        </test-method> <!-- tearDown -->
      </class> <!-- com.org.Example.myproject.TPsearchPostalCodeTest -->
      <class name="com.org.Example.myproject.TPsearchWithCombinationTest">
        <test-method status="PASS" signature="beforeClass()[pri:0, instance:com.org.Example.myproject.TPsearchWithCombinationTest@90f6bfd]" name="beforeClass" is-config="true" duration-ms="10871" started-at="2016-04-29T15:51:57Z" finished-at="2016-04-29T15:52:08Z">
          <reporter-output>
          </reporter-output>
        </test-method> <!-- beforeClass -->
        <test-method status="PASS" signature="testSearchByIcixId()[pri:0, instance:com.org.Example.myproject.TPsearchWithCombinationTest@90f6bfd]" name="testSearchByIcixId" duration-ms="133844" started-at="2016-04-29T15:52:08Z" finished-at="2016-04-29T15:54:22Z">
          <reporter-output>
          </reporter-output>
        </test-method> <!-- testSearchByIcixId -->
        <test-method status="PASS" signature="afterClass()[pri:0, instance:com.org.Example.myproject.TPsearchWithCombinationTest@90f6bfd]" name="afterClass" is-config="true" duration-ms="585" started-at="2016-04-29T15:54:22Z" finished-at="2016-04-29T15:54:23Z">
          <reporter-output>
          </reporter-output>
        </test-method> <!-- afterClass -->
      </class> <!-- com.org.Example.myproject.TPsearchWithCombinationTest -->
      <class name="com.org.Example.myproject.Create_privateproductTest">
        <test-method status="PASS" signature="beforeClass()[pri:0, instance:com.org.Example.myproject.Create_privateproductTest@5d624da6]" name="beforeClass" is-config="true" duration-ms="11410" started-at="2016-04-29T14:51:24Z" finished-at="2016-04-29T14:51:36Z">
          <reporter-output>
          </reporter-output>
        </test-method> <!-- beforeClass -->
        <test-method status="FAIL" signature="private_product()[pri:0, instance:com.org.Example.myproject.Create_privateproductTest@5d624da6]" name="private_product" duration-ms="306834" started-at="2016-04-29T14:51:36Z" finished-at="2016-04-29T14:56:43Z">
          <exception class="org.openqa.selenium.StaleElementReferenceException">
            <message>
              <![CDATA[Element not found in the cache - perhaps the page has changed since it was looked up
Command duration or timeout: 50.94 seconds
For documentation on this error, please visit: http://seleniumhq.org/exceptions/stale_element_reference.html
Build info: version: '2.53.0', revision: '35ae25b1534ae328c771e0856c93e187490ca824', time: '2016-03-15 10:43:46'
System info: host: 'SDN-151', ip: '172.10.55.185', os.name: 'Windows 8.1', os.arch: 'amd64', os.version: '6.3', java.version: '1.8.0_60'
Driver info: org.openqa.selenium.firefox.FirefoxDriver
Capabilities [{applicationCacheEnabled=true, rotatable=false, handlesAlerts=true, databaseEnabled=true, version=45.0.2, platform=WINDOWS, nativeEvents=false, acceptSslCerts=true, webStorageEnabled=true, locationContextEnabled=true, browserName=firefox, takesScreenshot=true, javascriptEnabled=true, cssSelectorsEnabled=true}]
Session ID: 2aa864fc-df15-4375-b9df-8b9bf09ae091]]>
            </message>
            <full-stacktrace>
              <![CDATA[org.openqa.selenium.StaleElementReferenceException: Element not found in the cache - perhaps the page has changed since it was looked up
Command duration or timeout: 50.94 seconds
For documentation on this error, please visit: http://seleniumhq.org/exceptions/stale_element_reference.html
Build info: version: '2.53.0', revision: '35ae25b1534ae328c771e0856c93e187490ca824', time: '2016-03-15 10:43:46'
System info: host: 'SDN-151', ip: '172.10.55.185', os.name: 'Windows 8.1', os.arch: 'amd64', os.version: '6.3', java.version: '1.8.0_60'
Driver info: org.openqa.selenium.firefox.FirefoxDriver
Capabilities [{applicationCacheEnabled=true, rotatable=false, handlesAlerts=true, databaseEnabled=true, version=45.0.2, platform=WINDOWS, nativeEvents=false, acceptSslCerts=true, webStorageEnabled=true, locationContextEnabled=true, browserName=firefox, takesScreenshot=true, javascriptEnabled=true, cssSelectorsEnabled=true}]
Session ID: 2aa864fc-df15-4375-b9df-8b9bf09ae091
	at sun.reflect.NativeConstructorAccessorImpl.newInstance0(Native Method)
	at sun.reflect.NativeConstructorAccessorImpl.newInstance(NativeConstructorAccessorImpl.java:62)
	at sun.reflect.DelegatingConstructorAccessorImpl.newInstance(DelegatingConstructorAccessorImpl.java:45)
	at java.lang.reflect.Constructor.newInstance(Constructor.java:422)
	at org.openqa.selenium.remote.ErrorHandler.createThrowable(ErrorHandler.java:206)
	at org.openqa.selenium.remote.ErrorHandler.throwIfResponseFailed(ErrorHandler.java:158)
	at org.openqa.selenium.remote.RemoteWebDriver.execute(RemoteWebDriver.java:678)
	at org.openqa.selenium.remote.RemoteWebElement.execute(RemoteWebElement.java:327)
	at org.openqa.selenium.remote.RemoteWebElement.click(RemoteWebElement.java:85)
	at com.org.Example.myproject.Create_privateproductTest.private_product(Create_privateproductTest.java:129)
	at sun.reflect.NativeMethodAccessorImpl.invoke0(Native Method)
	at sun.reflect.NativeMethodAccessorImpl.invoke(NativeMethodAccessorImpl.java:62)
	at sun.reflect.DelegatingMethodAccessorImpl.invoke(DelegatingMethodAccessorImpl.java:43)
	at java.lang.reflect.Method.invoke(Method.java:497)
	at org.testng.internal.MethodInvocationHelper.invokeMethod(MethodInvocationHelper.java:86)
	at org.testng.internal.Invoker.invokeMethod(Invoker.java:643)
	at org.testng.internal.Invoker.invokeTestMethod(Invoker.java:820)
	at org.testng.internal.Invoker.invokeTestMethods(Invoker.java:1128)
	at org.testng.internal.TestMethodWorker.invokeTestMethods(TestMethodWorker.java:129)
	at org.testng.internal.TestMethodWorker.run(TestMethodWorker.java:112)
	at org.testng.TestRunner.privateRun(TestRunner.java:782)
	at org.testng.TestRunner.run(TestRunner.java:632)
	at org.testng.SuiteRunner.runTest(SuiteRunner.java:366)
	at org.testng.SuiteRunner.runSequentially(SuiteRunner.java:361)
	at org.testng.SuiteRunner.privateRun(SuiteRunner.java:319)
	at org.testng.SuiteRunner.run(SuiteRunner.java:268)
	at org.testng.SuiteRunnerWorker.runSuite(SuiteRunnerWorker.java:52)
	at org.testng.SuiteRunnerWorker.run(SuiteRunnerWorker.java:86)
	at org.testng.TestNG.runSuitesSequentially(TestNG.java:1244)
	at org.testng.TestNG.runSuitesLocally(TestNG.java:1169)
	at org.testng.TestNG.run(TestNG.java:1064)
	at org.apache.maven.surefire.testng.TestNGExecutor.run(TestNGExecutor.java:77)
	at org.apache.maven.surefire.testng.TestNGDirectoryTestSuite.executeMulti(TestNGDirectoryTestSuite.java:159)
	at org.apache.maven.surefire.testng.TestNGDirectoryTestSuite.execute(TestNGDirectoryTestSuite.java:99)
	at org.apache.maven.surefire.testng.TestNGProvider.invoke(TestNGProvider.java:106)
	at sun.reflect.NativeMethodAccessorImpl.invoke0(Native Method)
	at sun.reflect.NativeMethodAccessorImpl.invoke(NativeMethodAccessorImpl.java:62)
	at sun.reflect.DelegatingMethodAccessorImpl.invoke(DelegatingMethodAccessorImpl.java:43)
	at java.lang.reflect.Method.invoke(Method.java:497)
	at org.apache.maven.surefire.util.ReflectionUtils.invokeMethodWithArray(ReflectionUtils.java:189)
	at org.apache.maven.surefire.booter.ProviderFactory$ProviderProxy.invoke(ProviderFactory.java:165)
	at org.apache.maven.surefire.booter.ProviderFactory.invokeProvider(ProviderFactory.java:85)
	at org.apache.maven.surefire.booter.ForkedBooter.runSuitesInProcess(ForkedBooter.java:115)
	at org.apache.maven.surefire.booter.ForkedBooter.main(ForkedBooter.java:75)
Caused by: org.openqa.selenium.StaleElementReferenceException: Element not found in the cache - perhaps the page has changed since it was looked up
For documentation on this error, please visit: http://seleniumhq.org/exceptions/stale_element_reference.html
Build info: version: '2.53.0', revision: '35ae25b1534ae328c771e0856c93e187490ca824', time: '2016-03-15 10:43:46'
System info: host: 'SDN-151', ip: '172.10.55.185', os.name: 'Windows 8.1', os.arch: 'amd64', os.version: '6.3', java.version: '1.8.0_60'
Driver info: driver.version: unknown
	at <anonymous class>.fxdriver.cache.getElementAt(resource://fxdriver/modules/web-element-cache.js:9454)
	at <anonymous class>.Utils.getElementAt(file:///C:/Users/SRNATK~1/AppData/Local/Temp/anonymous7810733970243525884webdriver-profile/extensions/fxdriver@googlecode.com/components/command-processor.js:9039)
	at <anonymous class>.fxdriver.preconditions.visible(file:///C:/Users/SRNATK~1/AppData/Local/Temp/anonymous7810733970243525884webdriver-profile/extensions/fxdriver@googlecode.com/components/command-processor.js:10090)
	at <anonymous class>.DelayedCommand.prototype.checkPreconditions_(file:///C:/Users/SRNATK~1/AppData/Local/Temp/anonymous7810733970243525884webdriver-profile/extensions/fxdriver@googlecode.com/components/command-processor.js:12644)
	at <anonymous class>.DelayedCommand.prototype.executeInternal_/h(file:///C:/Users/SRNATK~1/AppData/Local/Temp/anonymous7810733970243525884webdriver-profile/extensions/fxdriver@googlecode.com/components/command-processor.js:12661)
	at <anonymous class>.fxdriver.Timer.prototype.setTimeout/<.notify(file:///C:/Users/SRNATK~1/AppData/Local/Temp/anonymous7810733970243525884webdriver-profile/extensions/fxdriver@googlecode.com/components/command-processor.js:625)
]]>
            </full-stacktrace>
          </exception> <!-- org.openqa.selenium.StaleElementReferenceException -->
          <reporter-output>
          </reporter-output>
        </test-method> <!-- private_product -->
        <test-method status="PASS" signature="afterClass()[pri:0, instance:com.org.Example.myproject.Create_privateproductTest@5d624da6]" name="afterClass" is-config="true" duration-ms="1121" started-at="2016-04-29T14:56:43Z" finished-at="2016-04-29T14:56:44Z">
          <reporter-output>
          </reporter-output>
        </test-method> <!-- afterClass -->
      </class> <!-- com.org.Example.myproject.Create_privateproductTest -->
      <class name="com.org.Example.myproject.Tp_groupTest">
        <test-method status="PASS" signature="beforeClass()[pri:0, instance:com.org.Example.myproject.Tp_groupTest@15975490]" name="beforeClass" is-config="true" duration-ms="9778" started-at="2016-04-29T15:58:01Z" finished-at="2016-04-29T15:58:11Z">
          <reporter-output>
          </reporter-output>
        </test-method> <!-- beforeClass -->
        <test-method status="PASS" signature="test()[pri:0, instance:com.org.Example.myproject.Tp_groupTest@15975490]" name="test" duration-ms="190917" started-at="2016-04-29T15:58:11Z" finished-at="2016-04-29T16:01:22Z">
          <reporter-output>
          </reporter-output>
        </test-method> <!-- test -->
        <test-method status="PASS" signature="afterClass()[pri:0, instance:com.org.Example.myproject.Tp_groupTest@15975490]" name="afterClass" is-config="true" duration-ms="872" started-at="2016-04-29T16:01:22Z" finished-at="2016-04-29T16:01:23Z">
          <reporter-output>
          </reporter-output>
        </test-method> <!-- afterClass -->
      </class> <!-- com.org.Example.myproject.Tp_groupTest -->
      <class name="com.org.Example.myproject.Edit_TPartnerTest">
        <test-method status="PASS" signature="beforeClass()[pri:0, instance:com.org.Example.myproject.Edit_TPartnerTest@3f2a3a5]" name="beforeClass" is-config="true" duration-ms="12409" started-at="2016-04-29T15:14:06Z" finished-at="2016-04-29T15:14:19Z">
          <reporter-output>
          </reporter-output>
        </test-method> <!-- beforeClass -->
        <test-method status="FAIL" signature="Edit_TradingPartner()[pri:0, instance:com.org.Example.myproject.Edit_TPartnerTest@3f2a3a5]" name="Edit_TradingPartner" duration-ms="202984" started-at="2016-04-29T15:14:19Z" finished-at="2016-04-29T15:17:42Z">
          <exception class="org.openqa.selenium.ElementNotVisibleException">
            <message>
              <![CDATA[Element is not currently visible and so may not be interacted with
Command duration or timeout: 50.10 seconds
Build info: version: '2.53.0', revision: '35ae25b1534ae328c771e0856c93e187490ca824', time: '2016-03-15 10:43:46'
System info: host: 'SDN-151', ip: '172.10.55.185', os.name: 'Windows 8.1', os.arch: 'amd64', os.version: '6.3', java.version: '1.8.0_60'
Driver info: org.openqa.selenium.firefox.FirefoxDriver
Capabilities [{applicationCacheEnabled=true, rotatable=false, handlesAlerts=true, databaseEnabled=true, version=45.0.2, platform=WINDOWS, nativeEvents=false, acceptSslCerts=true, webStorageEnabled=true, locationContextEnabled=true, browserName=firefox, takesScreenshot=true, javascriptEnabled=true, cssSelectorsEnabled=true}]
Session ID: 5abdb4a4-e111-49fa-9119-29536a0fcc7c]]>
            </message>
            <full-stacktrace>
              <![CDATA[org.openqa.selenium.ElementNotVisibleException: Element is not currently visible and so may not be interacted with
Command duration or timeout: 50.10 seconds
Build info: version: '2.53.0', revision: '35ae25b1534ae328c771e0856c93e187490ca824', time: '2016-03-15 10:43:46'
System info: host: 'SDN-151', ip: '172.10.55.185', os.name: 'Windows 8.1', os.arch: 'amd64', os.version: '6.3', java.version: '1.8.0_60'
Driver info: org.openqa.selenium.firefox.FirefoxDriver
Capabilities [{applicationCacheEnabled=true, rotatable=false, handlesAlerts=true, databaseEnabled=true, version=45.0.2, platform=WINDOWS, nativeEvents=false, acceptSslCerts=true, webStorageEnabled=true, locationContextEnabled=true, browserName=firefox, takesScreenshot=true, javascriptEnabled=true, cssSelectorsEnabled=true}]
Session ID: 5abdb4a4-e111-49fa-9119-29536a0fcc7c
	at sun.reflect.NativeConstructorAccessorImpl.newInstance0(Native Method)
	at sun.reflect.NativeConstructorAccessorImpl.newInstance(NativeConstructorAccessorImpl.java:62)
	at sun.reflect.DelegatingConstructorAccessorImpl.newInstance(DelegatingConstructorAccessorImpl.java:45)
	at java.lang.reflect.Constructor.newInstance(Constructor.java:422)
	at org.openqa.selenium.remote.ErrorHandler.createThrowable(ErrorHandler.java:206)
	at org.openqa.selenium.remote.ErrorHandler.throwIfResponseFailed(ErrorHandler.java:158)
	at org.openqa.selenium.remote.RemoteWebDriver.execute(RemoteWebDriver.java:678)
	at org.openqa.selenium.remote.RemoteWebElement.execute(RemoteWebElement.java:327)
	at org.openqa.selenium.remote.RemoteWebElement.click(RemoteWebElement.java:85)
	at com.org.Example.myproject.Edit_TPartnerTest.Edit_TradingPartner(Edit_TPartnerTest.java:67)
	at sun.reflect.NativeMethodAccessorImpl.invoke0(Native Method)
	at sun.reflect.NativeMethodAccessorImpl.invoke(NativeMethodAccessorImpl.java:62)
	at sun.reflect.DelegatingMethodAccessorImpl.invoke(DelegatingMethodAccessorImpl.java:43)
	at java.lang.reflect.Method.invoke(Method.java:497)
	at org.testng.internal.MethodInvocationHelper.invokeMethod(MethodInvocationHelper.java:86)
	at org.testng.internal.Invoker.invokeMethod(Invoker.java:643)
	at org.testng.internal.Invoker.invokeTestMethod(Invoker.java:820)
	at org.testng.internal.Invoker.invokeTestMethods(Invoker.java:1128)
	at org.testng.internal.TestMethodWorker.invokeTestMethods(TestMethodWorker.java:129)
	at org.testng.internal.TestMethodWorker.run(TestMethodWorker.java:112)
	at org.testng.TestRunner.privateRun(TestRunner.java:782)
	at org.testng.TestRunner.run(TestRunner.java:632)
	at org.testng.SuiteRunner.runTest(SuiteRunner.java:366)
	at org.testng.SuiteRunner.runSequentially(SuiteRunner.java:361)
	at org.testng.SuiteRunner.privateRun(SuiteRunner.java:319)
	at org.testng.SuiteRunner.run(SuiteRunner.java:268)
	at org.testng.SuiteRunnerWorker.runSuite(SuiteRunnerWorker.java:52)
	at org.testng.SuiteRunnerWorker.run(SuiteRunnerWorker.java:86)
	at org.testng.TestNG.runSuitesSequentially(TestNG.java:1244)
	at org.testng.TestNG.runSuitesLocally(TestNG.java:1169)
	at org.testng.TestNG.run(TestNG.java:1064)
	at org.apache.maven.surefire.testng.TestNGExecutor.run(TestNGExecutor.java:77)
	at org.apache.maven.surefire.testng.TestNGDirectoryTestSuite.executeMulti(TestNGDirectoryTestSuite.java:159)
	at org.apache.maven.surefire.testng.TestNGDirectoryTestSuite.execute(TestNGDirectoryTestSuite.java:99)
	at org.apache.maven.surefire.testng.TestNGProvider.invoke(TestNGProvider.java:106)
	at sun.reflect.NativeMethodAccessorImpl.invoke0(Native Method)
	at sun.reflect.NativeMethodAccessorImpl.invoke(NativeMethodAccessorImpl.java:62)
	at sun.reflect.DelegatingMethodAccessorImpl.invoke(DelegatingMethodAccessorImpl.java:43)
	at java.lang.reflect.Method.invoke(Method.java:497)
	at org.apache.maven.surefire.util.ReflectionUtils.invokeMethodWithArray(ReflectionUtils.java:189)
	at org.apache.maven.surefire.booter.ProviderFactory$ProviderProxy.invoke(ProviderFactory.java:165)
	at org.apache.maven.surefire.booter.ProviderFactory.invokeProvider(ProviderFactory.java:85)
	at org.apache.maven.surefire.booter.ForkedBooter.runSuitesInProcess(ForkedBooter.java:115)
	at org.apache.maven.surefire.booter.ForkedBooter.main(ForkedBooter.java:75)
Caused by: org.openqa.selenium.ElementNotVisibleException: Element is not currently visible and so may not be interacted with
Build info: version: '2.53.0', revision: '35ae25b1534ae328c771e0856c93e187490ca824', time: '2016-03-15 10:43:46'
System info: host: 'SDN-151', ip: '172.10.55.185', os.name: 'Windows 8.1', os.arch: 'amd64', os.version: '6.3', java.version: '1.8.0_60'
Driver info: driver.version: unknown
	at <anonymous class>.fxdriver.preconditions.visible(file:///C:/Users/SRNATK~1/AppData/Local/Temp/anonymous8503923314200764915webdriver-profile/extensions/fxdriver@googlecode.com/components/command-processor.js:10092)
	at <anonymous class>.DelayedCommand.prototype.checkPreconditions_(file:///C:/Users/SRNATK~1/AppData/Local/Temp/anonymous8503923314200764915webdriver-profile/extensions/fxdriver@googlecode.com/components/command-processor.js:12644)
	at <anonymous class>.DelayedCommand.prototype.executeInternal_/h(file:///C:/Users/SRNATK~1/AppData/Local/Temp/anonymous8503923314200764915webdriver-profile/extensions/fxdriver@googlecode.com/components/command-processor.js:12661)
	at <anonymous class>.fxdriver.Timer.prototype.setTimeout/<.notify(file:///C:/Users/SRNATK~1/AppData/Local/Temp/anonymous8503923314200764915webdriver-profile/extensions/fxdriver@googlecode.com/components/command-processor.js:625)
]]>
            </full-stacktrace>
          </exception> <!-- org.openqa.selenium.ElementNotVisibleException -->
          <reporter-output>
          </reporter-output>
        </test-method> <!-- Edit_TradingPartner -->
        <test-method status="PASS" signature="afterClass()[pri:0, instance:com.org.Example.myproject.Edit_TPartnerTest@3f2a3a5]" name="afterClass" is-config="true" duration-ms="563" started-at="2016-04-29T15:17:42Z" finished-at="2016-04-29T15:17:42Z">
          <reporter-output>
          </reporter-output>
        </test-method> <!-- afterClass -->
      </class> <!-- com.org.Example.myproject.Edit_TPartnerTest -->
      <class name="com.org.Example.myproject.SetAndSendCompilinceTest">
        <test-method status="PASS" signature="beforeClass()[pri:0, instance:com.org.Example.myproject.SetAndSendCompilinceTest@68837a77]" name="beforeClass" is-config="true" duration-ms="10789" started-at="2016-04-29T15:37:40Z" finished-at="2016-04-29T15:37:51Z">
          <reporter-output>
          </reporter-output>
        </test-method> <!-- beforeClass -->
        <test-method status="PASS" signature="SetAndSendCompilince()[pri:0, instance:com.org.Example.myproject.SetAndSendCompilinceTest@68837a77]" name="SetAndSendCompilince" duration-ms="218685" started-at="2016-04-29T15:37:51Z" finished-at="2016-04-29T15:41:29Z">
          <reporter-output>
          </reporter-output>
        </test-method> <!-- SetAndSendCompilince -->
        <test-method status="PASS" signature="afterClass()[pri:0, instance:com.org.Example.myproject.SetAndSendCompilinceTest@68837a77]" name="afterClass" is-config="true" duration-ms="548" started-at="2016-04-29T15:41:29Z" finished-at="2016-04-29T15:41:30Z">
          <reporter-output>
          </reporter-output>
        </test-method> <!-- afterClass -->
      </class> <!-- com.org.Example.myproject.SetAndSendCompilinceTest -->
      <class name="com.org.Example.myproject.QuestionSearch_ByAnswertypeTest">
        <test-method status="PASS" signature="beforeClass()[pri:0, instance:com.org.Example.myproject.QuestionSearch_ByAnswertypeTest@614c5515]" name="beforeClass" is-config="true" duration-ms="11358" started-at="2016-04-29T15:26:49Z" finished-at="2016-04-29T15:27:01Z">
          <reporter-output>
          </reporter-output>
        </test-method> <!-- beforeClass -->
        <test-method status="PASS" signature="createNew_form()[pri:0, instance:com.org.Example.myproject.QuestionSearch_ByAnswertypeTest@614c5515]" name="createNew_form" duration-ms="253339" started-at="2016-04-29T15:27:01Z" finished-at="2016-04-29T15:31:14Z">
          <reporter-output>
          </reporter-output>
        </test-method> <!-- createNew_form -->
        <test-method status="PASS" signature="afterClass()[pri:0, instance:com.org.Example.myproject.QuestionSearch_ByAnswertypeTest@614c5515]" name="afterClass" is-config="true" duration-ms="766" started-at="2016-04-29T15:31:14Z" finished-at="2016-04-29T15:31:15Z">
          <reporter-output>
          </reporter-output>
        </test-method> <!-- afterClass -->
      </class> <!-- com.org.Example.myproject.QuestionSearch_ByAnswertypeTest -->
      <class name="com.org.Example.myproject.ProductTwo_ActorworkflowTest">
        <test-method status="PASS" signature="beforeClass()[pri:0, instance:com.org.Example.myproject.ProductTwo_ActorworkflowTest@6fb554cc]" name="beforeClass" is-config="true" duration-ms="10940" started-at="2016-04-29T15:21:44Z" finished-at="2016-04-29T15:21:55Z">
          <reporter-output>
          </reporter-output>
        </test-method> <!-- beforeClass -->
        <test-method status="PASS" signature="productTwoactor_workflow()[pri:0, instance:com.org.Example.myproject.ProductTwo_ActorworkflowTest@6fb554cc]" name="productTwoactor_workflow" duration-ms="292901" started-at="2016-04-29T15:21:55Z" finished-at="2016-04-29T15:26:48Z">
          <reporter-output>
          </reporter-output>
        </test-method> <!-- productTwoactor_workflow -->
        <test-method status="PASS" signature="afterClass()[pri:0, instance:com.org.Example.myproject.ProductTwo_ActorworkflowTest@6fb554cc]" name="afterClass" is-config="true" duration-ms="1633" started-at="2016-04-29T15:26:48Z" finished-at="2016-04-29T15:26:49Z">
          <reporter-output>
          </reporter-output>
        </test-method> <!-- afterClass -->
      </class> <!-- com.org.Example.myproject.ProductTwo_ActorworkflowTest -->
      <class name="com.org.Example.myproject.TPSearchIDTest">
        <test-method status="PASS" signature="beforeClass()[pri:0, instance:com.org.Example.myproject.TPSearchIDTest@327471b5]" name="beforeClass" is-config="true" duration-ms="12865" started-at="2016-04-29T15:44:02Z" finished-at="2016-04-29T15:44:15Z">
          <reporter-output>
          </reporter-output>
        </test-method> <!-- beforeClass -->
        <test-method status="PASS" signature="testSearchByIcixId()[pri:0, instance:com.org.Example.myproject.TPSearchIDTest@327471b5]" name="testSearchByIcixId" duration-ms="130657" started-at="2016-04-29T15:44:15Z" finished-at="2016-04-29T15:46:26Z">
          <reporter-output>
          </reporter-output>
        </test-method> <!-- testSearchByIcixId -->
        <test-method status="PASS" signature="afterClass()[pri:0, instance:com.org.Example.myproject.TPSearchIDTest@327471b5]" name="afterClass" is-config="true" duration-ms="513" started-at="2016-04-29T15:46:26Z" finished-at="2016-04-29T15:46:26Z">
          <reporter-output>
          </reporter-output>
        </test-method> <!-- afterClass -->
      </class> <!-- com.org.Example.myproject.TPSearchIDTest -->
      <class name="com.org.Example.myproject.Send_DocumentsTest">
        <test-method status="PASS" signature="beforeClass()[pri:0, instance:com.org.Example.myproject.Send_DocumentsTest@2d554825]" name="beforeClass" is-config="true" duration-ms="9718" started-at="2016-04-29T15:35:09Z" finished-at="2016-04-29T15:35:19Z">
          <reporter-output>
          </reporter-output>
        </test-method> <!-- beforeClass -->
        <test-method status="PASS" signature="send_document()[pri:0, instance:com.org.Example.myproject.Send_DocumentsTest@2d554825]" name="send_document" duration-ms="140038" started-at="2016-04-29T15:35:19Z" finished-at="2016-04-29T15:37:39Z">
          <reporter-output>
          </reporter-output>
        </test-method> <!-- send_document -->
        <test-method status="PASS" signature="afterClass()[pri:0, instance:com.org.Example.myproject.Send_DocumentsTest@2d554825]" name="afterClass" is-config="true" duration-ms="607" started-at="2016-04-29T15:37:39Z" finished-at="2016-04-29T15:37:40Z">
          <reporter-output>
          </reporter-output>
        </test-method> <!-- afterClass -->
      </class> <!-- com.org.Example.myproject.Send_DocumentsTest -->
      <class name="com.org.Example.myproject.TPSearchAddressTest">
        <test-method status="PASS" signature="beforeClass()[pri:0, instance:com.org.Example.myproject.TPSearchAddressTest@6be46e8f]" name="beforeClass" is-config="true" duration-ms="13243" started-at="2016-04-29T15:41:30Z" finished-at="2016-04-29T15:41:43Z">
          <reporter-output>
          </reporter-output>
        </test-method> <!-- beforeClass -->
        <test-method status="PASS" signature="testSearchByIcixId()[pri:0, instance:com.org.Example.myproject.TPSearchAddressTest@6be46e8f]" name="testSearchByIcixId" duration-ms="138577" started-at="2016-04-29T15:41:43Z" finished-at="2016-04-29T15:44:02Z">
          <reporter-output>
          </reporter-output>
        </test-method> <!-- testSearchByIcixId -->
        <test-method status="PASS" signature="afterClass()[pri:0, instance:com.org.Example.myproject.TPSearchAddressTest@6be46e8f]" name="afterClass" is-config="true" duration-ms="466" started-at="2016-04-29T15:44:02Z" finished-at="2016-04-29T15:44:02Z">
          <reporter-output>
          </reporter-output>
        </test-method> <!-- afterClass -->
      </class> <!-- com.org.Example.myproject.TPSearchAddressTest -->
      <class name="com.org.Example.myproject.CreateproductgroupTest">
        <test-method status="PASS" signature="beforeClass()[pri:0, instance:com.org.Example.myproject.CreateproductgroupTest@2ef9b8bc]" name="beforeClass" is-config="true" duration-ms="14978" started-at="2016-04-29T15:06:46Z" finished-at="2016-04-29T15:07:01Z">
          <reporter-output>
          </reporter-output>
        </test-method> <!-- beforeClass -->
        <test-method status="PASS" signature="Productgroup()[pri:0, instance:com.org.Example.myproject.CreateproductgroupTest@2ef9b8bc]" name="Productgroup" duration-ms="192887" started-at="2016-04-29T15:07:01Z" finished-at="2016-04-29T15:10:14Z">
          <reporter-output>
          </reporter-output>
        </test-method> <!-- Productgroup -->
        <test-method status="PASS" signature="afterClass()[pri:0, instance:com.org.Example.myproject.CreateproductgroupTest@2ef9b8bc]" name="afterClass" is-config="true" duration-ms="782" started-at="2016-04-29T15:10:14Z" finished-at="2016-04-29T15:10:15Z">
          <reporter-output>
          </reporter-output>
        </test-method> <!-- afterClass -->
      </class> <!-- com.org.Example.myproject.CreateproductgroupTest -->
      <class name="com.org.Example.myproject.Edit_TPgroupTest">
        <test-method status="PASS" signature="beforeClass()[pri:0, instance:com.org.Example.myproject.Edit_TPgroupTest@4cb2c100]" name="beforeClass" is-config="true" duration-ms="11496" started-at="2016-04-29T15:17:42Z" finished-at="2016-04-29T15:17:54Z">
          <reporter-output>
          </reporter-output>
        </test-method> <!-- beforeClass -->
        <test-method status="PASS" signature="test()[pri:0, instance:com.org.Example.myproject.Edit_TPgroupTest@4cb2c100]" name="test" duration-ms="229228" started-at="2016-04-29T15:17:54Z" finished-at="2016-04-29T15:21:43Z">
          <reporter-output>
          </reporter-output>
        </test-method> <!-- test -->
        <test-method status="PASS" signature="afterClass()[pri:0, instance:com.org.Example.myproject.Edit_TPgroupTest@4cb2c100]" name="afterClass" is-config="true" duration-ms="658" started-at="2016-04-29T15:21:43Z" finished-at="2016-04-29T15:21:44Z">
          <reporter-output>
          </reporter-output>
        </test-method> <!-- afterClass -->
      </class> <!-- com.org.Example.myproject.Edit_TPgroupTest -->
    </test> <!-- Command line test -->
  </suite> <!-- Command line suite -->
</testng-results>
