<?xml version="1.0" encoding="UTF-8"?>
<testng-results skipped="0" failed="12" total="29" passed="17">
  <reporter-output>
  </reporter-output>
  <suite name="Command line suite" duration-ms="7532776" started-at="2016-05-05T11:44:47Z" finished-at="2016-05-05T13:50:20Z">
    <groups>
    </groups>
    <test name="Command line test" duration-ms="7532776" started-at="2016-05-05T11:44:47Z" finished-at="2016-05-05T13:50:20Z">
      <class name="com.org.Example.myproject.TC9650_Test">
        <test-method status="PASS" signature="beforeClass()[pri:0, instance:com.org.Example.myproject.TC9650_Test@62043840]" name="beforeClass" is-config="true" duration-ms="12704" started-at="2016-05-05T17:23:25Z" finished-at="2016-05-05T17:23:38Z">
          <reporter-output>
          </reporter-output>
        </test-method> <!-- beforeClass -->
        <test-method status="PASS" signature="testSearchByIcixId()[pri:0, instance:com.org.Example.myproject.TC9650_Test@62043840]" name="testSearchByIcixId" duration-ms="164595" started-at="2016-05-05T17:23:38Z" finished-at="2016-05-05T17:26:22Z">
          <reporter-output>
          </reporter-output>
        </test-method> <!-- testSearchByIcixId -->
        <test-method status="PASS" signature="afterClass()[pri:0, instance:com.org.Example.myproject.TC9650_Test@62043840]" name="afterClass" is-config="true" duration-ms="567" started-at="2016-05-05T17:26:22Z" finished-at="2016-05-05T17:26:23Z">
          <reporter-output>
          </reporter-output>
        </test-method> <!-- afterClass -->
      </class> <!-- com.org.Example.myproject.TC9650_Test -->
      <class name="com.org.Example.myproject.TC9664_Test">
        <test-method status="PASS" signature="beforeClass()[pri:0, instance:com.org.Example.myproject.TC9664_Test@77b52d12]" name="beforeClass" is-config="true" duration-ms="17601" started-at="2016-05-05T18:08:22Z" finished-at="2016-05-05T18:08:40Z">
          <reporter-output>
          </reporter-output>
        </test-method> <!-- beforeClass -->
        <test-method status="PASS" signature="test()[pri:0, instance:com.org.Example.myproject.TC9664_Test@77b52d12]" name="test" duration-ms="268957" started-at="2016-05-05T18:08:40Z" finished-at="2016-05-05T18:13:09Z">
          <reporter-output>
          </reporter-output>
        </test-method> <!-- test -->
        <test-method status="PASS" signature="afterClass()[pri:0, instance:com.org.Example.myproject.TC9664_Test@77b52d12]" name="afterClass" is-config="true" duration-ms="549" started-at="2016-05-05T18:13:09Z" finished-at="2016-05-05T18:13:09Z">
          <reporter-output>
          </reporter-output>
        </test-method> <!-- afterClass -->
      </class> <!-- com.org.Example.myproject.TC9664_Test -->
      <class name="com.org.Example.myproject.TC9661_Test">
        <test-method status="PASS" signature="beforeClass()[pri:0, instance:com.org.Example.myproject.TC9661_Test@6fb554cc]" name="beforeClass" is-config="true" duration-ms="20972" started-at="2016-05-05T17:57:02Z" finished-at="2016-05-05T17:57:23Z">
          <reporter-output>
          </reporter-output>
        </test-method> <!-- beforeClass -->
        <test-method status="FAIL" signature="publicProduct()[pri:0, instance:com.org.Example.myproject.TC9661_Test@6fb554cc]" name="publicProduct" duration-ms="416045" started-at="2016-05-05T17:57:23Z" finished-at="2016-05-05T18:04:19Z">
          <exception class="org.openqa.selenium.ElementNotVisibleException">
            <message>
              <![CDATA[Element is not currently visible and so may not be interacted with
Command duration or timeout: 50.05 seconds
Build info: version: '2.53.0', revision: '35ae25b1534ae328c771e0856c93e187490ca824', time: '2016-03-15 10:43:46'
System info: host: 'SDN-151', ip: '172.10.55.185', os.name: 'Windows 8.1', os.arch: 'amd64', os.version: '6.3', java.version: '1.8.0_60'
Driver info: org.openqa.selenium.firefox.FirefoxDriver
Capabilities [{applicationCacheEnabled=true, rotatable=false, handlesAlerts=true, databaseEnabled=true, version=45.0.2, platform=WINDOWS, nativeEvents=false, acceptSslCerts=true, webStorageEnabled=true, locationContextEnabled=true, browserName=firefox, takesScreenshot=true, javascriptEnabled=true, cssSelectorsEnabled=true}]
Session ID: 8d72e435-7df0-49fc-b0ce-f31c8aa690fe]]>
            </message>
            <full-stacktrace>
              <![CDATA[org.openqa.selenium.ElementNotVisibleException: Element is not currently visible and so may not be interacted with
Command duration or timeout: 50.05 seconds
Build info: version: '2.53.0', revision: '35ae25b1534ae328c771e0856c93e187490ca824', time: '2016-03-15 10:43:46'
System info: host: 'SDN-151', ip: '172.10.55.185', os.name: 'Windows 8.1', os.arch: 'amd64', os.version: '6.3', java.version: '1.8.0_60'
Driver info: org.openqa.selenium.firefox.FirefoxDriver
Capabilities [{applicationCacheEnabled=true, rotatable=false, handlesAlerts=true, databaseEnabled=true, version=45.0.2, platform=WINDOWS, nativeEvents=false, acceptSslCerts=true, webStorageEnabled=true, locationContextEnabled=true, browserName=firefox, takesScreenshot=true, javascriptEnabled=true, cssSelectorsEnabled=true}]
Session ID: 8d72e435-7df0-49fc-b0ce-f31c8aa690fe
	at sun.reflect.NativeConstructorAccessorImpl.newInstance0(Native Method)
	at sun.reflect.NativeConstructorAccessorImpl.newInstance(NativeConstructorAccessorImpl.java:62)
	at sun.reflect.DelegatingConstructorAccessorImpl.newInstance(DelegatingConstructorAccessorImpl.java:45)
	at java.lang.reflect.Constructor.newInstance(Constructor.java:422)
	at org.openqa.selenium.remote.ErrorHandler.createThrowable(ErrorHandler.java:206)
	at org.openqa.selenium.remote.ErrorHandler.throwIfResponseFailed(ErrorHandler.java:158)
	at org.openqa.selenium.remote.RemoteWebDriver.execute(RemoteWebDriver.java:678)
	at org.openqa.selenium.remote.RemoteWebElement.execute(RemoteWebElement.java:327)
	at org.openqa.selenium.remote.RemoteWebElement.click(RemoteWebElement.java:85)
	at com.org.Example.myproject.TC9661_Test.publicProduct(TC9661_Test.java:108)
	at sun.reflect.NativeMethodAccessorImpl.invoke0(Native Method)
	at sun.reflect.NativeMethodAccessorImpl.invoke(NativeMethodAccessorImpl.java:62)
	at sun.reflect.DelegatingMethodAccessorImpl.invoke(DelegatingMethodAccessorImpl.java:43)
	at java.lang.reflect.Method.invoke(Method.java:497)
	at org.testng.internal.MethodInvocationHelper.invokeMethod(MethodInvocationHelper.java:86)
	at org.testng.internal.Invoker.invokeMethod(Invoker.java:643)
	at org.testng.internal.Invoker.invokeTestMethod(Invoker.java:820)
	at org.testng.internal.Invoker.invokeTestMethods(Invoker.java:1128)
	at org.testng.internal.TestMethodWorker.invokeTestMethods(TestMethodWorker.java:129)
	at org.testng.internal.TestMethodWorker.run(TestMethodWorker.java:112)
	at org.testng.TestRunner.privateRun(TestRunner.java:782)
	at org.testng.TestRunner.run(TestRunner.java:632)
	at org.testng.SuiteRunner.runTest(SuiteRunner.java:366)
	at org.testng.SuiteRunner.runSequentially(SuiteRunner.java:361)
	at org.testng.SuiteRunner.privateRun(SuiteRunner.java:319)
	at org.testng.SuiteRunner.run(SuiteRunner.java:268)
	at org.testng.SuiteRunnerWorker.runSuite(SuiteRunnerWorker.java:52)
	at org.testng.SuiteRunnerWorker.run(SuiteRunnerWorker.java:86)
	at org.testng.TestNG.runSuitesSequentially(TestNG.java:1244)
	at org.testng.TestNG.runSuitesLocally(TestNG.java:1169)
	at org.testng.TestNG.run(TestNG.java:1064)
	at org.apache.maven.surefire.testng.TestNGExecutor.run(TestNGExecutor.java:77)
	at org.apache.maven.surefire.testng.TestNGDirectoryTestSuite.executeMulti(TestNGDirectoryTestSuite.java:159)
	at org.apache.maven.surefire.testng.TestNGDirectoryTestSuite.execute(TestNGDirectoryTestSuite.java:99)
	at org.apache.maven.surefire.testng.TestNGProvider.invoke(TestNGProvider.java:106)
	at sun.reflect.NativeMethodAccessorImpl.invoke0(Native Method)
	at sun.reflect.NativeMethodAccessorImpl.invoke(NativeMethodAccessorImpl.java:62)
	at sun.reflect.DelegatingMethodAccessorImpl.invoke(DelegatingMethodAccessorImpl.java:43)
	at java.lang.reflect.Method.invoke(Method.java:497)
	at org.apache.maven.surefire.util.ReflectionUtils.invokeMethodWithArray(ReflectionUtils.java:189)
	at org.apache.maven.surefire.booter.ProviderFactory$ProviderProxy.invoke(ProviderFactory.java:165)
	at org.apache.maven.surefire.booter.ProviderFactory.invokeProvider(ProviderFactory.java:85)
	at org.apache.maven.surefire.booter.ForkedBooter.runSuitesInProcess(ForkedBooter.java:115)
	at org.apache.maven.surefire.booter.ForkedBooter.main(ForkedBooter.java:75)
Caused by: org.openqa.selenium.ElementNotVisibleException: Element is not currently visible and so may not be interacted with
Build info: version: '2.53.0', revision: '35ae25b1534ae328c771e0856c93e187490ca824', time: '2016-03-15 10:43:46'
System info: host: 'SDN-151', ip: '172.10.55.185', os.name: 'Windows 8.1', os.arch: 'amd64', os.version: '6.3', java.version: '1.8.0_60'
Driver info: driver.version: unknown
	at <anonymous class>.fxdriver.preconditions.visible(file:///C:/Users/SRNATK~1/AppData/Local/Temp/anonymous3844798830889081050webdriver-profile/extensions/fxdriver@googlecode.com/components/command-processor.js:10092)
	at <anonymous class>.DelayedCommand.prototype.checkPreconditions_(file:///C:/Users/SRNATK~1/AppData/Local/Temp/anonymous3844798830889081050webdriver-profile/extensions/fxdriver@googlecode.com/components/command-processor.js:12644)
	at <anonymous class>.DelayedCommand.prototype.executeInternal_/h(file:///C:/Users/SRNATK~1/AppData/Local/Temp/anonymous3844798830889081050webdriver-profile/extensions/fxdriver@googlecode.com/components/command-processor.js:12661)
	at <anonymous class>.fxdriver.Timer.prototype.setTimeout/<.notify(file:///C:/Users/SRNATK~1/AppData/Local/Temp/anonymous3844798830889081050webdriver-profile/extensions/fxdriver@googlecode.com/components/command-processor.js:625)
]]>
            </full-stacktrace>
          </exception> <!-- org.openqa.selenium.ElementNotVisibleException -->
          <reporter-output>
          </reporter-output>
        </test-method> <!-- publicProduct -->
        <test-method status="PASS" signature="afterClass()[pri:0, instance:com.org.Example.myproject.TC9661_Test@6fb554cc]" name="afterClass" is-config="true" duration-ms="551" started-at="2016-05-05T18:04:19Z" finished-at="2016-05-05T18:04:19Z">
          <reporter-output>
          </reporter-output>
        </test-method> <!-- afterClass -->
      </class> <!-- com.org.Example.myproject.TC9661_Test -->
      <class name="com.org.Example.myproject.TC9656_Test">
        <test-method status="PASS" signature="beforeClass()[pri:0, instance:com.org.Example.myproject.TC9656_Test@60addb54]" name="beforeClass" is-config="true" duration-ms="14295" started-at="2016-05-05T17:40:34Z" finished-at="2016-05-05T17:40:49Z">
          <reporter-output>
          </reporter-output>
        </test-method> <!-- beforeClass -->
        <test-method status="PASS" signature="private_product()[pri:0, instance:com.org.Example.myproject.TC9656_Test@60addb54]" name="private_product" duration-ms="375997" started-at="2016-05-05T17:40:49Z" finished-at="2016-05-05T17:47:05Z">
          <reporter-output>
          </reporter-output>
        </test-method> <!-- private_product -->
        <test-method status="PASS" signature="afterClass()[pri:0, instance:com.org.Example.myproject.TC9656_Test@60addb54]" name="afterClass" is-config="true" duration-ms="532" started-at="2016-05-05T17:47:05Z" finished-at="2016-05-05T17:47:05Z">
          <reporter-output>
          </reporter-output>
        </test-method> <!-- afterClass -->
      </class> <!-- com.org.Example.myproject.TC9656_Test -->
      <class name="com.org.Example.myproject.TC9681_Test">
        <test-method status="PASS" signature="beforeClass()[pri:0, instance:com.org.Example.myproject.TC9681_Test@2d3fcdbd]" name="beforeClass" is-config="true" duration-ms="14311" started-at="2016-05-05T19:13:45Z" finished-at="2016-05-05T19:14:00Z">
          <reporter-output>
          </reporter-output>
        </test-method> <!-- beforeClass -->
        <test-method status="FAIL" signature="SubmitformBYresponder()[pri:0, instance:com.org.Example.myproject.TC9681_Test@2d3fcdbd]" name="SubmitformBYresponder" duration-ms="378718" started-at="2016-05-05T19:14:00Z" finished-at="2016-05-05T19:20:18Z">
          <exception class="org.openqa.selenium.NoSuchElementException">
            <message>
              <![CDATA[Unable to locate element: {"method":"xpath","selector":"//a[@title='Related']"}
Command duration or timeout: 50.12 seconds
For documentation on this error, please visit: http://seleniumhq.org/exceptions/no_such_element.html
Build info: version: '2.53.0', revision: '35ae25b1534ae328c771e0856c93e187490ca824', time: '2016-03-15 10:43:46'
System info: host: 'SDN-151', ip: '172.10.55.185', os.name: 'Windows 8.1', os.arch: 'amd64', os.version: '6.3', java.version: '1.8.0_60'
Driver info: org.openqa.selenium.firefox.FirefoxDriver
Capabilities [{applicationCacheEnabled=true, rotatable=false, handlesAlerts=true, databaseEnabled=true, version=45.0.2, platform=WINDOWS, nativeEvents=false, acceptSslCerts=true, webStorageEnabled=true, locationContextEnabled=true, browserName=firefox, takesScreenshot=true, javascriptEnabled=true, cssSelectorsEnabled=true}]
Session ID: 6f5f5d21-db73-4f04-aab0-f47f37e90635
*** Element info: {Using=xpath, value=//a[@title='Related']}]]>
            </message>
            <full-stacktrace>
              <![CDATA[org.openqa.selenium.NoSuchElementException: Unable to locate element: {"method":"xpath","selector":"//a[@title='Related']"}
Command duration or timeout: 50.12 seconds
For documentation on this error, please visit: http://seleniumhq.org/exceptions/no_such_element.html
Build info: version: '2.53.0', revision: '35ae25b1534ae328c771e0856c93e187490ca824', time: '2016-03-15 10:43:46'
System info: host: 'SDN-151', ip: '172.10.55.185', os.name: 'Windows 8.1', os.arch: 'amd64', os.version: '6.3', java.version: '1.8.0_60'
Driver info: org.openqa.selenium.firefox.FirefoxDriver
Capabilities [{applicationCacheEnabled=true, rotatable=false, handlesAlerts=true, databaseEnabled=true, version=45.0.2, platform=WINDOWS, nativeEvents=false, acceptSslCerts=true, webStorageEnabled=true, locationContextEnabled=true, browserName=firefox, takesScreenshot=true, javascriptEnabled=true, cssSelectorsEnabled=true}]
Session ID: 6f5f5d21-db73-4f04-aab0-f47f37e90635
*** Element info: {Using=xpath, value=//a[@title='Related']}
	at sun.reflect.NativeConstructorAccessorImpl.newInstance0(Native Method)
	at sun.reflect.NativeConstructorAccessorImpl.newInstance(NativeConstructorAccessorImpl.java:62)
	at sun.reflect.DelegatingConstructorAccessorImpl.newInstance(DelegatingConstructorAccessorImpl.java:45)
	at java.lang.reflect.Constructor.newInstance(Constructor.java:422)
	at org.openqa.selenium.remote.ErrorHandler.createThrowable(ErrorHandler.java:206)
	at org.openqa.selenium.remote.ErrorHandler.throwIfResponseFailed(ErrorHandler.java:158)
	at org.openqa.selenium.remote.RemoteWebDriver.execute(RemoteWebDriver.java:678)
	at org.openqa.selenium.remote.RemoteWebDriver.findElement(RemoteWebDriver.java:363)
	at org.openqa.selenium.remote.RemoteWebDriver.findElementByXPath(RemoteWebDriver.java:500)
	at org.openqa.selenium.By$ByXPath.findElement(By.java:361)
	at org.openqa.selenium.remote.RemoteWebDriver.findElement(RemoteWebDriver.java:355)
	at com.org.Example.myproject.TC9681_Test.SubmitformBYresponder(TC9681_Test.java:147)
	at sun.reflect.NativeMethodAccessorImpl.invoke0(Native Method)
	at sun.reflect.NativeMethodAccessorImpl.invoke(NativeMethodAccessorImpl.java:62)
	at sun.reflect.DelegatingMethodAccessorImpl.invoke(DelegatingMethodAccessorImpl.java:43)
	at java.lang.reflect.Method.invoke(Method.java:497)
	at org.testng.internal.MethodInvocationHelper.invokeMethod(MethodInvocationHelper.java:86)
	at org.testng.internal.Invoker.invokeMethod(Invoker.java:643)
	at org.testng.internal.Invoker.invokeTestMethod(Invoker.java:820)
	at org.testng.internal.Invoker.invokeTestMethods(Invoker.java:1128)
	at org.testng.internal.TestMethodWorker.invokeTestMethods(TestMethodWorker.java:129)
	at org.testng.internal.TestMethodWorker.run(TestMethodWorker.java:112)
	at org.testng.TestRunner.privateRun(TestRunner.java:782)
	at org.testng.TestRunner.run(TestRunner.java:632)
	at org.testng.SuiteRunner.runTest(SuiteRunner.java:366)
	at org.testng.SuiteRunner.runSequentially(SuiteRunner.java:361)
	at org.testng.SuiteRunner.privateRun(SuiteRunner.java:319)
	at org.testng.SuiteRunner.run(SuiteRunner.java:268)
	at org.testng.SuiteRunnerWorker.runSuite(SuiteRunnerWorker.java:52)
	at org.testng.SuiteRunnerWorker.run(SuiteRunnerWorker.java:86)
	at org.testng.TestNG.runSuitesSequentially(TestNG.java:1244)
	at org.testng.TestNG.runSuitesLocally(TestNG.java:1169)
	at org.testng.TestNG.run(TestNG.java:1064)
	at org.apache.maven.surefire.testng.TestNGExecutor.run(TestNGExecutor.java:77)
	at org.apache.maven.surefire.testng.TestNGDirectoryTestSuite.executeMulti(TestNGDirectoryTestSuite.java:159)
	at org.apache.maven.surefire.testng.TestNGDirectoryTestSuite.execute(TestNGDirectoryTestSuite.java:99)
	at org.apache.maven.surefire.testng.TestNGProvider.invoke(TestNGProvider.java:106)
	at sun.reflect.NativeMethodAccessorImpl.invoke0(Native Method)
	at sun.reflect.NativeMethodAccessorImpl.invoke(NativeMethodAccessorImpl.java:62)
	at sun.reflect.DelegatingMethodAccessorImpl.invoke(DelegatingMethodAccessorImpl.java:43)
	at java.lang.reflect.Method.invoke(Method.java:497)
	at org.apache.maven.surefire.util.ReflectionUtils.invokeMethodWithArray(ReflectionUtils.java:189)
	at org.apache.maven.surefire.booter.ProviderFactory$ProviderProxy.invoke(ProviderFactory.java:165)
	at org.apache.maven.surefire.booter.ProviderFactory.invokeProvider(ProviderFactory.java:85)
	at org.apache.maven.surefire.booter.ForkedBooter.runSuitesInProcess(ForkedBooter.java:115)
	at org.apache.maven.surefire.booter.ForkedBooter.main(ForkedBooter.java:75)
Caused by: org.openqa.selenium.NoSuchElementException: Unable to locate element: {"method":"xpath","selector":"//a[@title='Related']"}
For documentation on this error, please visit: http://seleniumhq.org/exceptions/no_such_element.html
Build info: version: '2.53.0', revision: '35ae25b1534ae328c771e0856c93e187490ca824', time: '2016-03-15 10:43:46'
System info: host: 'SDN-151', ip: '172.10.55.185', os.name: 'Windows 8.1', os.arch: 'amd64', os.version: '6.3', java.version: '1.8.0_60'
Driver info: driver.version: unknown
	at <anonymous class>.FirefoxDriver.prototype.findElementInternal_(file:///C:/Users/SRNATK~1/AppData/Local/Temp/anonymous4133139691518577508webdriver-profile/extensions/fxdriver@googlecode.com/components/driver-component.js:10770)
	at <anonymous class>.fxdriver.Timer.prototype.setTimeout/<.notify(file:///C:/Users/SRNATK~1/AppData/Local/Temp/anonymous4133139691518577508webdriver-profile/extensions/fxdriver@googlecode.com/components/driver-component.js:625)
]]>
            </full-stacktrace>
          </exception> <!-- org.openqa.selenium.NoSuchElementException -->
          <reporter-output>
          </reporter-output>
        </test-method> <!-- SubmitformBYresponder -->
        <test-method status="PASS" signature="afterClass()[pri:0, instance:com.org.Example.myproject.TC9681_Test@2d3fcdbd]" name="afterClass" is-config="true" duration-ms="1196" started-at="2016-05-05T19:20:18Z" finished-at="2016-05-05T19:20:19Z">
          <reporter-output>
          </reporter-output>
        </test-method> <!-- afterClass -->
      </class> <!-- com.org.Example.myproject.TC9681_Test -->
      <class name="com.org.Example.myproject.TC9653_Test">
        <test-method status="PASS" signature="beforeClass()[pri:0, instance:com.org.Example.myproject.TC9653_Test@5d624da6]" name="beforeClass" is-config="true" duration-ms="17266" started-at="2016-05-05T17:33:31Z" finished-at="2016-05-05T17:33:49Z">
          <reporter-output>
          </reporter-output>
        </test-method> <!-- beforeClass -->
        <test-method status="FAIL" signature="Auccount_verification()[pri:0, instance:com.org.Example.myproject.TC9653_Test@5d624da6]" name="Auccount_verification" duration-ms="161107" started-at="2016-05-05T17:33:49Z" finished-at="2016-05-05T17:36:30Z">
          <exception class="org.openqa.selenium.WebDriverException">
            <message>
              <![CDATA[Element is not clickable at point (1231, 130.5). Other element would receive the click: <div style="opacity: 1;" data-aura-rendered-by="24:1689;a" role="dialog" tabindex="-1" aria-labelledby="title_345:c" class="panel"></div>
Command duration or timeout: 91 milliseconds
Build info: version: '2.53.0', revision: '35ae25b1534ae328c771e0856c93e187490ca824', time: '2016-03-15 10:43:46'
System info: host: 'SDN-151', ip: '172.10.55.185', os.name: 'Windows 8.1', os.arch: 'amd64', os.version: '6.3', java.version: '1.8.0_60'
Driver info: org.openqa.selenium.firefox.FirefoxDriver
Capabilities [{applicationCacheEnabled=true, rotatable=false, handlesAlerts=true, databaseEnabled=true, version=45.0.2, platform=WINDOWS, nativeEvents=false, acceptSslCerts=true, webStorageEnabled=true, locationContextEnabled=true, browserName=firefox, takesScreenshot=true, javascriptEnabled=true, cssSelectorsEnabled=true}]
Session ID: 7ad3e14b-edf0-457d-a48c-90c9901307d3]]>
            </message>
            <full-stacktrace>
              <![CDATA[org.openqa.selenium.WebDriverException: Element is not clickable at point (1231, 130.5). Other element would receive the click: <div style="opacity: 1;" data-aura-rendered-by="24:1689;a" role="dialog" tabindex="-1" aria-labelledby="title_345:c" class="panel"></div>
Command duration or timeout: 91 milliseconds
Build info: version: '2.53.0', revision: '35ae25b1534ae328c771e0856c93e187490ca824', time: '2016-03-15 10:43:46'
System info: host: 'SDN-151', ip: '172.10.55.185', os.name: 'Windows 8.1', os.arch: 'amd64', os.version: '6.3', java.version: '1.8.0_60'
Driver info: org.openqa.selenium.firefox.FirefoxDriver
Capabilities [{applicationCacheEnabled=true, rotatable=false, handlesAlerts=true, databaseEnabled=true, version=45.0.2, platform=WINDOWS, nativeEvents=false, acceptSslCerts=true, webStorageEnabled=true, locationContextEnabled=true, browserName=firefox, takesScreenshot=true, javascriptEnabled=true, cssSelectorsEnabled=true}]
Session ID: 7ad3e14b-edf0-457d-a48c-90c9901307d3
	at sun.reflect.NativeConstructorAccessorImpl.newInstance0(Native Method)
	at sun.reflect.NativeConstructorAccessorImpl.newInstance(NativeConstructorAccessorImpl.java:62)
	at sun.reflect.DelegatingConstructorAccessorImpl.newInstance(DelegatingConstructorAccessorImpl.java:45)
	at java.lang.reflect.Constructor.newInstance(Constructor.java:422)
	at org.openqa.selenium.remote.ErrorHandler.createThrowable(ErrorHandler.java:206)
	at org.openqa.selenium.remote.ErrorHandler.throwIfResponseFailed(ErrorHandler.java:158)
	at org.openqa.selenium.remote.RemoteWebDriver.execute(RemoteWebDriver.java:678)
	at org.openqa.selenium.remote.RemoteWebElement.execute(RemoteWebElement.java:327)
	at org.openqa.selenium.remote.RemoteWebElement.click(RemoteWebElement.java:85)
	at com.org.Example.myproject.TC9653_Test.Auccount_verification(TC9653_Test.java:84)
	at sun.reflect.NativeMethodAccessorImpl.invoke0(Native Method)
	at sun.reflect.NativeMethodAccessorImpl.invoke(NativeMethodAccessorImpl.java:62)
	at sun.reflect.DelegatingMethodAccessorImpl.invoke(DelegatingMethodAccessorImpl.java:43)
	at java.lang.reflect.Method.invoke(Method.java:497)
	at org.testng.internal.MethodInvocationHelper.invokeMethod(MethodInvocationHelper.java:86)
	at org.testng.internal.Invoker.invokeMethod(Invoker.java:643)
	at org.testng.internal.Invoker.invokeTestMethod(Invoker.java:820)
	at org.testng.internal.Invoker.invokeTestMethods(Invoker.java:1128)
	at org.testng.internal.TestMethodWorker.invokeTestMethods(TestMethodWorker.java:129)
	at org.testng.internal.TestMethodWorker.run(TestMethodWorker.java:112)
	at org.testng.TestRunner.privateRun(TestRunner.java:782)
	at org.testng.TestRunner.run(TestRunner.java:632)
	at org.testng.SuiteRunner.runTest(SuiteRunner.java:366)
	at org.testng.SuiteRunner.runSequentially(SuiteRunner.java:361)
	at org.testng.SuiteRunner.privateRun(SuiteRunner.java:319)
	at org.testng.SuiteRunner.run(SuiteRunner.java:268)
	at org.testng.SuiteRunnerWorker.runSuite(SuiteRunnerWorker.java:52)
	at org.testng.SuiteRunnerWorker.run(SuiteRunnerWorker.java:86)
	at org.testng.TestNG.runSuitesSequentially(TestNG.java:1244)
	at org.testng.TestNG.runSuitesLocally(TestNG.java:1169)
	at org.testng.TestNG.run(TestNG.java:1064)
	at org.apache.maven.surefire.testng.TestNGExecutor.run(TestNGExecutor.java:77)
	at org.apache.maven.surefire.testng.TestNGDirectoryTestSuite.executeMulti(TestNGDirectoryTestSuite.java:159)
	at org.apache.maven.surefire.testng.TestNGDirectoryTestSuite.execute(TestNGDirectoryTestSuite.java:99)
	at org.apache.maven.surefire.testng.TestNGProvider.invoke(TestNGProvider.java:106)
	at sun.reflect.NativeMethodAccessorImpl.invoke0(Native Method)
	at sun.reflect.NativeMethodAccessorImpl.invoke(NativeMethodAccessorImpl.java:62)
	at sun.reflect.DelegatingMethodAccessorImpl.invoke(DelegatingMethodAccessorImpl.java:43)
	at java.lang.reflect.Method.invoke(Method.java:497)
	at org.apache.maven.surefire.util.ReflectionUtils.invokeMethodWithArray(ReflectionUtils.java:189)
	at org.apache.maven.surefire.booter.ProviderFactory$ProviderProxy.invoke(ProviderFactory.java:165)
	at org.apache.maven.surefire.booter.ProviderFactory.invokeProvider(ProviderFactory.java:85)
	at org.apache.maven.surefire.booter.ForkedBooter.runSuitesInProcess(ForkedBooter.java:115)
	at org.apache.maven.surefire.booter.ForkedBooter.main(ForkedBooter.java:75)
]]>
            </full-stacktrace>
          </exception> <!-- org.openqa.selenium.WebDriverException -->
          <reporter-output>
          </reporter-output>
        </test-method> <!-- Auccount_verification -->
        <test-method status="PASS" signature="afterClass()[pri:0, instance:com.org.Example.myproject.TC9653_Test@5d624da6]" name="afterClass" is-config="true" duration-ms="525" started-at="2016-05-05T17:36:30Z" finished-at="2016-05-05T17:36:30Z">
          <reporter-output>
          </reporter-output>
        </test-method> <!-- afterClass -->
      </class> <!-- com.org.Example.myproject.TC9653_Test -->
      <class name="com.org.Example.myproject.TC9675_Test">
        <test-method status="PASS" signature="beforeClass()[pri:0, instance:com.org.Example.myproject.TC9675_Test@1936f0f5]" name="beforeClass" is-config="true" duration-ms="9747" started-at="2016-05-05T18:57:22Z" finished-at="2016-05-05T18:57:32Z">
          <reporter-output>
          </reporter-output>
        </test-method> <!-- beforeClass -->
        <test-method status="FAIL" signature="send_document()[pri:0, instance:com.org.Example.myproject.TC9675_Test@1936f0f5]" name="send_document" duration-ms="191487" started-at="2016-05-05T18:57:32Z" finished-at="2016-05-05T19:00:43Z">
          <exception class="org.openqa.selenium.NoSuchElementException">
            <message>
              <![CDATA[Unable to locate element: {"method":"id","selector":"vfFrameId"}
Command duration or timeout: 50.12 seconds
For documentation on this error, please visit: http://seleniumhq.org/exceptions/no_such_element.html
Build info: version: '2.53.0', revision: '35ae25b1534ae328c771e0856c93e187490ca824', time: '2016-03-15 10:43:46'
System info: host: 'SDN-151', ip: '172.10.55.185', os.name: 'Windows 8.1', os.arch: 'amd64', os.version: '6.3', java.version: '1.8.0_60'
Driver info: org.openqa.selenium.firefox.FirefoxDriver
Capabilities [{applicationCacheEnabled=true, rotatable=false, handlesAlerts=true, databaseEnabled=true, version=45.0.2, platform=WINDOWS, nativeEvents=false, acceptSslCerts=true, webStorageEnabled=true, locationContextEnabled=true, browserName=firefox, takesScreenshot=true, javascriptEnabled=true, cssSelectorsEnabled=true}]
Session ID: 1aae856d-0870-40a3-9316-107958e260d8
*** Element info: {Using=id, value=vfFrameId}]]>
            </message>
            <full-stacktrace>
              <![CDATA[org.openqa.selenium.NoSuchElementException: Unable to locate element: {"method":"id","selector":"vfFrameId"}
Command duration or timeout: 50.12 seconds
For documentation on this error, please visit: http://seleniumhq.org/exceptions/no_such_element.html
Build info: version: '2.53.0', revision: '35ae25b1534ae328c771e0856c93e187490ca824', time: '2016-03-15 10:43:46'
System info: host: 'SDN-151', ip: '172.10.55.185', os.name: 'Windows 8.1', os.arch: 'amd64', os.version: '6.3', java.version: '1.8.0_60'
Driver info: org.openqa.selenium.firefox.FirefoxDriver
Capabilities [{applicationCacheEnabled=true, rotatable=false, handlesAlerts=true, databaseEnabled=true, version=45.0.2, platform=WINDOWS, nativeEvents=false, acceptSslCerts=true, webStorageEnabled=true, locationContextEnabled=true, browserName=firefox, takesScreenshot=true, javascriptEnabled=true, cssSelectorsEnabled=true}]
Session ID: 1aae856d-0870-40a3-9316-107958e260d8
*** Element info: {Using=id, value=vfFrameId}
	at sun.reflect.NativeConstructorAccessorImpl.newInstance0(Native Method)
	at sun.reflect.NativeConstructorAccessorImpl.newInstance(NativeConstructorAccessorImpl.java:62)
	at sun.reflect.DelegatingConstructorAccessorImpl.newInstance(DelegatingConstructorAccessorImpl.java:45)
	at java.lang.reflect.Constructor.newInstance(Constructor.java:422)
	at org.openqa.selenium.remote.ErrorHandler.createThrowable(ErrorHandler.java:206)
	at org.openqa.selenium.remote.ErrorHandler.throwIfResponseFailed(ErrorHandler.java:158)
	at org.openqa.selenium.remote.RemoteWebDriver.execute(RemoteWebDriver.java:678)
	at org.openqa.selenium.remote.RemoteWebDriver.findElement(RemoteWebDriver.java:363)
	at org.openqa.selenium.remote.RemoteWebDriver.findElementById(RemoteWebDriver.java:413)
	at org.openqa.selenium.By$ById.findElement(By.java:218)
	at org.openqa.selenium.remote.RemoteWebDriver.findElement(RemoteWebDriver.java:355)
	at com.org.Example.myproject.TC9675_Test.send_document(TC9675_Test.java:97)
	at sun.reflect.NativeMethodAccessorImpl.invoke0(Native Method)
	at sun.reflect.NativeMethodAccessorImpl.invoke(NativeMethodAccessorImpl.java:62)
	at sun.reflect.DelegatingMethodAccessorImpl.invoke(DelegatingMethodAccessorImpl.java:43)
	at java.lang.reflect.Method.invoke(Method.java:497)
	at org.testng.internal.MethodInvocationHelper.invokeMethod(MethodInvocationHelper.java:86)
	at org.testng.internal.Invoker.invokeMethod(Invoker.java:643)
	at org.testng.internal.Invoker.invokeTestMethod(Invoker.java:820)
	at org.testng.internal.Invoker.invokeTestMethods(Invoker.java:1128)
	at org.testng.internal.TestMethodWorker.invokeTestMethods(TestMethodWorker.java:129)
	at org.testng.internal.TestMethodWorker.run(TestMethodWorker.java:112)
	at org.testng.TestRunner.privateRun(TestRunner.java:782)
	at org.testng.TestRunner.run(TestRunner.java:632)
	at org.testng.SuiteRunner.runTest(SuiteRunner.java:366)
	at org.testng.SuiteRunner.runSequentially(SuiteRunner.java:361)
	at org.testng.SuiteRunner.privateRun(SuiteRunner.java:319)
	at org.testng.SuiteRunner.run(SuiteRunner.java:268)
	at org.testng.SuiteRunnerWorker.runSuite(SuiteRunnerWorker.java:52)
	at org.testng.SuiteRunnerWorker.run(SuiteRunnerWorker.java:86)
	at org.testng.TestNG.runSuitesSequentially(TestNG.java:1244)
	at org.testng.TestNG.runSuitesLocally(TestNG.java:1169)
	at org.testng.TestNG.run(TestNG.java:1064)
	at org.apache.maven.surefire.testng.TestNGExecutor.run(TestNGExecutor.java:77)
	at org.apache.maven.surefire.testng.TestNGDirectoryTestSuite.executeMulti(TestNGDirectoryTestSuite.java:159)
	at org.apache.maven.surefire.testng.TestNGDirectoryTestSuite.execute(TestNGDirectoryTestSuite.java:99)
	at org.apache.maven.surefire.testng.TestNGProvider.invoke(TestNGProvider.java:106)
	at sun.reflect.NativeMethodAccessorImpl.invoke0(Native Method)
	at sun.reflect.NativeMethodAccessorImpl.invoke(NativeMethodAccessorImpl.java:62)
	at sun.reflect.DelegatingMethodAccessorImpl.invoke(DelegatingMethodAccessorImpl.java:43)
	at java.lang.reflect.Method.invoke(Method.java:497)
	at org.apache.maven.surefire.util.ReflectionUtils.invokeMethodWithArray(ReflectionUtils.java:189)
	at org.apache.maven.surefire.booter.ProviderFactory$ProviderProxy.invoke(ProviderFactory.java:165)
	at org.apache.maven.surefire.booter.ProviderFactory.invokeProvider(ProviderFactory.java:85)
	at org.apache.maven.surefire.booter.ForkedBooter.runSuitesInProcess(ForkedBooter.java:115)
	at org.apache.maven.surefire.booter.ForkedBooter.main(ForkedBooter.java:75)
Caused by: org.openqa.selenium.NoSuchElementException: Unable to locate element: {"method":"id","selector":"vfFrameId"}
For documentation on this error, please visit: http://seleniumhq.org/exceptions/no_such_element.html
Build info: version: '2.53.0', revision: '35ae25b1534ae328c771e0856c93e187490ca824', time: '2016-03-15 10:43:46'
System info: host: 'SDN-151', ip: '172.10.55.185', os.name: 'Windows 8.1', os.arch: 'amd64', os.version: '6.3', java.version: '1.8.0_60'
Driver info: driver.version: unknown
	at <anonymous class>.FirefoxDriver.prototype.findElementInternal_(file:///C:/Users/SRNATK~1/AppData/Local/Temp/anonymous751424629936793614webdriver-profile/extensions/fxdriver@googlecode.com/components/driver-component.js:10770)
	at <anonymous class>.fxdriver.Timer.prototype.setTimeout/<.notify(file:///C:/Users/SRNATK~1/AppData/Local/Temp/anonymous751424629936793614webdriver-profile/extensions/fxdriver@googlecode.com/components/driver-component.js:625)
]]>
            </full-stacktrace>
          </exception> <!-- org.openqa.selenium.NoSuchElementException -->
          <reporter-output>
          </reporter-output>
        </test-method> <!-- send_document -->
        <test-method status="PASS" signature="afterClass()[pri:0, instance:com.org.Example.myproject.TC9675_Test@1936f0f5]" name="afterClass" is-config="true" duration-ms="596" started-at="2016-05-05T19:00:43Z" finished-at="2016-05-05T19:00:44Z">
          <reporter-output>
          </reporter-output>
        </test-method> <!-- afterClass -->
      </class> <!-- com.org.Example.myproject.TC9675_Test -->
      <class name="com.org.Example.myproject.TC9648_Test">
        <test-method status="PASS" signature="beforeClass()[pri:0, instance:com.org.Example.myproject.TC9648_Test@2c6a3f77]" name="beforeClass" is-config="true" duration-ms="14579" started-at="2016-05-05T17:17:12Z" finished-at="2016-05-05T17:17:27Z">
          <reporter-output>
          </reporter-output>
        </test-method> <!-- beforeClass -->
        <test-method status="PASS" signature="testSearchByIcixId()[pri:0, instance:com.org.Example.myproject.TC9648_Test@2c6a3f77]" name="testSearchByIcixId" duration-ms="169007" started-at="2016-05-05T17:17:27Z" finished-at="2016-05-05T17:20:16Z">
          <reporter-output>
          </reporter-output>
        </test-method> <!-- testSearchByIcixId -->
        <test-method status="PASS" signature="afterClass()[pri:0, instance:com.org.Example.myproject.TC9648_Test@2c6a3f77]" name="afterClass" is-config="true" duration-ms="938" started-at="2016-05-05T17:20:16Z" finished-at="2016-05-05T17:20:17Z">
          <reporter-output>
          </reporter-output>
        </test-method> <!-- afterClass -->
        <test-method status="PASS" signature="tearDown()[pri:0, instance:com.org.Example.myproject.TC9648_Test@2c6a3f77]" name="tearDown" is-config="true" duration-ms="0" started-at="2016-05-05T17:20:17Z" finished-at="2016-05-05T17:20:17Z">
          <reporter-output>
          </reporter-output>
        </test-method> <!-- tearDown -->
      </class> <!-- com.org.Example.myproject.TC9648_Test -->
      <class name="com.org.Example.myproject.TC9678_Test">
        <test-method status="PASS" signature="beforeClass()[pri:0, instance:com.org.Example.myproject.TC9678_Test@3a03464]" name="beforeClass" is-config="true" duration-ms="14203" started-at="2016-05-05T19:10:18Z" finished-at="2016-05-05T19:10:32Z">
          <reporter-output>
          </reporter-output>
        </test-method> <!-- beforeClass -->
        <test-method status="FAIL" signature="send_document()[pri:0, instance:com.org.Example.myproject.TC9678_Test@3a03464]" name="send_document" duration-ms="192705" started-at="2016-05-05T19:10:32Z" finished-at="2016-05-05T19:13:45Z">
          <exception class="org.openqa.selenium.NoSuchElementException">
            <message>
              <![CDATA[Unable to locate element: {"method":"xpath","selector":"//a[@data-type='partner']"}
Command duration or timeout: 50.06 seconds
For documentation on this error, please visit: http://seleniumhq.org/exceptions/no_such_element.html
Build info: version: '2.53.0', revision: '35ae25b1534ae328c771e0856c93e187490ca824', time: '2016-03-15 10:43:46'
System info: host: 'SDN-151', ip: '172.10.55.185', os.name: 'Windows 8.1', os.arch: 'amd64', os.version: '6.3', java.version: '1.8.0_60'
Driver info: org.openqa.selenium.firefox.FirefoxDriver
Capabilities [{applicationCacheEnabled=true, rotatable=false, handlesAlerts=true, databaseEnabled=true, version=45.0.2, platform=WINDOWS, nativeEvents=false, acceptSslCerts=true, webStorageEnabled=true, locationContextEnabled=true, browserName=firefox, takesScreenshot=true, javascriptEnabled=true, cssSelectorsEnabled=true}]
Session ID: 8ef24aee-d51d-4537-94f4-1df7772b5377
*** Element info: {Using=xpath, value=//a[@data-type='partner']}]]>
            </message>
            <full-stacktrace>
              <![CDATA[org.openqa.selenium.NoSuchElementException: Unable to locate element: {"method":"xpath","selector":"//a[@data-type='partner']"}
Command duration or timeout: 50.06 seconds
For documentation on this error, please visit: http://seleniumhq.org/exceptions/no_such_element.html
Build info: version: '2.53.0', revision: '35ae25b1534ae328c771e0856c93e187490ca824', time: '2016-03-15 10:43:46'
System info: host: 'SDN-151', ip: '172.10.55.185', os.name: 'Windows 8.1', os.arch: 'amd64', os.version: '6.3', java.version: '1.8.0_60'
Driver info: org.openqa.selenium.firefox.FirefoxDriver
Capabilities [{applicationCacheEnabled=true, rotatable=false, handlesAlerts=true, databaseEnabled=true, version=45.0.2, platform=WINDOWS, nativeEvents=false, acceptSslCerts=true, webStorageEnabled=true, locationContextEnabled=true, browserName=firefox, takesScreenshot=true, javascriptEnabled=true, cssSelectorsEnabled=true}]
Session ID: 8ef24aee-d51d-4537-94f4-1df7772b5377
*** Element info: {Using=xpath, value=//a[@data-type='partner']}
	at sun.reflect.NativeConstructorAccessorImpl.newInstance0(Native Method)
	at sun.reflect.NativeConstructorAccessorImpl.newInstance(NativeConstructorAccessorImpl.java:62)
	at sun.reflect.DelegatingConstructorAccessorImpl.newInstance(DelegatingConstructorAccessorImpl.java:45)
	at java.lang.reflect.Constructor.newInstance(Constructor.java:422)
	at org.openqa.selenium.remote.ErrorHandler.createThrowable(ErrorHandler.java:206)
	at org.openqa.selenium.remote.ErrorHandler.throwIfResponseFailed(ErrorHandler.java:158)
	at org.openqa.selenium.remote.RemoteWebDriver.execute(RemoteWebDriver.java:678)
	at org.openqa.selenium.remote.RemoteWebDriver.findElement(RemoteWebDriver.java:363)
	at org.openqa.selenium.remote.RemoteWebDriver.findElementByXPath(RemoteWebDriver.java:500)
	at org.openqa.selenium.By$ByXPath.findElement(By.java:361)
	at org.openqa.selenium.remote.RemoteWebDriver.findElement(RemoteWebDriver.java:355)
	at com.org.Example.myproject.TC9678_Test.send_document(TC9678_Test.java:66)
	at sun.reflect.NativeMethodAccessorImpl.invoke0(Native Method)
	at sun.reflect.NativeMethodAccessorImpl.invoke(NativeMethodAccessorImpl.java:62)
	at sun.reflect.DelegatingMethodAccessorImpl.invoke(DelegatingMethodAccessorImpl.java:43)
	at java.lang.reflect.Method.invoke(Method.java:497)
	at org.testng.internal.MethodInvocationHelper.invokeMethod(MethodInvocationHelper.java:86)
	at org.testng.internal.Invoker.invokeMethod(Invoker.java:643)
	at org.testng.internal.Invoker.invokeTestMethod(Invoker.java:820)
	at org.testng.internal.Invoker.invokeTestMethods(Invoker.java:1128)
	at org.testng.internal.TestMethodWorker.invokeTestMethods(TestMethodWorker.java:129)
	at org.testng.internal.TestMethodWorker.run(TestMethodWorker.java:112)
	at org.testng.TestRunner.privateRun(TestRunner.java:782)
	at org.testng.TestRunner.run(TestRunner.java:632)
	at org.testng.SuiteRunner.runTest(SuiteRunner.java:366)
	at org.testng.SuiteRunner.runSequentially(SuiteRunner.java:361)
	at org.testng.SuiteRunner.privateRun(SuiteRunner.java:319)
	at org.testng.SuiteRunner.run(SuiteRunner.java:268)
	at org.testng.SuiteRunnerWorker.runSuite(SuiteRunnerWorker.java:52)
	at org.testng.SuiteRunnerWorker.run(SuiteRunnerWorker.java:86)
	at org.testng.TestNG.runSuitesSequentially(TestNG.java:1244)
	at org.testng.TestNG.runSuitesLocally(TestNG.java:1169)
	at org.testng.TestNG.run(TestNG.java:1064)
	at org.apache.maven.surefire.testng.TestNGExecutor.run(TestNGExecutor.java:77)
	at org.apache.maven.surefire.testng.TestNGDirectoryTestSuite.executeMulti(TestNGDirectoryTestSuite.java:159)
	at org.apache.maven.surefire.testng.TestNGDirectoryTestSuite.execute(TestNGDirectoryTestSuite.java:99)
	at org.apache.maven.surefire.testng.TestNGProvider.invoke(TestNGProvider.java:106)
	at sun.reflect.NativeMethodAccessorImpl.invoke0(Native Method)
	at sun.reflect.NativeMethodAccessorImpl.invoke(NativeMethodAccessorImpl.java:62)
	at sun.reflect.DelegatingMethodAccessorImpl.invoke(DelegatingMethodAccessorImpl.java:43)
	at java.lang.reflect.Method.invoke(Method.java:497)
	at org.apache.maven.surefire.util.ReflectionUtils.invokeMethodWithArray(ReflectionUtils.java:189)
	at org.apache.maven.surefire.booter.ProviderFactory$ProviderProxy.invoke(ProviderFactory.java:165)
	at org.apache.maven.surefire.booter.ProviderFactory.invokeProvider(ProviderFactory.java:85)
	at org.apache.maven.surefire.booter.ForkedBooter.runSuitesInProcess(ForkedBooter.java:115)
	at org.apache.maven.surefire.booter.ForkedBooter.main(ForkedBooter.java:75)
Caused by: org.openqa.selenium.NoSuchElementException: Unable to locate element: {"method":"xpath","selector":"//a[@data-type='partner']"}
For documentation on this error, please visit: http://seleniumhq.org/exceptions/no_such_element.html
Build info: version: '2.53.0', revision: '35ae25b1534ae328c771e0856c93e187490ca824', time: '2016-03-15 10:43:46'
System info: host: 'SDN-151', ip: '172.10.55.185', os.name: 'Windows 8.1', os.arch: 'amd64', os.version: '6.3', java.version: '1.8.0_60'
Driver info: driver.version: unknown
	at <anonymous class>.FirefoxDriver.prototype.findElementInternal_(file:///C:/Users/SRNATK~1/AppData/Local/Temp/anonymous6457442192838753135webdriver-profile/extensions/fxdriver@googlecode.com/components/driver-component.js:10770)
	at <anonymous class>.fxdriver.Timer.prototype.setTimeout/<.notify(file:///C:/Users/SRNATK~1/AppData/Local/Temp/anonymous6457442192838753135webdriver-profile/extensions/fxdriver@googlecode.com/components/driver-component.js:625)
]]>
            </full-stacktrace>
          </exception> <!-- org.openqa.selenium.NoSuchElementException -->
          <reporter-output>
          </reporter-output>
        </test-method> <!-- send_document -->
        <test-method status="PASS" signature="afterClass()[pri:0, instance:com.org.Example.myproject.TC9678_Test@3a03464]" name="afterClass" is-config="true" duration-ms="502" started-at="2016-05-05T19:13:45Z" finished-at="2016-05-05T19:13:45Z">
          <reporter-output>
          </reporter-output>
        </test-method> <!-- afterClass -->
      </class> <!-- com.org.Example.myproject.TC9678_Test -->
      <class name="com.org.Example.myproject.TC9670_Test">
        <test-method status="PASS" signature="beforeClass()[pri:0, instance:com.org.Example.myproject.TC9670_Test@4157f54e]" name="beforeClass" is-config="true" duration-ms="13333" started-at="2016-05-05T18:35:10Z" finished-at="2016-05-05T18:35:23Z">
          <reporter-output>
          </reporter-output>
        </test-method> <!-- beforeClass -->
        <test-method status="PASS" signature="createNew_form()[pri:0, instance:com.org.Example.myproject.TC9670_Test@4157f54e]" name="createNew_form" duration-ms="264506" started-at="2016-05-05T18:35:23Z" finished-at="2016-05-05T18:39:47Z">
          <reporter-output>
          </reporter-output>
        </test-method> <!-- createNew_form -->
        <test-method status="PASS" signature="afterClass()[pri:0, instance:com.org.Example.myproject.TC9670_Test@4157f54e]" name="afterClass" is-config="true" duration-ms="526" started-at="2016-05-05T18:39:47Z" finished-at="2016-05-05T18:39:48Z">
          <reporter-output>
          </reporter-output>
        </test-method> <!-- afterClass -->
      </class> <!-- com.org.Example.myproject.TC9670_Test -->
      <class name="com.org.Example.myproject.TC9672_Test">
        <test-method status="PASS" signature="beforeClass()[pri:0, instance:com.org.Example.myproject.TC9672_Test@47f6473]" name="beforeClass" is-config="true" duration-ms="21634" started-at="2016-05-05T18:44:13Z" finished-at="2016-05-05T18:44:35Z">
          <reporter-output>
          </reporter-output>
        </test-method> <!-- beforeClass -->
        <test-method status="PASS" signature="TwoActorWorkFlow()[pri:0, instance:com.org.Example.myproject.TC9672_Test@47f6473]" name="TwoActorWorkFlow" duration-ms="343545" started-at="2016-05-05T18:44:35Z" finished-at="2016-05-05T18:50:18Z">
          <reporter-output>
          </reporter-output>
        </test-method> <!-- TwoActorWorkFlow -->
        <test-method status="PASS" signature="afterClass()[pri:0, instance:com.org.Example.myproject.TC9672_Test@47f6473]" name="afterClass" is-config="true" duration-ms="561" started-at="2016-05-05T18:50:18Z" finished-at="2016-05-05T18:50:19Z">
          <reporter-output>
          </reporter-output>
        </test-method> <!-- afterClass -->
      </class> <!-- com.org.Example.myproject.TC9672_Test -->
      <class name="com.org.Example.myproject.TC9659_Test">
        <test-method status="PASS" signature="beforeClass()[pri:0, instance:com.org.Example.myproject.TC9659_Test@4cb2c100]" name="beforeClass" is-config="true" duration-ms="18393" started-at="2016-05-05T17:52:57Z" finished-at="2016-05-05T17:53:15Z">
          <reporter-output>
          </reporter-output>
        </test-method> <!-- beforeClass -->
        <test-method status="FAIL" signature="Tagstest()[pri:0, instance:com.org.Example.myproject.TC9659_Test@4cb2c100]" name="Tagstest" duration-ms="225908" started-at="2016-05-05T17:53:15Z" finished-at="2016-05-05T17:57:01Z">
          <exception class="org.openqa.selenium.NoSuchElementException">
            <message>
              <![CDATA[Unable to locate element: {"method":"xpath","selector":"//h3[@class='ng-binding']"}
Command duration or timeout: 50.51 seconds
For documentation on this error, please visit: http://seleniumhq.org/exceptions/no_such_element.html
Build info: version: '2.53.0', revision: '35ae25b1534ae328c771e0856c93e187490ca824', time: '2016-03-15 10:43:46'
System info: host: 'SDN-151', ip: '172.10.55.185', os.name: 'Windows 8.1', os.arch: 'amd64', os.version: '6.3', java.version: '1.8.0_60'
Driver info: org.openqa.selenium.firefox.FirefoxDriver
Capabilities [{applicationCacheEnabled=true, rotatable=false, handlesAlerts=true, databaseEnabled=true, version=45.0.2, platform=WINDOWS, nativeEvents=false, acceptSslCerts=true, webStorageEnabled=true, locationContextEnabled=true, browserName=firefox, takesScreenshot=true, javascriptEnabled=true, cssSelectorsEnabled=true}]
Session ID: 768cbe99-0e0a-4fc0-b74c-06ba85bb1d18
*** Element info: {Using=xpath, value=//h3[@class='ng-binding']}]]>
            </message>
            <full-stacktrace>
              <![CDATA[org.openqa.selenium.NoSuchElementException: Unable to locate element: {"method":"xpath","selector":"//h3[@class='ng-binding']"}
Command duration or timeout: 50.51 seconds
For documentation on this error, please visit: http://seleniumhq.org/exceptions/no_such_element.html
Build info: version: '2.53.0', revision: '35ae25b1534ae328c771e0856c93e187490ca824', time: '2016-03-15 10:43:46'
System info: host: 'SDN-151', ip: '172.10.55.185', os.name: 'Windows 8.1', os.arch: 'amd64', os.version: '6.3', java.version: '1.8.0_60'
Driver info: org.openqa.selenium.firefox.FirefoxDriver
Capabilities [{applicationCacheEnabled=true, rotatable=false, handlesAlerts=true, databaseEnabled=true, version=45.0.2, platform=WINDOWS, nativeEvents=false, acceptSslCerts=true, webStorageEnabled=true, locationContextEnabled=true, browserName=firefox, takesScreenshot=true, javascriptEnabled=true, cssSelectorsEnabled=true}]
Session ID: 768cbe99-0e0a-4fc0-b74c-06ba85bb1d18
*** Element info: {Using=xpath, value=//h3[@class='ng-binding']}
	at sun.reflect.NativeConstructorAccessorImpl.newInstance0(Native Method)
	at sun.reflect.NativeConstructorAccessorImpl.newInstance(NativeConstructorAccessorImpl.java:62)
	at sun.reflect.DelegatingConstructorAccessorImpl.newInstance(DelegatingConstructorAccessorImpl.java:45)
	at java.lang.reflect.Constructor.newInstance(Constructor.java:422)
	at org.openqa.selenium.remote.ErrorHandler.createThrowable(ErrorHandler.java:206)
	at org.openqa.selenium.remote.ErrorHandler.throwIfResponseFailed(ErrorHandler.java:158)
	at org.openqa.selenium.remote.RemoteWebDriver.execute(RemoteWebDriver.java:678)
	at org.openqa.selenium.remote.RemoteWebDriver.findElement(RemoteWebDriver.java:363)
	at org.openqa.selenium.remote.RemoteWebDriver.findElementByXPath(RemoteWebDriver.java:500)
	at org.openqa.selenium.By$ByXPath.findElement(By.java:361)
	at org.openqa.selenium.remote.RemoteWebDriver.findElement(RemoteWebDriver.java:355)
	at com.org.Example.myproject.TC9659_Test.Tagstest(TC9659_Test.java:78)
	at sun.reflect.NativeMethodAccessorImpl.invoke0(Native Method)
	at sun.reflect.NativeMethodAccessorImpl.invoke(NativeMethodAccessorImpl.java:62)
	at sun.reflect.DelegatingMethodAccessorImpl.invoke(DelegatingMethodAccessorImpl.java:43)
	at java.lang.reflect.Method.invoke(Method.java:497)
	at org.testng.internal.MethodInvocationHelper.invokeMethod(MethodInvocationHelper.java:86)
	at org.testng.internal.Invoker.invokeMethod(Invoker.java:643)
	at org.testng.internal.Invoker.invokeTestMethod(Invoker.java:820)
	at org.testng.internal.Invoker.invokeTestMethods(Invoker.java:1128)
	at org.testng.internal.TestMethodWorker.invokeTestMethods(TestMethodWorker.java:129)
	at org.testng.internal.TestMethodWorker.run(TestMethodWorker.java:112)
	at org.testng.TestRunner.privateRun(TestRunner.java:782)
	at org.testng.TestRunner.run(TestRunner.java:632)
	at org.testng.SuiteRunner.runTest(SuiteRunner.java:366)
	at org.testng.SuiteRunner.runSequentially(SuiteRunner.java:361)
	at org.testng.SuiteRunner.privateRun(SuiteRunner.java:319)
	at org.testng.SuiteRunner.run(SuiteRunner.java:268)
	at org.testng.SuiteRunnerWorker.runSuite(SuiteRunnerWorker.java:52)
	at org.testng.SuiteRunnerWorker.run(SuiteRunnerWorker.java:86)
	at org.testng.TestNG.runSuitesSequentially(TestNG.java:1244)
	at org.testng.TestNG.runSuitesLocally(TestNG.java:1169)
	at org.testng.TestNG.run(TestNG.java:1064)
	at org.apache.maven.surefire.testng.TestNGExecutor.run(TestNGExecutor.java:77)
	at org.apache.maven.surefire.testng.TestNGDirectoryTestSuite.executeMulti(TestNGDirectoryTestSuite.java:159)
	at org.apache.maven.surefire.testng.TestNGDirectoryTestSuite.execute(TestNGDirectoryTestSuite.java:99)
	at org.apache.maven.surefire.testng.TestNGProvider.invoke(TestNGProvider.java:106)
	at sun.reflect.NativeMethodAccessorImpl.invoke0(Native Method)
	at sun.reflect.NativeMethodAccessorImpl.invoke(NativeMethodAccessorImpl.java:62)
	at sun.reflect.DelegatingMethodAccessorImpl.invoke(DelegatingMethodAccessorImpl.java:43)
	at java.lang.reflect.Method.invoke(Method.java:497)
	at org.apache.maven.surefire.util.ReflectionUtils.invokeMethodWithArray(ReflectionUtils.java:189)
	at org.apache.maven.surefire.booter.ProviderFactory$ProviderProxy.invoke(ProviderFactory.java:165)
	at org.apache.maven.surefire.booter.ProviderFactory.invokeProvider(ProviderFactory.java:85)
	at org.apache.maven.surefire.booter.ForkedBooter.runSuitesInProcess(ForkedBooter.java:115)
	at org.apache.maven.surefire.booter.ForkedBooter.main(ForkedBooter.java:75)
Caused by: org.openqa.selenium.NoSuchElementException: Unable to locate element: {"method":"xpath","selector":"//h3[@class='ng-binding']"}
For documentation on this error, please visit: http://seleniumhq.org/exceptions/no_such_element.html
Build info: version: '2.53.0', revision: '35ae25b1534ae328c771e0856c93e187490ca824', time: '2016-03-15 10:43:46'
System info: host: 'SDN-151', ip: '172.10.55.185', os.name: 'Windows 8.1', os.arch: 'amd64', os.version: '6.3', java.version: '1.8.0_60'
Driver info: driver.version: unknown
	at <anonymous class>.FirefoxDriver.prototype.findElementInternal_(file:///C:/Users/SRNATK~1/AppData/Local/Temp/anonymous3170384138479318079webdriver-profile/extensions/fxdriver@googlecode.com/components/driver-component.js:10770)
	at <anonymous class>.fxdriver.Timer.prototype.setTimeout/<.notify(file:///C:/Users/SRNATK~1/AppData/Local/Temp/anonymous3170384138479318079webdriver-profile/extensions/fxdriver@googlecode.com/components/driver-component.js:625)
]]>
            </full-stacktrace>
          </exception> <!-- org.openqa.selenium.NoSuchElementException -->
          <reporter-output>
          </reporter-output>
        </test-method> <!-- Tagstest -->
        <test-method status="PASS" signature="afterClass()[pri:0, instance:com.org.Example.myproject.TC9659_Test@4cb2c100]" name="afterClass" is-config="true" duration-ms="727" started-at="2016-05-05T17:57:01Z" finished-at="2016-05-05T17:57:02Z">
          <reporter-output>
          </reporter-output>
        </test-method> <!-- afterClass -->
      </class> <!-- com.org.Example.myproject.TC9659_Test -->
      <class name="com.org.Example.myproject.TC9667_Test">
        <test-method status="PASS" signature="beforeClass()[pri:0, instance:com.org.Example.myproject.TC9667_Test@6be46e8f]" name="beforeClass" is-config="true" duration-ms="15996" started-at="2016-05-05T18:22:55Z" finished-at="2016-05-05T18:23:11Z">
          <reporter-output>
          </reporter-output>
        </test-method> <!-- beforeClass -->
        <test-method status="PASS" signature="Productgroup()[pri:0, instance:com.org.Example.myproject.TC9667_Test@6be46e8f]" name="Productgroup" duration-ms="199885" started-at="2016-05-05T18:23:11Z" finished-at="2016-05-05T18:26:31Z">
          <reporter-output>
          </reporter-output>
        </test-method> <!-- Productgroup -->
        <test-method status="PASS" signature="afterClass()[pri:0, instance:com.org.Example.myproject.TC9667_Test@6be46e8f]" name="afterClass" is-config="true" duration-ms="544" started-at="2016-05-05T18:26:31Z" finished-at="2016-05-05T18:26:32Z">
          <reporter-output>
          </reporter-output>
        </test-method> <!-- afterClass -->
      </class> <!-- com.org.Example.myproject.TC9667_Test -->
      <class name="com.org.Example.myproject.TC9676_Test">
        <test-method status="PASS" signature="beforeClass()[pri:0, instance:com.org.Example.myproject.TC9676_Test@6615435c]" name="beforeClass" is-config="true" duration-ms="16318" started-at="2016-05-05T19:00:44Z" finished-at="2016-05-05T19:01:00Z">
          <reporter-output>
          </reporter-output>
        </test-method> <!-- beforeClass -->
        <test-method status="FAIL" signature="send_document()[pri:0, instance:com.org.Example.myproject.TC9676_Test@6615435c]" name="send_document" duration-ms="349722" started-at="2016-05-05T19:01:00Z" finished-at="2016-05-05T19:06:50Z">
          <exception class="org.openqa.selenium.NoSuchElementException">
            <message>
              <![CDATA[Unable to locate element: {"method":"id","selector":"vfFrameId"}
Command duration or timeout: 100.03 seconds
For documentation on this error, please visit: http://seleniumhq.org/exceptions/no_such_element.html
Build info: version: '2.53.0', revision: '35ae25b1534ae328c771e0856c93e187490ca824', time: '2016-03-15 10:43:46'
System info: host: 'SDN-151', ip: '172.10.55.185', os.name: 'Windows 8.1', os.arch: 'amd64', os.version: '6.3', java.version: '1.8.0_60'
Driver info: org.openqa.selenium.firefox.FirefoxDriver
Capabilities [{applicationCacheEnabled=true, rotatable=false, handlesAlerts=true, databaseEnabled=true, version=45.0.2, platform=WINDOWS, nativeEvents=false, acceptSslCerts=true, webStorageEnabled=true, locationContextEnabled=true, browserName=firefox, takesScreenshot=true, javascriptEnabled=true, cssSelectorsEnabled=true}]
Session ID: 7c3c81c6-bb24-4309-9c98-8297d183b104
*** Element info: {Using=id, value=vfFrameId}]]>
            </message>
            <full-stacktrace>
              <![CDATA[org.openqa.selenium.NoSuchElementException: Unable to locate element: {"method":"id","selector":"vfFrameId"}
Command duration or timeout: 100.03 seconds
For documentation on this error, please visit: http://seleniumhq.org/exceptions/no_such_element.html
Build info: version: '2.53.0', revision: '35ae25b1534ae328c771e0856c93e187490ca824', time: '2016-03-15 10:43:46'
System info: host: 'SDN-151', ip: '172.10.55.185', os.name: 'Windows 8.1', os.arch: 'amd64', os.version: '6.3', java.version: '1.8.0_60'
Driver info: org.openqa.selenium.firefox.FirefoxDriver
Capabilities [{applicationCacheEnabled=true, rotatable=false, handlesAlerts=true, databaseEnabled=true, version=45.0.2, platform=WINDOWS, nativeEvents=false, acceptSslCerts=true, webStorageEnabled=true, locationContextEnabled=true, browserName=firefox, takesScreenshot=true, javascriptEnabled=true, cssSelectorsEnabled=true}]
Session ID: 7c3c81c6-bb24-4309-9c98-8297d183b104
*** Element info: {Using=id, value=vfFrameId}
	at sun.reflect.NativeConstructorAccessorImpl.newInstance0(Native Method)
	at sun.reflect.NativeConstructorAccessorImpl.newInstance(NativeConstructorAccessorImpl.java:62)
	at sun.reflect.DelegatingConstructorAccessorImpl.newInstance(DelegatingConstructorAccessorImpl.java:45)
	at java.lang.reflect.Constructor.newInstance(Constructor.java:422)
	at org.openqa.selenium.remote.ErrorHandler.createThrowable(ErrorHandler.java:206)
	at org.openqa.selenium.remote.ErrorHandler.throwIfResponseFailed(ErrorHandler.java:158)
	at org.openqa.selenium.remote.RemoteWebDriver.execute(RemoteWebDriver.java:678)
	at org.openqa.selenium.remote.RemoteWebDriver.findElement(RemoteWebDriver.java:363)
	at org.openqa.selenium.remote.RemoteWebDriver.findElementById(RemoteWebDriver.java:413)
	at org.openqa.selenium.By$ById.findElement(By.java:218)
	at org.openqa.selenium.remote.RemoteWebDriver.findElement(RemoteWebDriver.java:355)
	at com.org.Example.myproject.TC9676_Test.send_document(TC9676_Test.java:103)
	at sun.reflect.NativeMethodAccessorImpl.invoke0(Native Method)
	at sun.reflect.NativeMethodAccessorImpl.invoke(NativeMethodAccessorImpl.java:62)
	at sun.reflect.DelegatingMethodAccessorImpl.invoke(DelegatingMethodAccessorImpl.java:43)
	at java.lang.reflect.Method.invoke(Method.java:497)
	at org.testng.internal.MethodInvocationHelper.invokeMethod(MethodInvocationHelper.java:86)
	at org.testng.internal.Invoker.invokeMethod(Invoker.java:643)
	at org.testng.internal.Invoker.invokeTestMethod(Invoker.java:820)
	at org.testng.internal.Invoker.invokeTestMethods(Invoker.java:1128)
	at org.testng.internal.TestMethodWorker.invokeTestMethods(TestMethodWorker.java:129)
	at org.testng.internal.TestMethodWorker.run(TestMethodWorker.java:112)
	at org.testng.TestRunner.privateRun(TestRunner.java:782)
	at org.testng.TestRunner.run(TestRunner.java:632)
	at org.testng.SuiteRunner.runTest(SuiteRunner.java:366)
	at org.testng.SuiteRunner.runSequentially(SuiteRunner.java:361)
	at org.testng.SuiteRunner.privateRun(SuiteRunner.java:319)
	at org.testng.SuiteRunner.run(SuiteRunner.java:268)
	at org.testng.SuiteRunnerWorker.runSuite(SuiteRunnerWorker.java:52)
	at org.testng.SuiteRunnerWorker.run(SuiteRunnerWorker.java:86)
	at org.testng.TestNG.runSuitesSequentially(TestNG.java:1244)
	at org.testng.TestNG.runSuitesLocally(TestNG.java:1169)
	at org.testng.TestNG.run(TestNG.java:1064)
	at org.apache.maven.surefire.testng.TestNGExecutor.run(TestNGExecutor.java:77)
	at org.apache.maven.surefire.testng.TestNGDirectoryTestSuite.executeMulti(TestNGDirectoryTestSuite.java:159)
	at org.apache.maven.surefire.testng.TestNGDirectoryTestSuite.execute(TestNGDirectoryTestSuite.java:99)
	at org.apache.maven.surefire.testng.TestNGProvider.invoke(TestNGProvider.java:106)
	at sun.reflect.NativeMethodAccessorImpl.invoke0(Native Method)
	at sun.reflect.NativeMethodAccessorImpl.invoke(NativeMethodAccessorImpl.java:62)
	at sun.reflect.DelegatingMethodAccessorImpl.invoke(DelegatingMethodAccessorImpl.java:43)
	at java.lang.reflect.Method.invoke(Method.java:497)
	at org.apache.maven.surefire.util.ReflectionUtils.invokeMethodWithArray(ReflectionUtils.java:189)
	at org.apache.maven.surefire.booter.ProviderFactory$ProviderProxy.invoke(ProviderFactory.java:165)
	at org.apache.maven.surefire.booter.ProviderFactory.invokeProvider(ProviderFactory.java:85)
	at org.apache.maven.surefire.booter.ForkedBooter.runSuitesInProcess(ForkedBooter.java:115)
	at org.apache.maven.surefire.booter.ForkedBooter.main(ForkedBooter.java:75)
Caused by: org.openqa.selenium.NoSuchElementException: Unable to locate element: {"method":"id","selector":"vfFrameId"}
For documentation on this error, please visit: http://seleniumhq.org/exceptions/no_such_element.html
Build info: version: '2.53.0', revision: '35ae25b1534ae328c771e0856c93e187490ca824', time: '2016-03-15 10:43:46'
System info: host: 'SDN-151', ip: '172.10.55.185', os.name: 'Windows 8.1', os.arch: 'amd64', os.version: '6.3', java.version: '1.8.0_60'
Driver info: driver.version: unknown
	at <anonymous class>.FirefoxDriver.prototype.findElementInternal_(file:///C:/Users/SRNATK~1/AppData/Local/Temp/anonymous6781038255765598013webdriver-profile/extensions/fxdriver@googlecode.com/components/driver-component.js:10770)
	at <anonymous class>.fxdriver.Timer.prototype.setTimeout/<.notify(file:///C:/Users/SRNATK~1/AppData/Local/Temp/anonymous6781038255765598013webdriver-profile/extensions/fxdriver@googlecode.com/components/driver-component.js:625)
]]>
            </full-stacktrace>
          </exception> <!-- org.openqa.selenium.NoSuchElementException -->
          <reporter-output>
          </reporter-output>
        </test-method> <!-- send_document -->
        <test-method status="PASS" signature="afterClass()[pri:0, instance:com.org.Example.myproject.TC9676_Test@6615435c]" name="afterClass" is-config="true" duration-ms="563" started-at="2016-05-05T19:06:50Z" finished-at="2016-05-05T19:06:50Z">
          <reporter-output>
          </reporter-output>
        </test-method> <!-- afterClass -->
      </class> <!-- com.org.Example.myproject.TC9676_Test -->
      <class name="com.org.Example.myproject.TC9665_Test">
        <test-method status="PASS" signature="beforeClass()[pri:0, instance:com.org.Example.myproject.TC9665_Test@2d554825]" name="beforeClass" is-config="true" duration-ms="14730" started-at="2016-05-05T18:13:09Z" finished-at="2016-05-05T18:13:24Z">
          <reporter-output>
          </reporter-output>
        </test-method> <!-- beforeClass -->
        <test-method status="PASS" signature="test()[pri:0, instance:com.org.Example.myproject.TC9665_Test@2d554825]" name="test" duration-ms="240136" started-at="2016-05-05T18:13:24Z" finished-at="2016-05-05T18:17:24Z">
          <reporter-output>
          </reporter-output>
        </test-method> <!-- test -->
        <test-method status="PASS" signature="afterClass()[pri:0, instance:com.org.Example.myproject.TC9665_Test@2d554825]" name="afterClass" is-config="true" duration-ms="651" started-at="2016-05-05T18:17:24Z" finished-at="2016-05-05T18:17:25Z">
          <reporter-output>
          </reporter-output>
        </test-method> <!-- afterClass -->
      </class> <!-- com.org.Example.myproject.TC9665_Test -->
      <class name="com.org.Example.myproject.TC9673_Test">
        <test-method status="PASS" signature="beforeClass()[pri:0, instance:com.org.Example.myproject.TC9673_Test@15975490]" name="beforeClass" is-config="true" duration-ms="10189" started-at="2016-05-05T18:50:19Z" finished-at="2016-05-05T18:50:29Z">
          <reporter-output>
          </reporter-output>
        </test-method> <!-- beforeClass -->
        <test-method status="FAIL" signature="productTwoactor_workflow()[pri:0, instance:com.org.Example.myproject.TC9673_Test@15975490]" name="productTwoactor_workflow" duration-ms="185084" started-at="2016-05-05T18:50:29Z" finished-at="2016-05-05T18:53:34Z">
          <exception class="org.openqa.selenium.StaleElementReferenceException">
            <message>
              <![CDATA[Element not found in the cache - perhaps the page has changed since it was looked up
Command duration or timeout: 50.05 seconds
For documentation on this error, please visit: http://seleniumhq.org/exceptions/stale_element_reference.html
Build info: version: '2.53.0', revision: '35ae25b1534ae328c771e0856c93e187490ca824', time: '2016-03-15 10:43:46'
System info: host: 'SDN-151', ip: '172.10.55.185', os.name: 'Windows 8.1', os.arch: 'amd64', os.version: '6.3', java.version: '1.8.0_60'
Driver info: org.openqa.selenium.firefox.FirefoxDriver
Capabilities [{applicationCacheEnabled=true, rotatable=false, handlesAlerts=true, databaseEnabled=true, version=45.0.2, platform=WINDOWS, nativeEvents=false, acceptSslCerts=true, webStorageEnabled=true, locationContextEnabled=true, browserName=firefox, takesScreenshot=true, javascriptEnabled=true, cssSelectorsEnabled=true}]
Session ID: 23c48b48-9f3d-4638-a4d3-2b21d96523f1]]>
            </message>
            <full-stacktrace>
              <![CDATA[org.openqa.selenium.StaleElementReferenceException: Element not found in the cache - perhaps the page has changed since it was looked up
Command duration or timeout: 50.05 seconds
For documentation on this error, please visit: http://seleniumhq.org/exceptions/stale_element_reference.html
Build info: version: '2.53.0', revision: '35ae25b1534ae328c771e0856c93e187490ca824', time: '2016-03-15 10:43:46'
System info: host: 'SDN-151', ip: '172.10.55.185', os.name: 'Windows 8.1', os.arch: 'amd64', os.version: '6.3', java.version: '1.8.0_60'
Driver info: org.openqa.selenium.firefox.FirefoxDriver
Capabilities [{applicationCacheEnabled=true, rotatable=false, handlesAlerts=true, databaseEnabled=true, version=45.0.2, platform=WINDOWS, nativeEvents=false, acceptSslCerts=true, webStorageEnabled=true, locationContextEnabled=true, browserName=firefox, takesScreenshot=true, javascriptEnabled=true, cssSelectorsEnabled=true}]
Session ID: 23c48b48-9f3d-4638-a4d3-2b21d96523f1
	at sun.reflect.NativeConstructorAccessorImpl.newInstance0(Native Method)
	at sun.reflect.NativeConstructorAccessorImpl.newInstance(NativeConstructorAccessorImpl.java:62)
	at sun.reflect.DelegatingConstructorAccessorImpl.newInstance(DelegatingConstructorAccessorImpl.java:45)
	at java.lang.reflect.Constructor.newInstance(Constructor.java:422)
	at org.openqa.selenium.remote.ErrorHandler.createThrowable(ErrorHandler.java:206)
	at org.openqa.selenium.remote.ErrorHandler.throwIfResponseFailed(ErrorHandler.java:158)
	at org.openqa.selenium.remote.RemoteWebDriver.execute(RemoteWebDriver.java:678)
	at org.openqa.selenium.remote.RemoteWebElement.execute(RemoteWebElement.java:327)
	at org.openqa.selenium.remote.RemoteWebElement.click(RemoteWebElement.java:85)
	at com.org.Example.myproject.TC9673_Test.productTwoactor_workflow(TC9673_Test.java:74)
	at sun.reflect.NativeMethodAccessorImpl.invoke0(Native Method)
	at sun.reflect.NativeMethodAccessorImpl.invoke(NativeMethodAccessorImpl.java:62)
	at sun.reflect.DelegatingMethodAccessorImpl.invoke(DelegatingMethodAccessorImpl.java:43)
	at java.lang.reflect.Method.invoke(Method.java:497)
	at org.testng.internal.MethodInvocationHelper.invokeMethod(MethodInvocationHelper.java:86)
	at org.testng.internal.Invoker.invokeMethod(Invoker.java:643)
	at org.testng.internal.Invoker.invokeTestMethod(Invoker.java:820)
	at org.testng.internal.Invoker.invokeTestMethods(Invoker.java:1128)
	at org.testng.internal.TestMethodWorker.invokeTestMethods(TestMethodWorker.java:129)
	at org.testng.internal.TestMethodWorker.run(TestMethodWorker.java:112)
	at org.testng.TestRunner.privateRun(TestRunner.java:782)
	at org.testng.TestRunner.run(TestRunner.java:632)
	at org.testng.SuiteRunner.runTest(SuiteRunner.java:366)
	at org.testng.SuiteRunner.runSequentially(SuiteRunner.java:361)
	at org.testng.SuiteRunner.privateRun(SuiteRunner.java:319)
	at org.testng.SuiteRunner.run(SuiteRunner.java:268)
	at org.testng.SuiteRunnerWorker.runSuite(SuiteRunnerWorker.java:52)
	at org.testng.SuiteRunnerWorker.run(SuiteRunnerWorker.java:86)
	at org.testng.TestNG.runSuitesSequentially(TestNG.java:1244)
	at org.testng.TestNG.runSuitesLocally(TestNG.java:1169)
	at org.testng.TestNG.run(TestNG.java:1064)
	at org.apache.maven.surefire.testng.TestNGExecutor.run(TestNGExecutor.java:77)
	at org.apache.maven.surefire.testng.TestNGDirectoryTestSuite.executeMulti(TestNGDirectoryTestSuite.java:159)
	at org.apache.maven.surefire.testng.TestNGDirectoryTestSuite.execute(TestNGDirectoryTestSuite.java:99)
	at org.apache.maven.surefire.testng.TestNGProvider.invoke(TestNGProvider.java:106)
	at sun.reflect.NativeMethodAccessorImpl.invoke0(Native Method)
	at sun.reflect.NativeMethodAccessorImpl.invoke(NativeMethodAccessorImpl.java:62)
	at sun.reflect.DelegatingMethodAccessorImpl.invoke(DelegatingMethodAccessorImpl.java:43)
	at java.lang.reflect.Method.invoke(Method.java:497)
	at org.apache.maven.surefire.util.ReflectionUtils.invokeMethodWithArray(ReflectionUtils.java:189)
	at org.apache.maven.surefire.booter.ProviderFactory$ProviderProxy.invoke(ProviderFactory.java:165)
	at org.apache.maven.surefire.booter.ProviderFactory.invokeProvider(ProviderFactory.java:85)
	at org.apache.maven.surefire.booter.ForkedBooter.runSuitesInProcess(ForkedBooter.java:115)
	at org.apache.maven.surefire.booter.ForkedBooter.main(ForkedBooter.java:75)
Caused by: org.openqa.selenium.StaleElementReferenceException: Element not found in the cache - perhaps the page has changed since it was looked up
For documentation on this error, please visit: http://seleniumhq.org/exceptions/stale_element_reference.html
Build info: version: '2.53.0', revision: '35ae25b1534ae328c771e0856c93e187490ca824', time: '2016-03-15 10:43:46'
System info: host: 'SDN-151', ip: '172.10.55.185', os.name: 'Windows 8.1', os.arch: 'amd64', os.version: '6.3', java.version: '1.8.0_60'
Driver info: driver.version: unknown
	at <anonymous class>.fxdriver.cache.getElementAt(resource://fxdriver/modules/web-element-cache.js:9454)
	at <anonymous class>.Utils.getElementAt(file:///C:/Users/SRNATK~1/AppData/Local/Temp/anonymous1052510962641663196webdriver-profile/extensions/fxdriver@googlecode.com/components/command-processor.js:9039)
	at <anonymous class>.fxdriver.preconditions.visible(file:///C:/Users/SRNATK~1/AppData/Local/Temp/anonymous1052510962641663196webdriver-profile/extensions/fxdriver@googlecode.com/components/command-processor.js:10090)
	at <anonymous class>.DelayedCommand.prototype.checkPreconditions_(file:///C:/Users/SRNATK~1/AppData/Local/Temp/anonymous1052510962641663196webdriver-profile/extensions/fxdriver@googlecode.com/components/command-processor.js:12644)
	at <anonymous class>.DelayedCommand.prototype.executeInternal_/h(file:///C:/Users/SRNATK~1/AppData/Local/Temp/anonymous1052510962641663196webdriver-profile/extensions/fxdriver@googlecode.com/components/command-processor.js:12661)
	at <anonymous class>.fxdriver.Timer.prototype.setTimeout/<.notify(file:///C:/Users/SRNATK~1/AppData/Local/Temp/anonymous1052510962641663196webdriver-profile/extensions/fxdriver@googlecode.com/components/command-processor.js:625)
]]>
            </full-stacktrace>
          </exception> <!-- org.openqa.selenium.StaleElementReferenceException -->
          <reporter-output>
          </reporter-output>
        </test-method> <!-- productTwoactor_workflow -->
        <test-method status="PASS" signature="afterClass()[pri:0, instance:com.org.Example.myproject.TC9673_Test@15975490]" name="afterClass" is-config="true" duration-ms="716" started-at="2016-05-05T18:53:34Z" finished-at="2016-05-05T18:53:35Z">
          <reporter-output>
          </reporter-output>
        </test-method> <!-- afterClass -->
      </class> <!-- com.org.Example.myproject.TC9673_Test -->
      <class name="com.org.Example.myproject.TC9668_Test">
        <test-method status="PASS" signature="beforeClass()[pri:0, instance:com.org.Example.myproject.TC9668_Test@3567135c]" name="beforeClass" is-config="true" duration-ms="10656" started-at="2016-05-05T18:26:32Z" finished-at="2016-05-05T18:26:42Z">
          <reporter-output>
          </reporter-output>
        </test-method> <!-- beforeClass -->
        <test-method status="PASS" signature="test()[pri:0, instance:com.org.Example.myproject.TC9668_Test@3567135c]" name="test" duration-ms="246579" started-at="2016-05-05T18:26:42Z" finished-at="2016-05-05T18:30:49Z">
          <reporter-output>
          </reporter-output>
        </test-method> <!-- test -->
        <test-method status="PASS" signature="afterClass()[pri:0, instance:com.org.Example.myproject.TC9668_Test@3567135c]" name="afterClass" is-config="true" duration-ms="558" started-at="2016-05-05T18:30:49Z" finished-at="2016-05-05T18:30:50Z">
          <reporter-output>
          </reporter-output>
        </test-method> <!-- afterClass -->
      </class> <!-- com.org.Example.myproject.TC9668_Test -->
      <class name="com.org.Example.myproject.TC9649_Test">
        <test-method status="PASS" signature="beforeClass()[pri:0, instance:com.org.Example.myproject.TC9649_Test@246ae04d]" name="beforeClass" is-config="true" duration-ms="15743" started-at="2016-05-05T17:20:17Z" finished-at="2016-05-05T17:20:32Z">
          <reporter-output>
          </reporter-output>
        </test-method> <!-- beforeClass -->
        <test-method status="PASS" signature="testSearchByIcixId()[pri:0, instance:com.org.Example.myproject.TC9649_Test@246ae04d]" name="testSearchByIcixId" duration-ms="172157" started-at="2016-05-05T17:20:32Z" finished-at="2016-05-05T17:23:24Z">
          <reporter-output>
          </reporter-output>
        </test-method> <!-- testSearchByIcixId -->
        <test-method status="PASS" signature="afterClass()[pri:0, instance:com.org.Example.myproject.TC9649_Test@246ae04d]" name="afterClass" is-config="true" duration-ms="509" started-at="2016-05-05T17:23:24Z" finished-at="2016-05-05T17:23:25Z">
          <reporter-output>
          </reporter-output>
        </test-method> <!-- afterClass -->
      </class> <!-- com.org.Example.myproject.TC9649_Test -->
      <class name="com.org.Example.myproject.TC9674_Test">
        <test-method status="PASS" signature="beforeClass()[pri:0, instance:com.org.Example.myproject.TC9674_Test@6b143ee9]" name="beforeClass" is-config="true" duration-ms="15739" started-at="2016-05-05T18:53:35Z" finished-at="2016-05-05T18:53:51Z">
          <reporter-output>
          </reporter-output>
        </test-method> <!-- beforeClass -->
        <test-method status="PASS" signature="RecallWorkFlow()[pri:0, instance:com.org.Example.myproject.TC9674_Test@6b143ee9]" name="RecallWorkFlow" duration-ms="210742" started-at="2016-05-05T18:53:51Z" finished-at="2016-05-05T18:57:21Z">
          <reporter-output>
          </reporter-output>
        </test-method> <!-- RecallWorkFlow -->
        <test-method status="PASS" signature="afterClass()[pri:0, instance:com.org.Example.myproject.TC9674_Test@6b143ee9]" name="afterClass" is-config="true" duration-ms="462" started-at="2016-05-05T18:57:21Z" finished-at="2016-05-05T18:57:22Z">
          <reporter-output>
          </reporter-output>
        </test-method> <!-- afterClass -->
      </class> <!-- com.org.Example.myproject.TC9674_Test -->
      <class name="com.org.Example.myproject.TC9677_Test">
        <test-method status="PASS" signature="beforeClass()[pri:0, instance:com.org.Example.myproject.TC9677_Test@4909b8da]" name="beforeClass" is-config="true" duration-ms="14174" started-at="2016-05-05T19:06:50Z" finished-at="2016-05-05T19:07:05Z">
          <reporter-output>
          </reporter-output>
        </test-method> <!-- beforeClass -->
        <test-method status="FAIL" signature="send_document()[pri:0, instance:com.org.Example.myproject.TC9677_Test@4909b8da]" name="send_document" duration-ms="192768" started-at="2016-05-05T19:07:05Z" finished-at="2016-05-05T19:10:17Z">
          <exception class="org.openqa.selenium.NoSuchElementException">
            <message>
              <![CDATA[Unable to locate element: {"method":"link text","selector":"Incident"}
Command duration or timeout: 51.04 seconds
For documentation on this error, please visit: http://seleniumhq.org/exceptions/no_such_element.html
Build info: version: '2.53.0', revision: '35ae25b1534ae328c771e0856c93e187490ca824', time: '2016-03-15 10:43:46'
System info: host: 'SDN-151', ip: '172.10.55.185', os.name: 'Windows 8.1', os.arch: 'amd64', os.version: '6.3', java.version: '1.8.0_60'
Driver info: org.openqa.selenium.firefox.FirefoxDriver
Capabilities [{applicationCacheEnabled=true, rotatable=false, handlesAlerts=true, databaseEnabled=true, version=45.0.2, platform=WINDOWS, nativeEvents=false, acceptSslCerts=true, webStorageEnabled=true, locationContextEnabled=true, browserName=firefox, takesScreenshot=true, javascriptEnabled=true, cssSelectorsEnabled=true}]
Session ID: 2b3e535a-af12-4bc6-b859-184da161941b
*** Element info: {Using=link text, value=Incident}]]>
            </message>
            <full-stacktrace>
              <![CDATA[org.openqa.selenium.NoSuchElementException: Unable to locate element: {"method":"link text","selector":"Incident"}
Command duration or timeout: 51.04 seconds
For documentation on this error, please visit: http://seleniumhq.org/exceptions/no_such_element.html
Build info: version: '2.53.0', revision: '35ae25b1534ae328c771e0856c93e187490ca824', time: '2016-03-15 10:43:46'
System info: host: 'SDN-151', ip: '172.10.55.185', os.name: 'Windows 8.1', os.arch: 'amd64', os.version: '6.3', java.version: '1.8.0_60'
Driver info: org.openqa.selenium.firefox.FirefoxDriver
Capabilities [{applicationCacheEnabled=true, rotatable=false, handlesAlerts=true, databaseEnabled=true, version=45.0.2, platform=WINDOWS, nativeEvents=false, acceptSslCerts=true, webStorageEnabled=true, locationContextEnabled=true, browserName=firefox, takesScreenshot=true, javascriptEnabled=true, cssSelectorsEnabled=true}]
Session ID: 2b3e535a-af12-4bc6-b859-184da161941b
*** Element info: {Using=link text, value=Incident}
	at sun.reflect.NativeConstructorAccessorImpl.newInstance0(Native Method)
	at sun.reflect.NativeConstructorAccessorImpl.newInstance(NativeConstructorAccessorImpl.java:62)
	at sun.reflect.DelegatingConstructorAccessorImpl.newInstance(DelegatingConstructorAccessorImpl.java:45)
[...]
Driver info: org.openqa.selenium.firefox.FirefoxDriver
Capabilities [{applicationCacheEnabled=true, rotatable=false, handlesAlerts=true, databaseEnabled=true, version=45.0.2, platform=WINDOWS, nativeEvents=false, acceptSslCerts=true, webStorageEnabled=true, locationContextEnabled=true, browserName=firefox, takesScreenshot=true, javascriptEnabled=true, cssSelectorsEnabled=true}]
Session ID: c28c47df-9445-42e7-bc61-22c3921cb4c5
*** Element info: {Using=xpath, value=//h1[@class='slds-text-heading--small ng-binding']}]]>
            </message>
            <full-stacktrace>
              <![CDATA[org.openqa.selenium.NoSuchElementException: Unable to locate element: {"method":"xpath","selector":"//h1[@class='slds-text-heading--small ng-binding']"}
Command duration or timeout: 50.05 seconds
For documentation on this error, please visit: http://seleniumhq.org/exceptions/no_such_element.html
Build info: version: '2.53.0', revision: '35ae25b1534ae328c771e0856c93e187490ca824', time: '2016-03-15 10:43:46'
System info: host: 'SDN-151', ip: '172.10.55.185', os.name: 'Windows 8.1', os.arch: 'amd64', os.version: '6.3', java.version: '1.8.0_60'
Driver info: org.openqa.selenium.firefox.FirefoxDriver
Capabilities [{applicationCacheEnabled=true, rotatable=false, handlesAlerts=true, databaseEnabled=true, version=45.0.2, platform=WINDOWS, nativeEvents=false, acceptSslCerts=true, webStorageEnabled=true, locationContextEnabled=true, browserName=firefox, takesScreenshot=true, javascriptEnabled=true, cssSelectorsEnabled=true}]
Session ID: c28c47df-9445-42e7-bc61-22c3921cb4c5
*** Element info: {Using=xpath, value=//h1[@class='slds-text-heading--small ng-binding']}
	at sun.reflect.NativeConstructorAccessorImpl.newInstance0(Native Method)
	at sun.reflect.NativeConstructorAccessorImpl.newInstance(NativeConstructorAccessorImpl.java:62)
	at sun.reflect.DelegatingConstructorAccessorImpl.newInstance(DelegatingConstructorAccessorImpl.java:45)
	at java.lang.reflect.Constructor.newInstance(Constructor.java:422)
	at org.openqa.selenium.remote.ErrorHandler.createThrowable(ErrorHandler.java:206)
	at org.openqa.selenium.remote.ErrorHandler.throwIfResponseFailed(ErrorHandler.java:158)
	at org.openqa.selenium.remote.RemoteWebDriver.execute(RemoteWebDriver.java:678)
	at org.openqa.selenium.remote.RemoteWebDriver.findElement(RemoteWebDriver.java:363)
	at org.openqa.selenium.remote.RemoteWebDriver.findElementByXPath(RemoteWebDriver.java:500)
	at org.openqa.selenium.By$ByXPath.findElement(By.java:361)
	at org.openqa.selenium.remote.RemoteWebDriver.findElement(RemoteWebDriver.java:355)
	at com.org.Example.myproject.TC9652_Test.testSearchByIcixId(TC9652_Test.java:75)
	at sun.reflect.NativeMethodAccessorImpl.invoke0(Native Method)
	at sun.reflect.NativeMethodAccessorImpl.invoke(NativeMethodAccessorImpl.java:62)
	at sun.reflect.DelegatingMethodAccessorImpl.invoke(DelegatingMethodAccessorImpl.java:43)
	at java.lang.reflect.Method.invoke(Method.java:497)
	at org.testng.internal.MethodInvocationHelper.invokeMethod(MethodInvocationHelper.java:86)
	at org.testng.internal.Invoker.invokeMethod(Invoker.java:643)
	at org.testng.internal.Invoker.invokeTestMethod(Invoker.java:820)
	at org.testng.internal.Invoker.invokeTestMethods(Invoker.java:1128)
	at org.testng.internal.TestMethodWorker.invokeTestMethods(TestMethodWorker.java:129)
	at org.testng.internal.TestMethodWorker.run(TestMethodWorker.java:112)
	at org.testng.TestRunner.privateRun(TestRunner.java:782)
	at org.testng.TestRunner.run(TestRunner.java:632)
	at org.testng.SuiteRunner.runTest(SuiteRunner.java:366)
	at org.testng.SuiteRunner.runSequentially(SuiteRunner.java:361)
	at org.testng.SuiteRunner.privateRun(SuiteRunner.java:319)
	at org.testng.SuiteRunner.run(SuiteRunner.java:268)
	at org.testng.SuiteRunnerWorker.runSuite(SuiteRunnerWorker.java:52)
	at org.testng.SuiteRunnerWorker.run(SuiteRunnerWorker.java:86)
	at org.testng.TestNG.runSuitesSequentially(TestNG.java:1244)
	at org.testng.TestNG.runSuitesLocally(TestNG.java:1169)
	at org.testng.TestNG.run(TestNG.java:1064)
	at org.apache.maven.surefire.testng.TestNGExecutor.run(TestNGExecutor.java:77)
	at org.apache.maven.surefire.testng.TestNGDirectoryTestSuite.executeMulti(TestNGDirectoryTestSuite.java:159)
	at org.apache.maven.surefire.testng.TestNGDirectoryTestSuite.execute(TestNGDirectoryTestSuite.java:99)
	at org.apache.maven.surefire.testng.TestNGProvider.invoke(TestNGProvider.java:106)
	at sun.reflect.NativeMethodAccessorImpl.invoke0(Native Method)
	at sun.reflect.NativeMethodAccessorImpl.invoke(NativeMethodAccessorImpl.java:62)
	at sun.reflect.DelegatingMethodAccessorImpl.invoke(DelegatingMethodAccessorImpl.java:43)
	at java.lang.reflect.Method.invoke(Method.java:497)
	at org.apache.maven.surefire.util.ReflectionUtils.invokeMethodWithArray(ReflectionUtils.java:189)
	at org.apache.maven.surefire.booter.ProviderFactory$ProviderProxy.invoke(ProviderFactory.java:165)
	at org.apache.maven.surefire.booter.ProviderFactory.invokeProvider(ProviderFactory.java:85)
	at org.apache.maven.surefire.booter.ForkedBooter.runSuitesInProcess(ForkedBooter.java:115)
	at org.apache.maven.surefire.booter.ForkedBooter.main(ForkedBooter.java:75)
Caused by: org.openqa.selenium.NoSuchElementException: Unable to locate element: {"method":"xpath","selector":"//h1[@class='slds-text-heading--small ng-binding']"}
For documentation on this error, please visit: http://seleniumhq.org/exceptions/no_such_element.html
Build info: version: '2.53.0', revision: '35ae25b1534ae328c771e0856c93e187490ca824', time: '2016-03-15 10:43:46'
System info: host: 'SDN-151', ip: '172.10.55.185', os.name: 'Windows 8.1', os.arch: 'amd64', os.version: '6.3', java.version: '1.8.0_60'
Driver info: driver.version: unknown
	at <anonymous class>.FirefoxDriver.prototype.findElementInternal_(file:///C:/Users/SRNATK~1/AppData/Local/Temp/anonymous8459443619726040881webdriver-profile/extensions/fxdriver@googlecode.com/components/driver-component.js:10770)
	at <anonymous class>.fxdriver.Timer.prototype.setTimeout/<.notify(file:///C:/Users/SRNATK~1/AppData/Local/Temp/anonymous8459443619726040881webdriver-profile/extensions/fxdriver@googlecode.com/components/driver-component.js:625)
]]>
            </full-stacktrace>
          </exception> <!-- org.openqa.selenium.NoSuchElementException -->
          <reporter-output>
          </reporter-output>
        </test-method> <!-- testSearchByIcixId -->
        <test-method status="PASS" signature="afterClass()[pri:0, instance:com.org.Example.myproject.TC9652_Test@2ef9b8bc]" name="afterClass" is-config="true" duration-ms="501" started-at="2016-05-05T17:33:31Z" finished-at="2016-05-05T17:33:31Z">
          <reporter-output>
          </reporter-output>
        </test-method> <!-- afterClass -->
      </class> <!-- com.org.Example.myproject.TC9652_Test -->
      <class name="com.org.Example.myproject.TC9669_Test">
        <test-method status="PASS" signature="beforeClass()[pri:0, instance:com.org.Example.myproject.TC9669_Test@327471b5]" name="beforeClass" is-config="true" duration-ms="13427" started-at="2016-05-05T18:30:50Z" finished-at="2016-05-05T18:31:03Z">
          <reporter-output>
          </reporter-output>
        </test-method> <!-- beforeClass -->
        <test-method status="FAIL" signature="createNew_Question()[pri:0, instance:com.org.Example.myproject.TC9669_Test@327471b5]" name="createNew_Question" duration-ms="245997" started-at="2016-05-05T18:31:03Z" finished-at="2016-05-05T18:35:09Z">
          <exception class="org.openqa.selenium.NoSuchElementException">
            <message>
              <![CDATA[Unable to locate element: {"method":"xpath","selector":".//*[@id='j_id0:form:tabBlock:tabSection:tabTable:0:selectTab']"}
Command duration or timeout: 50.09 seconds
For documentation on this error, please visit: http://seleniumhq.org/exceptions/no_such_element.html
Build info: version: '2.53.0', revision: '35ae25b1534ae328c771e0856c93e187490ca824', time: '2016-03-15 10:43:46'
System info: host: 'SDN-151', ip: '172.10.55.185', os.name: 'Windows 8.1', os.arch: 'amd64', os.version: '6.3', java.version: '1.8.0_60'
Driver info: org.openqa.selenium.firefox.FirefoxDriver
Capabilities [{applicationCacheEnabled=true, rotatable=false, handlesAlerts=true, databaseEnabled=true, version=45.0.2, platform=WINDOWS, nativeEvents=false, acceptSslCerts=true, webStorageEnabled=true, locationContextEnabled=true, browserName=firefox, takesScreenshot=true, javascriptEnabled=true, cssSelectorsEnabled=true}]
Session ID: a332fa90-f2f6-424b-96e9-200e3023e36c
*** Element info: {Using=xpath, value=.//*[@id='j_id0:form:tabBlock:tabSection:tabTable:0:selectTab']}]]>
            </message>
            <full-stacktrace>
              <![CDATA[org.openqa.selenium.NoSuchElementException: Unable to locate element: {"method":"xpath","selector":".//*[@id='j_id0:form:tabBlock:tabSection:tabTable:0:selectTab']"}
Command duration or timeout: 50.09 seconds
For documentation on this error, please visit: http://seleniumhq.org/exceptions/no_such_element.html
Build info: version: '2.53.0', revision: '35ae25b1534ae328c771e0856c93e187490ca824', time: '2016-03-15 10:43:46'
System info: host: 'SDN-151', ip: '172.10.55.185', os.name: 'Windows 8.1', os.arch: 'amd64', os.version: '6.3', java.version: '1.8.0_60'
Driver info: org.openqa.selenium.firefox.FirefoxDriver
Capabilities [{applicationCacheEnabled=true, rotatable=false, handlesAlerts=true, databaseEnabled=true, version=45.0.2, platform=WINDOWS, nativeEvents=false, acceptSslCerts=true, webStorageEnabled=true, locationContextEnabled=true, browserName=firefox, takesScreenshot=true, javascriptEnabled=true, cssSelectorsEnabled=true}]
Session ID: a332fa90-f2f6-424b-96e9-200e3023e36c
*** Element info: {Using=xpath, value=.//*[@id='j_id0:form:tabBlock:tabSection:tabTable:0:selectTab']}
	at sun.reflect.NativeConstructorAccessorImpl.newInstance0(Native Method)
	at sun.reflect.NativeConstructorAccessorImpl.newInstance(NativeConstructorAccessorImpl.java:62)
	at sun.reflect.DelegatingConstructorAccessorImpl.newInstance(DelegatingConstructorAccessorImpl.java:45)
	at java.lang.reflect.Constructor.newInstance(Constructor.java:422)
	at org.openqa.selenium.remote.ErrorHandler.createThrowable(ErrorHandler.java:206)
	at org.openqa.selenium.remote.ErrorHandler.throwIfResponseFailed(ErrorHandler.java:158)
	at org.openqa.selenium.remote.RemoteWebDriver.execute(RemoteWebDriver.java:678)
	at org.openqa.selenium.remote.RemoteWebDriver.findElement(RemoteWebDriver.java:363)
	at org.openqa.selenium.remote.RemoteWebDriver.findElementByXPath(RemoteWebDriver.java:500)
	at org.openqa.selenium.By$ByXPath.findElement(By.java:361)
	at org.openqa.selenium.remote.RemoteWebDriver.findElement(RemoteWebDriver.java:355)
	at com.org.Example.myproject.TC9669_Test.createNew_Question(TC9669_Test.java:101)
	at sun.reflect.NativeMethodAccessorImpl.invoke0(Native Method)
	at sun.reflect.NativeMethodAccessorImpl.invoke(NativeMethodAccessorImpl.java:62)
	at sun.reflect.DelegatingMethodAccessorImpl.invoke(DelegatingMethodAccessorImpl.java:43)
	at java.lang.reflect.Method.invoke(Method.java:497)
	at org.testng.internal.MethodInvocationHelper.invokeMethod(MethodInvocationHelper.java:86)
	at org.testng.internal.Invoker.invokeMethod(Invoker.java:643)
	at org.testng.internal.Invoker.invokeTestMethod(Invoker.java:820)
	at org.testng.internal.Invoker.invokeTestMethods(Invoker.java:1128)
	at org.testng.internal.TestMethodWorker.invokeTestMethods(TestMethodWorker.java:129)
	at org.testng.internal.TestMethodWorker.run(TestMethodWorker.java:112)
	at org.testng.TestRunner.privateRun(TestRunner.java:782)
	at org.testng.TestRunner.run(TestRunner.java:632)
	at org.testng.SuiteRunner.runTest(SuiteRunner.java:366)
	at org.testng.SuiteRunner.runSequentially(SuiteRunner.java:361)
	at org.testng.SuiteRunner.privateRun(SuiteRunner.java:319)
	at org.testng.SuiteRunner.run(SuiteRunner.java:268)
	at org.testng.SuiteRunnerWorker.runSuite(SuiteRunnerWorker.java:52)
	at org.testng.SuiteRunnerWorker.run(SuiteRunnerWorker.java:86)
	at org.testng.TestNG.runSuitesSequentially(TestNG.java:1244)
	at org.testng.TestNG.runSuitesLocally(TestNG.java:1169)
	at org.testng.TestNG.run(TestNG.java:1064)
	at org.apache.maven.surefire.testng.TestNGExecutor.run(TestNGExecutor.java:77)
	at org.apache.maven.surefire.testng.TestNGDirectoryTestSuite.executeMulti(TestNGDirectoryTestSuite.java:159)
	at org.apache.maven.surefire.testng.TestNGDirectoryTestSuite.execute(TestNGDirectoryTestSuite.java:99)
	at org.apache.maven.surefire.testng.TestNGProvider.invoke(TestNGProvider.java:106)
	at sun.reflect.NativeMethodAccessorImpl.invoke0(Native Method)
	at sun.reflect.NativeMethodAccessorImpl.invoke(NativeMethodAccessorImpl.java:62)
	at sun.reflect.DelegatingMethodAccessorImpl.invoke(DelegatingMethodAccessorImpl.java:43)
	at java.lang.reflect.Method.invoke(Method.java:497)
	at org.apache.maven.surefire.util.ReflectionUtils.invokeMethodWithArray(ReflectionUtils.java:189)
	at org.apache.maven.surefire.booter.ProviderFactory$ProviderProxy.invoke(ProviderFactory.java:165)
	at org.apache.maven.surefire.booter.ProviderFactory.invokeProvider(ProviderFactory.java:85)
	at org.apache.maven.surefire.booter.ForkedBooter.runSuitesInProcess(ForkedBooter.java:115)
	at org.apache.maven.surefire.booter.ForkedBooter.main(ForkedBooter.java:75)
Caused by: org.openqa.selenium.NoSuchElementException: Unable to locate element: {"method":"xpath","selector":".//*[@id='j_id0:form:tabBlock:tabSection:tabTable:0:selectTab']"}
For documentation on this error, please visit: http://seleniumhq.org/exceptions/no_such_element.html
Build info: version: '2.53.0', revision: '35ae25b1534ae328c771e0856c93e187490ca824', time: '2016-03-15 10:43:46'
System info: host: 'SDN-151', ip: '172.10.55.185', os.name: 'Windows 8.1', os.arch: 'amd64', os.version: '6.3', java.version: '1.8.0_60'
Driver info: driver.version: unknown
	at <anonymous class>.FirefoxDriver.prototype.findElementInternal_(file:///C:/Users/SRNATK~1/AppData/Local/Temp/anonymous6974090920211488909webdriver-profile/extensions/fxdriver@googlecode.com/components/driver-component.js:10770)
	at <anonymous class>.fxdriver.Timer.prototype.setTimeout/<.notify(file:///C:/Users/SRNATK~1/AppData/Local/Temp/anonymous6974090920211488909webdriver-profile/extensions/fxdriver@googlecode.com/components/driver-component.js:625)
]]>
            </full-stacktrace>
          </exception> <!-- org.openqa.selenium.NoSuchElementException -->
          <reporter-output>
          </reporter-output>
        </test-method> <!-- createNew_Question -->
        <test-method status="PASS" signature="afterClass()[pri:0, instance:com.org.Example.myproject.TC9669_Test@327471b5]" name="afterClass" is-config="true" duration-ms="541" started-at="2016-05-05T18:35:09Z" finished-at="2016-05-05T18:35:10Z">
          <reporter-output>
          </reporter-output>
        </test-method> <!-- afterClass -->
      </class> <!-- com.org.Example.myproject.TC9669_Test -->
      <class name="com.org.Example.myproject.TC9666_Test">
        <test-method status="PASS" signature="beforeClass()[pri:0, instance:com.org.Example.myproject.TC9666_Test@68837a77]" name="beforeClass" is-config="true" duration-ms="15170" started-at="2016-05-05T18:17:25Z" finished-at="2016-05-05T18:17:40Z">
          <reporter-output>
          </reporter-output>
        </test-method> <!-- beforeClass -->
        <test-method status="PASS" signature="SetAndSendCompilince()[pri:0, instance:com.org.Example.myproject.TC9666_Test@68837a77]" name="SetAndSendCompilince" duration-ms="314933" started-at="2016-05-05T18:17:40Z" finished-at="2016-05-05T18:22:55Z">
          <reporter-output>
          </reporter-output>
        </test-method> <!-- SetAndSendCompilince -->
        <test-method status="PASS" signature="afterClass()[pri:0, instance:com.org.Example.myproject.TC9666_Test@68837a77]" name="afterClass" is-config="true" duration-ms="582" started-at="2016-05-05T18:22:55Z" finished-at="2016-05-05T18:22:55Z">
          <reporter-output>
          </reporter-output>
        </test-method> <!-- afterClass -->
      </class> <!-- com.org.Example.myproject.TC9666_Test -->
      <class name="com.org.Example.myproject.TC9647_Test">
        <test-method status="PASS" signature="beforeClass()[pri:0, instance:com.org.Example.myproject.TC9647_Test@1324409e]" name="beforeClass" is-config="true" duration-ms="18456" started-at="2016-05-05T17:14:47Z" finished-at="2016-05-05T17:15:05Z">
          <reporter-output>
          </reporter-output>
        </test-method> <!-- beforeClass -->
        <test-method status="PASS" signature="Auccount_verification()[pri:0, instance:com.org.Example.myproject.TC9647_Test@1324409e]" name="Auccount_verification" duration-ms="125488" started-at="2016-05-05T17:15:05Z" finished-at="2016-05-05T17:17:11Z">
          <reporter-output>
          </reporter-output>
        </test-method> <!-- Auccount_verification -->
        <test-method status="PASS" signature="afterClass()[pri:0, instance:com.org.Example.myproject.TC9647_Test@1324409e]" name="afterClass" is-config="true" duration-ms="1281" started-at="2016-05-05T17:17:11Z" finished-at="2016-05-05T17:17:12Z">
          <reporter-output>
          </reporter-output>
        </test-method> <!-- afterClass -->
      </class> <!-- com.org.Example.myproject.TC9647_Test -->
      <class name="com.org.Example.myproject.TC9663_Test">
        <test-method status="PASS" signature="beforeClass()[pri:0, instance:com.org.Example.myproject.TC9663_Test@614c5515]" name="beforeClass" is-config="true" duration-ms="20101" started-at="2016-05-05T18:04:19Z" finished-at="2016-05-05T18:04:40Z">
          <reporter-output>
          </reporter-output>
        </test-method> <!-- beforeClass -->
        <test-method status="PASS" signature="Edit_TradingPartner()[pri:0, instance:com.org.Example.myproject.TC9663_Test@614c5515]" name="Edit_TradingPartner" duration-ms="221713" started-at="2016-05-05T18:04:40Z" finished-at="2016-05-05T18:08:21Z">
          <reporter-output>
          </reporter-output>
        </test-method> <!-- Edit_TradingPartner -->
        <test-method status="PASS" signature="afterClass()[pri:0, instance:com.org.Example.myproject.TC9663_Test@614c5515]" name="afterClass" is-config="true" duration-ms="733" started-at="2016-05-05T18:08:21Z" finished-at="2016-05-05T18:08:22Z">
          <reporter-output>
          </reporter-output>
        </test-method> <!-- afterClass -->
      </class> <!-- com.org.Example.myproject.TC9663_Test -->
      <class name="com.org.Example.myproject.TC9671_Test">
        <test-method status="PASS" signature="beforeClass()[pri:0, instance:com.org.Example.myproject.TC9671_Test@90f6bfd]" name="beforeClass" is-config="true" duration-ms="11737" started-at="2016-05-05T18:39:48Z" finished-at="2016-05-05T18:40:00Z">
          <reporter-output>
          </reporter-output>
        </test-method> <!-- beforeClass -->
        <test-method status="PASS" signature="createNew_form()[pri:0, instance:com.org.Example.myproject.TC9671_Test@90f6bfd]" name="createNew_form" duration-ms="252858" started-at="2016-05-05T18:40:00Z" finished-at="2016-05-05T18:44:12Z">
          <reporter-output>
          </reporter-output>
        </test-method> <!-- createNew_form -->
        <test-method status="PASS" signature="afterClass()[pri:0, instance:com.org.Example.myproject.TC9671_Test@90f6bfd]" name="afterClass" is-config="true" duration-ms="775" started-at="2016-05-05T18:44:12Z" finished-at="2016-05-05T18:44:13Z">
          <reporter-output>
          </reporter-output>
        </test-method> <!-- afterClass -->
      </class> <!-- com.org.Example.myproject.TC9671_Test -->
    </test> <!-- Command line test -->
  </suite> <!-- Command line suite -->
</testng-results>
