<?xml version="1.0" encoding="UTF-8"?>
<testng-results skipped="0" failed="1" total="3" passed="2">
  <reporter-output>
    <line>
      <![CDATA[The testcase name is: VerifySendRequirement]]>
    </line>
    <line>
      <![CDATA[Switching to frame: 2]]>
    </line>
    <line>
      <![CDATA[Switching to frame: 3]]>
    </line>
    <line>
      <![CDATA[Opening TP Group VerifySendRequirement Mon Feb 27 16:40:50 IST 2017]]>
    </line>
    <line>
      <![CDATA[Switching to frame: 4]]>
    </line>
    <line>
      <![CDATA[The testcase name is :VerifySendReqAtRespSide]]>
    </line>
    <line>
      <![CDATA[The testcase name is VerifyRequestClosedAfterRemovingRequirement]]>
    </line>
    <line>
      <![CDATA[Switching to frame: 2]]>
    </line>
    <line>
      <![CDATA[<br>Screenshot saved <a href=file:///D:/Vishal/Automation%20-%202017/ICIX_smoke/DevAutomation_smoke/target/screenshots/2017-02-27-16-41-27/Failed/VerifySendRequirement%20Mon%20Feb%2027%2016_40_50%20IST%202017%20_%20Salesforce_VerifyRequestClosedAfterRemovingRequirement_2017-02-27-16-48-50.png>Screenshot</a>]]>
    </line>
  </reporter-output>
  <suite name="ICIX Test Cases" duration-ms="688050" started-at="2017-02-27T11:07:33Z" finished-at="2017-02-27T11:19:01Z">
    <groups>
    </groups>
    <test name="ICIX Test For sdd" duration-ms="688004" started-at="2017-02-27T11:07:33Z" finished-at="2017-02-27T11:19:01Z">
      <class name="icix.Tests.TC9666_Test">
        <test-method status="PASS" signature="initialiseParameters(org.testng.ITestContext)[pri:0, instance:icix.Tests.TC9666_Test@acaea5]" name="initialiseParameters" is-config="true" duration-ms="5" started-at="2017-02-27T16:37:33Z" finished-at="2017-02-27T16:37:33Z">
          <params>
            <param index="0">
              <value>
                <![CDATA[org.testng.TestRunner@14b8f2d]]>
              </value>
            </param>
          </params>
          <reporter-output>
          </reporter-output>
        </test-method> <!-- initialiseParameters -->
        <test-method status="PASS" signature="beforeClass()[pri:0, instance:icix.Tests.TC9666_Test@acaea5]" name="beforeClass" is-config="true" duration-ms="29244" started-at="2017-02-27T16:37:33Z" finished-at="2017-02-27T16:38:02Z">
          <reporter-output>
          </reporter-output>
        </test-method> <!-- beforeClass -->
        <test-method status="PASS" signature="VerifySendRequirement(java.lang.reflect.Method)[pri:1, instance:icix.Tests.TC9666_Test@acaea5]" name="VerifySendRequirement" duration-ms="305259" started-at="2017-02-27T16:38:02Z" finished-at="2017-02-27T16:43:08Z">
          <params>
            <param index="0">
              <value>
                <![CDATA[public void icix.Tests.TC9666_Test.VerifySendRequirement(java.lang.reflect.Method) throws java.lang.Exception]]>
              </value>
            </param>
          </params>
          <reporter-output>
            <line>
              <![CDATA[The testcase name is: VerifySendRequirement]]>
            </line>
            <line>
              <![CDATA[Switching to frame: 2]]>
            </line>
            <line>
              <![CDATA[Switching to frame: 3]]>
            </line>
            <line>
              <![CDATA[Opening TP Group VerifySendRequirement Mon Feb 27 16:40:50 IST 2017]]>
            </line>
            <line>
              <![CDATA[Switching to frame: 4]]>
            </line>
          </reporter-output>
        </test-method> <!-- VerifySendRequirement -->
        <test-method status="PASS" signature="VerifySendReqAtRespSide(java.lang.reflect.Method)[pri:2, instance:icix.Tests.TC9666_Test@acaea5]" name="VerifySendReqAtRespSide" duration-ms="213442" started-at="2017-02-27T16:43:08Z" finished-at="2017-02-27T16:46:41Z">
          <params>
            <param index="0">
              <value>
                <![CDATA[public void icix.Tests.TC9666_Test.VerifySendReqAtRespSide(java.lang.reflect.Method) throws java.lang.Exception]]>
              </value>
            </param>
          </params>
          <reporter-output>
            <line>
              <![CDATA[The testcase name is :VerifySendReqAtRespSide]]>
            </line>
          </reporter-output>
        </test-method> <!-- VerifySendReqAtRespSide -->
        <test-method status="FAIL" signature="VerifyRequestClosedAfterRemovingRequirement(java.lang.reflect.Method)[pri:3, instance:icix.Tests.TC9666_Test@acaea5]" name="VerifyRequestClosedAfterRemovingRequirement" duration-ms="128862" started-at="2017-02-27T16:46:41Z" finished-at="2017-02-27T16:48:50Z">
          <params>
            <param index="0">
              <value>
                <![CDATA[public void icix.Tests.TC9666_Test.VerifyRequestClosedAfterRemovingRequirement(java.lang.reflect.Method) throws java.lang.Exception]]>
              </value>
            </param>
          </params>
          <exception class="org.openqa.selenium.WebDriverException">
            <message>
              <![CDATA[unknown error: Element <iframe class="" frameborder="0" width="100%" name="vfFrameId_1488194291584" height="100%" id="vfFrameId_1488194291584" scrolling="yes" data-aura-rendered-by="83:0" allowfullscreen="true" src="https://sdd3v05mvp.na30.visual.force.com/apex/SetPartnergroupRequirement?id=a0b3600000Bdsw3AAB&amp;vfRetURLInSFX=%2Fa0b3600000Bdsw3AAB&amp;isdtp=p1&amp;sfdcIFrameOrigin=https://na30.lightning.force.com&amp;sfdcIFrameHost=web" cd_frame_id_="0f567b0780f2ef66284429874f36cbf1"></iframe> is not clickable at point (603, 25). Other element would receive the click: <input class="slds-input slds-p-vertical--xxx-small slds-p-left--none slds-size--1-of-1 input default input uiInput uiInputTextForAutocomplete uiInput--{remove}" maxlength="100" role="combobox" id="583:0;p" aria-expanded="true" aria-autocomplete="list" type="text" aria-describedby="inputDesktop-assistive-text" aria-haspopup="true" placeholder="Search Salesforce" aria-activedescendant="" title="Search Salesforce" data-aura-rendered-by="607:0;p" data-aura-class="uiInput uiInputTextForAutocomplete uiInput--{remove}" data-interactive-lib-uid="4">
  (Session info: chrome=56.0.2924.87)
  (Driver info: chromedriver=2.27.440174 (e97a722caafc2d3a8b807ee115bfb307f7d2cfd9),platform=Windows NT 6.1.7601 SP1 x86) (WARNING: The server did not provide any stacktrace information)
Command duration or timeout: 172 milliseconds
Build info: version: '2.53.1', revision: 'a36b8b1cd5757287168e54b817830adce9b0158d', time: '2016-06-30 19:26:09'
System info: host: 'SDMQA-S67', ip: '172.24.0.86', os.name: 'Windows 7', os.arch: 'x86', os.version: '6.1', java.version: '1.8.0_66'
Driver info: org.openqa.selenium.chrome.ChromeDriver
Capabilities [{applicationCacheEnabled=false, rotatable=false, mobileEmulationEnabled=false, networkConnectionEnabled=false, chrome={chromedriverVersion=2.27.440174 (e97a722caafc2d3a8b807ee115bfb307f7d2cfd9), userDataDir=C:\Users\vishald\AppData\Local\Temp\scoped_dir7872_16648}, takesHeapSnapshot=true, pageLoadStrategy=normal, databaseEnabled=false, handlesAlerts=true, hasTouchScreen=false, version=56.0.2924.87, platform=XP, browserConnectionEnabled=false, nativeEvents=true, acceptSslCerts=true, locationContextEnabled=true, webStorageEnabled=true, browserName=chrome, takesScreenshot=true, javascriptEnabled=true, cssSelectorsEnabled=true, unexpectedAlertBehaviour=}]
Session ID: f286101f3499f8e228078d4f8f41eebb]]>
            </message>
            <full-stacktrace>
              <![CDATA[org.openqa.selenium.WebDriverException: unknown error: Element <iframe class="" frameborder="0" width="100%" name="vfFrameId_1488194291584" height="100%" id="vfFrameId_1488194291584" scrolling="yes" data-aura-rendered-by="83:0" allowfullscreen="true" src="https://sdd3v05mvp.na30.visual.force.com/apex/SetPartnergroupRequirement?id=a0b3600000Bdsw3AAB&amp;vfRetURLInSFX=%2Fa0b3600000Bdsw3AAB&amp;isdtp=p1&amp;sfdcIFrameOrigin=https://na30.lightning.force.com&amp;sfdcIFrameHost=web" cd_frame_id_="0f567b0780f2ef66284429874f36cbf1"></iframe> is not clickable at point (603, 25). Other element would receive the click: <input class="slds-input slds-p-vertical--xxx-small slds-p-left--none slds-size--1-of-1 input default input uiInput uiInputTextForAutocomplete uiInput--{remove}" maxlength="100" role="combobox" id="583:0;p" aria-expanded="true" aria-autocomplete="list" type="text" aria-describedby="inputDesktop-assistive-text" aria-haspopup="true" placeholder="Search Salesforce" aria-activedescendant="" title="Search Salesforce" data-aura-rendered-by="607:0;p" data-aura-class="uiInput uiInputTextForAutocomplete uiInput--{remove}" data-interactive-lib-uid="4">
  (Session info: chrome=56.0.2924.87)
  (Driver info: chromedriver=2.27.440174 (e97a722caafc2d3a8b807ee115bfb307f7d2cfd9),platform=Windows NT 6.1.7601 SP1 x86) (WARNING: The server did not provide any stacktrace information)
Command duration or timeout: 172 milliseconds
Build info: version: '2.53.1', revision: 'a36b8b1cd5757287168e54b817830adce9b0158d', time: '2016-06-30 19:26:09'
System info: host: 'SDMQA-S67', ip: '172.24.0.86', os.name: 'Windows 7', os.arch: 'x86', os.version: '6.1', java.version: '1.8.0_66'
Driver info: org.openqa.selenium.chrome.ChromeDriver
Capabilities [{applicationCacheEnabled=false, rotatable=false, mobileEmulationEnabled=false, networkConnectionEnabled=false, chrome={chromedriverVersion=2.27.440174 (e97a722caafc2d3a8b807ee115bfb307f7d2cfd9), userDataDir=C:\Users\vishald\AppData\Local\Temp\scoped_dir7872_16648}, takesHeapSnapshot=true, pageLoadStrategy=normal, databaseEnabled=false, handlesAlerts=true, hasTouchScreen=false, version=56.0.2924.87, platform=XP, browserConnectionEnabled=false, nativeEvents=true, acceptSslCerts=true, locationContextEnabled=true, webStorageEnabled=true, browserName=chrome, takesScreenshot=true, javascriptEnabled=true, cssSelectorsEnabled=true, unexpectedAlertBehaviour=}]
Session ID: f286101f3499f8e228078d4f8f41eebb
	at sun.reflect.NativeConstructorAccessorImpl.newInstance0(Native Method)
	at sun.reflect.NativeConstructorAccessorImpl.newInstance(Unknown Source)
	at sun.reflect.DelegatingConstructorAccessorImpl.newInstance(Unknown Source)
	at java.lang.reflect.Constructor.newInstance(Unknown Source)
	at org.openqa.selenium.remote.ErrorHandler.createThrowable(ErrorHandler.java:206)
	at org.openqa.selenium.remote.ErrorHandler.throwIfResponseFailed(ErrorHandler.java:158)
	at org.openqa.selenium.remote.RemoteWebDriver.execute(RemoteWebDriver.java:678)
	at org.openqa.selenium.remote.RemoteWebElement.execute(RemoteWebElement.java:327)
	at org.openqa.selenium.remote.RemoteWebElement.click(RemoteWebElement.java:85)
	at icix.Utils.Common.GlobalSearch(Common.java:283)
	at icix.Modules.TPGroupCompliance.searchAnythingTest(TPGroupCompliance.java:198)
	at icix.Tests.TC10753_Test.VerifyRequestClosedAfterRemovingRequirement(TC10753_Test.java:36)
	at icix.Tests.TC9666_Test.VerifyRequestClosedAfterRemovingRequirement(TC9666_Test.java:56)
	at sun.reflect.NativeMethodAccessorImpl.invoke0(Native Method)
	at sun.reflect.NativeMethodAccessorImpl.invoke(Unknown Source)
	at sun.reflect.DelegatingMethodAccessorImpl.invoke(Unknown Source)
	at java.lang.reflect.Method.invoke(Unknown Source)
	at org.testng.internal.MethodInvocationHelper.invokeMethod(MethodInvocationHelper.java:86)
	at org.testng.internal.Invoker.invokeMethod(Invoker.java:643)
	at org.testng.internal.Invoker.invokeTestMethod(Invoker.java:820)
	at org.testng.internal.Invoker.invokeTestMethods(Invoker.java:1128)
	at org.testng.internal.TestMethodWorker.invokeTestMethods(TestMethodWorker.java:129)
	at org.testng.internal.TestMethodWorker.run(TestMethodWorker.java:112)
	at org.testng.TestRunner.privateRun(TestRunner.java:782)
	at org.testng.TestRunner.run(TestRunner.java:632)
	at org.testng.SuiteRunner.runTest(SuiteRunner.java:366)
	at org.testng.SuiteRunner.runSequentially(SuiteRunner.java:361)
	at org.testng.SuiteRunner.privateRun(SuiteRunner.java:319)
	at org.testng.SuiteRunner.run(SuiteRunner.java:268)
	at org.testng.SuiteRunnerWorker.runSuite(SuiteRunnerWorker.java:52)
	at org.testng.SuiteRunnerWorker.run(SuiteRunnerWorker.java:86)
	at org.testng.TestNG.runSuitesSequentially(TestNG.java:1244)
	at org.testng.TestNG.runSuitesLocally(TestNG.java:1169)
	at org.testng.TestNG.run(TestNG.java:1064)
	at org.apache.maven.surefire.testng.TestNGExecutor.run(TestNGExecutor.java:217)
	at org.apache.maven.surefire.testng.TestNGXmlTestSuite.execute(TestNGXmlTestSuite.java:84)
	at org.apache.maven.surefire.testng.TestNGProvider.invoke(TestNGProvider.java:92)
	at org.apache.maven.surefire.booter.ForkedBooter.invokeProviderInSameClassLoader(ForkedBooter.java:200)
	at org.apache.maven.surefire.booter.ForkedBooter.runSuitesInProcess(ForkedBooter.java:153)
	at org.apache.maven.surefire.booter.ForkedBooter.main(ForkedBooter.java:103)
]]>
            </full-stacktrace>
          </exception> <!-- org.openqa.selenium.WebDriverException -->
          <reporter-output>
            <line>
              <![CDATA[The testcase name is VerifyRequestClosedAfterRemovingRequirement]]>
            </line>
            <line>
              <![CDATA[Switching to frame: 2]]>
            </line>
            <line>
              <![CDATA[<br>Screenshot saved <a href=file:///D:/Vishal/Automation%20-%202017/ICIX_smoke/DevAutomation_smoke/target/screenshots/2017-02-27-16-41-27/Failed/VerifySendRequirement%20Mon%20Feb%2027%2016_40_50%20IST%202017%20_%20Salesforce_VerifyRequestClosedAfterRemovingRequirement_2017-02-27-16-48-50.png>Screenshot</a>]]>
            </line>
          </reporter-output>
        </test-method> <!-- VerifyRequestClosedAfterRemovingRequirement -->
        <test-method status="PASS" signature="close()[pri:0, instance:icix.Tests.TC9666_Test@acaea5]" name="close" is-config="true" duration-ms="10854" started-at="2017-02-27T16:48:50Z" finished-at="2017-02-27T16:49:01Z">
          <reporter-output>
          </reporter-output>
        </test-method> <!-- close -->
      </class> <!-- icix.Tests.TC9666_Test -->
    </test> <!-- ICIX Test For sdd -->
    <test name="ICIX Test For qa" duration-ms="0" started-at="2017-02-27T11:19:01Z" finished-at="2017-02-27T11:19:01Z">
      <class name="icix.Tests.TC9666_Test">
        <test-method status="PASS" signature="initialiseLogFile()[pri:0, instance:icix.Tests.TC9666_Test@acaea5]" name="initialiseLogFile" is-config="true" duration-ms="302" started-at="2017-02-27T16:37:33Z" finished-at="2017-02-27T16:37:33Z">
          <reporter-output>
          </reporter-output>
        </test-method> <!-- initialiseLogFile -->
      </class> <!-- icix.Tests.TC9666_Test -->
    </test> <!-- ICIX Test For qa -->
  </suite> <!-- ICIX Test Cases -->
</testng-results>
