<?xml version="1.0" encoding="UTF-8"?>
<testng-results skipped="0" failed="9" total="29" passed="20">
  <reporter-output>
  </reporter-output>
  <suite name="Command line suite" duration-ms="7772359" started-at="2016-05-04T10:00:57Z" finished-at="2016-05-04T12:10:30Z">
    <groups>
    </groups>
    <test name="Command line test" duration-ms="7772359" started-at="2016-05-04T10:00:57Z" finished-at="2016-05-04T12:10:30Z">
      <class name="com.org.Example.myproject.TC9650_Test">
        <test-method status="PASS" signature="beforeClass()[pri:0, instance:com.org.Example.myproject.TC9650_Test@5315b42e]" name="beforeClass" is-config="true" duration-ms="12429" started-at="2016-05-04T15:45:20Z" finished-at="2016-05-04T15:45:32Z">
          <reporter-output>
          </reporter-output>
        </test-method> <!-- beforeClass -->
        <test-method status="PASS" signature="testSearchByIcixId()[pri:0, instance:com.org.Example.myproject.TC9650_Test@5315b42e]" name="testSearchByIcixId" duration-ms="147921" started-at="2016-05-04T15:45:32Z" finished-at="2016-05-04T15:48:00Z">
          <reporter-output>
          </reporter-output>
        </test-method> <!-- testSearchByIcixId -->
        <test-method status="PASS" signature="afterClass()[pri:0, instance:com.org.Example.myproject.TC9650_Test@5315b42e]" name="afterClass" is-config="true" duration-ms="561" started-at="2016-05-04T15:48:00Z" finished-at="2016-05-04T15:48:01Z">
          <reporter-output>
          </reporter-output>
        </test-method> <!-- afterClass -->
      </class> <!-- com.org.Example.myproject.TC9650_Test -->
      <class name="com.org.Example.myproject.TC9664_Test">
        <test-method status="PASS" signature="beforeClass()[pri:0, instance:com.org.Example.myproject.TC9664_Test@2d554825]" name="beforeClass" is-config="true" duration-ms="10440" started-at="2016-05-04T16:24:19Z" finished-at="2016-05-04T16:24:30Z">
          <reporter-output>
          </reporter-output>
        </test-method> <!-- beforeClass -->
        <test-method status="PASS" signature="test()[pri:0, instance:com.org.Example.myproject.TC9664_Test@2d554825]" name="test" duration-ms="181203" started-at="2016-05-04T16:24:30Z" finished-at="2016-05-04T16:27:31Z">
          <reporter-output>
          </reporter-output>
        </test-method> <!-- test -->
        <test-method status="PASS" signature="afterClass()[pri:0, instance:com.org.Example.myproject.TC9664_Test@2d554825]" name="afterClass" is-config="true" duration-ms="607" started-at="2016-05-04T16:27:31Z" finished-at="2016-05-04T16:27:32Z">
          <reporter-output>
          </reporter-output>
        </test-method> <!-- afterClass -->
      </class> <!-- com.org.Example.myproject.TC9664_Test -->
      <class name="com.org.Example.myproject.TC9661_Test">
        <test-method status="PASS" signature="beforeClass()[pri:0, instance:com.org.Example.myproject.TC9661_Test@614c5515]" name="beforeClass" is-config="true" duration-ms="10424" started-at="2016-05-04T16:15:47Z" finished-at="2016-05-04T16:15:58Z">
          <reporter-output>
          </reporter-output>
        </test-method> <!-- beforeClass -->
        <test-method status="FAIL" signature="publicProduct()[pri:0, instance:com.org.Example.myproject.TC9661_Test@614c5515]" name="publicProduct" duration-ms="287394" started-at="2016-05-04T16:15:58Z" finished-at="2016-05-04T16:20:45Z">
          <exception class="org.openqa.selenium.ElementNotVisibleException">
            <message>
              <![CDATA[Element is not currently visible and so may not be interacted with
Command duration or timeout: 50.04 seconds
Build info: version: '2.53.0', revision: '35ae25b1534ae328c771e0856c93e187490ca824', time: '2016-03-15 10:43:46'
System info: host: 'SDN-151', ip: '172.10.55.185', os.name: 'Windows 8.1', os.arch: 'amd64', os.version: '6.3', java.version: '1.8.0_60'
Driver info: org.openqa.selenium.firefox.FirefoxDriver
Capabilities [{applicationCacheEnabled=true, rotatable=false, handlesAlerts=true, databaseEnabled=true, version=45.0.2, platform=WINDOWS, nativeEvents=false, acceptSslCerts=true, webStorageEnabled=true, locationContextEnabled=true, browserName=firefox, takesScreenshot=true, javascriptEnabled=true, cssSelectorsEnabled=true}]
Session ID: 2c660795-50d3-494c-b1ab-abda3e5f2d32]]>
            </message>
            <full-stacktrace>
              <![CDATA[org.openqa.selenium.ElementNotVisibleException: Element is not currently visible and so may not be interacted with
Command duration or timeout: 50.04 seconds
Build info: version: '2.53.0', revision: '35ae25b1534ae328c771e0856c93e187490ca824', time: '2016-03-15 10:43:46'
System info: host: 'SDN-151', ip: '172.10.55.185', os.name: 'Windows 8.1', os.arch: 'amd64', os.version: '6.3', java.version: '1.8.0_60'
Driver info: org.openqa.selenium.firefox.FirefoxDriver
Capabilities [{applicationCacheEnabled=true, rotatable=false, handlesAlerts=true, databaseEnabled=true, version=45.0.2, platform=WINDOWS, nativeEvents=false, acceptSslCerts=true, webStorageEnabled=true, locationContextEnabled=true, browserName=firefox, takesScreenshot=true, javascriptEnabled=true, cssSelectorsEnabled=true}]
Session ID: 2c660795-50d3-494c-b1ab-abda3e5f2d32
	at sun.reflect.NativeConstructorAccessorImpl.newInstance0(Native Method)
	at sun.reflect.NativeConstructorAccessorImpl.newInstance(NativeConstructorAccessorImpl.java:62)
	at sun.reflect.DelegatingConstructorAccessorImpl.newInstance(DelegatingConstructorAccessorImpl.java:45)
	at java.lang.reflect.Constructor.newInstance(Constructor.java:422)
	at org.openqa.selenium.remote.ErrorHandler.createThrowable(ErrorHandler.java:206)
	at org.openqa.selenium.remote.ErrorHandler.throwIfResponseFailed(ErrorHandler.java:158)
	at org.openqa.selenium.remote.RemoteWebDriver.execute(RemoteWebDriver.java:678)
	at org.openqa.selenium.remote.RemoteWebElement.execute(RemoteWebElement.java:327)
	at org.openqa.selenium.remote.RemoteWebElement.click(RemoteWebElement.java:85)
	at com.org.Example.myproject.TC9661_Test.publicProduct(TC9661_Test.java:108)
	at sun.reflect.NativeMethodAccessorImpl.invoke0(Native Method)
	at sun.reflect.NativeMethodAccessorImpl.invoke(NativeMethodAccessorImpl.java:62)
	at sun.reflect.DelegatingMethodAccessorImpl.invoke(DelegatingMethodAccessorImpl.java:43)
	at java.lang.reflect.Method.invoke(Method.java:497)
	at org.testng.internal.MethodInvocationHelper.invokeMethod(MethodInvocationHelper.java:86)
	at org.testng.internal.Invoker.invokeMethod(Invoker.java:643)
	at org.testng.internal.Invoker.invokeTestMethod(Invoker.java:820)
	at org.testng.internal.Invoker.invokeTestMethods(Invoker.java:1128)
	at org.testng.internal.TestMethodWorker.invokeTestMethods(TestMethodWorker.java:129)
	at org.testng.internal.TestMethodWorker.run(TestMethodWorker.java:112)
	at org.testng.TestRunner.privateRun(TestRunner.java:782)
	at org.testng.TestRunner.run(TestRunner.java:632)
	at org.testng.SuiteRunner.runTest(SuiteRunner.java:366)
	at org.testng.SuiteRunner.runSequentially(SuiteRunner.java:361)
	at org.testng.SuiteRunner.privateRun(SuiteRunner.java:319)
	at org.testng.SuiteRunner.run(SuiteRunner.java:268)
	at org.testng.SuiteRunnerWorker.runSuite(SuiteRunnerWorker.java:52)
	at org.testng.SuiteRunnerWorker.run(SuiteRunnerWorker.java:86)
	at org.testng.TestNG.runSuitesSequentially(TestNG.java:1244)
	at org.testng.TestNG.runSuitesLocally(TestNG.java:1169)
	at org.testng.TestNG.run(TestNG.java:1064)
	at org.apache.maven.surefire.testng.TestNGExecutor.run(TestNGExecutor.java:77)
	at org.apache.maven.surefire.testng.TestNGDirectoryTestSuite.executeMulti(TestNGDirectoryTestSuite.java:159)
	at org.apache.maven.surefire.testng.TestNGDirectoryTestSuite.execute(TestNGDirectoryTestSuite.java:99)
	at org.apache.maven.surefire.testng.TestNGProvider.invoke(TestNGProvider.java:106)
	at sun.reflect.NativeMethodAccessorImpl.invoke0(Native Method)
	at sun.reflect.NativeMethodAccessorImpl.invoke(NativeMethodAccessorImpl.java:62)
	at sun.reflect.DelegatingMethodAccessorImpl.invoke(DelegatingMethodAccessorImpl.java:43)
	at java.lang.reflect.Method.invoke(Method.java:497)
	at org.apache.maven.surefire.util.ReflectionUtils.invokeMethodWithArray(ReflectionUtils.java:189)
	at org.apache.maven.surefire.booter.ProviderFactory$ProviderProxy.invoke(ProviderFactory.java:165)
	at org.apache.maven.surefire.booter.ProviderFactory.invokeProvider(ProviderFactory.java:85)
	at org.apache.maven.surefire.booter.ForkedBooter.runSuitesInProcess(ForkedBooter.java:115)
	at org.apache.maven.surefire.booter.ForkedBooter.main(ForkedBooter.java:75)
Caused by: org.openqa.selenium.ElementNotVisibleException: Element is not currently visible and so may not be interacted with
Build info: version: '2.53.0', revision: '35ae25b1534ae328c771e0856c93e187490ca824', time: '2016-03-15 10:43:46'
System info: host: 'SDN-151', ip: '172.10.55.185', os.name: 'Windows 8.1', os.arch: 'amd64', os.version: '6.3', java.version: '1.8.0_60'
Driver info: driver.version: unknown
	at <anonymous class>.fxdriver.preconditions.visible(file:///C:/Users/SRNATK~1/AppData/Local/Temp/anonymous3546556214416389014webdriver-profile/extensions/fxdriver@googlecode.com/components/command-processor.js:10092)
	at <anonymous class>.DelayedCommand.prototype.checkPreconditions_(file:///C:/Users/SRNATK~1/AppData/Local/Temp/anonymous3546556214416389014webdriver-profile/extensions/fxdriver@googlecode.com/components/command-processor.js:12644)
	at <anonymous class>.DelayedCommand.prototype.executeInternal_/h(file:///C:/Users/SRNATK~1/AppData/Local/Temp/anonymous3546556214416389014webdriver-profile/extensions/fxdriver@googlecode.com/components/command-processor.js:12661)
	at <anonymous class>.fxdriver.Timer.prototype.setTimeout/<.notify(file:///C:/Users/SRNATK~1/AppData/Local/Temp/anonymous3546556214416389014webdriver-profile/extensions/fxdriver@googlecode.com/components/command-processor.js:625)
]]>
            </full-stacktrace>
          </exception> <!-- org.openqa.selenium.ElementNotVisibleException -->
          <reporter-output>
          </reporter-output>
        </test-method> <!-- publicProduct -->
        <test-method status="PASS" signature="afterClass()[pri:0, instance:com.org.Example.myproject.TC9661_Test@614c5515]" name="afterClass" is-config="true" duration-ms="1641" started-at="2016-05-04T16:20:45Z" finished-at="2016-05-04T16:20:47Z">
          <reporter-output>
          </reporter-output>
        </test-method> <!-- afterClass -->
      </class> <!-- com.org.Example.myproject.TC9661_Test -->
      <class name="com.org.Example.myproject.TC9656_Test">
        <test-method status="PASS" signature="beforeClass()[pri:0, instance:com.org.Example.myproject.TC9656_Test@3f2a3a5]" name="beforeClass" is-config="true" duration-ms="10104" started-at="2016-05-04T16:02:05Z" finished-at="2016-05-04T16:02:15Z">
          <reporter-output>
          </reporter-output>
        </test-method> <!-- beforeClass -->
        <test-method status="FAIL" signature="private_product()[pri:0, instance:com.org.Example.myproject.TC9656_Test@3f2a3a5]" name="private_product" duration-ms="326703" started-at="2016-05-04T16:02:15Z" finished-at="2016-05-04T16:07:42Z">
          <exception class="org.openqa.selenium.NoSuchElementException">
            <message>
              <![CDATA[Unable to locate element: {"method":"link text","selector":"App Launcher"}
Command duration or timeout: 50.13 seconds
For documentation on this error, please visit: http://seleniumhq.org/exceptions/no_such_element.html
Build info: version: '2.53.0', revision: '35ae25b1534ae328c771e0856c93e187490ca824', time: '2016-03-15 10:43:46'
System info: host: 'SDN-151', ip: '172.10.55.185', os.name: 'Windows 8.1', os.arch: 'amd64', os.version: '6.3', java.version: '1.8.0_60'
Driver info: org.openqa.selenium.firefox.FirefoxDriver
Capabilities [{applicationCacheEnabled=true, rotatable=false, handlesAlerts=true, databaseEnabled=true, version=45.0.2, platform=WINDOWS, nativeEvents=false, acceptSslCerts=true, webStorageEnabled=true, locationContextEnabled=true, browserName=firefox, takesScreenshot=true, javascriptEnabled=true, cssSelectorsEnabled=true}]
Session ID: 47a087a2-3cbd-4e0b-9cae-5220861f8910
*** Element info: {Using=link text, value=App Launcher}]]>
            </message>
            <full-stacktrace>
              <![CDATA[org.openqa.selenium.NoSuchElementException: Unable to locate element: {"method":"link text","selector":"App Launcher"}
Command duration or timeout: 50.13 seconds
For documentation on this error, please visit: http://seleniumhq.org/exceptions/no_such_element.html
Build info: version: '2.53.0', revision: '35ae25b1534ae328c771e0856c93e187490ca824', time: '2016-03-15 10:43:46'
System info: host: 'SDN-151', ip: '172.10.55.185', os.name: 'Windows 8.1', os.arch: 'amd64', os.version: '6.3', java.version: '1.8.0_60'
Driver info: org.openqa.selenium.firefox.FirefoxDriver
Capabilities [{applicationCacheEnabled=true, rotatable=false, handlesAlerts=true, databaseEnabled=true, version=45.0.2, platform=WINDOWS, nativeEvents=false, acceptSslCerts=true, webStorageEnabled=true, locationContextEnabled=true, browserName=firefox, takesScreenshot=true, javascriptEnabled=true, cssSelectorsEnabled=true}]
Session ID: 47a087a2-3cbd-4e0b-9cae-5220861f8910
*** Element info: {Using=link text, value=App Launcher}
	at sun.reflect.NativeConstructorAccessorImpl.newInstance0(Native Method)
	at sun.reflect.NativeConstructorAccessorImpl.newInstance(NativeConstructorAccessorImpl.java:62)
	at sun.reflect.DelegatingConstructorAccessorImpl.newInstance(DelegatingConstructorAccessorImpl.java:45)
	at java.lang.reflect.Constructor.newInstance(Constructor.java:422)
	at org.openqa.selenium.remote.ErrorHandler.createThrowable(ErrorHandler.java:206)
	at org.openqa.selenium.remote.ErrorHandler.throwIfResponseFailed(ErrorHandler.java:158)
	at org.openqa.selenium.remote.RemoteWebDriver.execute(RemoteWebDriver.java:678)
	at org.openqa.selenium.remote.RemoteWebDriver.findElement(RemoteWebDriver.java:363)
	at org.openqa.selenium.remote.RemoteWebDriver.findElementByLinkText(RemoteWebDriver.java:428)
	at org.openqa.selenium.By$ByLinkText.findElement(By.java:246)
	at org.openqa.selenium.remote.RemoteWebDriver.findElement(RemoteWebDriver.java:355)
	at com.org.Example.myproject.TC9656_Test.private_product(TC9656_Test.java:124)
	at sun.reflect.NativeMethodAccessorImpl.invoke0(Native Method)
	at sun.reflect.NativeMethodAccessorImpl.invoke(NativeMethodAccessorImpl.java:62)
	at sun.reflect.DelegatingMethodAccessorImpl.invoke(DelegatingMethodAccessorImpl.java:43)
	at java.lang.reflect.Method.invoke(Method.java:497)
	at org.testng.internal.MethodInvocationHelper.invokeMethod(MethodInvocationHelper.java:86)
	at org.testng.internal.Invoker.invokeMethod(Invoker.java:643)
	at org.testng.internal.Invoker.invokeTestMethod(Invoker.java:820)
	at org.testng.internal.Invoker.invokeTestMethods(Invoker.java:1128)
	at org.testng.internal.TestMethodWorker.invokeTestMethods(TestMethodWorker.java:129)
	at org.testng.internal.TestMethodWorker.run(TestMethodWorker.java:112)
	at org.testng.TestRunner.privateRun(TestRunner.java:782)
	at org.testng.TestRunner.run(TestRunner.java:632)
	at org.testng.SuiteRunner.runTest(SuiteRunner.java:366)
	at org.testng.SuiteRunner.runSequentially(SuiteRunner.java:361)
	at org.testng.SuiteRunner.privateRun(SuiteRunner.java:319)
	at org.testng.SuiteRunner.run(SuiteRunner.java:268)
	at org.testng.SuiteRunnerWorker.runSuite(SuiteRunnerWorker.java:52)
	at org.testng.SuiteRunnerWorker.run(SuiteRunnerWorker.java:86)
	at org.testng.TestNG.runSuitesSequentially(TestNG.java:1244)
	at org.testng.TestNG.runSuitesLocally(TestNG.java:1169)
	at org.testng.TestNG.run(TestNG.java:1064)
	at org.apache.maven.surefire.testng.TestNGExecutor.run(TestNGExecutor.java:77)
	at org.apache.maven.surefire.testng.TestNGDirectoryTestSuite.executeMulti(TestNGDirectoryTestSuite.java:159)
	at org.apache.maven.surefire.testng.TestNGDirectoryTestSuite.execute(TestNGDirectoryTestSuite.java:99)
	at org.apache.maven.surefire.testng.TestNGProvider.invoke(TestNGProvider.java:106)
	at sun.reflect.NativeMethodAccessorImpl.invoke0(Native Method)
	at sun.reflect.NativeMethodAccessorImpl.invoke(NativeMethodAccessorImpl.java:62)
	at sun.reflect.DelegatingMethodAccessorImpl.invoke(DelegatingMethodAccessorImpl.java:43)
	at java.lang.reflect.Method.invoke(Method.java:497)
	at org.apache.maven.surefire.util.ReflectionUtils.invokeMethodWithArray(ReflectionUtils.java:189)
	at org.apache.maven.surefire.booter.ProviderFactory$ProviderProxy.invoke(ProviderFactory.java:165)
	at org.apache.maven.surefire.booter.ProviderFactory.invokeProvider(ProviderFactory.java:85)
	at org.apache.maven.surefire.booter.ForkedBooter.runSuitesInProcess(ForkedBooter.java:115)
	at org.apache.maven.surefire.booter.ForkedBooter.main(ForkedBooter.java:75)
Caused by: org.openqa.selenium.NoSuchElementException: Unable to locate element: {"method":"link text","selector":"App Launcher"}
For documentation on this error, please visit: http://seleniumhq.org/exceptions/no_such_element.html
Build info: version: '2.53.0', revision: '35ae25b1534ae328c771e0856c93e187490ca824', time: '2016-03-15 10:43:46'
System info: host: 'SDN-151', ip: '172.10.55.185', os.name: 'Windows 8.1', os.arch: 'amd64', os.version: '6.3', java.version: '1.8.0_60'
Driver info: driver.version: unknown
	at <anonymous class>.FirefoxDriver.prototype.findElementInternal_(file:///C:/Users/SRNATK~1/AppData/Local/Temp/anonymous1460570874749242743webdriver-profile/extensions/fxdriver@googlecode.com/components/driver-component.js:10770)
	at <anonymous class>.fxdriver.Timer.prototype.setTimeout/<.notify(file:///C:/Users/SRNATK~1/AppData/Local/Temp/anonymous1460570874749242743webdriver-profile/extensions/fxdriver@googlecode.com/components/driver-component.js:625)
]]>
            </full-stacktrace>
          </exception> <!-- org.openqa.selenium.NoSuchElementException -->
          <reporter-output>
          </reporter-output>
        </test-method> <!-- private_product -->
        <test-method status="PASS" signature="afterClass()[pri:0, instance:com.org.Example.myproject.TC9656_Test@3f2a3a5]" name="afterClass" is-config="true" duration-ms="766" started-at="2016-05-04T16:07:42Z" finished-at="2016-05-04T16:07:43Z">
          <reporter-output>
          </reporter-output>
        </test-method> <!-- afterClass -->
      </class> <!-- com.org.Example.myproject.TC9656_Test -->
      <class name="com.org.Example.myproject.TC9653_Test">
        <test-method status="PASS" signature="beforeClass()[pri:0, instance:com.org.Example.myproject.TC9653_Test@1e67b872]" name="beforeClass" is-config="true" duration-ms="10289" started-at="2016-05-04T15:54:23Z" finished-at="2016-05-04T15:54:33Z">
          <reporter-output>
          </reporter-output>
        </test-method> <!-- beforeClass -->
        <test-method status="PASS" signature="Auccount_verification()[pri:0, instance:com.org.Example.myproject.TC9653_Test@1e67b872]" name="Auccount_verification" duration-ms="119931" started-at="2016-05-04T15:54:33Z" finished-at="2016-05-04T15:56:33Z">
          <reporter-output>
          </reporter-output>
        </test-method> <!-- Auccount_verification -->
        <test-method status="PASS" signature="afterClass()[pri:0, instance:com.org.Example.myproject.TC9653_Test@1e67b872]" name="afterClass" is-config="true" duration-ms="627" started-at="2016-05-04T15:56:33Z" finished-at="2016-05-04T15:56:34Z">
          <reporter-output>
          </reporter-output>
        </test-method> <!-- afterClass -->
      </class> <!-- com.org.Example.myproject.TC9653_Test -->
      <class name="com.org.Example.myproject.TC9675_Test">
        <test-method status="PASS" signature="beforeClass()[pri:0, instance:com.org.Example.myproject.TC9675_Test@6615435c]" name="beforeClass" is-config="true" duration-ms="10717" started-at="2016-05-04T17:24:53Z" finished-at="2016-05-04T17:25:04Z">
          <reporter-output>
          </reporter-output>
        </test-method> <!-- beforeClass -->
        <test-method status="FAIL" signature="send_document()[pri:0, instance:com.org.Example.myproject.TC9675_Test@6615435c]" name="send_document" duration-ms="190902" started-at="2016-05-04T17:25:04Z" finished-at="2016-05-04T17:28:15Z">
          <exception class="org.openqa.selenium.NoSuchElementException">
            <message>
              <![CDATA[Unable to locate element: {"method":"id","selector":"vfFrameId"}
Command duration or timeout: 50.11 seconds
For documentation on this error, please visit: http://seleniumhq.org/exceptions/no_such_element.html
Build info: version: '2.53.0', revision: '35ae25b1534ae328c771e0856c93e187490ca824', time: '2016-03-15 10:43:46'
System info: host: 'SDN-151', ip: '172.10.55.185', os.name: 'Windows 8.1', os.arch: 'amd64', os.version: '6.3', java.version: '1.8.0_60'
Driver info: org.openqa.selenium.firefox.FirefoxDriver
Capabilities [{applicationCacheEnabled=true, rotatable=false, handlesAlerts=true, databaseEnabled=true, version=45.0.2, platform=WINDOWS, nativeEvents=false, acceptSslCerts=true, webStorageEnabled=true, locationContextEnabled=true, browserName=firefox, takesScreenshot=true, javascriptEnabled=true, cssSelectorsEnabled=true}]
Session ID: 7c090150-3ab9-4c3e-aaa6-722bc8f7696b
*** Element info: {Using=id, value=vfFrameId}]]>
            </message>
            <full-stacktrace>
              <![CDATA[org.openqa.selenium.NoSuchElementException: Unable to locate element: {"method":"id","selector":"vfFrameId"}
Command duration or timeout: 50.11 seconds
For documentation on this error, please visit: http://seleniumhq.org/exceptions/no_such_element.html
Build info: version: '2.53.0', revision: '35ae25b1534ae328c771e0856c93e187490ca824', time: '2016-03-15 10:43:46'
System info: host: 'SDN-151', ip: '172.10.55.185', os.name: 'Windows 8.1', os.arch: 'amd64', os.version: '6.3', java.version: '1.8.0_60'
Driver info: org.openqa.selenium.firefox.FirefoxDriver
Capabilities [{applicationCacheEnabled=true, rotatable=false, handlesAlerts=true, databaseEnabled=true, version=45.0.2, platform=WINDOWS, nativeEvents=false, acceptSslCerts=true, webStorageEnabled=true, locationContextEnabled=true, browserName=firefox, takesScreenshot=true, javascriptEnabled=true, cssSelectorsEnabled=true}]
Session ID: 7c090150-3ab9-4c3e-aaa6-722bc8f7696b
*** Element info: {Using=id, value=vfFrameId}
	at sun.reflect.NativeConstructorAccessorImpl.newInstance0(Native Method)
	at sun.reflect.NativeConstructorAccessorImpl.newInstance(NativeConstructorAccessorImpl.java:62)
	at sun.reflect.DelegatingConstructorAccessorImpl.newInstance(DelegatingConstructorAccessorImpl.java:45)
	at java.lang.reflect.Constructor.newInstance(Constructor.java:422)
	at org.openqa.selenium.remote.ErrorHandler.createThrowable(ErrorHandler.java:206)
	at org.openqa.selenium.remote.ErrorHandler.throwIfResponseFailed(ErrorHandler.java:158)
	at org.openqa.selenium.remote.RemoteWebDriver.execute(RemoteWebDriver.java:678)
	at org.openqa.selenium.remote.RemoteWebDriver.findElement(RemoteWebDriver.java:363)
	at org.openqa.selenium.remote.RemoteWebDriver.findElementById(RemoteWebDriver.java:413)
	at org.openqa.selenium.By$ById.findElement(By.java:218)
	at org.openqa.selenium.remote.RemoteWebDriver.findElement(RemoteWebDriver.java:355)
	at com.org.Example.myproject.TC9675_Test.send_document(TC9675_Test.java:97)
	at sun.reflect.NativeMethodAccessorImpl.invoke0(Native Method)
	at sun.reflect.NativeMethodAccessorImpl.invoke(NativeMethodAccessorImpl.java:62)
	at sun.reflect.DelegatingMethodAccessorImpl.invoke(DelegatingMethodAccessorImpl.java:43)
	at java.lang.reflect.Method.invoke(Method.java:497)
	at org.testng.internal.MethodInvocationHelper.invokeMethod(MethodInvocationHelper.java:86)
	at org.testng.internal.Invoker.invokeMethod(Invoker.java:643)
	at org.testng.internal.Invoker.invokeTestMethod(Invoker.java:820)
	at org.testng.internal.Invoker.invokeTestMethods(Invoker.java:1128)
	at org.testng.internal.TestMethodWorker.invokeTestMethods(TestMethodWorker.java:129)
	at org.testng.internal.TestMethodWorker.run(TestMethodWorker.java:112)
	at org.testng.TestRunner.privateRun(TestRunner.java:782)
	at org.testng.TestRunner.run(TestRunner.java:632)
	at org.testng.SuiteRunner.runTest(SuiteRunner.java:366)
	at org.testng.SuiteRunner.runSequentially(SuiteRunner.java:361)
	at org.testng.SuiteRunner.privateRun(SuiteRunner.java:319)
	at org.testng.SuiteRunner.run(SuiteRunner.java:268)
	at org.testng.SuiteRunnerWorker.runSuite(SuiteRunnerWorker.java:52)
	at org.testng.SuiteRunnerWorker.run(SuiteRunnerWorker.java:86)
	at org.testng.TestNG.runSuitesSequentially(TestNG.java:1244)
	at org.testng.TestNG.runSuitesLocally(TestNG.java:1169)
	at org.testng.TestNG.run(TestNG.java:1064)
	at org.apache.maven.surefire.testng.TestNGExecutor.run(TestNGExecutor.java:77)
	at org.apache.maven.surefire.testng.TestNGDirectoryTestSuite.executeMulti(TestNGDirectoryTestSuite.java:159)
	at org.apache.maven.surefire.testng.TestNGDirectoryTestSuite.execute(TestNGDirectoryTestSuite.java:99)
	at org.apache.maven.surefire.testng.TestNGProvider.invoke(TestNGProvider.java:106)
	at sun.reflect.NativeMethodAccessorImpl.invoke0(Native Method)
	at sun.reflect.NativeMethodAccessorImpl.invoke(NativeMethodAccessorImpl.java:62)
	at sun.reflect.DelegatingMethodAccessorImpl.invoke(DelegatingMethodAccessorImpl.java:43)
	at java.lang.reflect.Method.invoke(Method.java:497)
	at org.apache.maven.surefire.util.ReflectionUtils.invokeMethodWithArray(ReflectionUtils.java:189)
	at org.apache.maven.surefire.booter.ProviderFactory$ProviderProxy.invoke(ProviderFactory.java:165)
	at org.apache.maven.surefire.booter.ProviderFactory.invokeProvider(ProviderFactory.java:85)
	at org.apache.maven.surefire.booter.ForkedBooter.runSuitesInProcess(ForkedBooter.java:115)
	at org.apache.maven.surefire.booter.ForkedBooter.main(ForkedBooter.java:75)
Caused by: org.openqa.selenium.NoSuchElementException: Unable to locate element: {"method":"id","selector":"vfFrameId"}
For documentation on this error, please visit: http://seleniumhq.org/exceptions/no_such_element.html
Build info: version: '2.53.0', revision: '35ae25b1534ae328c771e0856c93e187490ca824', time: '2016-03-15 10:43:46'
System info: host: 'SDN-151', ip: '172.10.55.185', os.name: 'Windows 8.1', os.arch: 'amd64', os.version: '6.3', java.version: '1.8.0_60'
Driver info: driver.version: unknown
	at <anonymous class>.FirefoxDriver.prototype.findElementInternal_(file:///C:/Users/SRNATK~1/AppData/Local/Temp/anonymous6664610243523862758webdriver-profile/extensions/fxdriver@googlecode.com/components/driver-component.js:10770)
	at <anonymous class>.fxdriver.Timer.prototype.setTimeout/<.notify(file:///C:/Users/SRNATK~1/AppData/Local/Temp/anonymous6664610243523862758webdriver-profile/extensions/fxdriver@googlecode.com/components/driver-component.js:625)
]]>
            </full-stacktrace>
          </exception> <!-- org.openqa.selenium.NoSuchElementException -->
          <reporter-output>
          </reporter-output>
        </test-method> <!-- send_document -->
        <test-method status="PASS" signature="afterClass()[pri:0, instance:com.org.Example.myproject.TC9675_Test@6615435c]" name="afterClass" is-config="true" duration-ms="666" started-at="2016-05-04T17:28:15Z" finished-at="2016-05-04T17:28:15Z">
          <reporter-output>
          </reporter-output>
        </test-method> <!-- afterClass -->
      </class> <!-- com.org.Example.myproject.TC9675_Test -->
      <class name="com.org.Example.myproject.TC9648_Test">
        <test-method status="PASS" signature="beforeClass()[pri:0, instance:com.org.Example.myproject.TC9648_Test@246ae04d]" name="beforeClass" is-config="true" duration-ms="14373" started-at="2016-05-04T15:40:12Z" finished-at="2016-05-04T15:40:26Z">
          <reporter-output>
          </reporter-output>
        </test-method> <!-- beforeClass -->
        <test-method status="PASS" signature="testSearchByIcixId()[pri:0, instance:com.org.Example.myproject.TC9648_Test@246ae04d]" name="testSearchByIcixId" duration-ms="138306" started-at="2016-05-04T15:40:26Z" finished-at="2016-05-04T15:42:44Z">
          <reporter-output>
          </reporter-output>
        </test-method> <!-- testSearchByIcixId -->
        <test-method status="PASS" signature="afterClass()[pri:0, instance:com.org.Example.myproject.TC9648_Test@246ae04d]" name="afterClass" is-config="true" duration-ms="660" started-at="2016-05-04T15:42:44Z" finished-at="2016-05-04T15:42:45Z">
          <reporter-output>
          </reporter-output>
        </test-method> <!-- afterClass -->
        <test-method status="PASS" signature="tearDown()[pri:0, instance:com.org.Example.myproject.TC9648_Test@246ae04d]" name="tearDown" is-config="true" duration-ms="0" started-at="2016-05-04T15:42:45Z" finished-at="2016-05-04T15:42:45Z">
          <reporter-output>
          </reporter-output>
        </test-method> <!-- tearDown -->
      </class> <!-- com.org.Example.myproject.TC9648_Test -->
      <class name="com.org.Example.myproject.TC9678_Test">
        <test-method status="PASS" signature="beforeClass()[pri:0, instance:com.org.Example.myproject.TC9678_Test@2d3fcdbd]" name="beforeClass" is-config="true" duration-ms="9650" started-at="2016-05-04T17:37:53Z" finished-at="2016-05-04T17:38:03Z">
          <reporter-output>
          </reporter-output>
        </test-method> <!-- beforeClass -->
        <test-method status="PASS" signature="send_document()[pri:0, instance:com.org.Example.myproject.TC9678_Test@2d3fcdbd]" name="send_document" duration-ms="146341" started-at="2016-05-04T17:38:03Z" finished-at="2016-05-04T17:40:29Z">
          <reporter-output>
          </reporter-output>
        </test-method> <!-- send_document -->
        <test-method status="PASS" signature="afterClass()[pri:0, instance:com.org.Example.myproject.TC9678_Test@2d3fcdbd]" name="afterClass" is-config="true" duration-ms="544" started-at="2016-05-04T17:40:29Z" finished-at="2016-05-04T17:40:30Z">
          <reporter-output>
          </reporter-output>
        </test-method> <!-- afterClass -->
      </class> <!-- com.org.Example.myproject.TC9678_Test -->
      <class name="com.org.Example.myproject.TC9672_Test">
        <test-method status="PASS" signature="beforeClass()[pri:0, instance:com.org.Example.myproject.TC9672_Test@15975490]" name="beforeClass" is-config="true" duration-ms="13135" started-at="2016-05-04T17:10:56Z" finished-at="2016-05-04T17:11:09Z">
          <reporter-output>
          </reporter-output>
        </test-method> <!-- beforeClass -->
        <test-method status="FAIL" signature="TwoActorWorkFlow()[pri:0, instance:com.org.Example.myproject.TC9672_Test@15975490]" name="TwoActorWorkFlow" duration-ms="235347" started-at="2016-05-04T17:11:09Z" finished-at="2016-05-04T17:15:05Z">
          <exception class="org.openqa.selenium.StaleElementReferenceException">
            <message>
              <![CDATA[Element not found in the cache - perhaps the page has changed since it was looked up
Command duration or timeout: 52.10 seconds
For documentation on this error, please visit: http://seleniumhq.org/exceptions/stale_element_reference.html
Build info: version: '2.53.0', revision: '35ae25b1534ae328c771e0856c93e187490ca824', time: '2016-03-15 10:43:46'
System info: host: 'SDN-151', ip: '172.10.55.185', os.name: 'Windows 8.1', os.arch: 'amd64', os.version: '6.3', java.version: '1.8.0_60'
Driver info: org.openqa.selenium.firefox.FirefoxDriver
Capabilities [{applicationCacheEnabled=true, rotatable=false, handlesAlerts=true, databaseEnabled=true, version=45.0.2, platform=WINDOWS, nativeEvents=false, acceptSslCerts=true, webStorageEnabled=true, locationContextEnabled=true, browserName=firefox, takesScreenshot=true, javascriptEnabled=true, cssSelectorsEnabled=true}]
Session ID: 0b427c55-ac42-46f7-8246-191c4f4e0b52]]>
            </message>
            <full-stacktrace>
              <![CDATA[org.openqa.selenium.StaleElementReferenceException: Element not found in the cache - perhaps the page has changed since it was looked up
Command duration or timeout: 52.10 seconds
For documentation on this error, please visit: http://seleniumhq.org/exceptions/stale_element_reference.html
Build info: version: '2.53.0', revision: '35ae25b1534ae328c771e0856c93e187490ca824', time: '2016-03-15 10:43:46'
System info: host: 'SDN-151', ip: '172.10.55.185', os.name: 'Windows 8.1', os.arch: 'amd64', os.version: '6.3', java.version: '1.8.0_60'
Driver info: org.openqa.selenium.firefox.FirefoxDriver
Capabilities [{applicationCacheEnabled=true, rotatable=false, handlesAlerts=true, databaseEnabled=true, version=45.0.2, platform=WINDOWS, nativeEvents=false, acceptSslCerts=true, webStorageEnabled=true, locationContextEnabled=true, browserName=firefox, takesScreenshot=true, javascriptEnabled=true, cssSelectorsEnabled=true}]
Session ID: 0b427c55-ac42-46f7-8246-191c4f4e0b52
	at sun.reflect.NativeConstructorAccessorImpl.newInstance0(Native Method)
	at sun.reflect.NativeConstructorAccessorImpl.newInstance(NativeConstructorAccessorImpl.java:62)
	at sun.reflect.DelegatingConstructorAccessorImpl.newInstance(DelegatingConstructorAccessorImpl.java:45)
	at java.lang.reflect.Constructor.newInstance(Constructor.java:422)
	at org.openqa.selenium.remote.ErrorHandler.createThrowable(ErrorHandler.java:206)
	at org.openqa.selenium.remote.ErrorHandler.throwIfResponseFailed(ErrorHandler.java:158)
	at org.openqa.selenium.remote.RemoteWebDriver.execute(RemoteWebDriver.java:678)
	at org.openqa.selenium.remote.RemoteWebElement.execute(RemoteWebElement.java:327)
	at org.openqa.selenium.remote.RemoteWebElement.click(RemoteWebElement.java:85)
	at com.org.Example.myproject.TC9672_Test.TwoActorWorkFlow(TC9672_Test.java:104)
	at sun.reflect.NativeMethodAccessorImpl.invoke0(Native Method)
	at sun.reflect.NativeMethodAccessorImpl.invoke(NativeMethodAccessorImpl.java:62)
	at sun.reflect.DelegatingMethodAccessorImpl.invoke(DelegatingMethodAccessorImpl.java:43)
	at java.lang.reflect.Method.invoke(Method.java:497)
	at org.testng.internal.MethodInvocationHelper.invokeMethod(MethodInvocationHelper.java:86)
	at org.testng.internal.Invoker.invokeMethod(Invoker.java:643)
	at org.testng.internal.Invoker.invokeTestMethod(Invoker.java:820)
	at org.testng.internal.Invoker.invokeTestMethods(Invoker.java:1128)
	at org.testng.internal.TestMethodWorker.invokeTestMethods(TestMethodWorker.java:129)
	at org.testng.internal.TestMethodWorker.run(TestMethodWorker.java:112)
	at org.testng.TestRunner.privateRun(TestRunner.java:782)
	at org.testng.TestRunner.run(TestRunner.java:632)
	at org.testng.SuiteRunner.runTest(SuiteRunner.java:366)
	at org.testng.SuiteRunner.runSequentially(SuiteRunner.java:361)
	at org.testng.SuiteRunner.privateRun(SuiteRunner.java:319)
	at org.testng.SuiteRunner.run(SuiteRunner.java:268)
	at org.testng.SuiteRunnerWorker.runSuite(SuiteRunnerWorker.java:52)
	at org.testng.SuiteRunnerWorker.run(SuiteRunnerWorker.java:86)
	at org.testng.TestNG.runSuitesSequentially(TestNG.java:1244)
	at org.testng.TestNG.runSuitesLocally(TestNG.java:1169)
	at org.testng.TestNG.run(TestNG.java:1064)
	at org.apache.maven.surefire.testng.TestNGExecutor.run(TestNGExecutor.java:77)
	at org.apache.maven.surefire.testng.TestNGDirectoryTestSuite.executeMulti(TestNGDirectoryTestSuite.java:159)
	at org.apache.maven.surefire.testng.TestNGDirectoryTestSuite.execute(TestNGDirectoryTestSuite.java:99)
	at org.apache.maven.surefire.testng.TestNGProvider.invoke(TestNGProvider.java:106)
	at sun.reflect.NativeMethodAccessorImpl.invoke0(Native Method)
	at sun.reflect.NativeMethodAccessorImpl.invoke(NativeMethodAccessorImpl.java:62)
	at sun.reflect.DelegatingMethodAccessorImpl.invoke(DelegatingMethodAccessorImpl.java:43)
	at java.lang.reflect.Method.invoke(Method.java:497)
	at org.apache.maven.surefire.util.ReflectionUtils.invokeMethodWithArray(ReflectionUtils.java:189)
	at org.apache.maven.surefire.booter.ProviderFactory$ProviderProxy.invoke(ProviderFactory.java:165)
	at org.apache.maven.surefire.booter.ProviderFactory.invokeProvider(ProviderFactory.java:85)
	at org.apache.maven.surefire.booter.ForkedBooter.runSuitesInProcess(ForkedBooter.java:115)
	at org.apache.maven.surefire.booter.ForkedBooter.main(ForkedBooter.java:75)
Caused by: org.openqa.selenium.StaleElementReferenceException: Element not found in the cache - perhaps the page has changed since it was looked up
For documentation on this error, please visit: http://seleniumhq.org/exceptions/stale_element_reference.html
Build info: version: '2.53.0', revision: '35ae25b1534ae328c771e0856c93e187490ca824', time: '2016-03-15 10:43:46'
System info: host: 'SDN-151', ip: '172.10.55.185', os.name: 'Windows 8.1', os.arch: 'amd64', os.version: '6.3', java.version: '1.8.0_60'
Driver info: driver.version: unknown
	at <anonymous class>.fxdriver.cache.getElementAt(resource://fxdriver/modules/web-element-cache.js:9454)
	at <anonymous class>.Utils.getElementAt(file:///C:/Users/SRNATK~1/AppData/Local/Temp/anonymous8025624498205160851webdriver-profile/extensions/fxdriver@googlecode.com/components/command-processor.js:9039)
	at <anonymous class>.fxdriver.preconditions.visible(file:///C:/Users/SRNATK~1/AppData/Local/Temp/anonymous8025624498205160851webdriver-profile/extensions/fxdriver@googlecode.com/components/command-processor.js:10090)
	at <anonymous class>.DelayedCommand.prototype.checkPreconditions_(file:///C:/Users/SRNATK~1/AppData/Local/Temp/anonymous8025624498205160851webdriver-profile/extensions/fxdriver@googlecode.com/components/command-processor.js:12644)
	at <anonymous class>.DelayedCommand.prototype.executeInternal_/h(file:///C:/Users/SRNATK~1/AppData/Local/Temp/anonymous8025624498205160851webdriver-profile/extensions/fxdriver@googlecode.com/components/command-processor.js:12661)
	at <anonymous class>.fxdriver.Timer.prototype.setTimeout/<.notify(file:///C:/Users/SRNATK~1/AppData/Local/Temp/anonymous8025624498205160851webdriver-profile/extensions/fxdriver@googlecode.com/components/command-processor.js:625)
]]>
            </full-stacktrace>
          </exception> <!-- org.openqa.selenium.StaleElementReferenceException -->
          <reporter-output>
          </reporter-output>
        </test-method> <!-- TwoActorWorkFlow -->
        <test-method status="PASS" signature="afterClass()[pri:0, instance:com.org.Example.myproject.TC9672_Test@15975490]" name="afterClass" is-config="true" duration-ms="1028" started-at="2016-05-04T17:15:05Z" finished-at="2016-05-04T17:15:06Z">
          <reporter-output>
          </reporter-output>
        </test-method> <!-- afterClass -->
      </class> <!-- com.org.Example.myproject.TC9672_Test -->
      <class name="com.org.Example.myproject.TC9670_Test">
        <test-method status="PASS" signature="beforeClass()[pri:0, instance:com.org.Example.myproject.TC9670_Test@90f6bfd]" name="beforeClass" is-config="true" duration-ms="10754" started-at="2016-05-04T16:46:56Z" finished-at="2016-05-04T16:47:07Z">
          <reporter-output>
          </reporter-output>
        </test-method> <!-- beforeClass -->
        <test-method status="PASS" signature="createNew_form()[pri:0, instance:com.org.Example.myproject.TC9670_Test@90f6bfd]" name="createNew_form" duration-ms="1167274" started-at="2016-05-04T16:47:07Z" finished-at="2016-05-04T17:06:34Z">
          <reporter-output>
          </reporter-output>
        </test-method> <!-- createNew_form -->
        <test-method status="PASS" signature="afterClass()[pri:0, instance:com.org.Example.myproject.TC9670_Test@90f6bfd]" name="afterClass" is-config="true" duration-ms="578" started-at="2016-05-04T17:06:34Z" finished-at="2016-05-04T17:06:35Z">
          <reporter-output>
          </reporter-output>
        </test-method> <!-- afterClass -->
      </class> <!-- com.org.Example.myproject.TC9670_Test -->
      <class name="com.org.Example.myproject.TC9659_Test">
        <test-method status="PASS" signature="beforeClass()[pri:0, instance:com.org.Example.myproject.TC9659_Test@6fb554cc]" name="beforeClass" is-config="true" duration-ms="10383" started-at="2016-05-04T16:13:04Z" finished-at="2016-05-04T16:13:15Z">
          <reporter-output>
          </reporter-output>
        </test-method> <!-- beforeClass -->
        <test-method status="PASS" signature="Tagstest()[pri:0, instance:com.org.Example.myproject.TC9659_Test@6fb554cc]" name="Tagstest" duration-ms="152058" started-at="2016-05-04T16:13:15Z" finished-at="2016-05-04T16:15:47Z">
          <reporter-output>
          </reporter-output>
        </test-method> <!-- Tagstest -->
        <test-method status="PASS" signature="afterClass()[pri:0, instance:com.org.Example.myproject.TC9659_Test@6fb554cc]" name="afterClass" is-config="true" duration-ms="501" started-at="2016-05-04T16:15:47Z" finished-at="2016-05-04T16:15:47Z">
          <reporter-output>
          </reporter-output>
        </test-method> <!-- afterClass -->
      </class> <!-- com.org.Example.myproject.TC9659_Test -->
      <class name="com.org.Example.myproject.TC9667_Test">
        <test-method status="PASS" signature="beforeClass()[pri:0, instance:com.org.Example.myproject.TC9667_Test@3567135c]" name="beforeClass" is-config="true" duration-ms="10885" started-at="2016-05-04T16:35:15Z" finished-at="2016-05-04T16:35:26Z">
          <reporter-output>
          </reporter-output>
        </test-method> <!-- beforeClass -->
        <test-method status="PASS" signature="Productgroup()[pri:0, instance:com.org.Example.myproject.TC9667_Test@3567135c]" name="Productgroup" duration-ms="190178" started-at="2016-05-04T16:35:26Z" finished-at="2016-05-04T16:38:36Z">
          <reporter-output>
          </reporter-output>
        </test-method> <!-- Productgroup -->
        <test-method status="PASS" signature="afterClass()[pri:0, instance:com.org.Example.myproject.TC9667_Test@3567135c]" name="afterClass" is-config="true" duration-ms="947" started-at="2016-05-04T16:38:36Z" finished-at="2016-05-04T16:38:37Z">
          <reporter-output>
          </reporter-output>
        </test-method> <!-- afterClass -->
      </class> <!-- com.org.Example.myproject.TC9667_Test -->
      <class name="com.org.Example.myproject.TC9676_Test">
        <test-method status="PASS" signature="beforeClass()[pri:0, instance:com.org.Example.myproject.TC9676_Test@4909b8da]" name="beforeClass" is-config="true" duration-ms="10849" started-at="2016-05-04T17:28:15Z" finished-at="2016-05-04T17:28:26Z">
          <reporter-output>
          </reporter-output>
        </test-method> <!-- beforeClass -->
        <test-method status="FAIL" signature="send_document()[pri:0, instance:com.org.Example.myproject.TC9676_Test@4909b8da]" name="send_document" duration-ms="364773" started-at="2016-05-04T17:28:26Z" finished-at="2016-05-04T17:34:31Z">
          <exception class="org.openqa.selenium.NoSuchElementException">
            <message>
              <![CDATA[Unable to locate element: {"method":"id","selector":"vfFrameId"}
Command duration or timeout: 100.02 seconds
For documentation on this error, please visit: http://seleniumhq.org/exceptions/no_such_element.html
Build info: version: '2.53.0', revision: '35ae25b1534ae328c771e0856c93e187490ca824', time: '2016-03-15 10:43:46'
System info: host: 'SDN-151', ip: '172.10.55.185', os.name: 'Windows 8.1', os.arch: 'amd64', os.version: '6.3', java.version: '1.8.0_60'
Driver info: org.openqa.selenium.firefox.FirefoxDriver
Capabilities [{applicationCacheEnabled=true, rotatable=false, handlesAlerts=true, databaseEnabled=true, version=45.0.2, platform=WINDOWS, nativeEvents=false, acceptSslCerts=true, webStorageEnabled=true, locationContextEnabled=true, browserName=firefox, takesScreenshot=true, javascriptEnabled=true, cssSelectorsEnabled=true}]
Session ID: 0cfc2081-3cfb-4c29-b779-7beb06ae8cc5
*** Element info: {Using=id, value=vfFrameId}]]>
            </message>
            <full-stacktrace>
              <![CDATA[org.openqa.selenium.NoSuchElementException: Unable to locate element: {"method":"id","selector":"vfFrameId"}
Command duration or timeout: 100.02 seconds
For documentation on this error, please visit: http://seleniumhq.org/exceptions/no_such_element.html
Build info: version: '2.53.0', revision: '35ae25b1534ae328c771e0856c93e187490ca824', time: '2016-03-15 10:43:46'
System info: host: 'SDN-151', ip: '172.10.55.185', os.name: 'Windows 8.1', os.arch: 'amd64', os.version: '6.3', java.version: '1.8.0_60'
Driver info: org.openqa.selenium.firefox.FirefoxDriver
Capabilities [{applicationCacheEnabled=true, rotatable=false, handlesAlerts=true, databaseEnabled=true, version=45.0.2, platform=WINDOWS, nativeEvents=false, acceptSslCerts=true, webStorageEnabled=true, locationContextEnabled=true, browserName=firefox, takesScreenshot=true, javascriptEnabled=true, cssSelectorsEnabled=true}]
Session ID: 0cfc2081-3cfb-4c29-b779-7beb06ae8cc5
*** Element info: {Using=id, value=vfFrameId}
	at sun.reflect.NativeConstructorAccessorImpl.newInstance0(Native Method)
	at sun.reflect.NativeConstructorAccessorImpl.newInstance(NativeConstructorAccessorImpl.java:62)
	at sun.reflect.DelegatingConstructorAccessorImpl.newInstance(DelegatingConstructorAccessorImpl.java:45)
	at java.lang.reflect.Constructor.newInstance(Constructor.java:422)
	at org.openqa.selenium.remote.ErrorHandler.createThrowable(ErrorHandler.java:206)
	at org.openqa.selenium.remote.ErrorHandler.throwIfResponseFailed(ErrorHandler.java:158)
	at org.openqa.selenium.remote.RemoteWebDriver.execute(RemoteWebDriver.java:678)
	at org.openqa.selenium.remote.RemoteWebDriver.findElement(RemoteWebDriver.java:363)
	at org.openqa.selenium.remote.RemoteWebDriver.findElementById(RemoteWebDriver.java:413)
	at org.openqa.selenium.By$ById.findElement(By.java:218)
	at org.openqa.selenium.remote.RemoteWebDriver.findElement(RemoteWebDriver.java:355)
	at com.org.Example.myproject.TC9676_Test.send_document(TC9676_Test.java:103)
	at sun.reflect.NativeMethodAccessorImpl.invoke0(Native Method)
	at sun.reflect.NativeMethodAccessorImpl.invoke(NativeMethodAccessorImpl.java:62)
	at sun.reflect.DelegatingMethodAccessorImpl.invoke(DelegatingMethodAccessorImpl.java:43)
	at java.lang.reflect.Method.invoke(Method.java:497)
	at org.testng.internal.MethodInvocationHelper.invokeMethod(MethodInvocationHelper.java:86)
	at org.testng.internal.Invoker.invokeMethod(Invoker.java:643)
	at org.testng.internal.Invoker.invokeTestMethod(Invoker.java:820)
	at org.testng.internal.Invoker.invokeTestMethods(Invoker.java:1128)
	at org.testng.internal.TestMethodWorker.invokeTestMethods(TestMethodWorker.java:129)
	at org.testng.internal.TestMethodWorker.run(TestMethodWorker.java:112)
	at org.testng.TestRunner.privateRun(TestRunner.java:782)
	at org.testng.TestRunner.run(TestRunner.java:632)
	at org.testng.SuiteRunner.runTest(SuiteRunner.java:366)
	at org.testng.SuiteRunner.runSequentially(SuiteRunner.java:361)
	at org.testng.SuiteRunner.privateRun(SuiteRunner.java:319)
	at org.testng.SuiteRunner.run(SuiteRunner.java:268)
	at org.testng.SuiteRunnerWorker.runSuite(SuiteRunnerWorker.java:52)
	at org.testng.SuiteRunnerWorker.run(SuiteRunnerWorker.java:86)
	at org.testng.TestNG.runSuitesSequentially(TestNG.java:1244)
	at org.testng.TestNG.runSuitesLocally(TestNG.java:1169)
	at org.testng.TestNG.run(TestNG.java:1064)
	at org.apache.maven.surefire.testng.TestNGExecutor.run(TestNGExecutor.java:77)
	at org.apache.maven.surefire.testng.TestNGDirectoryTestSuite.executeMulti(TestNGDirectoryTestSuite.java:159)
	at org.apache.maven.surefire.testng.TestNGDirectoryTestSuite.execute(TestNGDirectoryTestSuite.java:99)
	at org.apache.maven.surefire.testng.TestNGProvider.invoke(TestNGProvider.java:106)
	at sun.reflect.NativeMethodAccessorImpl.invoke0(Native Method)
	at sun.reflect.NativeMethodAccessorImpl.invoke(NativeMethodAccessorImpl.java:62)
	at sun.reflect.DelegatingMethodAccessorImpl.invoke(DelegatingMethodAccessorImpl.java:43)
	at java.lang.reflect.Method.invoke(Method.java:497)
	at org.apache.maven.surefire.util.ReflectionUtils.invokeMethodWithArray(ReflectionUtils.java:189)
	at org.apache.maven.surefire.booter.ProviderFactory$ProviderProxy.invoke(ProviderFactory.java:165)
	at org.apache.maven.surefire.booter.ProviderFactory.invokeProvider(ProviderFactory.java:85)
	at org.apache.maven.surefire.booter.ForkedBooter.runSuitesInProcess(ForkedBooter.java:115)
	at org.apache.maven.surefire.booter.ForkedBooter.main(ForkedBooter.java:75)
Caused by: org.openqa.selenium.NoSuchElementException: Unable to locate element: {"method":"id","selector":"vfFrameId"}
For documentation on this error, please visit: http://seleniumhq.org/exceptions/no_such_element.html
Build info: version: '2.53.0', revision: '35ae25b1534ae328c771e0856c93e187490ca824', time: '2016-03-15 10:43:46'
System info: host: 'SDN-151', ip: '172.10.55.185', os.name: 'Windows 8.1', os.arch: 'amd64', os.version: '6.3', java.version: '1.8.0_60'
Driver info: driver.version: unknown
	at <anonymous class>.FirefoxDriver.prototype.findElementInternal_(file:///C:/Users/SRNATK~1/AppData/Local/Temp/anonymous6228265239346504558webdriver-profile/extensions/fxdriver@googlecode.com/components/driver-component.js:10770)
	at <anonymous class>.fxdriver.Timer.prototype.setTimeout/<.notify(file:///C:/Users/SRNATK~1/AppData/Local/Temp/anonymous6228265239346504558webdriver-profile/extensions/fxdriver@googlecode.com/components/driver-component.js:625)
]]>
            </full-stacktrace>
          </exception> <!-- org.openqa.selenium.NoSuchElementException -->
          <reporter-output>
          </reporter-output>
        </test-method> <!-- send_document -->
        <test-method status="PASS" signature="afterClass()[pri:0, instance:com.org.Example.myproject.TC9676_Test@4909b8da]" name="afterClass" is-config="true" duration-ms="687" started-at="2016-05-04T17:34:31Z" finished-at="2016-05-04T17:34:32Z">
          <reporter-output>
          </reporter-output>
        </test-method> <!-- afterClass -->
      </class> <!-- com.org.Example.myproject.TC9676_Test -->
      <class name="com.org.Example.myproject.TC9665_Test">
        <test-method status="PASS" signature="beforeClass()[pri:0, instance:com.org.Example.myproject.TC9665_Test@68837a77]" name="beforeClass" is-config="true" duration-ms="11922" started-at="2016-05-04T16:27:32Z" finished-at="2016-05-04T16:27:44Z">
          <reporter-output>
          </reporter-output>
        </test-method> <!-- beforeClass -->
        <test-method status="PASS" signature="test()[pri:0, instance:com.org.Example.myproject.TC9665_Test@68837a77]" name="test" duration-ms="226692" started-at="2016-05-04T16:27:44Z" finished-at="2016-05-04T16:31:30Z">
          <reporter-output>
          </reporter-output>
        </test-method> <!-- test -->
        <test-method status="PASS" signature="afterClass()[pri:0, instance:com.org.Example.myproject.TC9665_Test@68837a77]" name="afterClass" is-config="true" duration-ms="580" started-at="2016-05-04T16:31:30Z" finished-at="2016-05-04T16:31:31Z">
          <reporter-output>
          </reporter-output>
        </test-method> <!-- afterClass -->
      </class> <!-- com.org.Example.myproject.TC9665_Test -->
      <class name="com.org.Example.myproject.TC9673_Test">
        <test-method status="PASS" signature="beforeClass()[pri:0, instance:com.org.Example.myproject.TC9673_Test@6b143ee9]" name="beforeClass" is-config="true" duration-ms="13946" started-at="2016-05-04T17:15:06Z" finished-at="2016-05-04T17:15:20Z">
          <reporter-output>
          </reporter-output>
        </test-method> <!-- beforeClass -->
        <test-method status="PASS" signature="productTwoactor_workflow()[pri:0, instance:com.org.Example.myproject.TC9673_Test@6b143ee9]" name="productTwoactor_workflow" duration-ms="349241" started-at="2016-05-04T17:15:20Z" finished-at="2016-05-04T17:21:09Z">
          <reporter-output>
          </reporter-output>
        </test-method> <!-- productTwoactor_workflow -->
        <test-method status="PASS" signature="afterClass()[pri:0, instance:com.org.Example.myproject.TC9673_Test@6b143ee9]" name="afterClass" is-config="true" duration-ms="737" started-at="2016-05-04T17:21:09Z" finished-at="2016-05-04T17:21:10Z">
          <reporter-output>
          </reporter-output>
        </test-method> <!-- afterClass -->
      </class> <!-- com.org.Example.myproject.TC9673_Test -->
      <class name="com.org.Example.myproject.Request_SubmitFormTest">
        <test-method status="PASS" signature="beforeClass()[pri:0, instance:com.org.Example.myproject.Request_SubmitFormTest@1324409e]" name="beforeClass" is-config="true" duration-ms="21863" started-at="2016-05-04T15:30:57Z" finished-at="2016-05-04T15:31:19Z">
          <reporter-output>
          </reporter-output>
        </test-method> <!-- beforeClass -->
        <test-method status="PASS" signature="SubmitformBYresponder()[pri:0, instance:com.org.Example.myproject.Request_SubmitFormTest@1324409e]" name="SubmitformBYresponder" duration-ms="401427" started-at="2016-05-04T15:31:19Z" finished-at="2016-05-04T15:38:00Z">
          <reporter-output>
          </reporter-output>
        </test-method> <!-- SubmitformBYresponder -->
        <test-method status="PASS" signature="afterClass()[pri:0, instance:com.org.Example.myproject.Request_SubmitFormTest@1324409e]" name="afterClass" is-config="true" duration-ms="5811" started-at="2016-05-04T15:38:00Z" finished-at="2016-05-04T15:38:06Z">
          <reporter-output>
          </reporter-output>
        </test-method> <!-- afterClass -->
      </class> <!-- com.org.Example.myproject.Request_SubmitFormTest -->
      <class name="com.org.Example.myproject.TC9668_Test">
        <test-method status="PASS" signature="beforeClass()[pri:0, instance:com.org.Example.myproject.TC9668_Test@327471b5]" name="beforeClass" is-config="true" duration-ms="10183" started-at="2016-05-04T16:38:37Z" finished-at="2016-05-04T16:38:47Z">
          <reporter-output>
          </reporter-output>
        </test-method> <!-- beforeClass -->
        <test-method status="PASS" signature="test()[pri:0, instance:com.org.Example.myproject.TC9668_Test@327471b5]" name="test" duration-ms="226327" started-at="2016-05-04T16:38:47Z" finished-at="2016-05-04T16:42:33Z">
          <reporter-output>
          </reporter-output>
        </test-method> <!-- test -->
        <test-method status="PASS" signature="afterClass()[pri:0, instance:com.org.Example.myproject.TC9668_Test@327471b5]" name="afterClass" is-config="true" duration-ms="565" started-at="2016-05-04T16:42:33Z" finished-at="2016-05-04T16:42:34Z">
          <reporter-output>
          </reporter-output>
        </test-method> <!-- afterClass -->
      </class> <!-- com.org.Example.myproject.TC9668_Test -->
      <class name="com.org.Example.myproject.TC9649_Test">
        <test-method status="PASS" signature="beforeClass()[pri:0, instance:com.org.Example.myproject.TC9649_Test@62043840]" name="beforeClass" is-config="true" duration-ms="11685" started-at="2016-05-04T15:42:45Z" finished-at="2016-05-04T15:42:57Z">
          <reporter-output>
          </reporter-output>
        </test-method> <!-- beforeClass -->
        <test-method status="PASS" signature="testSearchByIcixId()[pri:0, instance:com.org.Example.myproject.TC9649_Test@62043840]" name="testSearchByIcixId" duration-ms="142686" started-at="2016-05-04T15:42:57Z" finished-at="2016-05-04T15:45:19Z">
          <reporter-output>
          </reporter-output>
        </test-method> <!-- testSearchByIcixId -->
        <test-method status="PASS" signature="afterClass()[pri:0, instance:com.org.Example.myproject.TC9649_Test@62043840]" name="afterClass" is-config="true" duration-ms="539" started-at="2016-05-04T15:45:19Z" finished-at="2016-05-04T15:45:20Z">
          <reporter-output>
          </reporter-output>
        </test-method> <!-- afterClass -->
      </class> <!-- com.org.Example.myproject.TC9649_Test -->
      <class name="com.org.Example.myproject.TC9674_Test">
        <test-method status="PASS" signature="beforeClass()[pri:0, instance:com.org.Example.myproject.TC9674_Test@1936f0f5]" name="beforeClass" is-config="true" duration-ms="10626" started-at="2016-05-04T17:21:10Z" finished-at="2016-05-04T17:21:20Z">
          <reporter-output>
          </reporter-output>
        </test-method> <!-- beforeClass -->
        <test-method status="FAIL" signature="RecallWorkFlow()[pri:0, instance:com.org.Example.myproject.TC9674_Test@1936f0f5]" name="RecallWorkFlow" duration-ms="212185" started-at="2016-05-04T17:21:20Z" finished-at="2016-05-04T17:24:52Z">
          <exception class="org.openqa.selenium.ElementNotVisibleException">
            <message>
              <![CDATA[Element is not currently visible and so may not be interacted with
Command duration or timeout: 15.10 seconds
Build info: version: '2.53.0', revision: '35ae25b1534ae328c771e0856c93e187490ca824', time: '2016-03-15 10:43:46'
System info: host: 'SDN-151', ip: '172.10.55.185', os.name: 'Windows 8.1', os.arch: 'amd64', os.version: '6.3', java.version: '1.8.0_60'
Driver info: org.openqa.selenium.firefox.FirefoxDriver
Capabilities [{applicationCacheEnabled=true, rotatable=false, handlesAlerts=true, databaseEnabled=true, version=45.0.2, platform=WINDOWS, nativeEvents=false, acceptSslCerts=true, webStorageEnabled=true, locationContextEnabled=true, browserName=firefox, takesScreenshot=true, javascriptEnabled=true, cssSelectorsEnabled=true}]
Session ID: 1728df5d-bd0d-4e56-90c5-acfd44f194e7]]>
            </message>
            <full-stacktrace>
              <![CDATA[org.openqa.selenium.ElementNotVisibleException: Element is not currently visible and so may not be interacted with
Command duration or timeout: 15.10 seconds
Build info: version: '2.53.0', revision: '35ae25b1534ae328c771e0856c93e187490ca824', time: '2016-03-15 10:43:46'
System info: host: 'SDN-151', ip: '172.10.55.185', os.name: 'Windows 8.1', os.arch: 'amd64', os.version: '6.3', java.version: '1.8.0_60'
Driver info: org.openqa.selenium.firefox.FirefoxDriver
Capabilities [{applicationCacheEnabled=true, rotatable=false, handlesAlerts=true, databaseEnabled=true, version=45.0.2, platform=WINDOWS, nativeEvents=false, acceptSslCerts=true, webStorageEnabled=true, locationContextEnabled=true, browserName=firefox, takesScreenshot=true, javascriptEnabled=true, cssSelectorsEnabled=true}]
Session ID: 1728df5d-bd0d-4e56-90c5-acfd44f194e7
	at sun.reflect.NativeConstructorAccessorImpl.newInstance0(Native Method)
	at sun.reflect.NativeConstructorAccessorImpl.newInstance(NativeConstructorAccessorImpl.java:62)
	at sun.reflect.DelegatingConstructorAccessorImpl.newInstance(DelegatingConstructorAccessorImpl.java:45)
	at java.lang.reflect.Constructor.newInstance(Constructor.java:422)
	at org.openqa.selenium.remote.ErrorHandler.createThrowable(ErrorHandler.java:206)
	at org.openqa.selenium.remote.ErrorHandler.throwIfResponseFailed(ErrorHandler.java:158)
	at org.openqa.selenium.remote.RemoteWebDriver.execute(RemoteWebDriver.java:678)
	at org.openqa.selenium.remote.RemoteWebElement.execute(RemoteWebElement.java:327)
	at org.openqa.selenium.remote.RemoteWebElement.click(RemoteWebElement.java:85)
	at com.org.Example.myproject.TC9674_Test.RecallWorkFlow(TC9674_Test.java:123)
	at sun.reflect.NativeMethodAccessorImpl.invoke0(Native Method)
	at sun.reflect.NativeMethodAccessorImpl.invoke(NativeMethodAccessorImpl.java:62)
	at sun.reflect.DelegatingMethodAccessorImpl.invoke(DelegatingMethodAccessorImpl.java:43)
	at java.lang.reflect.Method.invoke(Method.java:497)
	at org.testng.internal.MethodInvocationHelper.invokeMethod(MethodInvocationHelper.java:86)
	at org.testng.internal.Invoker.invokeMethod(Invoker.java:643)
	at org.testng.internal.Invoker.invokeTestMethod(Invoker.java:820)
	at org.testng.internal.Invoker.invokeTestMethods(Invoker.java:1128)
	at org.testng.internal.TestMethodWorker.invokeTestMethods(TestMethodWorker.java:129)
	at org.testng.internal.TestMethodWorker.run(TestMethodWorker.java:112)
	at org.testng.TestRunner.privateRun(TestRunner.java:782)
	at org.testng.TestRunner.run(TestRunner.java:632)
	at org.testng.SuiteRunner.runTest(SuiteRunner.java:366)
	at org.testng.SuiteRunner.runSequentially(SuiteRunner.java:361)
	at org.testng.SuiteRunner.privateRun(SuiteRunner.java:319)
	at org.testng.SuiteRunner.run(SuiteRunner.java:268)
	at org.testng.SuiteRunnerWorker.runSuite(SuiteRunnerWorker.java:52)
	at org.testng.SuiteRunnerWorker.run(SuiteRunnerWorker.java:86)
	at org.testng.TestNG.runSuitesSequentially(TestNG.java:1244)
	at org.testng.TestNG.runSuitesLocally(TestNG.java:1169)
	at org.testng.TestNG.run(TestNG.java:1064)
	at org.apache.maven.surefire.testng.TestNGExecutor.run(TestNGExecutor.java:77)
	at org.apache.maven.surefire.testng.TestNGDirectoryTestSuite.executeMulti(TestNGDirectoryTestSuite.java:159)
	at org.apache.maven.surefire.testng.TestNGDirectoryTestSuite.execute(TestNGDirectoryTestSuite.java:99)
	at org.apache.maven.surefire.testng.TestNGProvider.invoke(TestNGProvider.java:106)
	at sun.reflect.NativeMethodAccessorImpl.invoke0(Native Method)
	at sun.reflect.NativeMethodAccessorImpl.invoke(NativeMethodAccessorImpl.java:62)
	at sun.reflect.DelegatingMethodAccessorImpl.invoke(DelegatingMethodAccessorImpl.java:43)
	at java.lang.reflect.Method.invoke(Method.java:497)
	at org.apache.maven.surefire.util.ReflectionUtils.invokeMethodWithArray(ReflectionUtils.java:189)
	at org.apache.maven.surefire.booter.ProviderFactory$ProviderProxy.invoke(ProviderFactory.java:165)
	at org.apache.maven.surefire.booter.ProviderFactory.invokeProvider(ProviderFactory.java:85)
	at org.apache.maven.surefire.booter.ForkedBooter.runSuitesInProcess(ForkedBooter.java:115)
	at org.apache.maven.surefire.booter.ForkedBooter.main(ForkedBooter.java:75)
Caused by: org.openqa.selenium.ElementNotVisibleException: Element is not currently visible and so may not be interacted with
Build info: version: '2.53.0', revision: '35ae25b1534ae328c771e0856c93e187490ca824', time: '2016-03-15 10:43:46'
System info: host: 'SDN-151', ip: '172.10.55.185', os.name: 'Windows 8.1', os.arch: 'amd64', os.version: '6.3', java.version: '1.8.0_60'
Driver info: driver.version: unknown
	at <anonymous class>.fxdriver.preconditions.visible(file:///C:/Users/SRNATK~1/AppData/Local/Temp/anonymous6624902966684114391webdriver-profile/extensions/fxdriver@googlecode.com/components/command-processor.js:10092)
	at <anonymous class>.DelayedCommand.prototype.checkPreconditions_(file:///C:/Users/SRNATK~1/AppData/Local/Temp/anonymous6624902966684114391webdriver-profile/extensions/fxdriver@googlecode.com/components/command-processor.js:12644)
	at <anonymous class>.DelayedCommand.prototype.executeInternal_/h(file:///C:/Users/SRNATK~1/AppData/Local/Temp/anonymous6624902966684114391webdriver-profile/extensions/fxdriver@googlecode.com/components/command-processor.js:12661)
	at <anonymous class>.fxdriver.Timer.prototype.setTimeout/<.notify(file:///C:/Users/SRNATK~1/AppData/Local/Temp/anonymous6624902966684114391webdriver-profile/extensions/fxdriver@googlecode.com/components/command-processor.js:625)
]]>
            </full-stacktrace>
          </exception> <!-- org.openqa.selenium.ElementNotVisibleException -->
          <reporter-output>
          </reporter-output>
        </test-method> <!-- RecallWorkFlow -->
        <test-method status="PASS" signature="afterClass()[pri:0, instance:com.org.Example.myproject.TC9674_Test@1936f0f5]" name="afterClass" is-config="true" duration-ms="694" started-at="2016-05-04T17:24:52Z" finished-at="2016-05-04T17:24:53Z">
          <reporter-output>
          </reporter-output>
        </test-method> <!-- afterClass -->
      </class> <!-- com.org.Example.myproject.TC9674_Test -->
      <class name="com.org.Example.myproject.TC9677_Test">
        <test-method status="PASS" signature="beforeClass()[pri:0, instance:com.org.Example.myproject.TC9677_Test@3a03464]" name="beforeClass" is-config="true" duration-ms="12247" started-at="2016-05-04T17:34:32Z" finished-at="2016-05-04T17:34:44Z">
          <reporter-output>
          </reporter-output>
        </test-method> <!-- beforeClass -->
        <test-method status="FAIL" signature="send_document()[pri:0, instance:com.org.Example.myproject.TC9677_Test@3a03464]" name="send_document" duration-ms="188422" started-at="2016-05-04T17:34:44Z" finished-at="2016-05-04T17:37:52Z">
          <exception class="org.openqa.selenium.NoSuchElementException">
            <message>
              <![CDATA[Unable to locate element: {"method":"link text","selector":"Incident"}
Command duration or timeout: 50.97 seconds
For documentation on this error, please visit: http://seleniumhq.org/exceptions/no_such_element.html
Build info: version: '2.53.0', revision: '35ae25b1534ae328c771e0856c93e187490ca824', time: '2016-03-15 10:43:46'
System info: host: 'SDN-151', ip: '172.10.55.185', os.name: 'Windows 8.1', os.arch: 'amd64', os.version: '6.3', java.version: '1.8.0_60'
Driver info: org.openqa.selenium.firefox.FirefoxDriver
Capabilities [{applicationCacheEnabled=true, rotatable=false, handlesAlerts=true, databaseEnabled=true, version=45.0.2, platform=WINDOWS, nativeEvents=false, acceptSslCerts=true, webStorageEnabled=true, locationContextEnabled=true, browserName=firefox, takesScreenshot=true, javascriptEnabled=true, cssSelectorsEnabled=true}]
Session ID: 618fe7dc-1586-441e-8227-d55cfc2982d3
*** Element info: {Using=link text, value=Incident}]]>
            </message>
            <full-stacktrace>
              <![CDATA[org.openqa.selenium.NoSuchElementException: Unable to locate element: {"method":"link text","selector":"Incident"}
Command duration or timeout: 50.97 seconds
For documentation on this error, please visit: http://seleniumhq.org/exceptions/no_such_element.html
Build info: version: '2.53.0', revision: '35ae25b1534ae328c771e0856c93e187490ca824', time: '2016-03-15 10:43:46'
System info: host: 'SDN-151', ip: '172.10.55.185', os.name: 'Windows 8.1', os.arch: 'amd64', os.version: '6.3', java.version: '1.8.0_60'
Driver info: org.openqa.selenium.firefox.FirefoxDriver
Capabilities [{applicationCacheEnabled=true, rotatable=false, handlesAlerts=true, databaseEnabled=true, version=45.0.2, platform=WINDOWS, nativeEvents=false, acceptSslCerts=true, webStorageEnabled=true, locationContextEnabled=true, browserName=firefox, takesScreenshot=true, javascriptEnabled=true, cssSelectorsEnabled=true}]
Session ID: 618fe7dc-1586-441e-8227-d55cfc2982d3
*** Element info: {Using=link text, value=Incident}
	at sun.reflect.NativeConstructorAccessorImpl.newInstance0(Native Method)
	at sun.reflect.NativeConstructorAccessorImpl.newInstance(NativeConstructorAccessorImpl.java:62)
	at sun.reflect.DelegatingConstructorAccessorImpl.newInstance(DelegatingConstructorAccessorImpl.java:45)
	at java.lang.reflect.Constructor.newInstance(Constructor.java:422)
	at org.openqa.selenium.remote.ErrorHandler.createThrowable(ErrorHandler.java:206)
	at org.openqa.selenium.remote.ErrorHandler.throwIfResponseFailed(ErrorHandler.java:158)
	at org.openqa.selenium.remote.RemoteWebDriver.execute(RemoteWebDriver.java:678)
	at org.openqa.selenium.remote.RemoteWebDriver.findElement(RemoteWebDriver.java:363)
	at org.openqa.selenium.remote.RemoteWebDriver.findElementByLinkText(RemoteWebDriver.java:428)
	at org.openqa.selenium.By$ByLinkText.findElement(By.java:246)
	at org.openqa.selenium.remote.RemoteWebDriver.findElement(RemoteWebDriver.java:355)
	at com.org.Example.myproject.TC9677_Test.send_document(TC9677_Test.java:85)
	at sun.reflect.NativeMethodAccessorImpl.invoke0(Native Method)
	at sun.reflect.NativeMethodAccessorImpl.invoke(NativeMethodAccessorImpl.java:62)
	at sun.reflect.DelegatingMethodAccessorImpl.invoke(DelegatingMethodAccessorImpl.java:43)
	at java.lang.reflect.Method.invoke(Method.java:497)
	at org.testng.internal.MethodInvocationHelper.invokeMethod(MethodInvocationHelper.java:86)
	at org.testng.internal.Invoker.invokeMethod(Invoker.java:643)
	at org.testng.internal.Invoker.invokeTestMethod(Invoker.java:820)
	at org.testng.internal.Invoker.invokeTestMethods(Invoker.java:1128)
	at org.testng.internal.TestMethodWorker.invokeTestMethods(TestMethodWorker.java:129)
	at org.testng.internal.TestMethodWorker.run(TestMethodWorker.java:112)
	at org.testng.TestRunner.privateRun(TestRunner.java:782)
	at org.testng.TestRunner.run(TestRunner.java:632)
	at org.testng.SuiteRunner.runTest(SuiteRunner.java:366)
	at org.testng.SuiteRunner.runSequentially(SuiteRunner.java:361)
	at org.testng.SuiteRunner.privateRun(SuiteRunner.java:319)
	at org.testng.SuiteRunner.run(SuiteRunner.java:268)
	at org.testng.SuiteRunnerWorker.runSuite(SuiteRunnerWorker.java:52)
	at org.testng.SuiteRunnerWorker.run(SuiteRunnerWorker.java:86)
	at org.testng.TestNG.runSuitesSequentially(TestNG.java:1244)
	at org.testng.TestNG.runSuitesLocally(TestNG.java:1169)
	at org.testng.TestNG.run(TestNG.java:1064)
	at org.apache.maven.surefire.testng.TestNGExecutor.run(TestNGExecutor.java:77)
	at org.apache.maven.surefire.testng.TestNGDirectoryTestSuite.executeMulti(TestNGDirectoryTestSuite.java:159)
	at org.apache.maven.surefire.testng.TestNGDirectoryTestSuite.execute(TestNGDirectoryTestSuite.java:99)
	at org.apache.maven.surefire.testng.TestNGProvider.invoke(TestNGProvider.java:106)
	at sun.reflect.NativeMethodAccessorImpl.invoke0(Native Method)
	at sun.reflect.NativeMethodAccessorImpl.invoke(NativeMethodAccessorImpl.java:62)
	at sun.reflect.DelegatingMethodAccessorImpl.invoke(DelegatingMethodAccessorImpl.java:43)
	at java.lang.reflect.Method.invoke(Method.java:497)
	at org.apache.maven.surefire.util.ReflectionUtils.invokeMethodWithArray(ReflectionUtils.java:189)
	at org.apache.maven.surefire.booter.ProviderFactory$ProviderProxy.invoke(ProviderFactory.java:165)
	at org.apache.maven.surefire.booter.ProviderFactory.invokeProvider(ProviderFactory.java:85)
	at org.apache.maven.surefire.booter.ForkedBooter.runSuitesInProcess(ForkedBooter.java:115)
	at org.apache.maven.surefire.booter.ForkedBooter.main(ForkedBooter.java:75)
Caused by: org.openqa.selenium.NoSuchElementException: Unable to locate element: {"method":"link text","selector":"Incident"}
For documentation on this error, please visit: http://seleniumhq.org/exceptions/no_such_element.html
Build info: version: '2.53.0', revision: '35ae25b1534ae328c771e0856c93e187490ca824', time: '2016-03-15 10:43:46'
System info: host: 'SDN-151', ip: '172.10.55.185', os.name: 'Windows 8.1', os.arch: 'amd64', os.version: '6.3', java.version: '1.8.0_60'
Driver info: driver.version: unknown
	at <anonymous class>.FirefoxDriver.prototype.findElementInternal_(file:///C:/Users/SRNATK~1/AppData/Local/Temp/anonymous7053588577530120454webdriver-profile/extensions/fxdriver@googlecode.com/components/driver-component.js:10770)
	at <anonymous class>.fxdriver.Timer.prototype.setTimeout/<.notify(file:///C:/Users/SRNATK~1/AppData/Local/Temp/anonymous7053588577530120454webdriver-profile/extensions/fxdriver@googlecode.com/components/driver-component.js:625)
]]>
            </full-stacktrace>
          </exception> <!-- org.openqa.selenium.NoSuchElementException -->
          <reporter-output>
          </reporter-output>
        </test-method> <!-- send_document -->
        <test-method status="PASS" signature="afterClass()[pri:0, instance:com.org.Example.myproject.TC9677_Test@3a03464]" name="afterClass" is-config="true" duration-ms="523" started-at="2016-05-04T17:37:52Z" finished-at="2016-05-04T17:37:53Z">
          <reporter-output>
          </reporter-output>
        </test-method> <!-- afterClass -->
      </class> <!-- com.org.Example.myproject.TC9677_Test -->
      <class name="com.org.Example.myproject.TC9654_Test">
        <test-method status="PASS" signature="beforeClass()[pri:0, instance:com.org.Example.myproject.TC9654_Test@60addb54]" name="beforeClass" is-config="true" duration-ms="11566" started-at="2016-05-04T15:56:34Z" finished-at="2016-05-04T15:56:45Z">
          <reporter-output>
          </reporter-output>
        </test-method> <!-- beforeClass -->
        <test-method status="FAIL" signature="publicProduct()[pri:0, instance:com.org.Example.myproject.TC9654_Test@60addb54]" name="publicProduct" duration-ms="319539" started-at="2016-05-04T15:56:45Z" finished-at="2016-05-04T16:02:05Z">
          <exception class="org.openqa.selenium.NoSuchElementException">
            <message>
              <![CDATA[Unable to locate element: {"method":"link text","selector":"App Launcher"}
Command duration or timeout: 50.13 seconds
For documentation on this error, please visit: http://seleniumhq.org/exceptions/no_such_element.html
Build info: version: '2.53.0', revision: '35ae25b1534ae328c771e0856c93e187490ca824', time: '2016-03-15 10:43:46'
System info: host: 'SDN-151', ip: '172.10.55.185', os.name: 'Windows 8.1', os.arch: 'amd64', os.version: '6.3', java.version: '1.8.0_60'
Driver info: org.openqa.selenium.firefox.FirefoxDriver
Capabilities [{applicationCacheEnabled=true, rotatable=false, handlesAlerts=true, databaseEnabled=true, version=45.0.2, platform=WINDOWS, nativeEvents=false, acceptSslCerts=true, webStorageEnabled=true, locationContextEnabled=true, browserName=firefox, takesScreenshot=true, javascriptEnabled=true, cssSelectorsEnabled=true}]
Session ID: 5cb847cc-5b77-4c81-8605-477dadaf461b
*** Element info: {Using=link text, value=App Launcher}]]>
            </message>
            <full-stacktrace>
              <![CDATA[org.openqa.selenium.NoSuchElementException: Unable to locate element: {"method":"link text","selector":"App Launcher"}
Command duration or timeout: 50.13 seconds
For documentation on this error, please visit: http://seleniumhq.org/exceptions/no_such_element.html
Build info: version: '2.53.0', revision: '35ae25b1534ae328c771e0856c93e187490ca824', time: '2016-03-15 10:43:46'
System info: host: 'SDN-151', ip: '172.10.55.185', os.name: 'Windows 8.1', os.arch: 'amd64', os.version: '6.3', java.version: '1.8.0_60'
Driver info: org.openqa.selenium.firefox.FirefoxDriver
Capabilities [{applicationCacheEnabled=true, rotatable=false, handlesAlerts=true, databaseEnabled=true, version=45.0.2, platform=WINDOWS, nativeEvents=false, acceptSslCerts=true, webStorageEnabled=true, locationContextEnabled=true, browserName=firefox, takesScreenshot=true, javascriptEnabled=true, cssSelectorsEnabled=true}]
Session ID: 5cb847cc-5b77-4c81-8605-477dadaf461b
*** Element info: {Using=link text, value=App Launcher}
	at sun.reflect.NativeConstructorAccessorImpl.newInstance0(Native Method)
	at sun.reflect.NativeConstructorAccessorImpl.newInstance(NativeConstructorAccessorImpl.java:62)
	at sun.reflect.DelegatingConstructorAccessorImpl.newInstance(DelegatingConstructorAccessorImpl.java:45)
	at java.lang.reflect.Constructor.newInstance(Constructor.java:422)
	at org.openqa.selenium.remote.ErrorHandler.createThrowable(ErrorHandler.java:206)
	at org.openqa.selenium.remote.ErrorHandler.throwIfResponseFailed(ErrorHandler.java:158)
	at org.openqa.selenium.remote.RemoteWebDriver.execute(RemoteWebDriver.java:678)
	at org.openqa.selenium.remote.RemoteWebDriver.findElement(RemoteWebDriver.java:363)
	at org.openqa.selenium.remote.RemoteWebDriver.findElementByLinkText(RemoteWebDriver.java:428)
	at org.openqa.selenium.By$ByLinkText.findElement(By.java:246)
	at org.openqa.selenium.remote.RemoteWebDriver.findElement(RemoteWebDriver.java:355)
	at com.org.Example.myproject.TC9654_Test.publicProduct(TC9654_Test.java:105)
	at sun.reflect.NativeMethodAccessorImpl.invoke0(Native Method)
	at sun.reflect.NativeMethodAccessorImpl.invoke(NativeMethodAccessorImpl.java:62)
	at sun.reflect.DelegatingMethodAccessorImpl.invoke(DelegatingMethodAccessorImpl.java:43)
	at java.lang.reflect.Method.invoke(Method.java:497)
	at org.testng.internal.MethodInvocationHelper.invokeMethod(MethodInvocationHelper.java:86)
	at org.testng.internal.Invoker.invokeMethod(Invoker.java:643)
	at org.testng.internal.Invoker.invokeTestMethod(Invoker.java:820)
	at org.testng.internal.Invoker.invokeTestMethods(Invoker.java:1128)
	at org.testng.internal.TestMethodWorker.invokeTestMethods(TestMethodWorker.java:129)
	at org.testng.internal.TestMethodWorker.run(TestMethodWorker.java:112)
	at org.testng.TestRunner.privateRun(TestRunner.java:782)
	at org.testng.TestRunner.run(TestRunner.java:632)
	at org.testng.SuiteRunner.runTest(SuiteRunner.java:366)
	at org.testng.SuiteRunner.runSequentially(SuiteRunner.java:361)
	at org.testng.SuiteRunner.privateRun(SuiteRunner.java:319)
	at org.testng.SuiteRunner.run(SuiteRunner.java:268)
	at org.testng.SuiteRunnerWorker.runSuite(SuiteRunnerWorker.java:52)
	at org.testng.SuiteRunnerWorker.run(SuiteRunnerWorker.java:86)
	at org.testng.TestNG.runSuitesSequentially(TestNG.java:1244)
	at org.testng.TestNG.runSuitesLocally(TestNG.java:1169)
	at org.testng.TestNG.run(TestNG.java:1064)
	at org.apache.maven.surefire.testng.TestNGExecutor.run(TestNGExecutor.java:77)
	at org.apache.maven.surefire.testng.TestNGDirectoryTestSuite.executeMulti(TestNGDirectoryTestSuite.java:159)
	at org.apache.maven.surefire.testng.TestNGDirectoryTestSuite.execute(TestNGDirectoryTestSuite.java:99)
	at org.apache.maven.surefire.testng.TestNGProvider.invoke(TestNGProvider.java:106)
	at sun.reflect.NativeMethodAccessorImpl.invoke0(Native Method)
	at sun.reflect.NativeMethodAccessorImpl.invoke(NativeMethodAccessorImpl.java:62)
	at sun.reflect.DelegatingMethodAccessorImpl.invoke(DelegatingMethodAccessorImpl.java:43)
	at java.lang.reflect.Method.invoke(Method.java:497)
	at org.apache.maven.surefire.util.ReflectionUtils.invokeMethodWithArray(ReflectionUtils.java:189)
	at org.apache.maven.surefire.booter.ProviderFactory$ProviderProxy.invoke(ProviderFactory.java:165)
	at org.apache.maven.surefire.booter.ProviderFactory.invokeProvider(ProviderFactory.java:85)
	at org.apache.maven.surefire.booter.ForkedBooter.runSuitesInProcess(ForkedBooter.java:115)
	at org.apache.maven.surefire.booter.ForkedBooter.main(ForkedBooter.java:75)
Caused by: org.openqa.selenium.NoSuchElementException: Unable to locate element: {"method":"link text","selector":"App Launcher"}
For documentation on this error, please visit: http://seleniumhq.org/exceptions/no_such_element.html
Build info: version: '2.53.0', revision: '35ae25b1534ae328c771e0856c93e187490ca824', time: '2016-03-15 10:43:46'
System info: host: 'SDN-151', ip: '172.10.55.185', os.name: 'Windows 8.1', os.arch: 'amd64', os.version: '6.3', java.version: '1.8.0_60'
Driver info: driver.version: unknown
	at <anonymous class>.FirefoxDriver.prototype.findElementInternal_(file:///C:/Users/SRNATK~1/AppData/Local/Temp/anonymous4993800111292686606webdriver-profile/extensions/fxdriver@googlecode.com/components/driver-component.js:10770)
	at <anonymous class>.fxdriver.Timer.prototype.setTimeout/<.notify(file:///C:/Users/SRNATK~1/AppData/Local/Temp/anonymous4993800111292686606webdriver-profile/extensions/fxdriver@googlecode.com/components/driver-component.js:625)
]]>
            </full-stacktrace>
          </exception> <!-- org.openqa.selenium.NoSuchElementException -->
          <reporter-output>
          </reporter-output>
        </test-method> <!-- publicProduct -->
        <test-method status="PASS" signature="afterClass()[pri:0, instance:com.org.Example.myproject.TC9654_Test@60addb54]" name="afterClass" is-config="true" duration-ms="594" started-at="2016-05-04T16:02:05Z" finished-at="2016-05-04T16:02:05Z">
          <reporter-output>
          </reporter-output>
        </test-method> <!-- afterClass -->
      </class> <!-- com.org.Example.myproject.TC9654_Test -->
      <class name="com.org.Example.myproject.TC9651_Test">
        <test-method status="PASS" signature="beforeClass()[pri:0, instance:com.org.Example.myproject.TC9651_Test@2ef9b8bc]" name="beforeClass" is-config="true" duration-ms="11617" started-at="2016-05-04T15:48:01Z" finished-at="2016-05-04T15:48:13Z">
          <reporter-output>
          </reporter-output>
        </test-method> <!-- beforeClass -->
        <test-method status="PASS" signature="testSearchByIcixId()[pri:0, instance:com.org.Example.myproject.TC9651_Test@2ef9b8bc]" name="testSearchByIcixId" duration-ms="165997" started-at="2016-05-04T15:48:13Z" finished-at="2016-05-04T15:50:59Z">
          <reporter-output>
          </reporter-output>
        </test-method> <!-- testSearchByIcixId -->
        <test-method status="PASS" signature="tearDown()[pri:0, instance:com.org.Example.myproject.TC9651_Test@2ef9b8bc]" name="tearDown" is-config="true" duration-ms="545" started-at="2016-05-04T15:50:59Z" finished-at="2016-05-04T15:50:59Z">
          <reporter-output>
          </reporter-output>
        </test-method> <!-- tearDown -->
      </class> <!-- com.org.Example.myproject.TC9651_Test -->
      <class name="com.org.Example.myproject.TC9658_Test">
        <test-method status="PASS" signature="beforeClass()[pri:0, instance:com.org.Example.myproject.TC9658_Test@4cb2c100]" name="beforeClass" is-config="true" duration-ms="10990" started-at="2016-05-04T16:07:43Z" finished-at="2016-05-04T16:07:54Z">
          <reporter-output>
          </reporter-output>
        </test-method> <!-- beforeClass -->
        <test-method status="PASS" signature="searchingfor_conectTOproduct()[pri:0, instance:com.org.Example.myproject.TC9658_Test@4cb2c100]" name="searchingfor_conectTOproduct" duration-ms="309142" started-at="2016-05-04T16:07:54Z" finished-at="2016-05-04T16:13:03Z">
          <reporter-output>
          </reporter-output>
        </test-method> <!-- searchingfor_conectTOproduct -->
        <test-method status="PASS" signature="afterClass()[pri:0, instance:com.org.Example.myproject.TC9658_Test@4cb2c100]" name="afterClass" is-config="true" duration-ms="1300" started-at="2016-05-04T16:13:03Z" finished-at="2016-05-04T16:13:04Z">
          <reporter-output>
          </reporter-output>
        </test-method> <!-- afterClass -->
      </class> <!-- com.org.Example.myproject.TC9658_Test -->
      <class name="com.org.Example.myproject.TC9652_Test">
        <test-method status="PASS" signature="beforeClass()[pri:0, instance:com.org.Example.myproject.TC9652_Test@5d624da6]" name="beforeClass" is-config="true" duration-ms="13741" started-at="2016-05-04T15:50:59Z" finished-at="2016-05-04T15:51:13Z">
          <reporter-output>
          </reporter-output>
        </test-method> <!-- beforeClass -->
        <test-method status="PASS" signature="testSearchByIcixId()[pri:0, instance:com.org.Example.myproject.TC9652_Test@5d624da6]" name="testSearchByIcixId" duration-ms="189406" started-at="2016-05-04T15:51:13Z" finished-at="2016-05-04T15:54:22Z">
          <reporter-output>
          </reporter-output>
        </test-method> <!-- testSearchByIcixId -->
        <test-method status="PASS" signature="afterClass()[pri:0, instance:com.org.Example.myproject.TC9652_Test@5d624da6]" name="afterClass" is-config="true" duration-ms="546" started-at="2016-05-04T15:54:22Z" finished-at="2016-05-04T15:54:23Z">
          <reporter-output>
          </reporter-output>
        </test-method> <!-- afterClass -->
      </class> <!-- com.org.Example.myproject.TC9652_Test -->
      <class name="com.org.Example.myproject.TC9669_Test">
        <test-method status="PASS" signature="beforeClass()[pri:0, instance:com.org.Example.myproject.TC9669_Test@4157f54e]" name="beforeClass" is-config="true" duration-ms="11385" started-at="2016-05-04T16:42:34Z" finished-at="2016-05-04T16:42:45Z">
          <reporter-output>
          </reporter-output>
        </test-method> <!-- beforeClass -->
        <test-method status="PASS" signature="createNew_Question()[pri:0, instance:com.org.Example.myproject.TC9669_Test@4157f54e]" name="createNew_Question" duration-ms="250461" started-at="2016-05-04T16:42:45Z" finished-at="2016-05-04T16:46:56Z">
          <reporter-output>
          </reporter-output>
        </test-method> <!-- createNew_Question -->
        <test-method status="PASS" signature="afterClass()[pri:0, instance:com.org.Example.myproject.TC9669_Test@4157f54e]" name="afterClass" is-config="true" duration-ms="558" started-at="2016-05-04T16:46:56Z" finished-at="2016-05-04T16:46:56Z">
          <reporter-output>
          </reporter-output>
        </test-method> <!-- afterClass -->
      </class> <!-- com.org.Example.myproject.TC9669_Test -->
      <class name="com.org.Example.myproject.TC9666_Test">
        <test-method status="PASS" signature="beforeClass()[pri:0, instance:com.org.Example.myproject.TC9666_Test@6be46e8f]" name="beforeClass" is-config="true" duration-ms="10855" started-at="2016-05-04T16:31:31Z" finished-at="2016-05-04T16:31:42Z">
          <reporter-output>
          </reporter-output>
        </test-method> <!-- beforeClass -->
        <test-method status="PASS" signature="SetAndSendCompilince()[pri:0, instance:com.org.Example.myproject.TC9666_Test@6be46e8f]" name="SetAndSendCompilince" duration-ms="212410" started-at="2016-05-04T16:31:42Z" finished-at="2016-05-04T16:35:14Z">
          <reporter-output>
          </reporter-output>
        </test-method> <!-- SetAndSendCompilince -->
        <test-method status="PASS" signature="afterClass()[pri:0, instance:com.org.Example.myproject.TC9666_Test@6be46e8f]" name="afterClass" is-config="true" duration-ms="603" started-at="2016-05-04T16:35:14Z" finished-at="2016-05-04T16:35:15Z">
          <reporter-output>
          </reporter-output>
        </test-method> <!-- afterClass -->
      </class> <!-- com.org.Example.myproject.TC9666_Test -->
      <class name="com.org.Example.myproject.TC9647_Test">
        <test-method status="PASS" signature="beforeClass()[pri:0, instance:com.org.Example.myproject.TC9647_Test@2c6a3f77]" name="beforeClass" is-config="true" duration-ms="17800" started-at="2016-05-04T15:38:06Z" finished-at="2016-05-04T15:38:24Z">
          <reporter-output>
          </reporter-output>
        </test-method> <!-- beforeClass -->
        <test-method status="PASS" signature="Auccount_verification()[pri:0, instance:com.org.Example.myproject.TC9647_Test@2c6a3f77]" name="Auccount_verification" duration-ms="106928" started-at="2016-05-04T15:38:24Z" finished-at="2016-05-04T15:40:11Z">
          <reporter-output>
          </reporter-output>
        </test-method> <!-- Auccount_verification -->
        <test-method status="PASS" signature="afterClass()[pri:0, instance:com.org.Example.myproject.TC9647_Test@2c6a3f77]" name="afterClass" is-config="true" duration-ms="728" started-at="2016-05-04T15:40:11Z" finished-at="2016-05-04T15:40:12Z">
          <reporter-output>
          </reporter-output>
        </test-method> <!-- afterClass -->
      </class> <!-- com.org.Example.myproject.TC9647_Test -->
      <class name="com.org.Example.myproject.TC9663_Test">
        <test-method status="PASS" signature="beforeClass()[pri:0, instance:com.org.Example.myproject.TC9663_Test@77b52d12]" name="beforeClass" is-config="true" duration-ms="13039" started-at="2016-05-04T16:20:47Z" finished-at="2016-05-04T16:21:00Z">
          <reporter-output>
          </reporter-output>
        </test-method> <!-- beforeClass -->
        <test-method status="FAIL" signature="Edit_TradingPartner()[pri:0, instance:com.org.Example.myproject.TC9663_Test@77b52d12]" name="Edit_TradingPartner" duration-ms="199059" started-at="2016-05-04T16:21:00Z" finished-at="2016-05-04T16:24:19Z">
          <exception class="org.openqa.selenium.ElementNotVisibleException">
            <message>
              <![CDATA[Element is not currently visible and so may not be interacted with
Command duration or timeout: 50.10 seconds
Build info: version: '2.53.0', revision: '35ae25b1534ae328c771e0856c93e187490ca824', time: '2016-03-15 10:43:46'
System info: host: 'SDN-151', ip: '172.10.55.185', os.name: 'Windows 8.1', os.arch: 'amd64', os.version: '6.3', java.version: '1.8.0_60'
Driver info: org.openqa.selenium.firefox.FirefoxDriver
Capabilities [{applicationCacheEnabled=true, rotatable=false, handlesAlerts=true, databaseEnabled=true, version=45.0.2, platform=WINDOWS, nativeEvents=false, acceptSslCerts=true, webStorageEnabled=true, locationContextEnabled=true, browserName=firefox, takesScreenshot=true, javascriptEnabled=true, cssSelectorsEnabled=true}]
Session ID: 1e08806a-51ce-4670-a60d-45cc732dc6a2]]>
            </message>
            <full-stacktrace>
              <![CDATA[org.openqa.selenium.ElementNotVisibleException: Element is not currently visible and so may not be interacted with
Command duration or timeout: 50.10 seconds
Build info: version: '2.53.0', revision: '35ae25b1534ae328c771e0856c93e187490ca824', time: '2016-03-15 10:43:46'
System info: host: 'SDN-151', ip: '172.10.55.185', os.name: 'Windows 8.1', os.arch: 'amd64', os.version: '6.3', java.version: '1.8.0_60'
Driver info: org.openqa.selenium.firefox.FirefoxDriver
Capabilities [{applicationCacheEnabled=true, rotatable=false, handlesAlerts=true, databaseEnabled=true, version=45.0.2, platform=WINDOWS, nativeEvents=false, acceptSslCerts=true, webStorageEnabled=true, locationContextEnabled=true, browserName=firefox, takesScreenshot=true, javascriptEnabled=true, cssSelectorsEnabled=true}]
Session ID: 1e08806a-51ce-4670-a60d-45cc732dc6a2
	at sun.reflect.NativeConstructorAccessorImpl.newInstance0(Native Method)
	at sun.reflect.NativeConstructorAccessorImpl.newInstance(NativeConstructorAccessorImpl.java:62)
	at sun.reflect.DelegatingConstructorAccessorImpl.newInstance(DelegatingConstructorAccessorImpl.java:45)
	at java.lang.reflect.Constructor.newInstance(Constructor.java:422)
	at org.openqa.selenium.remote.ErrorHandler.createThrowable(ErrorHandler.java:206)
	at org.openqa.selenium.remote.ErrorHandler.throwIfResponseFailed(ErrorHandler.java:158)
	at org.openqa.selenium.remote.RemoteWebDriver.execute(RemoteWebDriver.java:678)
	at org.openqa.selenium.remote.RemoteWebElement.execute(RemoteWebElement.java:327)
	at org.openqa.selenium.remote.RemoteWebElement.click(RemoteWebElement.java:85)
	at com.org.Example.myproject.TC9663_Test.Edit_TradingPartner(TC9663_Test.java:67)
	at sun.reflect.NativeMethodAccessorImpl.invoke0(Native Method)
	at sun.reflect.NativeMethodAccessorImpl.invoke(NativeMethodAccessorImpl.java:62)
	at sun.reflect.DelegatingMethodAccessorImpl.invoke(DelegatingMethodAccessorImpl.java:43)
	at java.lang.reflect.Method.invoke(Method.java:497)
	at org.testng.internal.MethodInvocationHelper.invokeMethod(MethodInvocationHelper.java:86)
	at org.testng.internal.Invoker.invokeMethod(Invoker.java:643)
	at org.testng.internal.Invoker.invokeTestMethod(Invoker.java:820)
	at org.testng.internal.Invoker.invokeTestMethods(Invoker.java:1128)
	at org.testng.internal.TestMethodWorker.invokeTestMethods(TestMethodWorker.java:129)
	at org.testng.internal.TestMethodWorker.run(TestMethodWorker.java:112)
	at org.testng.TestRunner.privateRun(TestRunner.java:782)
	at org.testng.TestRunner.run(TestRunner.java:632)
	at org.testng.SuiteRunner.runTest(SuiteRunner.java:366)
	at org.testng.SuiteRunner.runSequentially(SuiteRunner.java:361)
	at org.testng.SuiteRunner.privateRun(SuiteRunner.java:319)
	at org.testng.SuiteRunner.run(SuiteRunner.java:268)
	at org.testng.SuiteRunnerWorker.runSuite(SuiteRunnerWorker.java:52)
	at org.testng.SuiteRunnerWorker.run(SuiteRunnerWorker.java:86)
	at org.testng.TestNG.runSuitesSequentially(TestNG.java:1244)
	at org.testng.TestNG.runSuitesLocally(TestNG.java:1169)
	at org.testng.TestNG.run(TestNG.java:1064)
	at org.apache.maven.surefire.testng.TestNGExecutor.run(TestNGExecutor.java:77)
	at org.apache.maven.surefire.testng.TestNGDirectoryTestSuite.executeMulti(TestNGDirectoryTestSuite.java:159)
	at org.apache.maven.surefire.testng.TestNGDirectoryTestSuite.execute(TestNGDirectoryTestSuite.java:99)
	at org.apache.maven.surefire.testng.TestNGProvider.invoke(TestNGProvider.java:106)
	at sun.reflect.NativeMethodAccessorImpl.invoke0(Native Method)
	at sun.reflect.NativeMethodAccessorImpl.invoke(NativeMethodAccessorImpl.java:62)
	at sun.reflect.DelegatingMethodAccessorImpl.invoke(DelegatingMethodAccessorImpl.java:43)
	at java.lang.reflect.Method.invoke(Method.java:497)
	at org.apache.maven.surefire.util.ReflectionUtils.invokeMethodWithArray(ReflectionUtils.java:189)
	at org.apache.maven.surefire.booter.ProviderFactory$ProviderProxy.invoke(ProviderFactory.java:165)
	at org.apache.maven.surefire.booter.ProviderFactory.invokeProvider(ProviderFactory.java:85)
	at org.apache.maven.surefire.booter.ForkedBooter.runSuitesInProcess(ForkedBooter.java:115)
	at org.apache.maven.surefire.booter.ForkedBooter.main(ForkedBooter.java:75)
Caused by: org.openqa.selenium.ElementNotVisibleException: Element is not currently visible and so may not be interacted with
Build info: version: '2.53.0', revision: '35ae25b1534ae328c771e0856c93e187490ca824', time: '2016-03-15 10:43:46'
System info: host: 'SDN-151', ip: '172.10.55.185', os.name: 'Windows 8.1', os.arch: 'amd64', os.version: '6.3', java.version: '1.8.0_60'
Driver info: driver.version: unknown
	at <anonymous class>.fxdriver.preconditions.visible(file:///C:/Users/SRNATK~1/AppData/Local/Temp/anonymous3587751961434640703webdriver-profile/extensions/fxdriver@googlecode.com/components/command-processor.js:10092)
	at <anonymous class>.DelayedCommand.prototype.checkPreconditions_(file:///C:/Users/SRNATK~1/AppData/Local/Temp/anonymous3587751961434640703webdriver-profile/extensions/fxdriver@googlecode.com/components/command-processor.js:12644)
	at <anonymous class>.DelayedCommand.prototype.executeInternal_/h(file:///C:/Users/SRNATK~1/AppData/Local/Temp/anonymous3587751961434640703webdriver-profile/extensions/fxdriver@googlecode.com/components/command-processor.js:12661)
	at <anonymous class>.fxdriver.Timer.prototype.setTimeout/<.notify(file:///C:/Users/SRNATK~1/AppData/Local/Temp/anonymous3587751961434640703webdriver-profile/extensions/fxdriver@googlecode.com/components/command-processor.js:625)
]]>
            </full-stacktrace>
          </exception> <!-- org.openqa.selenium.ElementNotVisibleException -->
          <reporter-output>
          </reporter-output>
        </test-method> <!-- Edit_TradingPartner -->
        <test-method status="PASS" signature="afterClass()[pri:0, instance:com.org.Example.myproject.TC9663_Test@77b52d12]" name="afterClass" is-config="true" duration-ms="534" started-at="2016-05-04T16:24:19Z" finished-at="2016-05-04T16:24:19Z">
          <reporter-output>
          </reporter-output>
        </test-method> <!-- afterClass -->
      </class> <!-- com.org.Example.myproject.TC9663_Test -->
      <class name="com.org.Example.myproject.TC9671_Test">
        <test-method status="PASS" signature="beforeClass()[pri:0, instance:com.org.Example.myproject.TC9671_Test@47f6473]" name="beforeClass" is-config="true" duration-ms="10291" started-at="2016-05-04T17:06:35Z" finished-at="2016-05-04T17:06:45Z">
          <reporter-output>
          </reporter-output>
        </test-method> <!-- beforeClass -->
        <test-method status="PASS" signature="createNew_form()[pri:0, instance:com.org.Example.myproject.TC9671_Test@47f6473]" name="createNew_form" duration-ms="250253" started-at="2016-05-04T17:06:45Z" finished-at="2016-05-04T17:10:55Z">
          <reporter-output>
          </reporter-output>
        </test-method> <!-- createNew_form -->
        <test-method status="PASS" signature="afterClass()[pri:0, instance:com.org.Example.myproject.TC9671_Test@47f6473]" name="afterClass" is-config="true" duration-ms="675" started-at="2016-05-04T17:10:55Z" finished-at="2016-05-04T17:10:56Z">
          <reporter-output>
          </reporter-output>
        </test-method> <!-- afterClass -->
      </class> <!-- com.org.Example.myproject.TC9671_Test -->
    </test> <!-- Command line test -->
  </suite> <!-- Command line suite -->
</testng-results>
