<?xml version="1.0" encoding="UTF-8"?>
<testng-results skipped="0" failed="0" total="2" passed="2">
  <reporter-output>
    <line>
      <![CDATA[Test Case Name is: TestProductSearchWithoutUID]]>
    </line>
    <line>
      <![CDATA[Test Case Name is: TestProductSearchByUniID]]>
    </line>
  </reporter-output>
  <suite name="ICIX Test Cases" duration-ms="223067" started-at="2017-03-02T15:17:08Z" finished-at="2017-03-02T15:20:51Z">
    <groups>
    </groups>
    <test name="SmokeSuite" duration-ms="223067" started-at="2017-03-02T15:17:08Z" finished-at="2017-03-02T15:20:51Z">
      <class name="icix.Tests.TC10782_Test">
        <test-method status="PASS" signature="beforeClass()[pri:0, instance:icix.Tests.TC10782_Test@acaea5]" name="beforeClass" is-config="true" duration-ms="17718" started-at="2017-03-02T20:48:57Z" finished-at="2017-03-02T20:49:15Z">
          <reporter-output>
          </reporter-output>
        </test-method> <!-- beforeClass -->
        <test-method status="PASS" signature="TestProductSearchByUniID(java.lang.reflect.Method)[pri:0, instance:icix.Tests.TC10782_Test@acaea5]" name="TestProductSearchByUniID" duration-ms="88546" started-at="2017-03-02T20:49:15Z" finished-at="2017-03-02T20:50:44Z">
          <params>
            <param index="0">
              <value>
                <![CDATA[public void icix.Tests.TC10782_Test.TestProductSearchByUniID(java.lang.reflect.Method) throws java.lang.Exception]]>
              </value>
            </param>
          </params>
          <reporter-output>
            <line>
              <![CDATA[Test Case Name is: TestProductSearchByUniID]]>
            </line>
          </reporter-output>
        </test-method> <!-- TestProductSearchByUniID -->
        <test-method status="PASS" signature="close()[pri:0, instance:icix.Tests.TC10782_Test@acaea5]" name="close" is-config="true" duration-ms="7727" started-at="2017-03-02T20:50:44Z" finished-at="2017-03-02T20:50:51Z">
          <reporter-output>
          </reporter-output>
        </test-method> <!-- close -->
      </class> <!-- icix.Tests.TC10782_Test -->
      <class name="icix.Tests.TC10781_Test">
        <test-method status="PASS" signature="initialiseLogFile()[pri:0, instance:icix.Tests.TC10781_Test@4edc67]" name="initialiseLogFile" is-config="true" duration-ms="150" started-at="2017-03-02T20:47:08Z" finished-at="2017-03-02T20:47:08Z">
          <reporter-output>
          </reporter-output>
        </test-method> <!-- initialiseLogFile -->
        <test-method status="PASS" signature="initialiseParameters(org.testng.ITestContext)[pri:0, instance:icix.Tests.TC10781_Test@4edc67]" name="initialiseParameters" is-config="true" duration-ms="0" started-at="2017-03-02T20:47:08Z" finished-at="2017-03-02T20:47:08Z">
          <params>
            <param index="0">
              <value>
                <![CDATA[org.testng.TestRunner@1142455]]>
              </value>
            </param>
          </params>
          <reporter-output>
          </reporter-output>
        </test-method> <!-- initialiseParameters -->
        <test-method status="PASS" signature="beforeClass()[pri:0, instance:icix.Tests.TC10781_Test@4edc67]" name="beforeClass" is-config="true" duration-ms="18447" started-at="2017-03-02T20:47:08Z" finished-at="2017-03-02T20:47:27Z">
          <reporter-output>
          </reporter-output>
        </test-method> <!-- beforeClass -->
        <test-method status="PASS" signature="TestProductSearchWithoutUID(java.lang.reflect.Method)[pri:0, instance:icix.Tests.TC10781_Test@4edc67]" name="TestProductSearchWithoutUID" duration-ms="81395" started-at="2017-03-02T20:47:27Z" finished-at="2017-03-02T20:48:48Z">
          <params>
            <param index="0">
              <value>
                <![CDATA[public void icix.Tests.TC10781_Test.TestProductSearchWithoutUID(java.lang.reflect.Method) throws java.lang.Exception]]>
              </value>
            </param>
          </params>
          <reporter-output>
            <line>
              <![CDATA[Test Case Name is: TestProductSearchWithoutUID]]>
            </line>
          </reporter-output>
        </test-method> <!-- TestProductSearchWithoutUID -->
        <test-method status="PASS" signature="close()[pri:0, instance:icix.Tests.TC10781_Test@4edc67]" name="close" is-config="true" duration-ms="9215" started-at="2017-03-02T20:48:48Z" finished-at="2017-03-02T20:48:57Z">
          <reporter-output>
          </reporter-output>
        </test-method> <!-- close -->
      </class> <!-- icix.Tests.TC10781_Test -->
    </test> <!-- SmokeSuite -->
  </suite> <!-- ICIX Test Cases -->
</testng-results>
