<?xml version="1.0" encoding="UTF-8"?>
<testng-results skipped="0" failed="3" total="11" passed="8">
  <reporter-output>
  </reporter-output>
  <suite name="Suite" duration-ms="1282884" started-at="2016-09-19T05:48:23Z" finished-at="2016-09-19T06:09:46Z">
    <groups>
    </groups>
    <test name="Test" duration-ms="1282884" started-at="2016-09-19T05:48:23Z" finished-at="2016-09-19T06:09:46Z">
      <class name="com.org.Example.myproject.TC9659_Test">
        <test-method status="PASS" signature="beforeClass()[pri:0, instance:com.org.Example.myproject.TC9659_Test@4ef259d6]" name="beforeClass" is-config="true" duration-ms="16526" started-at="2016-09-19T11:31:17Z" finished-at="2016-09-19T11:31:33Z">
          <reporter-output>
          </reporter-output>
        </test-method> <!-- beforeClass -->
        <test-method status="PASS" signature="Tagstest()[pri:0, instance:com.org.Example.myproject.TC9659_Test@4ef259d6]" name="Tagstest" duration-ms="82490" started-at="2016-09-19T11:31:33Z" finished-at="2016-09-19T11:32:56Z">
          <reporter-output>
          </reporter-output>
        </test-method> <!-- Tagstest -->
        <test-method status="PASS" signature="afterClass()[pri:0, instance:com.org.Example.myproject.TC9659_Test@4ef259d6]" name="afterClass" is-config="true" duration-ms="230" started-at="2016-09-19T11:32:56Z" finished-at="2016-09-19T11:32:56Z">
          <reporter-output>
          </reporter-output>
        </test-method> <!-- afterClass -->
      </class> <!-- com.org.Example.myproject.TC9659_Test -->
      <class name="com.org.Example.myproject.TC9673_Test">
        <test-method status="PASS" signature="beforeClass()[pri:0, instance:com.org.Example.myproject.TC9673_Test@6455ee75]" name="beforeClass" is-config="true" duration-ms="16926" started-at="2016-09-19T11:21:07Z" finished-at="2016-09-19T11:21:24Z">
          <reporter-output>
          </reporter-output>
        </test-method> <!-- beforeClass -->
        <test-method status="PASS" signature="productTwoactor_workflow()[pri:0, instance:com.org.Example.myproject.TC9673_Test@6455ee75]" name="productTwoactor_workflow" duration-ms="129741" started-at="2016-09-19T11:21:24Z" finished-at="2016-09-19T11:23:33Z">
          <reporter-output>
          </reporter-output>
        </test-method> <!-- productTwoactor_workflow -->
        <test-method status="PASS" signature="afterClass()[pri:0, instance:com.org.Example.myproject.TC9673_Test@6455ee75]" name="afterClass" is-config="true" duration-ms="291" started-at="2016-09-19T11:23:33Z" finished-at="2016-09-19T11:23:34Z">
          <reporter-output>
          </reporter-output>
        </test-method> <!-- afterClass -->
      </class> <!-- com.org.Example.myproject.TC9673_Test -->
      <class name="com.org.Example.myproject.TC9666_Test">
        <test-method status="PASS" signature="beforeClass()[pri:0, instance:com.org.Example.myproject.TC9666_Test@8e81918]" name="beforeClass" is-config="true" duration-ms="16574" started-at="2016-09-19T11:32:56Z" finished-at="2016-09-19T11:33:12Z">
          <reporter-output>
          </reporter-output>
        </test-method> <!-- beforeClass -->
        <test-method status="PASS" signature="SetAndSendCompilince()[pri:0, instance:com.org.Example.myproject.TC9666_Test@8e81918]" name="SetAndSendCompilince" duration-ms="112719" started-at="2016-09-19T11:33:12Z" finished-at="2016-09-19T11:35:05Z">
          <reporter-output>
          </reporter-output>
        </test-method> <!-- SetAndSendCompilince -->
        <test-method status="PASS" signature="afterClass()[pri:0, instance:com.org.Example.myproject.TC9666_Test@8e81918]" name="afterClass" is-config="true" duration-ms="285" started-at="2016-09-19T11:35:05Z" finished-at="2016-09-19T11:35:05Z">
          <reporter-output>
          </reporter-output>
        </test-method> <!-- afterClass -->
      </class> <!-- com.org.Example.myproject.TC9666_Test -->
      <class name="com.org.Example.myproject.TC9672_Test">
        <test-method status="PASS" signature="beforeClass()[pri:0, instance:com.org.Example.myproject.TC9672_Test@58b35031]" name="beforeClass" is-config="true" duration-ms="17809" started-at="2016-09-19T11:18:23Z" finished-at="2016-09-19T11:18:41Z">
          <reporter-output>
          </reporter-output>
        </test-method> <!-- beforeClass -->
        <test-method status="PASS" signature="TwoActorWorkFlow()[pri:0, instance:com.org.Example.myproject.TC9672_Test@58b35031]" name="TwoActorWorkFlow" duration-ms="145383" started-at="2016-09-19T11:18:41Z" finished-at="2016-09-19T11:21:06Z">
          <reporter-output>
          </reporter-output>
        </test-method> <!-- TwoActorWorkFlow -->
        <test-method status="PASS" signature="afterClass()[pri:0, instance:com.org.Example.myproject.TC9672_Test@58b35031]" name="afterClass" is-config="true" duration-ms="306" started-at="2016-09-19T11:21:06Z" finished-at="2016-09-19T11:21:07Z">
          <reporter-output>
          </reporter-output>
        </test-method> <!-- afterClass -->
      </class> <!-- com.org.Example.myproject.TC9672_Test -->
      <class name="com.org.Example.myproject.TC9653_Test">
        <test-method status="PASS" signature="beforeClass()[pri:0, instance:com.org.Example.myproject.TC9653_Test@4604764b]" name="beforeClass" is-config="true" duration-ms="16740" started-at="2016-09-19T11:29:36Z" finished-at="2016-09-19T11:29:52Z">
          <reporter-output>
          </reporter-output>
        </test-method> <!-- beforeClass -->
        <test-method status="FAIL" signature="Auccount_verification()[pri:0, instance:com.org.Example.myproject.TC9653_Test@4604764b]" name="Auccount_verification" duration-ms="83915" started-at="2016-09-19T11:29:52Z" finished-at="2016-09-19T11:31:16Z">
          <exception class="org.openqa.selenium.ElementNotVisibleException">
            <message>
              <![CDATA[element not visible
  (Session info: chrome=53.0.2785.116)
  (Driver info: chromedriver=2.24.417412 (ac882d3ce7c0d99292439bf3405780058fcca0a6),platform=Mac OS X 10.10.3 x86_64) (WARNING: The server did not provide any stacktrace information)
Command duration or timeout: 25.06 seconds
Build info: version: '2.53.1', revision: 'a36b8b1cd5757287168e54b817830adce9b0158d', time: '2016-06-30 19:26:09'
System info: host: 'SDMMAC-F60-2.local', ip: '172.24.3.181', os.name: 'Mac OS X', os.arch: 'x86_64', os.version: '10.10.3', java.version: '1.7.0_12-ea'
Session ID: e8eb46dc564db5bd0b39743f39d0884b
Driver info: org.openqa.selenium.chrome.ChromeDriver
Capabilities [{platform=MAC, acceptSslCerts=true, javascriptEnabled=true, browserName=chrome, chrome={userDataDir=/var/folders/5w/rkpdbz5j2pl0_8k8234bdfkh0000gw/T/.org.chromium.Chromium.Y4v0y1, chromedriverVersion=2.24.417412 (ac882d3ce7c0d99292439bf3405780058fcca0a6)}, networkConnectionEnabled=false, rotatable=false, locationContextEnabled=true, mobileEmulationEnabled=false, version=53.0.2785.116, pageLoadStrategy=normal, takesHeapSnapshot=true, cssSelectorsEnabled=true, databaseEnabled=false, handlesAlerts=true, browserConnectionEnabled=false, webStorageEnabled=true, nativeEvents=true, hasTouchScreen=false, applicationCacheEnabled=false, takesScreenshot=true}]]]>
            </message>
            <full-stacktrace>
              <![CDATA[org.openqa.selenium.ElementNotVisibleException: element not visible
  (Session info: chrome=53.0.2785.116)
  (Driver info: chromedriver=2.24.417412 (ac882d3ce7c0d99292439bf3405780058fcca0a6),platform=Mac OS X 10.10.3 x86_64) (WARNING: The server did not provide any stacktrace information)
Command duration or timeout: 25.06 seconds
Build info: version: '2.53.1', revision: 'a36b8b1cd5757287168e54b817830adce9b0158d', time: '2016-06-30 19:26:09'
System info: host: 'SDMMAC-F60-2.local', ip: '172.24.3.181', os.name: 'Mac OS X', os.arch: 'x86_64', os.version: '10.10.3', java.version: '1.7.0_12-ea'
Session ID: e8eb46dc564db5bd0b39743f39d0884b
Driver info: org.openqa.selenium.chrome.ChromeDriver
Capabilities [{platform=MAC, acceptSslCerts=true, javascriptEnabled=true, browserName=chrome, chrome={userDataDir=/var/folders/5w/rkpdbz5j2pl0_8k8234bdfkh0000gw/T/.org.chromium.Chromium.Y4v0y1, chromedriverVersion=2.24.417412 (ac882d3ce7c0d99292439bf3405780058fcca0a6)}, networkConnectionEnabled=false, rotatable=false, locationContextEnabled=true, mobileEmulationEnabled=false, version=53.0.2785.116, pageLoadStrategy=normal, takesHeapSnapshot=true, cssSelectorsEnabled=true, databaseEnabled=false, handlesAlerts=true, browserConnectionEnabled=false, webStorageEnabled=true, nativeEvents=true, hasTouchScreen=false, applicationCacheEnabled=false, takesScreenshot=true}]
	at sun.reflect.NativeConstructorAccessorImpl.newInstance0(Native Method)
	at sun.reflect.NativeConstructorAccessorImpl.newInstance(NativeConstructorAccessorImpl.java:57)
	at sun.reflect.DelegatingConstructorAccessorImpl.newInstance(DelegatingConstructorAccessorImpl.java:45)
	at java.lang.reflect.Constructor.newInstance(Constructor.java:525)
	at org.openqa.selenium.remote.ErrorHandler.createThrowable(ErrorHandler.java:206)
	at org.openqa.selenium.remote.ErrorHandler.throwIfResponseFailed(ErrorHandler.java:158)
	at org.openqa.selenium.remote.RemoteWebDriver.execute(RemoteWebDriver.java:678)
	at org.openqa.selenium.remote.RemoteWebElement.execute(RemoteWebElement.java:327)
	at org.openqa.selenium.remote.RemoteWebElement.sendKeys(RemoteWebElement.java:122)
	at com.org.Example.myproject.TC9653_Test.Auccount_verification(TC9653_Test.java:90)
	at sun.reflect.NativeMethodAccessorImpl.invoke0(Native Method)
	at sun.reflect.NativeMethodAccessorImpl.invoke(NativeMethodAccessorImpl.java:57)
	at sun.reflect.DelegatingMethodAccessorImpl.invoke(DelegatingMethodAccessorImpl.java:43)
	at java.lang.reflect.Method.invoke(Method.java:601)
	at org.testng.internal.MethodInvocationHelper.invokeMethod(MethodInvocationHelper.java:86)
	at org.testng.internal.Invoker.invokeMethod(Invoker.java:643)
	at org.testng.internal.Invoker.invokeTestMethod(Invoker.java:820)
	at org.testng.internal.Invoker.invokeTestMethods(Invoker.java:1128)
	at org.testng.internal.TestMethodWorker.invokeTestMethods(TestMethodWorker.java:129)
	at org.testng.internal.TestMethodWorker.run(TestMethodWorker.java:112)
	at org.testng.TestRunner.privateRun(TestRunner.java:782)
	at org.testng.TestRunner.run(TestRunner.java:632)
	at org.testng.SuiteRunner.runTest(SuiteRunner.java:366)
	at org.testng.SuiteRunner.runSequentially(SuiteRunner.java:361)
	at org.testng.SuiteRunner.privateRun(SuiteRunner.java:319)
	at org.testng.SuiteRunner.run(SuiteRunner.java:268)
	at org.testng.SuiteRunnerWorker.runSuite(SuiteRunnerWorker.java:52)
	at org.testng.SuiteRunnerWorker.run(SuiteRunnerWorker.java:86)
	at org.testng.TestNG.runSuitesSequentially(TestNG.java:1244)
	at org.testng.TestNG.runSuitesLocally(TestNG.java:1169)
	at org.testng.TestNG.run(TestNG.java:1064)
	at org.apache.maven.surefire.testng.TestNGExecutor.run(TestNGExecutor.java:177)
	at org.apache.maven.surefire.testng.TestNGXmlTestSuite.execute(TestNGXmlTestSuite.java:92)
	at org.apache.maven.surefire.testng.TestNGProvider.invoke(TestNGProvider.java:105)
	at sun.reflect.NativeMethodAccessorImpl.invoke0(Native Method)
	at sun.reflect.NativeMethodAccessorImpl.invoke(NativeMethodAccessorImpl.java:57)
	at sun.reflect.DelegatingMethodAccessorImpl.invoke(DelegatingMethodAccessorImpl.java:43)
	at java.lang.reflect.Method.invoke(Method.java:601)
	at org.apache.maven.surefire.util.ReflectionUtils.invokeMethodWithArray(ReflectionUtils.java:189)
	at org.apache.maven.surefire.booter.ProviderFactory$ProviderProxy.invoke(ProviderFactory.java:165)
	at org.apache.maven.surefire.booter.ProviderFactory.invokeProvider(ProviderFactory.java:85)
	at org.apache.maven.surefire.booter.ForkedBooter.runSuitesInProcess(ForkedBooter.java:103)
	at org.apache.maven.surefire.booter.ForkedBooter.main(ForkedBooter.java:74)
]]>
            </full-stacktrace>
          </exception> <!-- org.openqa.selenium.ElementNotVisibleException -->
          <reporter-output>
          </reporter-output>
        </test-method> <!-- Auccount_verification -->
        <test-method status="PASS" signature="afterClass()[pri:0, instance:com.org.Example.myproject.TC9653_Test@4604764b]" name="afterClass" is-config="true" duration-ms="214" started-at="2016-09-19T11:31:16Z" finished-at="2016-09-19T11:31:17Z">
          <reporter-output>
          </reporter-output>
        </test-method> <!-- afterClass -->
      </class> <!-- com.org.Example.myproject.TC9653_Test -->
      <class name="com.org.Example.myproject.TC9733_Test">
        <test-method status="PASS" signature="beforeClass()[pri:0, instance:com.org.Example.myproject.TC9733_Test@459a76c9]" name="beforeClass" is-config="true" duration-ms="18244" started-at="2016-09-19T11:23:34Z" finished-at="2016-09-19T11:23:52Z">
          <reporter-output>
          </reporter-output>
        </test-method> <!-- beforeClass -->
        <test-method status="FAIL" signature="Approve_Request()[pri:0, instance:com.org.Example.myproject.TC9733_Test@459a76c9]" name="Approve_Request" duration-ms="190359" started-at="2016-09-19T11:23:52Z" finished-at="2016-09-19T11:27:02Z">
          <exception class="org.openqa.selenium.NoSuchElementException">
            <message>
              <![CDATA[no such element: Unable to locate element: {"method":"xpath","selector":"//a[contains(@title,'California Transparency of Supply Chain Act')]"}
  (Session info: chrome=53.0.2785.116)
  (Driver info: chromedriver=2.24.417412 (ac882d3ce7c0d99292439bf3405780058fcca0a6),platform=Mac OS X 10.10.3 x86_64) (WARNING: The server did not provide any stacktrace information)
Command duration or timeout: 25.05 seconds
For documentation on this error, please visit: http://seleniumhq.org/exceptions/no_such_element.html
Build info: version: '2.53.1', revision: 'a36b8b1cd5757287168e54b817830adce9b0158d', time: '2016-06-30 19:26:09'
System info: host: 'SDMMAC-F60-2.local', ip: '172.24.3.181', os.name: 'Mac OS X', os.arch: 'x86_64', os.version: '10.10.3', java.version: '1.7.0_12-ea'
*** Element info: {Using=xpath, value=//a[contains(@title,'California Transparency of Supply Chain Act')]}
Session ID: ba56289b36841346ac40b266b8f579b7
Driver info: org.openqa.selenium.chrome.ChromeDriver
Capabilities [{platform=MAC, acceptSslCerts=true, javascriptEnabled=true, browserName=chrome, chrome={userDataDir=/var/folders/5w/rkpdbz5j2pl0_8k8234bdfkh0000gw/T/.org.chromium.Chromium.fik9sz, chromedriverVersion=2.24.417412 (ac882d3ce7c0d99292439bf3405780058fcca0a6)}, networkConnectionEnabled=false, rotatable=false, locationContextEnabled=true, mobileEmulationEnabled=false, version=53.0.2785.116, pageLoadStrategy=normal, takesHeapSnapshot=true, cssSelectorsEnabled=true, databaseEnabled=false, handlesAlerts=true, browserConnectionEnabled=false, webStorageEnabled=true, nativeEvents=true, hasTouchScreen=false, applicationCacheEnabled=false, takesScreenshot=true}]]]>
            </message>
            <full-stacktrace>
              <![CDATA[org.openqa.selenium.NoSuchElementException: no such element: Unable to locate element: {"method":"xpath","selector":"//a[contains(@title,'California Transparency of Supply Chain Act')]"}
  (Session info: chrome=53.0.2785.116)
  (Driver info: chromedriver=2.24.417412 (ac882d3ce7c0d99292439bf3405780058fcca0a6),platform=Mac OS X 10.10.3 x86_64) (WARNING: The server did not provide any stacktrace information)
Command duration or timeout: 25.05 seconds
For documentation on this error, please visit: http://seleniumhq.org/exceptions/no_such_element.html
Build info: version: '2.53.1', revision: 'a36b8b1cd5757287168e54b817830adce9b0158d', time: '2016-06-30 19:26:09'
System info: host: 'SDMMAC-F60-2.local', ip: '172.24.3.181', os.name: 'Mac OS X', os.arch: 'x86_64', os.version: '10.10.3', java.version: '1.7.0_12-ea'
*** Element info: {Using=xpath, value=//a[contains(@title,'California Transparency of Supply Chain Act')]}
Session ID: ba56289b36841346ac40b266b8f579b7
Driver info: org.openqa.selenium.chrome.ChromeDriver
Capabilities [{platform=MAC, acceptSslCerts=true, javascriptEnabled=true, browserName=chrome, chrome={userDataDir=/var/folders/5w/rkpdbz5j2pl0_8k8234bdfkh0000gw/T/.org.chromium.Chromium.fik9sz, chromedriverVersion=2.24.417412 (ac882d3ce7c0d99292439bf3405780058fcca0a6)}, networkConnectionEnabled=false, rotatable=false, locationContextEnabled=true, mobileEmulationEnabled=false, version=53.0.2785.116, pageLoadStrategy=normal, takesHeapSnapshot=true, cssSelectorsEnabled=true, databaseEnabled=false, handlesAlerts=true, browserConnectionEnabled=false, webStorageEnabled=true, nativeEvents=true, hasTouchScreen=false, applicationCacheEnabled=false, takesScreenshot=true}]
	at sun.reflect.NativeConstructorAccessorImpl.newInstance0(Native Method)
	at sun.reflect.NativeConstructorAccessorImpl.newInstance(NativeConstructorAccessorImpl.java:57)
	at sun.reflect.DelegatingConstructorAccessorImpl.newInstance(DelegatingConstructorAccessorImpl.java:45)
	at java.lang.reflect.Constructor.newInstance(Constructor.java:525)
	at org.openqa.selenium.remote.ErrorHandler.createThrowable(ErrorHandler.java:206)
	at org.openqa.selenium.remote.ErrorHandler.throwIfResponseFailed(ErrorHandler.java:158)
	at org.openqa.selenium.remote.RemoteWebDriver.execute(RemoteWebDriver.java:678)
	at org.openqa.selenium.remote.RemoteWebDriver.findElement(RemoteWebDriver.java:363)
	at org.openqa.selenium.remote.RemoteWebDriver.findElementByXPath(RemoteWebDriver.java:500)
	at org.openqa.selenium.By$ByXPath.findElement(By.java:361)
	at org.openqa.selenium.remote.RemoteWebDriver.findElement(RemoteWebDriver.java:355)
	at com.org.Example.myproject.TC9733_Test.Approve_Request(TC9733_Test.java:191)
	at sun.reflect.NativeMethodAccessorImpl.invoke0(Native Method)
	at sun.reflect.NativeMethodAccessorImpl.invoke(NativeMethodAccessorImpl.java:57)
	at sun.reflect.DelegatingMethodAccessorImpl.invoke(DelegatingMethodAccessorImpl.java:43)
	at java.lang.reflect.Method.invoke(Method.java:601)
	at org.testng.internal.MethodInvocationHelper.invokeMethod(MethodInvocationHelper.java:86)
	at org.testng.internal.Invoker.invokeMethod(Invoker.java:643)
	at org.testng.internal.Invoker.invokeTestMethod(Invoker.java:820)
	at org.testng.internal.Invoker.invokeTestMethods(Invoker.java:1128)
	at org.testng.internal.TestMethodWorker.invokeTestMethods(TestMethodWorker.java:129)
	at org.testng.internal.TestMethodWorker.run(TestMethodWorker.java:112)
	at org.testng.TestRunner.privateRun(TestRunner.java:782)
	at org.testng.TestRunner.run(TestRunner.java:632)
	at org.testng.SuiteRunner.runTest(SuiteRunner.java:366)
	at org.testng.SuiteRunner.runSequentially(SuiteRunner.java:361)
	at org.testng.SuiteRunner.privateRun(SuiteRunner.java:319)
	at org.testng.SuiteRunner.run(SuiteRunner.java:268)
	at org.testng.SuiteRunnerWorker.runSuite(SuiteRunnerWorker.java:52)
	at org.testng.SuiteRunnerWorker.run(SuiteRunnerWorker.java:86)
	at org.testng.TestNG.runSuitesSequentially(TestNG.java:1244)
	at org.testng.TestNG.runSuitesLocally(TestNG.java:1169)
	at org.testng.TestNG.run(TestNG.java:1064)
	at org.apache.maven.surefire.testng.TestNGExecutor.run(TestNGExecutor.java:177)
	at org.apache.maven.surefire.testng.TestNGXmlTestSuite.execute(TestNGXmlTestSuite.java:92)
	at org.apache.maven.surefire.testng.TestNGProvider.invoke(TestNGProvider.java:105)
	at sun.reflect.NativeMethodAccessorImpl.invoke0(Native Method)
	at sun.reflect.NativeMethodAccessorImpl.invoke(NativeMethodAccessorImpl.java:57)
	at sun.reflect.DelegatingMethodAccessorImpl.invoke(DelegatingMethodAccessorImpl.java:43)
	at java.lang.reflect.Method.invoke(Method.java:601)
	at org.apache.maven.surefire.util.ReflectionUtils.invokeMethodWithArray(ReflectionUtils.java:189)
	at org.apache.maven.surefire.booter.ProviderFactory$ProviderProxy.invoke(ProviderFactory.java:165)
	at org.apache.maven.surefire.booter.ProviderFactory.invokeProvider(ProviderFactory.java:85)
	at org.apache.maven.surefire.booter.ForkedBooter.runSuitesInProcess(ForkedBooter.java:103)
	at org.apache.maven.surefire.booter.ForkedBooter.main(ForkedBooter.java:74)
]]>
            </full-stacktrace>
          </exception> <!-- org.openqa.selenium.NoSuchElementException -->
          <reporter-output>
          </reporter-output>
        </test-method> <!-- Approve_Request -->
        <test-method status="PASS" signature="afterClass()[pri:0, instance:com.org.Example.myproject.TC9733_Test@459a76c9]" name="afterClass" is-config="true" duration-ms="415" started-at="2016-09-19T11:27:02Z" finished-at="2016-09-19T11:27:03Z">
          <reporter-output>
          </reporter-output>
        </test-method> <!-- afterClass -->
      </class> <!-- com.org.Example.myproject.TC9733_Test -->
      <class name="com.org.Example.myproject.TC9647_Test">
        <test-method status="PASS" signature="beforeClass()[pri:0, instance:com.org.Example.myproject.TC9647_Test@1feca9d2]" name="beforeClass" is-config="true" duration-ms="17391" started-at="2016-09-19T11:27:03Z" finished-at="2016-09-19T11:27:20Z">
          <reporter-output>
          </reporter-output>
        </test-method> <!-- beforeClass -->
        <test-method status="PASS" signature="Auccount_verification()[pri:0, instance:com.org.Example.myproject.TC9647_Test@1feca9d2]" name="Auccount_verification" duration-ms="68014" started-at="2016-09-19T11:27:20Z" finished-at="2016-09-19T11:28:28Z">
          <reporter-output>
          </reporter-output>
        </test-method> <!-- Auccount_verification -->
        <test-method status="PASS" signature="afterClass()[pri:0, instance:com.org.Example.myproject.TC9647_Test@1feca9d2]" name="afterClass" is-config="true" duration-ms="378" started-at="2016-09-19T11:28:28Z" finished-at="2016-09-19T11:28:28Z">
          <reporter-output>
          </reporter-output>
        </test-method> <!-- afterClass -->
      </class> <!-- com.org.Example.myproject.TC9647_Test -->
      <class name="com.org.Example.myproject.TC9667_Test">
        <test-method status="PASS" signature="beforeClass()[pri:0, instance:com.org.Example.myproject.TC9667_Test@3dc77b39]" name="beforeClass" is-config="true" duration-ms="16698" started-at="2016-09-19T11:35:05Z" finished-at="2016-09-19T11:35:22Z">
          <reporter-output>
          </reporter-output>
        </test-method> <!-- beforeClass -->
        <test-method status="PASS" signature="Productgroup()[pri:0, instance:com.org.Example.myproject.TC9667_Test@3dc77b39]" name="Productgroup" duration-ms="89318" started-at="2016-09-19T11:35:22Z" finished-at="2016-09-19T11:36:51Z">
          <reporter-output>
          </reporter-output>
        </test-method> <!-- Productgroup -->
        <test-method status="PASS" signature="afterClass()[pri:0, instance:com.org.Example.myproject.TC9667_Test@3dc77b39]" name="afterClass" is-config="true" duration-ms="273" started-at="2016-09-19T11:36:51Z" finished-at="2016-09-19T11:36:52Z">
          <reporter-output>
          </reporter-output>
        </test-method> <!-- afterClass -->
      </class> <!-- com.org.Example.myproject.TC9667_Test -->
      <class name="com.org.Example.myproject.TC9648_Test">
        <test-method status="PASS" signature="beforeClass()[pri:0, instance:com.org.Example.myproject.TC9648_Test@6a812a5d]" name="beforeClass" is-config="true" duration-ms="12658" started-at="2016-09-19T11:28:28Z" finished-at="2016-09-19T11:28:41Z">
          <reporter-output>
          </reporter-output>
        </test-method> <!-- beforeClass -->
        <test-method status="PASS" signature="testSearchByIcixId()[pri:0, instance:com.org.Example.myproject.TC9648_Test@6a812a5d]" name="testSearchByIcixId" duration-ms="54569" started-at="2016-09-19T11:28:41Z" finished-at="2016-09-19T11:29:36Z">
          <reporter-output>
          </reporter-output>
        </test-method> <!-- testSearchByIcixId -->
        <test-method status="PASS" signature="afterClass()[pri:0, instance:com.org.Example.myproject.TC9648_Test@6a812a5d]" name="afterClass" is-config="true" duration-ms="103" started-at="2016-09-19T11:29:36Z" finished-at="2016-09-19T11:29:36Z">
          <reporter-output>
          </reporter-output>
        </test-method> <!-- afterClass -->
        <test-method status="PASS" signature="tearDown()[pri:0, instance:com.org.Example.myproject.TC9648_Test@6a812a5d]" name="tearDown" is-config="true" duration-ms="0" started-at="2016-09-19T11:29:36Z" finished-at="2016-09-19T11:29:36Z">
          <reporter-output>
          </reporter-output>
        </test-method> <!-- tearDown -->
      </class> <!-- com.org.Example.myproject.TC9648_Test -->
      <class name="com.org.Example.myproject.TC9678_Test">
        <test-method status="PASS" signature="beforeClass()[pri:0, instance:com.org.Example.myproject.TC9678_Test@747c4004]" name="beforeClass" is-config="true" duration-ms="16480" started-at="2016-09-19T11:38:25Z" finished-at="2016-09-19T11:38:42Z">
          <reporter-output>
          </reporter-output>
        </test-method> <!-- beforeClass -->
        <test-method status="PASS" signature="send_document()[pri:0, instance:com.org.Example.myproject.TC9678_Test@747c4004]" name="send_document" duration-ms="63929" started-at="2016-09-19T11:38:42Z" finished-at="2016-09-19T11:39:46Z">
          <reporter-output>
          </reporter-output>
        </test-method> <!-- send_document -->
        <test-method status="PASS" signature="afterClass()[pri:0, instance:com.org.Example.myproject.TC9678_Test@747c4004]" name="afterClass" is-config="true" duration-ms="249" started-at="2016-09-19T11:39:46Z" finished-at="2016-09-19T11:39:46Z">
          <reporter-output>
          </reporter-output>
        </test-method> <!-- afterClass -->
      </class> <!-- com.org.Example.myproject.TC9678_Test -->
      <class name="com.org.Example.myproject.TC9675_Test">
        <test-method status="PASS" signature="beforeClass()[pri:0, instance:com.org.Example.myproject.TC9675_Test@736afade]" name="beforeClass" is-config="true" duration-ms="16786" started-at="2016-09-19T11:36:52Z" finished-at="2016-09-19T11:37:08Z">
          <reporter-output>
          </reporter-output>
        </test-method> <!-- beforeClass -->
        <test-method status="FAIL" signature="uploadpublicdocument()[pri:0, instance:com.org.Example.myproject.TC9675_Test@736afade]" name="uploadpublicdocument" duration-ms="76365" started-at="2016-09-19T11:37:08Z" finished-at="2016-09-19T11:38:25Z">
          <exception class="org.openqa.selenium.ElementNotVisibleException">
            <message>
              <![CDATA[element not visible
  (Session info: chrome=53.0.2785.116)
  (Driver info: chromedriver=2.24.417412 (ac882d3ce7c0d99292439bf3405780058fcca0a6),platform=Mac OS X 10.10.3 x86_64) (WARNING: The server did not provide any stacktrace information)
Command duration or timeout: 19 milliseconds
Build info: version: '2.53.1', revision: 'a36b8b1cd5757287168e54b817830adce9b0158d', time: '2016-06-30 19:26:09'
System info: host: 'SDMMAC-F60-2.local', ip: '172.24.3.181', os.name: 'Mac OS X', os.arch: 'x86_64', os.version: '10.10.3', java.version: '1.7.0_12-ea'
Session ID: 0b2f134bdc3feeb232a21a3059a6ec01
Driver info: org.openqa.selenium.chrome.ChromeDriver
Capabilities [{platform=MAC, acceptSslCerts=true, javascriptEnabled=true, browserName=chrome, chrome={userDataDir=/var/folders/5w/rkpdbz5j2pl0_8k8234bdfkh0000gw/T/.org.chromium.Chromium.bibS93, chromedriverVersion=2.24.417412 (ac882d3ce7c0d99292439bf3405780058fcca0a6)}, networkConnectionEnabled=false, rotatable=false, locationContextEnabled=true, mobileEmulationEnabled=false, version=53.0.2785.116, pageLoadStrategy=normal, takesHeapSnapshot=true, cssSelectorsEnabled=true, databaseEnabled=false, handlesAlerts=true, browserConnectionEnabled=false, webStorageEnabled=true, nativeEvents=true, hasTouchScreen=false, applicationCacheEnabled=false, takesScreenshot=true}]]]>
            </message>
            <full-stacktrace>
              <![CDATA[org.openqa.selenium.ElementNotVisibleException: element not visible
  (Session info: chrome=53.0.2785.116)
  (Driver info: chromedriver=2.24.417412 (ac882d3ce7c0d99292439bf3405780058fcca0a6),platform=Mac OS X 10.10.3 x86_64) (WARNING: The server did not provide any stacktrace information)
Command duration or timeout: 19 milliseconds
Build info: version: '2.53.1', revision: 'a36b8b1cd5757287168e54b817830adce9b0158d', time: '2016-06-30 19:26:09'
System info: host: 'SDMMAC-F60-2.local', ip: '172.24.3.181', os.name: 'Mac OS X', os.arch: 'x86_64', os.version: '10.10.3', java.version: '1.7.0_12-ea'
Session ID: 0b2f134bdc3feeb232a21a3059a6ec01
Driver info: org.openqa.selenium.chrome.ChromeDriver
Capabilities [{platform=MAC, acceptSslCerts=true, javascriptEnabled=true, browserName=chrome, chrome={userDataDir=/var/folders/5w/rkpdbz5j2pl0_8k8234bdfkh0000gw/T/.org.chromium.Chromium.bibS93, chromedriverVersion=2.24.417412 (ac882d3ce7c0d99292439bf3405780058fcca0a6)}, networkConnectionEnabled=false, rotatable=false, locationContextEnabled=true, mobileEmulationEnabled=false, version=53.0.2785.116, pageLoadStrategy=normal, takesHeapSnapshot=true, cssSelectorsEnabled=true, databaseEnabled=false, handlesAlerts=true, browserConnectionEnabled=false, webStorageEnabled=true, nativeEvents=true, hasTouchScreen=false, applicationCacheEnabled=false, takesScreenshot=true}]
	at sun.reflect.NativeConstructorAccessorImpl.newInstance0(Native Method)
	at sun.reflect.NativeConstructorAccessorImpl.newInstance(NativeConstructorAccessorImpl.java:57)
	at sun.reflect.DelegatingConstructorAccessorImpl.newInstance(DelegatingConstructorAccessorImpl.java:45)
	at java.lang.reflect.Constructor.newInstance(Constructor.java:525)
	at org.openqa.selenium.remote.ErrorHandler.createThrowable(ErrorHandler.java:206)
	at org.openqa.selenium.remote.ErrorHandler.throwIfResponseFailed(ErrorHandler.java:158)
	at org.openqa.selenium.remote.RemoteWebDriver.execute(RemoteWebDriver.java:678)
	at org.openqa.selenium.remote.RemoteWebElement.execute(RemoteWebElement.java:327)
	at org.openqa.selenium.remote.RemoteWebElement.click(RemoteWebElement.java:85)
	at com.org.Example.myproject.TC9675_Test.uploadpublicdocument(TC9675_Test.java:101)
	at sun.reflect.NativeMethodAccessorImpl.invoke0(Native Method)
	at sun.reflect.NativeMethodAccessorImpl.invoke(NativeMethodAccessorImpl.java:57)
	at sun.reflect.DelegatingMethodAccessorImpl.invoke(DelegatingMethodAccessorImpl.java:43)
	at java.lang.reflect.Method.invoke(Method.java:601)
	at org.testng.internal.MethodInvocationHelper.invokeMethod(MethodInvocationHelper.java:86)
	at org.testng.internal.Invoker.invokeMethod(Invoker.java:643)
	at org.testng.internal.Invoker.invokeTestMethod(Invoker.java:820)
	at org.testng.internal.Invoker.invokeTestMethods(Invoker.java:1128)
	at org.testng.internal.TestMethodWorker.invokeTestMethods(TestMethodWorker.java:129)
	at org.testng.internal.TestMethodWorker.run(TestMethodWorker.java:112)
	at org.testng.TestRunner.privateRun(TestRunner.java:782)
	at org.testng.TestRunner.run(TestRunner.java:632)
	at org.testng.SuiteRunner.runTest(SuiteRunner.java:366)
	at org.testng.SuiteRunner.runSequentially(SuiteRunner.java:361)
	at org.testng.SuiteRunner.privateRun(SuiteRunner.java:319)
	at org.testng.SuiteRunner.run(SuiteRunner.java:268)
	at org.testng.SuiteRunnerWorker.runSuite(SuiteRunnerWorker.java:52)
	at org.testng.SuiteRunnerWorker.run(SuiteRunnerWorker.java:86)
	at org.testng.TestNG.runSuitesSequentially(TestNG.java:1244)
	at org.testng.TestNG.runSuitesLocally(TestNG.java:1169)
	at org.testng.TestNG.run(TestNG.java:1064)
	at org.apache.maven.surefire.testng.TestNGExecutor.run(TestNGExecutor.java:177)
	at org.apache.maven.surefire.testng.TestNGXmlTestSuite.execute(TestNGXmlTestSuite.java:92)
	at org.apache.maven.surefire.testng.TestNGProvider.invoke(TestNGProvider.java:105)
	at sun.reflect.NativeMethodAccessorImpl.invoke0(Native Method)
	at sun.reflect.NativeMethodAccessorImpl.invoke(NativeMethodAccessorImpl.java:57)
	at sun.reflect.DelegatingMethodAccessorImpl.invoke(DelegatingMethodAccessorImpl.java:43)
	at java.lang.reflect.Method.invoke(Method.java:601)
	at org.apache.maven.surefire.util.ReflectionUtils.invokeMethodWithArray(ReflectionUtils.java:189)
	at org.apache.maven.surefire.booter.ProviderFactory$ProviderProxy.invoke(ProviderFactory.java:165)
	at org.apache.maven.surefire.booter.ProviderFactory.invokeProvider(ProviderFactory.java:85)
	at org.apache.maven.surefire.booter.ForkedBooter.runSuitesInProcess(ForkedBooter.java:103)
	at org.apache.maven.surefire.booter.ForkedBooter.main(ForkedBooter.java:74)
]]>
            </full-stacktrace>
          </exception> <!-- org.openqa.selenium.ElementNotVisibleException -->
          <reporter-output>
          </reporter-output>
        </test-method> <!-- uploadpublicdocument -->
        <test-method status="PASS" signature="afterClass()[pri:0, instance:com.org.Example.myproject.TC9675_Test@736afade]" name="afterClass" is-config="true" duration-ms="467" started-at="2016-09-19T11:38:25Z" finished-at="2016-09-19T11:38:25Z">
          <reporter-output>
          </reporter-output>
        </test-method> <!-- afterClass -->
      </class> <!-- com.org.Example.myproject.TC9675_Test -->
    </test> <!-- Test -->
  </suite> <!-- Suite -->
</testng-results>
