<?xml version="1.0" encoding="UTF-8"?>
<testng-results skipped="0" failed="2" total="5" passed="3">
  <reporter-output>
  </reporter-output>
  <suite name="Suite" duration-ms="404073" started-at="2016-09-29T11:39:34Z" finished-at="2016-09-29T11:46:18Z">
    <groups>
    </groups>
    <test name="Test" duration-ms="404073" started-at="2016-09-29T11:39:34Z" finished-at="2016-09-29T11:46:18Z">
      <class name="com.org.Example.myproject.TC10461_Test">
        <test-method status="PASS" signature="beforeClass()[pri:0, instance:com.org.Example.myproject.TC10461_Test@736d4a3e]" name="beforeClass" is-config="true" duration-ms="9027" started-at="2016-09-29T17:15:05Z" finished-at="2016-09-29T17:15:14Z">
          <reporter-output>
          </reporter-output>
        </test-method> <!-- beforeClass -->
        <test-method status="PASS" signature="TPG_Relationship_Status()[pri:0, instance:com.org.Example.myproject.TC10461_Test@736d4a3e]" name="TPG_Relationship_Status" duration-ms="62533" started-at="2016-09-29T17:15:14Z" finished-at="2016-09-29T17:16:17Z">
          <reporter-output>
          </reporter-output>
        </test-method> <!-- TPG_Relationship_Status -->
        <test-method status="PASS" signature="afterClass()[pri:0, instance:com.org.Example.myproject.TC10461_Test@736d4a3e]" name="afterClass" is-config="true" duration-ms="1647" started-at="2016-09-29T17:16:17Z" finished-at="2016-09-29T17:16:18Z">
          <reporter-output>
          </reporter-output>
        </test-method> <!-- afterClass -->
      </class> <!-- com.org.Example.myproject.TC10461_Test -->
      <class name="com.org.Example.myproject.TC9659_Test">
        <test-method status="PASS" signature="beforeClass()[pri:0, instance:com.org.Example.myproject.TC9659_Test@4dfe96f2]" name="beforeClass" is-config="true" duration-ms="9442" started-at="2016-09-29T17:12:00Z" finished-at="2016-09-29T17:12:10Z">
          <reporter-output>
          </reporter-output>
        </test-method> <!-- beforeClass -->
        <test-method status="FAIL" signature="Tagstest()[pri:0, instance:com.org.Example.myproject.TC9659_Test@4dfe96f2]" name="Tagstest" duration-ms="75479" started-at="2016-09-29T17:12:10Z" finished-at="2016-09-29T17:13:25Z">
          <exception class="org.openqa.selenium.ElementNotVisibleException">
            <message>
              <![CDATA[element not visible
  (Session info: chrome=52.0.2743.116)
  (Driver info: chromedriver=2.24.417424 (c5c5ea873213ee72e3d0929b47482681555340c3),platform=Linux 3.13.0-32-generic x86_64) (WARNING: The server did not provide any stacktrace information)
Command duration or timeout: 13 milliseconds
Build info: version: '2.53.1', revision: 'a36b8b1cd5757287168e54b817830adce9b0158d', time: '2016-06-30 19:26:09'
System info: host: 'Training-14', ip: '127.0.1.1', os.name: 'Linux', os.arch: 'amd64', os.version: '3.13.0-32-generic', java.version: '1.7.0_80'
Session ID: c3478bf2f417f2fd95a7565608ff5b0a
Driver info: org.openqa.selenium.chrome.ChromeDriver
Capabilities [{platform=LINUX, acceptSslCerts=true, javascriptEnabled=true, browserName=chrome, chrome={userDataDir=/tmp/.org.chromium.Chromium.PRTdgp, chromedriverVersion=2.24.417424 (c5c5ea873213ee72e3d0929b47482681555340c3)}, networkConnectionEnabled=false, rotatable=false, locationContextEnabled=true, mobileEmulationEnabled=false, version=52.0.2743.116, pageLoadStrategy=normal, takesHeapSnapshot=true, cssSelectorsEnabled=true, databaseEnabled=false, handlesAlerts=true, browserConnectionEnabled=false, webStorageEnabled=true, nativeEvents=true, hasTouchScreen=false, applicationCacheEnabled=false, takesScreenshot=true}]]]>
            </message>
            <full-stacktrace>
              <![CDATA[org.openqa.selenium.ElementNotVisibleException: element not visible
  (Session info: chrome=52.0.2743.116)
  (Driver info: chromedriver=2.24.417424 (c5c5ea873213ee72e3d0929b47482681555340c3),platform=Linux 3.13.0-32-generic x86_64) (WARNING: The server did not provide any stacktrace information)
Command duration or timeout: 13 milliseconds
Build info: version: '2.53.1', revision: 'a36b8b1cd5757287168e54b817830adce9b0158d', time: '2016-06-30 19:26:09'
System info: host: 'Training-14', ip: '127.0.1.1', os.name: 'Linux', os.arch: 'amd64', os.version: '3.13.0-32-generic', java.version: '1.7.0_80'
Session ID: c3478bf2f417f2fd95a7565608ff5b0a
Driver info: org.openqa.selenium.chrome.ChromeDriver
Capabilities [{platform=LINUX, acceptSslCerts=true, javascriptEnabled=true, browserName=chrome, chrome={userDataDir=/tmp/.org.chromium.Chromium.PRTdgp, chromedriverVersion=2.24.417424 (c5c5ea873213ee72e3d0929b47482681555340c3)}, networkConnectionEnabled=false, rotatable=false, locationContextEnabled=true, mobileEmulationEnabled=false, version=52.0.2743.116, pageLoadStrategy=normal, takesHeapSnapshot=true, cssSelectorsEnabled=true, databaseEnabled=false, handlesAlerts=true, browserConnectionEnabled=false, webStorageEnabled=true, nativeEvents=true, hasTouchScreen=false, applicationCacheEnabled=false, takesScreenshot=true}]
	at sun.reflect.NativeConstructorAccessorImpl.newInstance0(Native Method)
	at sun.reflect.NativeConstructorAccessorImpl.newInstance(NativeConstructorAccessorImpl.java:57)
	at sun.reflect.DelegatingConstructorAccessorImpl.newInstance(DelegatingConstructorAccessorImpl.java:45)
	at java.lang.reflect.Constructor.newInstance(Constructor.java:526)
	at org.openqa.selenium.remote.ErrorHandler.createThrowable(ErrorHandler.java:206)
	at org.openqa.selenium.remote.ErrorHandler.throwIfResponseFailed(ErrorHandler.java:158)
	at org.openqa.selenium.remote.RemoteWebDriver.execute(RemoteWebDriver.java:678)
	at org.openqa.selenium.remote.RemoteWebElement.execute(RemoteWebElement.java:327)
	at org.openqa.selenium.remote.RemoteWebElement.click(RemoteWebElement.java:85)
	at com.org.Example.myproject.TC9659_Test.Tagstest(TC9659_Test.java:83)
	at sun.reflect.NativeMethodAccessorImpl.invoke0(Native Method)
	at sun.reflect.NativeMethodAccessorImpl.invoke(NativeMethodAccessorImpl.java:57)
	at sun.reflect.DelegatingMethodAccessorImpl.invoke(DelegatingMethodAccessorImpl.java:43)
	at java.lang.reflect.Method.invoke(Method.java:606)
	at org.testng.internal.MethodInvocationHelper.invokeMethod(MethodInvocationHelper.java:86)
	at org.testng.internal.Invoker.invokeMethod(Invoker.java:643)
	at org.testng.internal.Invoker.invokeTestMethod(Invoker.java:820)
	at org.testng.internal.Invoker.invokeTestMethods(Invoker.java:1128)
	at org.testng.internal.TestMethodWorker.invokeTestMethods(TestMethodWorker.java:129)
	at org.testng.internal.TestMethodWorker.run(TestMethodWorker.java:112)
	at org.testng.TestRunner.privateRun(TestRunner.java:782)
	at org.testng.TestRunner.run(TestRunner.java:632)
	at org.testng.SuiteRunner.runTest(SuiteRunner.java:366)
	at org.testng.SuiteRunner.runSequentially(SuiteRunner.java:361)
	at org.testng.SuiteRunner.privateRun(SuiteRunner.java:319)
	at org.testng.SuiteRunner.run(SuiteRunner.java:268)
	at org.testng.SuiteRunnerWorker.runSuite(SuiteRunnerWorker.java:52)
	at org.testng.SuiteRunnerWorker.run(SuiteRunnerWorker.java:86)
	at org.testng.TestNG.runSuitesSequentially(TestNG.java:1244)
	at org.testng.TestNG.runSuitesLocally(TestNG.java:1169)
	at org.testng.TestNG.run(TestNG.java:1064)
	at org.apache.maven.surefire.testng.TestNGExecutor.run(TestNGExecutor.java:217)
	at org.apache.maven.surefire.testng.TestNGXmlTestSuite.execute(TestNGXmlTestSuite.java:84)
	at org.apache.maven.surefire.testng.TestNGProvider.invoke(TestNGProvider.java:92)
	at org.apache.maven.surefire.booter.ForkedBooter.invokeProviderInSameClassLoader(ForkedBooter.java:200)
	at org.apache.maven.surefire.booter.ForkedBooter.runSuitesInProcess(ForkedBooter.java:153)
	at org.apache.maven.surefire.booter.ForkedBooter.main(ForkedBooter.java:103)
]]>
            </full-stacktrace>
          </exception> <!-- org.openqa.selenium.ElementNotVisibleException -->
          <reporter-output>
          </reporter-output>
        </test-method> <!-- Tagstest -->
        <test-method status="FAIL" signature="afterClass()[pri:0, instance:com.org.Example.myproject.TC9659_Test@4dfe96f2]" name="afterClass" is-config="true" duration-ms="0" started-at="2016-09-29T17:13:25Z" finished-at="2016-09-29T17:13:25Z">
          <exception class="org.openqa.selenium.NoSuchElementException">
            <message>
              <![CDATA[no such element: Unable to locate element: {"method":"xpath","selector":"//img[contains(@class,'profileTrigger')]"}
  (Session info: chrome=52.0.2743.116)
  (Driver info: chromedriver=2.24.417424 (c5c5ea873213ee72e3d0929b47482681555340c3),platform=Linux 3.13.0-32-generic x86_64) (WARNING: The server did not provide any stacktrace information)
Command duration or timeout: 25.07 seconds
For documentation on this error, please visit: http://seleniumhq.org/exceptions/no_such_element.html
Build info: version: '2.53.1', revision: 'a36b8b1cd5757287168e54b817830adce9b0158d', time: '2016-06-30 19:26:09'
System info: host: 'Training-14', ip: '127.0.1.1', os.name: 'Linux', os.arch: 'amd64', os.version: '3.13.0-32-generic', java.version: '1.7.0_80'
*** Element info: {Using=xpath, value=//img[contains(@class,'profileTrigger')]}
Session ID: c3478bf2f417f2fd95a7565608ff5b0a
Driver info: org.openqa.selenium.chrome.ChromeDriver
Capabilities [{platform=LINUX, acceptSslCerts=true, javascriptEnabled=true, browserName=chrome, chrome={userDataDir=/tmp/.org.chromium.Chromium.PRTdgp, chromedriverVersion=2.24.417424 (c5c5ea873213ee72e3d0929b47482681555340c3)}, networkConnectionEnabled=false, rotatable=false, locationContextEnabled=true, mobileEmulationEnabled=false, version=52.0.2743.116, pageLoadStrategy=normal, takesHeapSnapshot=true, cssSelectorsEnabled=true, databaseEnabled=false, handlesAlerts=true, browserConnectionEnabled=false, webStorageEnabled=true, nativeEvents=true, hasTouchScreen=false, applicationCacheEnabled=false, takesScreenshot=true}]]]>
            </message>
            <full-stacktrace>
              <![CDATA[org.openqa.selenium.NoSuchElementException: no such element: Unable to locate element: {"method":"xpath","selector":"//img[contains(@class,'profileTrigger')]"}
  (Session info: chrome=52.0.2743.116)
  (Driver info: chromedriver=2.24.417424 (c5c5ea873213ee72e3d0929b47482681555340c3),platform=Linux 3.13.0-32-generic x86_64) (WARNING: The server did not provide any stacktrace information)
Command duration or timeout: 25.07 seconds
For documentation on this error, please visit: http://seleniumhq.org/exceptions/no_such_element.html
Build info: version: '2.53.1', revision: 'a36b8b1cd5757287168e54b817830adce9b0158d', time: '2016-06-30 19:26:09'
System info: host: 'Training-14', ip: '127.0.1.1', os.name: 'Linux', os.arch: 'amd64', os.version: '3.13.0-32-generic', java.version: '1.7.0_80'
*** Element info: {Using=xpath, value=//img[contains(@class,'profileTrigger')]}
Session ID: c3478bf2f417f2fd95a7565608ff5b0a
Driver info: org.openqa.selenium.chrome.ChromeDriver
Capabilities [{platform=LINUX, acceptSslCerts=true, javascriptEnabled=true, browserName=chrome, chrome={userDataDir=/tmp/.org.chromium.Chromium.PRTdgp, chromedriverVersion=2.24.417424 (c5c5ea873213ee72e3d0929b47482681555340c3)}, networkConnectionEnabled=false, rotatable=false, locationContextEnabled=true, mobileEmulationEnabled=false, version=52.0.2743.116, pageLoadStrategy=normal, takesHeapSnapshot=true, cssSelectorsEnabled=true, databaseEnabled=false, handlesAlerts=true, browserConnectionEnabled=false, webStorageEnabled=true, nativeEvents=true, hasTouchScreen=false, applicationCacheEnabled=false, takesScreenshot=true}]
	at sun.reflect.NativeConstructorAccessorImpl.newInstance0(Native Method)
	at sun.reflect.NativeConstructorAccessorImpl.newInstance(NativeConstructorAccessorImpl.java:57)
	at sun.reflect.DelegatingConstructorAccessorImpl.newInstance(DelegatingConstructorAccessorImpl.java:45)
	at java.lang.reflect.Constructor.newInstance(Constructor.java:526)
	at org.openqa.selenium.remote.ErrorHandler.createThrowable(ErrorHandler.java:206)
	at org.openqa.selenium.remote.ErrorHandler.throwIfResponseFailed(ErrorHandler.java:158)
	at org.openqa.selenium.remote.RemoteWebDriver.execute(RemoteWebDriver.java:678)
	at org.openqa.selenium.remote.RemoteWebDriver.findElement(RemoteWebDriver.java:363)
	at org.openqa.selenium.remote.RemoteWebDriver.findElementByXPath(RemoteWebDriver.java:500)
	at org.openqa.selenium.By$ByXPath.findElement(By.java:361)
	at org.openqa.selenium.remote.RemoteWebDriver.findElement(RemoteWebDriver.java:355)
	at com.utils.Data_loading.logoutFromPortal(Data_loading.java:336)
	at com.org.Example.myproject.TC9659_Test.afterClass(TC9659_Test.java:47)
	at sun.reflect.NativeMethodAccessorImpl.invoke0(Native Method)
	at sun.reflect.NativeMethodAccessorImpl.invoke(NativeMethodAccessorImpl.java:57)
	at sun.reflect.DelegatingMethodAccessorImpl.invoke(DelegatingMethodAccessorImpl.java:43)
	at java.lang.reflect.Method.invoke(Method.java:606)
	at org.testng.internal.MethodInvocationHelper.invokeMethod(MethodInvocationHelper.java:86)
	at org.testng.internal.Invoker.invokeConfigurationMethod(Invoker.java:514)
	at org.testng.internal.Invoker.invokeConfigurations(Invoker.java:215)
	at org.testng.internal.Invoker.invokeConfigurations(Invoker.java:142)
	at org.testng.internal.TestMethodWorker.invokeAfterClassMethods(TestMethodWorker.java:232)
	at org.testng.internal.TestMethodWorker.run(TestMethodWorker.java:115)
	at org.testng.TestRunner.privateRun(TestRunner.java:782)
	at org.testng.TestRunner.run(TestRunner.java:632)
	at org.testng.SuiteRunner.runTest(SuiteRunner.java:366)
	at org.testng.SuiteRunner.runSequentially(SuiteRunner.java:361)
	at org.testng.SuiteRunner.privateRun(SuiteRunner.java:319)
	at org.testng.SuiteRunner.run(SuiteRunner.java:268)
	at org.testng.SuiteRunnerWorker.runSuite(SuiteRunnerWorker.java:52)
	at org.testng.SuiteRunnerWorker.run(SuiteRunnerWorker.java:86)
	at org.testng.TestNG.runSuitesSequentially(TestNG.java:1244)
	at org.testng.TestNG.runSuitesLocally(TestNG.java:1169)
	at org.testng.TestNG.run(TestNG.java:1064)
	at org.apache.maven.surefire.testng.TestNGExecutor.run(TestNGExecutor.java:217)
	at org.apache.maven.surefire.testng.TestNGXmlTestSuite.execute(TestNGXmlTestSuite.java:84)
	at org.apache.maven.surefire.testng.TestNGProvider.invoke(TestNGProvider.java:92)
	at org.apache.maven.surefire.booter.ForkedBooter.invokeProviderInSameClassLoader(ForkedBooter.java:200)
	at org.apache.maven.surefire.booter.ForkedBooter.runSuitesInProcess(ForkedBooter.java:153)
	at org.apache.maven.surefire.booter.ForkedBooter.main(ForkedBooter.java:103)
]]>
            </full-stacktrace>
          </exception> <!-- org.openqa.selenium.NoSuchElementException -->
          <reporter-output>
          </reporter-output>
        </test-method> <!-- afterClass -->
      </class> <!-- com.org.Example.myproject.TC9659_Test -->
      <class name="com.org.Example.myproject.TC9653_Test">
        <test-method status="PASS" signature="beforeClass()[pri:0, instance:com.org.Example.myproject.TC9653_Test@2c505508]" name="beforeClass" is-config="true" duration-ms="11018" started-at="2016-09-29T17:10:49Z" finished-at="2016-09-29T17:11:00Z">
          <reporter-output>
          </reporter-output>
        </test-method> <!-- beforeClass -->
        <test-method status="FAIL" signature="Account_verification()[pri:0, instance:com.org.Example.myproject.TC9653_Test@2c505508]" name="Account_verification" duration-ms="59937" started-at="2016-09-29T17:11:00Z" finished-at="2016-09-29T17:12:00Z">
          <exception class="org.openqa.selenium.ElementNotVisibleException">
            <message>
              <![CDATA[element not visible
  (Session info: chrome=52.0.2743.116)
  (Driver info: chromedriver=2.24.417424 (c5c5ea873213ee72e3d0929b47482681555340c3),platform=Linux 3.13.0-32-generic x86_64) (WARNING: The server did not provide any stacktrace information)
Command duration or timeout: 14 milliseconds
Build info: version: '2.53.1', revision: 'a36b8b1cd5757287168e54b817830adce9b0158d', time: '2016-06-30 19:26:09'
System info: host: 'Training-14', ip: '127.0.1.1', os.name: 'Linux', os.arch: 'amd64', os.version: '3.13.0-32-generic', java.version: '1.7.0_80'
Session ID: 2d64571b788f8f970219a22008624f98
Driver info: org.openqa.selenium.chrome.ChromeDriver
Capabilities [{platform=LINUX, acceptSslCerts=true, javascriptEnabled=true, browserName=chrome, chrome={userDataDir=/tmp/.org.chromium.Chromium.bNvTc0, chromedriverVersion=2.24.417424 (c5c5ea873213ee72e3d0929b47482681555340c3)}, networkConnectionEnabled=false, rotatable=false, locationContextEnabled=true, mobileEmulationEnabled=false, version=52.0.2743.116, pageLoadStrategy=normal, takesHeapSnapshot=true, cssSelectorsEnabled=true, databaseEnabled=false, handlesAlerts=true, browserConnectionEnabled=false, webStorageEnabled=true, nativeEvents=true, hasTouchScreen=false, applicationCacheEnabled=false, takesScreenshot=true}]]]>
            </message>
            <full-stacktrace>
              <![CDATA[org.openqa.selenium.ElementNotVisibleException: element not visible
  (Session info: chrome=52.0.2743.116)
  (Driver info: chromedriver=2.24.417424 (c5c5ea873213ee72e3d0929b47482681555340c3),platform=Linux 3.13.0-32-generic x86_64) (WARNING: The server did not provide any stacktrace information)
Command duration or timeout: 14 milliseconds
Build info: version: '2.53.1', revision: 'a36b8b1cd5757287168e54b817830adce9b0158d', time: '2016-06-30 19:26:09'
System info: host: 'Training-14', ip: '127.0.1.1', os.name: 'Linux', os.arch: 'amd64', os.version: '3.13.0-32-generic', java.version: '1.7.0_80'
Session ID: 2d64571b788f8f970219a22008624f98
Driver info: org.openqa.selenium.chrome.ChromeDriver
Capabilities [{platform=LINUX, acceptSslCerts=true, javascriptEnabled=true, browserName=chrome, chrome={userDataDir=/tmp/.org.chromium.Chromium.bNvTc0, chromedriverVersion=2.24.417424 (c5c5ea873213ee72e3d0929b47482681555340c3)}, networkConnectionEnabled=false, rotatable=false, locationContextEnabled=true, mobileEmulationEnabled=false, version=52.0.2743.116, pageLoadStrategy=normal, takesHeapSnapshot=true, cssSelectorsEnabled=true, databaseEnabled=false, handlesAlerts=true, browserConnectionEnabled=false, webStorageEnabled=true, nativeEvents=true, hasTouchScreen=false, applicationCacheEnabled=false, takesScreenshot=true}]
	at sun.reflect.NativeConstructorAccessorImpl.newInstance0(Native Method)
	at sun.reflect.NativeConstructorAccessorImpl.newInstance(NativeConstructorAccessorImpl.java:57)
	at sun.reflect.DelegatingConstructorAccessorImpl.newInstance(DelegatingConstructorAccessorImpl.java:45)
	at java.lang.reflect.Constructor.newInstance(Constructor.java:526)
	at org.openqa.selenium.remote.ErrorHandler.createThrowable(ErrorHandler.java:206)
	at org.openqa.selenium.remote.ErrorHandler.throwIfResponseFailed(ErrorHandler.java:158)
	at org.openqa.selenium.remote.RemoteWebDriver.execute(RemoteWebDriver.java:678)
	at org.openqa.selenium.remote.RemoteWebElement.execute(RemoteWebElement.java:327)
	at org.openqa.selenium.remote.RemoteWebElement.click(RemoteWebElement.java:85)
	at com.org.Example.myproject.TC9653_Test.Account_verification(TC9653_Test.java:98)
	at sun.reflect.NativeMethodAccessorImpl.invoke0(Native Method)
	at sun.reflect.NativeMethodAccessorImpl.invoke(NativeMethodAccessorImpl.java:57)
	at sun.reflect.DelegatingMethodAccessorImpl.invoke(DelegatingMethodAccessorImpl.java:43)
	at java.lang.reflect.Method.invoke(Method.java:606)
	at org.testng.internal.MethodInvocationHelper.invokeMethod(MethodInvocationHelper.java:86)
	at org.testng.internal.Invoker.invokeMethod(Invoker.java:643)
	at org.testng.internal.Invoker.invokeTestMethod(Invoker.java:820)
	at org.testng.internal.Invoker.invokeTestMethods(Invoker.java:1128)
	at org.testng.internal.TestMethodWorker.invokeTestMethods(TestMethodWorker.java:129)
	at org.testng.internal.TestMethodWorker.run(TestMethodWorker.java:112)
	at org.testng.TestRunner.privateRun(TestRunner.java:782)
	at org.testng.TestRunner.run(TestRunner.java:632)
	at org.testng.SuiteRunner.runTest(SuiteRunner.java:366)
	at org.testng.SuiteRunner.runSequentially(SuiteRunner.java:361)
	at org.testng.SuiteRunner.privateRun(SuiteRunner.java:319)
	at org.testng.SuiteRunner.run(SuiteRunner.java:268)
	at org.testng.SuiteRunnerWorker.runSuite(SuiteRunnerWorker.java:52)
	at org.testng.SuiteRunnerWorker.run(SuiteRunnerWorker.java:86)
	at org.testng.TestNG.runSuitesSequentially(TestNG.java:1244)
	at org.testng.TestNG.runSuitesLocally(TestNG.java:1169)
	at org.testng.TestNG.run(TestNG.java:1064)
	at org.apache.maven.surefire.testng.TestNGExecutor.run(TestNGExecutor.java:217)
	at org.apache.maven.surefire.testng.TestNGXmlTestSuite.execute(TestNGXmlTestSuite.java:84)
	at org.apache.maven.surefire.testng.TestNGProvider.invoke(TestNGProvider.java:92)
	at org.apache.maven.surefire.booter.ForkedBooter.invokeProviderInSameClassLoader(ForkedBooter.java:200)
	at org.apache.maven.surefire.booter.ForkedBooter.runSuitesInProcess(ForkedBooter.java:153)
	at org.apache.maven.surefire.booter.ForkedBooter.main(ForkedBooter.java:103)
]]>
            </full-stacktrace>
          </exception> <!-- org.openqa.selenium.ElementNotVisibleException -->
          <reporter-output>
          </reporter-output>
        </test-method> <!-- Account_verification -->
        <test-method status="PASS" signature="afterClass()[pri:0, instance:com.org.Example.myproject.TC9653_Test@2c505508]" name="afterClass" is-config="true" duration-ms="71" started-at="2016-09-29T17:12:00Z" finished-at="2016-09-29T17:12:00Z">
          <reporter-output>
          </reporter-output>
        </test-method> <!-- afterClass -->
      </class> <!-- com.org.Example.myproject.TC9653_Test -->
      <class name="com.org.Example.myproject.TC10460_Test">
        <test-method status="PASS" signature="beforeClass()[pri:0, instance:com.org.Example.myproject.TC10460_Test@56811df]" name="beforeClass" is-config="true" duration-ms="9857" started-at="2016-09-29T17:13:50Z" finished-at="2016-09-29T17:14:00Z">
          <reporter-output>
          </reporter-output>
        </test-method> <!-- beforeClass -->
        <test-method status="PASS" signature="TPG_Tags()[pri:0, instance:com.org.Example.myproject.TC10460_Test@56811df]" name="TPG_Tags" duration-ms="63294" started-at="2016-09-29T17:14:00Z" finished-at="2016-09-29T17:15:04Z">
          <reporter-output>
          </reporter-output>
        </test-method> <!-- TPG_Tags -->
        <test-method status="PASS" signature="afterClass()[pri:0, instance:com.org.Example.myproject.TC10460_Test@56811df]" name="afterClass" is-config="true" duration-ms="1703" started-at="2016-09-29T17:15:04Z" finished-at="2016-09-29T17:15:05Z">
          <reporter-output>
          </reporter-output>
        </test-method> <!-- afterClass -->
      </class> <!-- com.org.Example.myproject.TC10460_Test -->
      <class name="com.org.Example.myproject.TC9648_Test">
        <test-method status="PASS" signature="beforeClass()[pri:0, instance:com.org.Example.myproject.TC9648_Test@2bb9b1ed]" name="beforeClass" is-config="true" duration-ms="9372" started-at="2016-09-29T17:09:34Z" finished-at="2016-09-29T17:09:44Z">
          <reporter-output>
          </reporter-output>
        </test-method> <!-- beforeClass -->
        <test-method status="PASS" signature="testSearchByIcixId()[pri:0, instance:com.org.Example.myproject.TC9648_Test@2bb9b1ed]" name="testSearchByIcixId" duration-ms="65524" started-at="2016-09-29T17:09:44Z" finished-at="2016-09-29T17:10:49Z">
          <reporter-output>
          </reporter-output>
        </test-method> <!-- testSearchByIcixId -->
        <test-method status="PASS" signature="afterClass()[pri:0, instance:com.org.Example.myproject.TC9648_Test@2bb9b1ed]" name="afterClass" is-config="true" duration-ms="74" started-at="2016-09-29T17:10:49Z" finished-at="2016-09-29T17:10:49Z">
          <reporter-output>
          </reporter-output>
        </test-method> <!-- afterClass -->
      </class> <!-- com.org.Example.myproject.TC9648_Test -->
    </test> <!-- Test -->
  </suite> <!-- Suite -->
</testng-results>
