<?xml version="1.0" encoding="UTF-8"?>
<testng-results skipped="0" failed="0" total="5" passed="5">
  <reporter-output>
  </reporter-output>
  <suite name="Suite" duration-ms="496896" started-at="2016-10-19T10:08:07Z" finished-at="2016-10-19T10:16:24Z">
    <groups>
    </groups>
    <test name="Test" duration-ms="496896" started-at="2016-10-19T10:08:07Z" finished-at="2016-10-19T10:16:24Z">
      <class name="com.org.Example.myproject.TC9668_Test">
        <test-method status="PASS" signature="beforeClass()[pri:0, instance:com.org.Example.myproject.TC9668_Test@1f022eb0]" name="beforeClass" is-config="true" duration-ms="19286" started-at="2016-10-19T15:44:16Z" finished-at="2016-10-19T15:44:35Z">
          <reporter-output>
          </reporter-output>
        </test-method> <!-- beforeClass -->
        <test-method status="PASS" signature="test()[pri:0, instance:com.org.Example.myproject.TC9668_Test@1f022eb0]" name="test" duration-ms="108441" started-at="2016-10-19T15:44:35Z" finished-at="2016-10-19T15:46:24Z">
          <reporter-output>
          </reporter-output>
        </test-method> <!-- test -->
        <test-method status="PASS" signature="afterClass()[pri:0, instance:com.org.Example.myproject.TC9668_Test@1f022eb0]" name="afterClass" is-config="true" duration-ms="812" started-at="2016-10-19T15:46:24Z" finished-at="2016-10-19T15:46:24Z">
          <reporter-output>
          </reporter-output>
        </test-method> <!-- afterClass -->
      </class> <!-- com.org.Example.myproject.TC9668_Test -->
      <class name="com.org.Example.myproject.TC9651_Test">
        <test-method status="PASS" signature="beforeClass()[pri:0, instance:com.org.Example.myproject.TC9651_Test@6ec5b763]" name="beforeClass" is-config="true" duration-ms="22945" started-at="2016-10-19T15:41:12Z" finished-at="2016-10-19T15:41:35Z">
          <reporter-output>
          </reporter-output>
        </test-method> <!-- beforeClass -->
        <test-method status="PASS" signature="testSearchByIcixId()[pri:0, instance:com.org.Example.myproject.TC9651_Test@6ec5b763]" name="testSearchByIcixId" duration-ms="68670" started-at="2016-10-19T15:41:35Z" finished-at="2016-10-19T15:42:44Z">
          <reporter-output>
          </reporter-output>
        </test-method> <!-- testSearchByIcixId -->
        <test-method status="PASS" signature="tearDown()[pri:0, instance:com.org.Example.myproject.TC9651_Test@6ec5b763]" name="tearDown" is-config="true" duration-ms="310" started-at="2016-10-19T15:42:44Z" finished-at="2016-10-19T15:42:44Z">
          <reporter-output>
          </reporter-output>
        </test-method> <!-- tearDown -->
        <test-method status="PASS" signature="tearDown()[pri:0, instance:com.org.Example.myproject.TC9651_Test@6ec5b763]" name="tearDown" is-config="true" duration-ms="0" started-at="2016-10-19T15:42:44Z" finished-at="2016-10-19T15:42:44Z">
          <reporter-output>
          </reporter-output>
        </test-method> <!-- tearDown -->
      </class> <!-- com.org.Example.myproject.TC9651_Test -->
      <class name="com.org.Example.myproject.TC9649_Test">
        <test-method status="PASS" signature="beforeClass()[pri:0, instance:com.org.Example.myproject.TC9649_Test@447d8eff]" name="beforeClass" is-config="true" duration-ms="22014" started-at="2016-10-19T15:38:07Z" finished-at="2016-10-19T15:38:29Z">
          <reporter-output>
          </reporter-output>
        </test-method> <!-- beforeClass -->
        <test-method status="PASS" signature="testSearchByIcixId()[pri:0, instance:com.org.Example.myproject.TC9649_Test@447d8eff]" name="testSearchByIcixId" duration-ms="66427" started-at="2016-10-19T15:38:30Z" finished-at="2016-10-19T15:39:36Z">
          <reporter-output>
          </reporter-output>
        </test-method> <!-- testSearchByIcixId -->
        <test-method status="PASS" signature="afterClass()[pri:0, instance:com.org.Example.myproject.TC9649_Test@447d8eff]" name="afterClass" is-config="true" duration-ms="1244" started-at="2016-10-19T15:39:36Z" finished-at="2016-10-19T15:39:37Z">
          <reporter-output>
          </reporter-output>
        </test-method> <!-- afterClass -->
      </class> <!-- com.org.Example.myproject.TC9649_Test -->
      <class name="com.org.Example.myproject.TC9652_Test">
        <test-method status="PASS" signature="beforeClass()[pri:0, instance:com.org.Example.myproject.TC9652_Test@768afd65]" name="beforeClass" is-config="true" duration-ms="18905" started-at="2016-10-19T15:42:44Z" finished-at="2016-10-19T15:43:03Z">
          <reporter-output>
          </reporter-output>
        </test-method> <!-- beforeClass -->
        <test-method status="PASS" signature="testSearchByAddAndName()[pri:0, instance:com.org.Example.myproject.TC9652_Test@768afd65]" name="testSearchByAddAndName" duration-ms="72205" started-at="2016-10-19T15:43:03Z" finished-at="2016-10-19T15:44:15Z">
          <reporter-output>
          </reporter-output>
        </test-method> <!-- testSearchByAddAndName -->
        <test-method status="PASS" signature="afterClass()[pri:0, instance:com.org.Example.myproject.TC9652_Test@768afd65]" name="afterClass" is-config="true" duration-ms="331" started-at="2016-10-19T15:44:15Z" finished-at="2016-10-19T15:44:16Z">
          <reporter-output>
          </reporter-output>
        </test-method> <!-- afterClass -->
      </class> <!-- com.org.Example.myproject.TC9652_Test -->
      <class name="com.org.Example.myproject.TC9650_Test">
        <test-method status="PASS" signature="beforeClass()[pri:0, instance:com.org.Example.myproject.TC9650_Test@f372a7a]" name="beforeClass" is-config="true" duration-ms="19527" started-at="2016-10-19T15:39:37Z" finished-at="2016-10-19T15:39:57Z">
          <reporter-output>
          </reporter-output>
        </test-method> <!-- beforeClass -->
        <test-method status="PASS" signature="testSearchByIcixId()[pri:0, instance:com.org.Example.myproject.TC9650_Test@f372a7a]" name="testSearchByIcixId" duration-ms="75285" started-at="2016-10-19T15:39:57Z" finished-at="2016-10-19T15:41:12Z">
          <reporter-output>
          </reporter-output>
        </test-method> <!-- testSearchByIcixId -->
        <test-method status="PASS" signature="afterClass()[pri:0, instance:com.org.Example.myproject.TC9650_Test@f372a7a]" name="afterClass" is-config="true" duration-ms="410" started-at="2016-10-19T15:41:12Z" finished-at="2016-10-19T15:41:12Z">
          <reporter-output>
          </reporter-output>
        </test-method> <!-- afterClass -->
      </class> <!-- com.org.Example.myproject.TC9650_Test -->
    </test> <!-- Test -->
  </suite> <!-- Suite -->
</testng-results>
