<?xml version="1.0" encoding="UTF-8"?>
<testng-results skipped="0" failed="0" total="2" passed="2">
  <reporter-output>
    <line>
      <![CDATA[Test Case Name is: TestProductSearchByUniID]]>
    </line>
  </reporter-output>
  <suite name="ICIX Test Cases" duration-ms="347778" started-at="2017-08-29T14:40:06Z" finished-at="2017-08-29T14:45:54Z">
    <groups>
      <group name="ICIX Products">
        <method signature="TC10781_Test.CreateProductWithoutUID(java.lang.reflect.Method)[pri:0, instance:icix.Tests.TC10781_Test@143a2be]" name="CreateProductWithoutUID" class="icix.Tests.TC10781_Test"/>
      </group> <!-- ICIX Products -->
    </groups>
    <test name="ICIX Test For sdd" duration-ms="347778" started-at="2017-08-29T14:40:06Z" finished-at="2017-08-29T14:45:54Z">
      <class name="icix.Tests.TC10782_Test">
        <test-method status="PASS" signature="beforeClass()[pri:0, instance:icix.Tests.TC10782_Test@3570b7]" name="beforeClass" is-config="true" duration-ms="15304" started-at="2017-08-29T20:14:00Z" finished-at="2017-08-29T20:14:15Z">
          <reporter-output>
          </reporter-output>
        </test-method> <!-- beforeClass -->
        <test-method status="PASS" signature="TestProductSearchByUniID(java.lang.reflect.Method)[pri:0, instance:icix.Tests.TC10782_Test@3570b7]" name="TestProductSearchByUniID" duration-ms="91155" started-at="2017-08-29T20:14:15Z" description="Create Product With Universal Id" finished-at="2017-08-29T20:15:47Z">
          <params>
            <param index="0">
              <value>
                <![CDATA[public void icix.Tests.TC10782_Test.TestProductSearchByUniID(java.lang.reflect.Method) throws java.lang.Exception]]>
              </value>
            </param>
          </params>
          <reporter-output>
            <line>
              <![CDATA[Test Case Name is: TestProductSearchByUniID]]>
            </line>
          </reporter-output>
        </test-method> <!-- TestProductSearchByUniID -->
        <test-method status="PASS" signature="afterMethod(org.testng.ITestResult)[pri:0, instance:icix.Tests.TC10782_Test@3570b7]" name="afterMethod" is-config="true" duration-ms="47" started-at="2017-08-29T20:15:47Z" finished-at="2017-08-29T20:15:47Z">
          <params>
            <param index="0">
              <value>
                <![CDATA[[TestResult name=TestProductSearchByUniID status=SUCCESS method=TC10782_Test.TestProductSearchByUniID(java.lang.reflect.Method)[pri:0, instance:icix.Tests.TC10782_Test@3570b7] output=Test Case Name is: TestProductSearchByUniID]]]>
              </value>
            </param>
          </params>
          <reporter-output>
          </reporter-output>
        </test-method> <!-- afterMethod -->
        <test-method status="PASS" signature="close()[pri:0, instance:icix.Tests.TC10782_Test@3570b7]" name="close" is-config="true" duration-ms="7489" started-at="2017-08-29T20:15:47Z" finished-at="2017-08-29T20:15:54Z">
          <reporter-output>
          </reporter-output>
        </test-method> <!-- close -->
      </class> <!-- icix.Tests.TC10782_Test -->
      <class name="icix.Tests.TC10781_Test">
        <test-method status="PASS" signature="RemoveExistingScreenShots()[pri:0, instance:icix.Tests.TC10781_Test@143a2be]" name="RemoveExistingScreenShots" is-config="true" duration-ms="12" started-at="2017-08-29T20:10:06Z" finished-at="2017-08-29T20:10:06Z">
          <reporter-output>
          </reporter-output>
        </test-method> <!-- RemoveExistingScreenShots -->
        <test-method status="PASS" signature="initialiseParameters(org.testng.ITestContext)[pri:0, instance:icix.Tests.TC10781_Test@143a2be]" name="initialiseParameters" is-config="true" duration-ms="29" started-at="2017-08-29T20:10:06Z" finished-at="2017-08-29T20:10:06Z">
          <params>
            <param index="0">
              <value>
                <![CDATA[org.testng.TestRunner@afb10e]]>
              </value>
            </param>
          </params>
          <reporter-output>
          </reporter-output>
        </test-method> <!-- initialiseParameters -->
        <test-method status="PASS" signature="beforeClass()[pri:0, instance:icix.Tests.TC10781_Test@143a2be]" name="beforeClass" is-config="true" duration-ms="17558" started-at="2017-08-29T20:10:06Z" finished-at="2017-08-29T20:10:24Z">
          <reporter-output>
          </reporter-output>
        </test-method> <!-- beforeClass -->
        <test-method status="PASS" signature="CreateProductWithoutUID(java.lang.reflect.Method)[pri:0, instance:icix.Tests.TC10781_Test@143a2be]" name="CreateProductWithoutUID" duration-ms="206269" started-at="2017-08-29T20:10:24Z" description="Create Product Without Universal Id" finished-at="2017-08-29T20:13:50Z">
          <params>
            <param index="0">
              <value>
                <![CDATA[public void icix.Tests.TC10781_Test.CreateProductWithoutUID(java.lang.reflect.Method) throws java.lang.Exception]]>
              </value>
            </param>
          </params>
          <reporter-output>
          </reporter-output>
        </test-method> <!-- CreateProductWithoutUID -->
        <test-method status="PASS" signature="afterMethod(org.testng.ITestResult)[pri:0, instance:icix.Tests.TC10781_Test@143a2be]" name="afterMethod" is-config="true" duration-ms="664" started-at="2017-08-29T20:13:50Z" finished-at="2017-08-29T20:13:51Z">
          <params>
            <param index="0">
              <value>
                <![CDATA[[TestResult name=CreateProductWithoutUID status=SUCCESS method=TC10781_Test.CreateProductWithoutUID(java.lang.reflect.Method)[pri:0, instance:icix.Tests.TC10781_Test@143a2be] output={null}]]]>
              </value>
            </param>
          </params>
          <reporter-output>
          </reporter-output>
        </test-method> <!-- afterMethod -->
        <test-method status="PASS" signature="close()[pri:0, instance:icix.Tests.TC10781_Test@143a2be]" name="close" is-config="true" duration-ms="9253" started-at="2017-08-29T20:13:51Z" finished-at="2017-08-29T20:14:00Z">
          <reporter-output>
          </reporter-output>
        </test-method> <!-- close -->
      </class> <!-- icix.Tests.TC10781_Test -->
    </test> <!-- ICIX Test For sdd -->
  </suite> <!-- ICIX Test Cases -->
</testng-results>
