<?xml version="1.0" encoding="UTF-8" ?>
<testsuite failures="3" time="1,096.82" errors="0" skipped="0" tests="11" name="TestSuite">
  <properties>
[...]
</properties>
  <testcase time="145.384" classname="com.org.Example.myproject.TC9672_Test" name="TwoActorWorkFlow"/>
  <testcase time="129.741" classname="com.org.Example.myproject.TC9673_Test" name="productTwoactor_workflow"/>
  <testcase time="190.369" classname="com.org.Example.myproject.TC9733_Test" name="Approve_Request">
    <failure message="no such element: Unable to locate element: {&quot;method&quot;:&quot;xpath&quot;,&quot;selector&quot;:&quot;//a[contains(@title,&apos;California Transparency of Supply Chain Act&apos;)]&quot;}
  (Session info: chrome=53.0.2785.116)
  (Driver info: chromedriver=2.24.417412 (ac882d3ce7c0d99292439bf3405780058fcca0a6),platform=Mac OS X 10.10.3 x86_64) (WARNING: The server did not provide any stacktrace information)
Command duration or timeout: 25.05 seconds
For documentation on this error, please visit: http://seleniumhq.org/exceptions/no_such_element.html
Build info: version: &apos;2.53.1&apos;, revision: &apos;a36b8b1cd5757287168e54b817830adce9b0158d&apos;, time: &apos;2016-06-30 19:26:09&apos;
System info: host: &apos;SDMMAC-F60-2.local&apos;, ip: &apos;172.24.3.181&apos;, os.name: &apos;Mac OS X&apos;, os.arch: &apos;x86_64&apos;, os.version: &apos;10.10.3&apos;, java.version: &apos;1.7.0_12-ea&apos;
*** Element info: {Using=xpath, value=//a[contains(@title,&apos;California Transparency of Supply Chain Act&apos;)]}
Session ID: ba56289b36841346ac40b266b8f579b7
Driver info: org.openqa.selenium.chrome.ChromeDriver
Capabilities [{platform=MAC, acceptSslCerts=true, javascriptEnabled=true, browserName=chrome, chrome={userDataDir=/var/folders/5w/rkpdbz5j2pl0_8k8234bdfkh0000gw/T/.org.chromium.Chromium.fik9sz, chromedriverVersion=2.24.417412 (ac882d3ce7c0d99292439bf3405780058fcca0a6)}, networkConnectionEnabled=false, rotatable=false, locationContextEnabled=true, mobileEmulationEnabled=false, version=53.0.2785.116, pageLoadStrategy=normal, takesHeapSnapshot=true, cssSelectorsEnabled=true, databaseEnabled=false, handlesAlerts=true, browserConnectionEnabled=false, webStorageEnabled=true, nativeEvents=true, hasTouchScreen=false, applicationCacheEnabled=false, takesScreenshot=true}]" type="org.openqa.selenium.NoSuchElementException">org.openqa.selenium.NoSuchElementException: no such element: Unable to locate element: {&quot;method&quot;:&quot;xpath&quot;,&quot;selector&quot;:&quot;//a[contains(@title,&apos;California Transparency of Supply Chain Act&apos;)]&quot;}
  (Session info: chrome=53.0.2785.116)
  (Driver info: chromedriver=2.24.417412 (ac882d3ce7c0d99292439bf3405780058fcca0a6),platform=Mac OS X 10.10.3 x86_64) (WARNING: The server did not provide any stacktrace information)
Command duration or timeout: 25.05 seconds
For documentation on this error, please visit: http://seleniumhq.org/exceptions/no_such_element.html
Build info: version: &apos;2.53.1&apos;, revision: &apos;a36b8b1cd5757287168e54b817830adce9b0158d&apos;, time: &apos;2016-06-30 19:26:09&apos;
System info: host: &apos;SDMMAC-F60-2.local&apos;, ip: &apos;172.24.3.181&apos;, os.name: &apos;Mac OS X&apos;, os.arch: &apos;x86_64&apos;, os.version: &apos;10.10.3&apos;, java.version: &apos;1.7.0_12-ea&apos;
*** Element info: {Using=xpath, value=//a[contains(@title,&apos;California Transparency of Supply Chain Act&apos;)]}
Session ID: ba56289b36841346ac40b266b8f579b7
Driver info: org.openqa.selenium.chrome.ChromeDriver
Capabilities [{platform=MAC, acceptSslCerts=true, javascriptEnabled=true, browserName=chrome, chrome={userDataDir=/var/folders/5w/rkpdbz5j2pl0_8k8234bdfkh0000gw/T/.org.chromium.Chromium.fik9sz, chromedriverVersion=2.24.417412 (ac882d3ce7c0d99292439bf3405780058fcca0a6)}, networkConnectionEnabled=false, rotatable=false, locationContextEnabled=true, mobileEmulationEnabled=false, version=53.0.2785.116, pageLoadStrategy=normal, takesHeapSnapshot=true, cssSelectorsEnabled=true, databaseEnabled=false, handlesAlerts=true, browserConnectionEnabled=false, webStorageEnabled=true, nativeEvents=true, hasTouchScreen=false, applicationCacheEnabled=false, takesScreenshot=true}]
	at sun.reflect.NativeConstructorAccessorImpl.newInstance0(Native Method)
	at sun.reflect.NativeConstructorAccessorImpl.newInstance(NativeConstructorAccessorImpl.java:57)
	at sun.reflect.DelegatingConstructorAccessorImpl.newInstance(DelegatingConstructorAccessorImpl.java:45)
	at java.lang.reflect.Constructor.newInstance(Constructor.java:525)
	at org.openqa.selenium.remote.ErrorHandler.createThrowable(ErrorHandler.java:206)
	at org.openqa.selenium.remote.ErrorHandler.throwIfResponseFailed(ErrorHandler.java:158)
	at org.openqa.selenium.remote.RemoteWebDriver.execute(RemoteWebDriver.java:678)
	at org.openqa.selenium.remote.RemoteWebDriver.findElement(RemoteWebDriver.java:363)
	at org.openqa.selenium.remote.RemoteWebDriver.findElementByXPath(RemoteWebDriver.java:500)
	at org.openqa.selenium.By$ByXPath.findElement(By.java:361)
	at org.openqa.selenium.remote.RemoteWebDriver.findElement(RemoteWebDriver.java:355)
	at com.org.Example.myproject.TC9733_Test.Approve_Request(TC9733_Test.java:191)
</failure>
    <system-err>Starting ChromeDriver 2.24.417412 (ac882d3ce7c0d99292439bf3405780058fcca0a6) on port 28645
Only local connections are allowed.
</system-err>
  </testcase>
  <testcase time="68.016" classname="com.org.Example.myproject.TC9647_Test" name="Auccount_verification"/>
  <testcase time="54.57" classname="com.org.Example.myproject.TC9648_Test" name="testSearchByIcixId"/>
  <testcase time="83.917" classname="com.org.Example.myproject.TC9653_Test" name="Auccount_verification">
    <failure message="element not visible
  (Session info: chrome=53.0.2785.116)
  (Driver info: chromedriver=2.24.417412 (ac882d3ce7c0d99292439bf3405780058fcca0a6),platform=Mac OS X 10.10.3 x86_64) (WARNING: The server did not provide any stacktrace information)
Command duration or timeout: 25.06 seconds
Build info: version: &apos;2.53.1&apos;, revision: &apos;a36b8b1cd5757287168e54b817830adce9b0158d&apos;, time: &apos;2016-06-30 19:26:09&apos;
System info: host: &apos;SDMMAC-F60-2.local&apos;, ip: &apos;172.24.3.181&apos;, os.name: &apos;Mac OS X&apos;, os.arch: &apos;x86_64&apos;, os.version: &apos;10.10.3&apos;, java.version: &apos;1.7.0_12-ea&apos;
Session ID: e8eb46dc564db5bd0b39743f39d0884b
Driver info: org.openqa.selenium.chrome.ChromeDriver
Capabilities [{platform=MAC, acceptSslCerts=true, javascriptEnabled=true, browserName=chrome, chrome={userDataDir=/var/folders/5w/rkpdbz5j2pl0_8k8234bdfkh0000gw/T/.org.chromium.Chromium.Y4v0y1, chromedriverVersion=2.24.417412 (ac882d3ce7c0d99292439bf3405780058fcca0a6)}, networkConnectionEnabled=false, rotatable=false, locationContextEnabled=true, mobileEmulationEnabled=false, version=53.0.2785.116, pageLoadStrategy=normal, takesHeapSnapshot=true, cssSelectorsEnabled=true, databaseEnabled=false, handlesAlerts=true, browserConnectionEnabled=false, webStorageEnabled=true, nativeEvents=true, hasTouchScreen=false, applicationCacheEnabled=false, takesScreenshot=true}]" type="org.openqa.selenium.ElementNotVisibleException">org.openqa.selenium.ElementNotVisibleException: element not visible
  (Session info: chrome=53.0.2785.116)
  (Driver info: chromedriver=2.24.417412 (ac882d3ce7c0d99292439bf3405780058fcca0a6),platform=Mac OS X 10.10.3 x86_64) (WARNING: The server did not provide any stacktrace information)
Command duration or timeout: 25.06 seconds
Build info: version: &apos;2.53.1&apos;, revision: &apos;a36b8b1cd5757287168e54b817830adce9b0158d&apos;, time: &apos;2016-06-30 19:26:09&apos;
System info: host: &apos;SDMMAC-F60-2.local&apos;, ip: &apos;172.24.3.181&apos;, os.name: &apos;Mac OS X&apos;, os.arch: &apos;x86_64&apos;, os.version: &apos;10.10.3&apos;, java.version: &apos;1.7.0_12-ea&apos;
Session ID: e8eb46dc564db5bd0b39743f39d0884b
Driver info: org.openqa.selenium.chrome.ChromeDriver
Capabilities [{platform=MAC, acceptSslCerts=true, javascriptEnabled=true, browserName=chrome, chrome={userDataDir=/var/folders/5w/rkpdbz5j2pl0_8k8234bdfkh0000gw/T/.org.chromium.Chromium.Y4v0y1, chromedriverVersion=2.24.417412 (ac882d3ce7c0d99292439bf3405780058fcca0a6)}, networkConnectionEnabled=false, rotatable=false, locationContextEnabled=true, mobileEmulationEnabled=false, version=53.0.2785.116, pageLoadStrategy=normal, takesHeapSnapshot=true, cssSelectorsEnabled=true, databaseEnabled=false, handlesAlerts=true, browserConnectionEnabled=false, webStorageEnabled=true, nativeEvents=true, hasTouchScreen=false, applicationCacheEnabled=false, takesScreenshot=true}]
	at sun.reflect.NativeConstructorAccessorImpl.newInstance0(Native Method)
	at sun.reflect.NativeConstructorAccessorImpl.newInstance(NativeConstructorAccessorImpl.java:57)
	at sun.reflect.DelegatingConstructorAccessorImpl.newInstance(DelegatingConstructorAccessorImpl.java:45)
	at java.lang.reflect.Constructor.newInstance(Constructor.java:525)
	at org.openqa.selenium.remote.ErrorHandler.createThrowable(ErrorHandler.java:206)
	at org.openqa.selenium.remote.ErrorHandler.throwIfResponseFailed(ErrorHandler.java:158)
	at org.openqa.selenium.remote.RemoteWebDriver.execute(RemoteWebDriver.java:678)
	at org.openqa.selenium.remote.RemoteWebElement.execute(RemoteWebElement.java:327)
	at org.openqa.selenium.remote.RemoteWebElement.sendKeys(RemoteWebElement.java:122)
	at com.org.Example.myproject.TC9653_Test.Auccount_verification(TC9653_Test.java:90)
</failure>
    <system-err>Starting ChromeDriver 2.24.417412 (ac882d3ce7c0d99292439bf3405780058fcca0a6) on port 35511
Only local connections are allowed.
</system-err>
  </testcase>
  <testcase time="82.49" classname="com.org.Example.myproject.TC9659_Test" name="Tagstest"/>
  <testcase time="112.719" classname="com.org.Example.myproject.TC9666_Test" name="SetAndSendCompilince"/>
  <testcase time="89.318" classname="com.org.Example.myproject.TC9667_Test" name="Productgroup"/>
  <testcase time="76.367" classname="com.org.Example.myproject.TC9675_Test" name="uploadpublicdocument">
    <failure message="element not visible
  (Session info: chrome=53.0.2785.116)
  (Driver info: chromedriver=2.24.417412 (ac882d3ce7c0d99292439bf3405780058fcca0a6),platform=Mac OS X 10.10.3 x86_64) (WARNING: The server did not provide any stacktrace information)
Command duration or timeout: 19 milliseconds
Build info: version: &apos;2.53.1&apos;, revision: &apos;a36b8b1cd5757287168e54b817830adce9b0158d&apos;, time: &apos;2016-06-30 19:26:09&apos;
System info: host: &apos;SDMMAC-F60-2.local&apos;, ip: &apos;172.24.3.181&apos;, os.name: &apos;Mac OS X&apos;, os.arch: &apos;x86_64&apos;, os.version: &apos;10.10.3&apos;, java.version: &apos;1.7.0_12-ea&apos;
Session ID: 0b2f134bdc3feeb232a21a3059a6ec01
Driver info: org.openqa.selenium.chrome.ChromeDriver
Capabilities [{platform=MAC, acceptSslCerts=true, javascriptEnabled=true, browserName=chrome, chrome={userDataDir=/var/folders/5w/rkpdbz5j2pl0_8k8234bdfkh0000gw/T/.org.chromium.Chromium.bibS93, chromedriverVersion=2.24.417412 (ac882d3ce7c0d99292439bf3405780058fcca0a6)}, networkConnectionEnabled=false, rotatable=false, locationContextEnabled=true, mobileEmulationEnabled=false, version=53.0.2785.116, pageLoadStrategy=normal, takesHeapSnapshot=true, cssSelectorsEnabled=true, databaseEnabled=false, handlesAlerts=true, browserConnectionEnabled=false, webStorageEnabled=true, nativeEvents=true, hasTouchScreen=false, applicationCacheEnabled=false, takesScreenshot=true}]" type="org.openqa.selenium.ElementNotVisibleException">org.openqa.selenium.ElementNotVisibleException: element not visible
  (Session info: chrome=53.0.2785.116)
  (Driver info: chromedriver=2.24.417412 (ac882d3ce7c0d99292439bf3405780058fcca0a6),platform=Mac OS X 10.10.3 x86_64) (WARNING: The server did not provide any stacktrace information)
Command duration or timeout: 19 milliseconds
Build info: version: &apos;2.53.1&apos;, revision: &apos;a36b8b1cd5757287168e54b817830adce9b0158d&apos;, time: &apos;2016-06-30 19:26:09&apos;
System info: host: &apos;SDMMAC-F60-2.local&apos;, ip: &apos;172.24.3.181&apos;, os.name: &apos;Mac OS X&apos;, os.arch: &apos;x86_64&apos;, os.version: &apos;10.10.3&apos;, java.version: &apos;1.7.0_12-ea&apos;
Session ID: 0b2f134bdc3feeb232a21a3059a6ec01
Driver info: org.openqa.selenium.chrome.ChromeDriver
Capabilities [{platform=MAC, acceptSslCerts=true, javascriptEnabled=true, browserName=chrome, chrome={userDataDir=/var/folders/5w/rkpdbz5j2pl0_8k8234bdfkh0000gw/T/.org.chromium.Chromium.bibS93, chromedriverVersion=2.24.417412 (ac882d3ce7c0d99292439bf3405780058fcca0a6)}, networkConnectionEnabled=false, rotatable=false, locationContextEnabled=true, mobileEmulationEnabled=false, version=53.0.2785.116, pageLoadStrategy=normal, takesHeapSnapshot=true, cssSelectorsEnabled=true, databaseEnabled=false, handlesAlerts=true, browserConnectionEnabled=false, webStorageEnabled=true, nativeEvents=true, hasTouchScreen=false, applicationCacheEnabled=false, takesScreenshot=true}]
	at sun.reflect.NativeConstructorAccessorImpl.newInstance0(Native Method)
	at sun.reflect.NativeConstructorAccessorImpl.newInstance(NativeConstructorAccessorImpl.java:57)
	at sun.reflect.DelegatingConstructorAccessorImpl.newInstance(DelegatingConstructorAccessorImpl.java:45)
	at java.lang.reflect.Constructor.newInstance(Constructor.java:525)
	at org.openqa.selenium.remote.ErrorHandler.createThrowable(ErrorHandler.java:206)
	at org.openqa.selenium.remote.ErrorHandler.throwIfResponseFailed(ErrorHandler.java:158)
	at org.openqa.selenium.remote.RemoteWebDriver.execute(RemoteWebDriver.java:678)
	at org.openqa.selenium.remote.RemoteWebElement.execute(RemoteWebElement.java:327)
	at org.openqa.selenium.remote.RemoteWebElement.click(RemoteWebElement.java:85)
	at com.org.Example.myproject.TC9675_Test.uploadpublicdocument(TC9675_Test.java:101)
</failure>
    <system-out>selectionjava.awt.datatransfer.StringSelection@4a3d584
</system-out>
    <system-err>Starting ChromeDriver 2.24.417412 (ac882d3ce7c0d99292439bf3405780058fcca0a6) on port 37589
Only local connections are allowed.
</system-err>
  </testcase>
  <testcase time="63.929" classname="com.org.Example.myproject.TC9678_Test" name="send_document"/>
</testsuite>