<?xml version="1.0" encoding="UTF-8"?>
<testng-results skipped="0" failed="0" total="1" passed="1">
  <reporter-output>
  </reporter-output>
  <suite name="Default suite" duration-ms="87447" started-at="2016-09-21T08:01:48Z" finished-at="2016-09-21T08:03:15Z">
    <groups>
    </groups>
    <test name="Default test" duration-ms="87447" started-at="2016-09-21T08:01:48Z" finished-at="2016-09-21T08:03:15Z">
      <class name="com.org.Example.myproject.TC9649_Test">
        <test-method status="PASS" signature="beforeClass()[pri:0, instance:com.org.Example.myproject.TC9649_Test@6a5fc7f7]" name="beforeClass" is-config="true" duration-ms="19311" started-at="2016-09-21T13:31:48Z" finished-at="2016-09-21T13:32:07Z">
          <reporter-output>
          </reporter-output>
        </test-method> <!-- beforeClass -->
        <test-method status="PASS" signature="testSearchByIcixId()[pri:0, instance:com.org.Example.myproject.TC9649_Test@6a5fc7f7]" name="testSearchByIcixId" duration-ms="68096" started-at="2016-09-21T13:32:07Z" finished-at="2016-09-21T13:33:15Z">
          <reporter-output>
          </reporter-output>
        </test-method> <!-- testSearchByIcixId -->
        <test-method status="PASS" signature="afterClass()[pri:0, instance:com.org.Example.myproject.TC9649_Test@6a5fc7f7]" name="afterClass" is-config="true" duration-ms="1" started-at="2016-09-21T13:33:15Z" finished-at="2016-09-21T13:33:15Z">
          <reporter-output>
          </reporter-output>
        </test-method> <!-- afterClass -->
      </class> <!-- com.org.Example.myproject.TC9649_Test -->
    </test> <!-- Default test -->
  </suite> <!-- Default suite -->
</testng-results>
