<?xml version="1.0" encoding="UTF-8"?>
<testng-results skipped="0" failed="0" total="1" passed="1">
  <reporter-output>
  </reporter-output>
  <suite name="Default suite" duration-ms="159096" started-at="2016-06-08T05:24:19Z" finished-at="2016-06-08T05:26:58Z">
    <groups>
    </groups>
    <test name="Default test" duration-ms="159096" started-at="2016-06-08T05:24:19Z" finished-at="2016-06-08T05:26:58Z">
      <class name="com.org.Example.myproject.TC9647_Test">
        <test-method status="PASS" signature="beforeClass()[pri:0, instance:com.org.Example.myproject.TC9647_Test@649d209a]" name="beforeClass" is-config="true" duration-ms="27561" started-at="2016-06-08T10:54:19Z" finished-at="2016-06-08T10:54:47Z">
          <reporter-output>
          </reporter-output>
        </test-method> <!-- beforeClass -->
        <test-method status="PASS" signature="Auccount_verification()[pri:0, instance:com.org.Example.myproject.TC9647_Test@649d209a]" name="Auccount_verification" duration-ms="129141" started-at="2016-06-08T10:54:47Z" finished-at="2016-06-08T10:56:56Z">
          <reporter-output>
          </reporter-output>
        </test-method> <!-- Auccount_verification -->
        <test-method status="PASS" signature="afterClass()[pri:0, instance:com.org.Example.myproject.TC9647_Test@649d209a]" name="afterClass" is-config="true" duration-ms="2292" started-at="2016-06-08T10:56:56Z" finished-at="2016-06-08T10:56:58Z">
          <reporter-output>
          </reporter-output>
        </test-method> <!-- afterClass -->
      </class> <!-- com.org.Example.myproject.TC9647_Test -->
    </test> <!-- Default test -->
  </suite> <!-- Default suite -->
</testng-results>
